nohup: ignoring input
[dynet] initializing CUDA
[dynet] Request for 1 specific GPU ...
[dynet] Device Number: 2
[dynet]   Device name: GeForce GTX TITAN X
[dynet]   Memory Clock Rate (KHz): 3505000
[dynet]   Memory Bus Width (bits): 384
[dynet]   Peak Memory Bandwidth (GB/s): 336.48
[dynet]   Memory Free (GB): 12.6834/12.7996
[dynet]
[dynet] Device(s) selected: 2
[dynet] random seed: 2442916868
[dynet] allocating memory: 4000MB
[dynet] memory allocation done.
Epoch 1
Iter 50 / 3871 6.95082939996
Iter 100 / 3871 6.78039855957
Iter 150 / 3871 6.82615709305
Iter 200 / 3871 6.57548815393
Iter 250 / 3871 6.36162312826
Iter 300 / 3871 6.66392686632
Iter 350 / 3871 6.47766760624
Iter 400 / 3871 6.29194346645
Iter 450 / 3871 6.20521618071
Iter 500 / 3871 6.48474779886
Iter 550 / 3871 6.47986501058
Iter 600 / 3871 6.04973173141
Iter 650 / 3871 6.13682861328
Iter 700 / 3871 5.95447901676
Iter 750 / 3871 5.98027261874
Iter 800 / 3871 5.85512473366
Iter 850 / 3871 6.06711902838
Iter 900 / 3871 5.77412189421
Iter 950 / 3871 5.92873373968
Iter 1000 / 3871 5.71722984314
Iter 1050 / 3871 5.61993938944
Iter 1100 / 3871 6.69926992563
Iter 1150 / 3871 6.04196357727
Iter 1200 / 3871 5.10006643622
Iter 1250 / 3871 5.5706618842
Iter 1300 / 3871 5.465234375
Iter 1350 / 3871 5.55320880947
Iter 1400 / 3871 6.01676007171
Iter 1450 / 3871 5.39943169488
Iter 1500 / 3871 5.47190668508
Iter 1550 / 3871 5.73547448052
Iter 1600 / 3871 5.54305521647
Iter 1650 / 3871 5.70429563522
Iter 1700 / 3871 5.56095511014
Iter 1750 / 3871 5.84735851753
Iter 1800 / 3871 5.50173011193
Iter 1850 / 3871 5.73779507341
Iter 1900 / 3871 5.44758253831
Iter 1950 / 3871 5.69372131348
Iter 2000 / 3871 5.56381199941
Iter 2050 / 3871 5.90757295005
Iter 2100 / 3871 5.64993508564
Iter 2150 / 3871 6.12474568685
Iter 2200 / 3871 5.52367708576
Iter 2250 / 3871 5.92353621773
Iter 2300 / 3871 4.88618248249
Iter 2350 / 3871 5.69365056356
Iter 2400 / 3871 5.22160519836
Iter 2450 / 3871 4.86968358358
Iter 2500 / 3871 5.34971193067
Iter 2550 / 3871 5.29394466663
Iter 2600 / 3871 5.32918294271
Iter 2650 / 3871 5.42137179454
Iter 2700 / 3871 5.27741723312
Iter 2750 / 3871 5.52297156198
Iter 2800 / 3871 5.51710839494
Iter 2850 / 3871 5.42786030016
Iter 2900 / 3871 6.20438842773
Iter 2950 / 3871 3.2202501297
Iter 3000 / 3871 5.84572728475
Iter 3050 / 3871 5.36471316689
Iter 3100 / 3871 4.62910797119
Iter 3150 / 3871 5.15911646134
Iter 3200 / 3871 4.97909884983
Iter 3250 / 3871 5.60463776765
Iter 3300 / 3871 5.80551879883
Iter 3350 / 3871 5.27419767365
Iter 3400 / 3871 4.72444448163
Iter 3450 / 3871 4.33762588501
Iter 3500 / 3871 5.80896114993
Iter 3550 / 3871 4.95135749113
Iter 3600 / 3871 5.51919555664
Iter 3650 / 3871 5.37730636228
Iter 3700 / 3871 5.23671732531
Iter 3750 / 3871 4.90982607355
Iter 3800 / 3871 5.44063332553
Iter 3850 / 3871 6.30634307861
Epoch 1 Valid 1.04241682172
Epoch 1 Test 1.09245217355
Epoch 2
Iter 50 / 3871 5.35596196837
Iter 100 / 3871 5.1693171451
Iter 150 / 3871 5.3471206665
Iter 200 / 3871 4.78325028853
Iter 250 / 3871 5.51551649306
Iter 300 / 3871 5.49427698014
Iter 350 / 3871 5.04124301817
Iter 400 / 3871 5.23967610677
Iter 450 / 3871 5.14931030273
Iter 500 / 3871 4.21548072965
Iter 550 / 3871 5.06404968262
Iter 600 / 3871 4.92357704856
Iter 650 / 3871 4.65110371908
Iter 700 / 3871 5.37222621752
Iter 750 / 3871 5.53308500402
Iter 800 / 3871 5.42642079229
Iter 850 / 3871 4.87703374936
Iter 900 / 3871 5.33452768037
Iter 950 / 3871 5.15955778543
Iter 1000 / 3871 3.7429076485
Iter 1050 / 3871 4.91139785558
Iter 1100 / 3871 5.07455286486
Iter 1150 / 3871 5.08588817508
Iter 1200 / 3871 6.08287906647
Iter 1250 / 3871 4.59351510713
Iter 1300 / 3871 4.9469833374
Iter 1350 / 3871 4.75511021768
Iter 1400 / 3871 4.88027267456
Iter 1450 / 3871 4.81031277199
Iter 1500 / 3871 4.95459202358
Iter 1550 / 3871 4.87336361047
Iter 1600 / 3871 4.85667633057
Iter 1650 / 3871 3.83770751953
Iter 1700 / 3871 4.37253888448
Iter 1750 / 3871 5.45091629028
Iter 1800 / 3871 4.47210121155
Iter 1850 / 3871 5.16736896221
Iter 1900 / 3871 5.14772183835
Iter 1950 / 3871 5.74318767729
Iter 2000 / 3871 4.96579603715
Iter 2050 / 3871 4.47500967765
Iter 2100 / 3871 5.03923887365
Iter 2150 / 3871 4.80768291767
Iter 2200 / 3871 4.93988171746
Iter 2250 / 3871 4.98343209659
Iter 2300 / 3871 4.49272664388
Iter 2350 / 3871 4.87571659795
Iter 2400 / 3871 4.03615770842
Iter 2450 / 3871 4.6770646491
Iter 2500 / 3871 4.93798417229
Iter 2550 / 3871 4.9515514027
Iter 2600 / 3871 4.75129235309
Iter 2650 / 3871 4.9220404374
Iter 2700 / 3871 4.90248979841
Iter 2750 / 3871 5.42522632832
Iter 2800 / 3871 5.29710102081
Iter 2850 / 3871 4.81705622087
Iter 2900 / 3871 4.18981879098
Iter 2950 / 3871 5.13120872096
Iter 3000 / 3871 4.71453753385
Iter 3050 / 3871 4.53616020896
Iter 3100 / 3871 5.06621436404
Iter 3150 / 3871 4.28608443097
Iter 3200 / 3871 4.88656937307
Iter 3250 / 3871 5.05122756958
Iter 3300 / 3871 5.04766593492
Iter 3350 / 3871 4.42412986755
Iter 3400 / 3871 5.7330892311
Iter 3450 / 3871 4.85489103995
Iter 3500 / 3871 4.93460578918
Iter 3550 / 3871 5.10696949678
Iter 3600 / 3871 4.44624715777
Iter 3650 / 3871 4.88264973958
Iter 3700 / 3871 4.24886776356
Iter 3750 / 3871 4.92251044379
Iter 3800 / 3871 4.32328385573
Iter 3850 / 3871 5.03094416793
Epoch 2 Valid 2.05121251265
Epoch 2 Test 2.13644976669
Epoch 3
Iter 50 / 3871 4.64724081534
Iter 100 / 3871 5.13779163361
Iter 150 / 3871 4.49163072374
Iter 200 / 3871 4.59388752727
Iter 250 / 3871 4.75370601609
Iter 300 / 3871 4.65568005199
Iter 350 / 3871 5.38647226187
Iter 400 / 3871 4.2797935054
Iter 450 / 3871 4.45566756637
Iter 500 / 3871 4.26886977159
Iter 550 / 3871 4.3978234996
Iter 600 / 3871 4.88512459857
Iter 650 / 3871 4.82493373326
Iter 700 / 3871 4.14144229889
Iter 750 / 3871 5.28482518052
Iter 800 / 3871 4.26219246604
Iter 850 / 3871 4.80375626508
Iter 900 / 3871 4.63620393173
Iter 950 / 3871 4.82279243855
Iter 1000 / 3871 4.37496403285
Iter 1050 / 3871 4.70289808704
Iter 1100 / 3871 4.83930896577
Iter 1150 / 3871 4.50270441959
Iter 1200 / 3871 4.66579830285
Iter 1250 / 3871 4.12276278409
Iter 1300 / 3871 4.79227763475
Iter 1350 / 3871 4.49610289024
Iter 1400 / 3871 4.62554469253
Iter 1450 / 3871 4.20083167336
Iter 1500 / 3871 4.69650639933
Iter 1550 / 3871 5.03146255225
Iter 1600 / 3871 4.52033906824
Iter 1650 / 3871 4.45270169166
Iter 1700 / 3871 5.36282207782
Iter 1750 / 3871 4.22565665612
Iter 1800 / 3871 4.70992817598
Iter 1850 / 3871 4.65936843487
Iter 1900 / 3871 4.82165791565
Iter 1950 / 3871 4.57987485613
Iter 2000 / 3871 4.52342128754
Iter 2050 / 3871 4.54768795657
Iter 2100 / 3871 5.65939331055
Iter 2150 / 3871 4.9244326078
Iter 2200 / 3871 4.20600027061
Iter 2250 / 3871 5.03873007638
Iter 2300 / 3871 4.64570356489
Iter 2350 / 3871 3.77833480835
Iter 2400 / 3871 4.86750575474
Iter 2450 / 3871 4.75453361742
Iter 2500 / 3871 4.77720700777
Iter 2550 / 3871 4.54497358534
Iter 2600 / 3871 4.60095923288
Iter 2650 / 3871 4.99476460048
Iter 2700 / 3871 4.85879470363
Iter 2750 / 3871 4.62876674107
Iter 2800 / 3871 3.9392405166
Iter 2850 / 3871 4.47159389683
Iter 2900 / 3871 4.37403658353
Iter 2950 / 3871 4.23134613037
Iter 3000 / 3871 4.57624413832
Iter 3050 / 3871 4.32906638251
Iter 3100 / 3871 4.97477518565
Iter 3150 / 3871 4.78646420338
Iter 3200 / 3871 3.93237973168
Iter 3250 / 3871 4.69149298417
Iter 3300 / 3871 3.68965996636
Iter 3350 / 3871 3.77154354173
Iter 3400 / 3871 4.81307983398
Iter 3450 / 3871 4.63513392857
Iter 3500 / 3871 4.96294063992
Iter 3550 / 3871 4.79739030202
Iter 3600 / 3871 3.90692450783
Iter 3650 / 3871 4.86197114327
Iter 3700 / 3871 3.81766103769
Iter 3750 / 3871 4.48631450947
Iter 3800 / 3871 3.77460199992
Iter 3850 / 3871 4.49430183742
Epoch 3 Valid 2.47359446714
Epoch 3 Test 2.88604352332
Epoch 4
Iter 50 / 3871 4.45364662453
Iter 100 / 3871 4.32932329178
Iter 150 / 3871 4.61523224587
Iter 200 / 3871 3.88562113444
Iter 250 / 3871 4.25612442977
Iter 300 / 3871 4.2924897165
Iter 350 / 3871 4.66423067133
Iter 400 / 3871 4.55857410232
Iter 450 / 3871 4.75977601396
Iter 500 / 3871 3.92154098343
Iter 550 / 3871 4.51844108737
Iter 600 / 3871 4.45254334018
Iter 650 / 3871 4.93982292624
Iter 700 / 3871 4.97482299805
Iter 750 / 3871 4.34304470486
Iter 800 / 3871 4.46838249731
Iter 850 / 3871 4.71814461401
Iter 900 / 3871 4.50759669713
Iter 950 / 3871 4.70090034299
Iter 1000 / 3871 4.48331788209
Iter 1050 / 3871 4.38996276855
Iter 1100 / 3871 4.81140673292
Iter 1150 / 3871 5.0214125452
Iter 1200 / 3871 4.09871355693
Iter 1250 / 3871 4.67642647879
Iter 1300 / 3871 4.08652414594
Iter 1350 / 3871 4.48082464514
Iter 1400 / 3871 3.69389648438
Iter 1450 / 3871 4.77387509104
Iter 1500 / 3871 3.79575602214
Iter 1550 / 3871 3.83724087802
Iter 1600 / 3871 4.62072177463
Iter 1650 / 3871 4.26605377197
Iter 1700 / 3871 4.56142995114
Iter 1750 / 3871 4.80458785077
Iter 1800 / 3871 4.51327359951
Iter 1850 / 3871 4.50146152812
Iter 1900 / 3871 4.39529788855
Iter 1950 / 3871 4.78022427029
Iter 2000 / 3871 5.13232527108
Iter 2050 / 3871 4.70626576742
Iter 2100 / 3871 4.47567419104
Iter 2150 / 3871 3.69281523568
Iter 2200 / 3871 3.86750811841
Iter 2250 / 3871 4.32736415079
Iter 2300 / 3871 4.98092195881
Iter 2350 / 3871 4.75912791285
Iter 2400 / 3871 4.27704640858
Iter 2450 / 3871 4.38454055786
Iter 2500 / 3871 4.01289186024
Iter 2550 / 3871 4.41126790861
Iter 2600 / 3871 4.71552519365
Iter 2650 / 3871 4.48283272175
Iter 2700 / 3871 4.61878526476
Iter 2750 / 3871 4.57358084785
Iter 2800 / 3871 4.52207152049
Iter 2850 / 3871 4.61011605814
Iter 2900 / 3871 4.51251699035
Iter 2950 / 3871 4.214260414
Iter 3000 / 3871 4.25369140625
Iter 3050 / 3871 3.99954874674
Iter 3100 / 3871 5.19760087608
Iter 3150 / 3871 4.36015176773
Iter 3200 / 3871 4.36427461698
Iter 3250 / 3871 4.57975729918
Iter 3300 / 3871 4.40741749299
Iter 3350 / 3871 4.43954094206
Iter 3400 / 3871 4.60308474586
Iter 3450 / 3871 4.52095820986
Iter 3500 / 3871 4.34665679932
Iter 3550 / 3871 3.69330499111
Iter 3600 / 3871 3.75182804591
Iter 3650 / 3871 4.49866974659
Iter 3700 / 3871 4.18163230202
Iter 3750 / 3871 4.87789030998
Iter 3800 / 3871 4.1145361698
Iter 3850 / 3871 4.56531598772
Epoch 4 Valid 3.50663992203
Epoch 4 Test 3.66850042031
Epoch 5
Iter 50 / 3871 4.21471686688
Iter 100 / 3871 4.41314884108
Iter 150 / 3871 4.36006101141
Iter 200 / 3871 4.19459071304
Iter 250 / 3871 3.61277610377
Iter 300 / 3871 4.36099243164
Iter 350 / 3871 3.45251998901
Iter 400 / 3871 4.54432625606
Iter 450 / 3871 3.78169536591
Iter 500 / 3871 5.08590167502
Iter 550 / 3871 3.9234975179
Iter 600 / 3871 4.2108259201
Iter 650 / 3871 4.52020077803
Iter 700 / 3871 4.82981394298
Iter 750 / 3871 4.44827719296
Iter 800 / 3871 5.21278525298
Iter 850 / 3871 4.0309800042
Iter 900 / 3871 4.96664003783
Iter 950 / 3871 3.73261385186
Iter 1000 / 3871 4.34643554688
Iter 1050 / 3871 4.18372976044
Iter 1100 / 3871 4.34941505899
Iter 1150 / 3871 4.4845664978
Iter 1200 / 3871 4.3825463189
Iter 1250 / 3871 4.73187892748
Iter 1300 / 3871 4.58967177932
Iter 1350 / 3871 3.96916889009
Iter 1400 / 3871 4.29598567052
Iter 1450 / 3871 4.2524246708
Iter 1500 / 3871 4.32657269734
Iter 1550 / 3871 4.13327823986
Iter 1600 / 3871 4.24214619338
Iter 1650 / 3871 3.24840854954
Iter 1700 / 3871 3.82002687454
Iter 1750 / 3871 4.12738216625
Iter 1800 / 3871 4.53867730035
Iter 1850 / 3871 4.06148381819
Iter 1900 / 3871 4.07131988223
Iter 1950 / 3871 3.97429377858
Iter 2000 / 3871 4.3283102853
Iter 2050 / 3871 4.18882202148
Iter 2100 / 3871 4.82551901681
Iter 2150 / 3871 3.91666322596
Iter 2200 / 3871 4.80133684944
Iter 2250 / 3871 4.49696005544
Iter 2300 / 3871 4.49028553682
Iter 2350 / 3871 3.86487475309
Iter 2400 / 3871 1.85778570175
Iter 2450 / 3871 4.37930764092
Iter 2500 / 3871 5.00204005386
Iter 2550 / 3871 3.5374646868
Iter 2600 / 3871 4.62739821214
Iter 2650 / 3871 4.11185612091
Iter 2700 / 3871 4.3702399333
Iter 2750 / 3871 4.77787417457
Iter 2800 / 3871 4.46317572343
Iter 2850 / 3871 4.48034986413
Iter 2900 / 3871 3.98923187256
Iter 2950 / 3871 4.36199043893
Iter 3000 / 3871 3.94465427773
Iter 3050 / 3871 4.62872458065
Iter 3100 / 3871 4.44391021729
Iter 3150 / 3871 4.67928228163
Iter 3200 / 3871 3.54482378278
Iter 3250 / 3871 4.24438601124
Iter 3300 / 3871 4.97314305459
Iter 3350 / 3871 4.48460177718
Iter 3400 / 3871 3.79935234918
Iter 3450 / 3871 3.71927470969
Iter 3500 / 3871 4.93362707841
Iter 3550 / 3871 4.01492641283
Iter 3600 / 3871 4.0125591109
Iter 3650 / 3871 4.35576539399
Iter 3700 / 3871 4.57007200822
Iter 3750 / 3871 5.04773591694
Iter 3800 / 3871 4.29161943708
Iter 3850 / 3871 4.71580324891
Epoch 5 Valid 3.85621663317
Epoch 5 Test 4.03879190373
Epoch 6
Iter 50 / 3871 4.01233552632
Iter 100 / 3871 4.40221568516
Iter 150 / 3871 4.14717186822
Iter 200 / 3871 3.45220753844
Iter 250 / 3871 4.15931516705
Iter 300 / 3871 2.32433319092
Iter 350 / 3871 4.01171024029
Iter 400 / 3871 4.73103980496
Iter 450 / 3871 4.13387318147
Iter 500 / 3871 4.1237411499
Iter 550 / 3871 4.40888240062
Iter 600 / 3871 4.25800645616
Iter 650 / 3871 3.57214319983
Iter 700 / 3871 4.41354146818
Iter 750 / 3871 4.06101311011
Iter 800 / 3871 3.76000849406
Iter 850 / 3871 3.93845137339
Iter 900 / 3871 4.44754453488
Iter 950 / 3871 4.79719207764
Iter 1000 / 3871 4.55300209739
Iter 1050 / 3871 4.41246434262
Iter 1100 / 3871 4.13805648961
Iter 1150 / 3871 4.26831163679
Iter 1200 / 3871 4.93857140174
Iter 1250 / 3871 4.5428378083
Iter 1300 / 3871 4.54518146279
Iter 1350 / 3871 3.6018107278
Iter 1400 / 3871 3.84845466614
Iter 1450 / 3871 4.08503367106
Iter 1500 / 3871 4.60982286795
Iter 1550 / 3871 4.1856555207
Iter 1600 / 3871 4.46887497675
Iter 1650 / 3871 3.69070673404
Iter 1700 / 3871 4.33016485468
Iter 1750 / 3871 4.02629470825
Iter 1800 / 3871 4.36553237017
Iter 1850 / 3871 3.85014163747
Iter 1900 / 3871 4.16462500301
Iter 1950 / 3871 4.33569055674
Iter 2000 / 3871 4.10307042739
Iter 2050 / 3871 4.25716665281
Iter 2100 / 3871 4.29162694155
Iter 2150 / 3871 4.4310557959
Iter 2200 / 3871 4.08616014937
Iter 2250 / 3871 4.29983350966
Iter 2300 / 3871 3.87393882058
Iter 2350 / 3871 3.88181877136
Iter 2400 / 3871 4.23646425397
Iter 2450 / 3871 4.27039281873
Iter 2500 / 3871 4.47012837728
Iter 2550 / 3871 3.72010219798
Iter 2600 / 3871 4.41321405375
Iter 2650 / 3871 4.08985771229
Iter 2700 / 3871 3.46046871609
Iter 2750 / 3871 4.06012551181
Iter 2800 / 3871 4.17174792167
Iter 2850 / 3871 4.04068357809
Iter 2900 / 3871 3.53003627232
Iter 2950 / 3871 3.95632324219
Iter 3000 / 3871 4.15937280655
Iter 3050 / 3871 4.56759950191
Iter 3100 / 3871 4.04473429713
Iter 3150 / 3871 4.24049029434
Iter 3200 / 3871 4.64650260628
Iter 3250 / 3871 4.24252726237
Iter 3300 / 3871 4.33008276898
Iter 3350 / 3871 3.96456330128
Iter 3400 / 3871 4.30364772252
Iter 3450 / 3871 3.55486584386
Iter 3500 / 3871 4.10469315692
Iter 3550 / 3871 1.30220540365
Iter 3600 / 3871 4.36635993509
Iter 3650 / 3871 3.44860473633
Iter 3700 / 3871 3.40103055514
Iter 3750 / 3871 4.07991943359
Iter 3800 / 3871 4.69916494269
Iter 3850 / 3871 4.25252474271
Epoch 6 Valid 4.38765661806
Epoch 6 Test 4.54077507321
Epoch 7
Iter 50 / 3871 4.12625194731
Iter 100 / 3871 2.71510105133
Iter 150 / 3871 4.08551100434
Iter 200 / 3871 4.31869569117
Iter 250 / 3871 4.13311793886
Iter 300 / 3871 4.03055297852
Iter 350 / 3871 4.4215250651
Iter 400 / 3871 3.72245279948
Iter 450 / 3871 4.20617249955
Iter 500 / 3871 3.99300685073
Iter 550 / 3871 3.72150065104
Iter 600 / 3871 4.24734344482
Iter 650 / 3871 4.25444335938
Iter 700 / 3871 3.91984511867
Iter 750 / 3871 3.23577073041
Iter 800 / 3871 4.03961416391
Iter 850 / 3871 4.08106053129
Iter 900 / 3871 4.17476153133
Iter 950 / 3871 2.89218878746
Iter 1000 / 3871 3.61174519857
Iter 1050 / 3871 4.40794364992
Iter 1100 / 3871 4.15825609437
Iter 1150 / 3871 4.06684112549
Iter 1200 / 3871 4.53870783625
Iter 1250 / 3871 3.57974726979
Iter 1300 / 3871 3.90938880227
Iter 1350 / 3871 4.21354938376
Iter 1400 / 3871 3.71312515824
Iter 1450 / 3871 4.41338634491
Iter 1500 / 3871 3.66739797592
Iter 1550 / 3871 4.23122942889
Iter 1600 / 3871 3.73710677203
Iter 1650 / 3871 3.76353012888
Iter 1700 / 3871 3.08954020909
Iter 1750 / 3871 4.46771123421
Iter 1800 / 3871 4.29007568359
Iter 1850 / 3871 4.05289649963
Iter 1900 / 3871 4.06448359041
Iter 1950 / 3871 4.43923674939
Iter 2000 / 3871 3.63562350803
Iter 2050 / 3871 4.75069991402
Iter 2100 / 3871 4.12420210879
Iter 2150 / 3871 4.20150945216
Iter 2200 / 3871 4.10974038614
Iter 2250 / 3871 3.39512443542
Iter 2300 / 3871 3.98453120181
Iter 2350 / 3871 4.28060005807
Iter 2400 / 3871 4.63122921898
Iter 2450 / 3871 3.21839882987
Iter 2500 / 3871 3.29338239397
Iter 2550 / 3871 3.75928010761
Iter 2600 / 3871 4.82170332239
Iter 2650 / 3871 4.03734195594
Iter 2700 / 3871 4.22224714171
Iter 2750 / 3871 4.13106689453
Iter 2800 / 3871 4.13413649339
Iter 2850 / 3871 4.36235198975
Iter 2900 / 3871 4.40326538972
Iter 2950 / 3871 4.47191716974
Iter 3000 / 3871 4.25084152222
Iter 3050 / 3871 4.65503259607
Iter 3100 / 3871 4.14898847415
Iter 3150 / 3871 3.88818105062
Iter 3200 / 3871 3.59565646832
Iter 3250 / 3871 4.30357108664
Iter 3300 / 3871 3.74160715739
Iter 3350 / 3871 3.79947831896
Iter 3400 / 3871 4.29539638892
Iter 3450 / 3871 4.1627986407
Iter 3500 / 3871 3.90562329973
Iter 3550 / 3871 4.31531517392
Iter 3600 / 3871 3.65669413975
Iter 3650 / 3871 4.45424346924
Iter 3700 / 3871 3.85087916056
Iter 3750 / 3871 3.90030110677
Iter 3800 / 3871 4.14036989796
Iter 3850 / 3871 4.30018174021
Epoch 7 Valid 4.54387146192
Epoch 7 Test 4.48609778806
Epoch 8
Iter 50 / 3871 4.27985546257
Iter 100 / 3871 4.08889597423
Iter 150 / 3871 3.66791874529
Iter 200 / 3871 4.2226761712
Iter 250 / 3871 4.0851912065
Iter 300 / 3871 4.20821766371
Iter 350 / 3871 4.12726745605
Iter 400 / 3871 4.04914192531
Iter 450 / 3871 3.8820173202
Iter 500 / 3871 3.99723815918
Iter 550 / 3871 3.29223745841
Iter 600 / 3871 3.58221011692
Iter 650 / 3871 2.3708597819
Iter 700 / 3871 4.23927922834
Iter 750 / 3871 3.94766235352
Iter 800 / 3871 3.98100157707
Iter 850 / 3871 4.11670047075
Iter 900 / 3871 4.15005318778
Iter 950 / 3871 4.34467424665
Iter 1000 / 3871 3.6775273641
Iter 1050 / 3871 4.02719046853
Iter 1100 / 3871 4.24327623522
Iter 1150 / 3871 4.15534421231
Iter 1200 / 3871 4.09119278345
Iter 1250 / 3871 3.67909586589
Iter 1300 / 3871 4.07174301147
Iter 1350 / 3871 3.87336222331
Iter 1400 / 3871 3.7417196386
Iter 1450 / 3871 4.19570738777
Iter 1500 / 3871 4.03533096403
Iter 1550 / 3871 4.13309776826
Iter 1600 / 3871 4.32042091006
Iter 1650 / 3871 4.08648455584
Iter 1700 / 3871 4.27027300666
Iter 1750 / 3871 4.04727521721
Iter 1800 / 3871 4.28198103471
Iter 1850 / 3871 1.7366104126
Iter 1900 / 3871 4.06141744634
Iter 1950 / 3871 3.9367161801
Iter 2000 / 3871 3.98695898056
Iter 2050 / 3871 4.07652197944
Iter 2100 / 3871 3.92784799848
Iter 2150 / 3871 3.99623593417
Iter 2200 / 3871 3.61560219213
Iter 2250 / 3871 4.11875915527
Iter 2300 / 3871 3.65569721569
Iter 2350 / 3871 3.95150408064
Iter 2400 / 3871 4.05753752473
Iter 2450 / 3871 3.9785380644
Iter 2500 / 3871 4.08344196823
Iter 2550 / 3871 4.21848431756
Iter 2600 / 3871 4.34039346795
Iter 2650 / 3871 3.8556171764
Iter 2700 / 3871 4.26667000907
Iter 2750 / 3871 3.63757568359
Iter 2800 / 3871 3.83562184804
Iter 2850 / 3871 3.87364632743
Iter 2900 / 3871 4.00849768394
Iter 2950 / 3871 3.97978637695
Iter 3000 / 3871 4.05476229229
Iter 3050 / 3871 3.8775536808
Iter 3100 / 3871 4.17629763955
Iter 3150 / 3871 4.36784297862
Iter 3200 / 3871 1.88283369276
Iter 3250 / 3871 3.58437516954
Iter 3300 / 3871 4.18407107622
Iter 3350 / 3871 3.7600069913
Iter 3400 / 3871 3.08512392911
Iter 3450 / 3871 4.17629482872
Iter 3500 / 3871 4.14367894415
Iter 3550 / 3871 4.15710268374
Iter 3600 / 3871 4.13933863784
Iter 3650 / 3871 4.40360325405
Iter 3700 / 3871 3.96832148234
Iter 3750 / 3871 4.24514850817
Iter 3800 / 3871 3.61974906921
Iter 3850 / 3871 4.14630710377
Epoch 8 Valid 4.83066194929
Epoch 8 Test 4.89813223793
Epoch 9
Iter 50 / 3871 3.8007628123
Iter 100 / 3871 3.76070744441
Iter 150 / 3871 4.15843866912
Iter 200 / 3871 3.57618162367
Iter 250 / 3871 4.07593174765
Iter 300 / 3871 4.02427634215
Iter 350 / 3871 3.74365799515
Iter 400 / 3871 4.14443500225
Iter 450 / 3871 4.17302661472
Iter 500 / 3871 3.90414646694
Iter 550 / 3871 3.54646578702
Iter 600 / 3871 3.98370143345
Iter 650 / 3871 3.01397777739
Iter 700 / 3871 3.38057163783
Iter 750 / 3871 3.61116790771
Iter 800 / 3871 3.78044194761
Iter 850 / 3871 3.92406870524
Iter 900 / 3871 3.8479237276
Iter 950 / 3871 3.16078853607
Iter 1000 / 3871 4.02161327161
Iter 1050 / 3871 3.93594501637
Iter 1100 / 3871 4.20679092407
Iter 1150 / 3871 3.49753372758
Iter 1200 / 3871 4.12553575304
Iter 1250 / 3871 3.98082392266
Iter 1300 / 3871 4.24138697182
Iter 1350 / 3871 3.17534467909
Iter 1400 / 3871 3.57930344802
Iter 1450 / 3871 3.56534830729
Iter 1500 / 3871 3.93276892768
Iter 1550 / 3871 3.79229805425
Iter 1600 / 3871 3.96702674767
Iter 1650 / 3871 4.15079956055
Iter 1700 / 3871 3.89993947347
Iter 1750 / 3871 3.43063740791
Iter 1800 / 3871 3.94563802083
Iter 1850 / 3871 4.06448595452
Iter 1900 / 3871 3.55396906535
Iter 1950 / 3871 4.31863244375
Iter 2000 / 3871 3.95870784837
Iter 2050 / 3871 3.91093040915
Iter 2100 / 3871 3.97454535443
Iter 2150 / 3871 4.25356940503
Iter 2200 / 3871 3.78928877668
Iter 2250 / 3871 4.0981488909
Iter 2300 / 3871 4.07295672099
Iter 2350 / 3871 3.782401756
Iter 2400 / 3871 3.85856933594
Iter 2450 / 3871 3.86356866108
Iter 2500 / 3871 4.23553053538
Iter 2550 / 3871 4.25765802831
Iter 2600 / 3871 4.68222592912
Iter 2650 / 3871 3.89442749023
Iter 2700 / 3871 3.82801186918
Iter 2750 / 3871 4.15576336835
Iter 2800 / 3871 3.33567504883
Iter 2850 / 3871 3.54481237075
Iter 2900 / 3871 4.10577876984
Iter 2950 / 3871 3.67804677863
Iter 3000 / 3871 4.18816154234
Iter 3050 / 3871 4.30228316696
Iter 3100 / 3871 3.85030667287
Iter 3150 / 3871 3.50021771022
Iter 3200 / 3871 4.1369823109
Iter 3250 / 3871 3.47118214199
Iter 3300 / 3871 3.91497268677
Iter 3350 / 3871 3.64516852884
Iter 3400 / 3871 3.83027402816
Iter 3450 / 3871 3.93547874273
Iter 3500 / 3871 3.35866008085
Iter 3550 / 3871 3.28603871663
Iter 3600 / 3871 4.32190861114
Iter 3650 / 3871 4.143125
Iter 3700 / 3871 3.65518697103
Iter 3750 / 3871 3.55741239849
Iter 3800 / 3871 3.79765134869
Iter 3850 / 3871 3.85248804337
Epoch 9 Valid 4.81145682872
Epoch 9 Test 5.0218926891
Epoch 10
Iter 50 / 3871 3.63354552026
Iter 100 / 3871 3.84588707818
Iter 150 / 3871 4.24009779633
Iter 200 / 3871 3.62733525815
Iter 250 / 3871 3.54730372959
Iter 300 / 3871 4.19499049018
Iter 350 / 3871 2.1136567252
Iter 400 / 3871 4.04399560999
Iter 450 / 3871 4.01538410377
Iter 500 / 3871 4.00948429108
Iter 550 / 3871 3.94676994555
Iter 600 / 3871 3.34297943115
Iter 650 / 3871 3.90025066507
Iter 700 / 3871 3.49994196211
Iter 750 / 3871 3.25145585196
Iter 800 / 3871 3.19996986389
Iter 850 / 3871 3.89624557495
Iter 900 / 3871 3.68604945277
Iter 950 / 3871 3.79940326891
Iter 1000 / 3871 4.04124610741
Iter 1050 / 3871 4.22944731841
Iter 1100 / 3871 3.72266520182
Iter 1150 / 3871 3.8828356266
Iter 1200 / 3871 3.74574661255
Iter 1250 / 3871 3.47030421666
Iter 1300 / 3871 3.4814666748
Iter 1350 / 3871 3.79820033482
Iter 1400 / 3871 3.78806838989
Iter 1450 / 3871 3.11917724609
Iter 1500 / 3871 3.40145831638
Iter 1550 / 3871 3.99630237656
Iter 1600 / 3871 3.89846581528
Iter 1650 / 3871 4.08119544911
Iter 1700 / 3871 3.69532637163
Iter 1750 / 3871 3.97703594632
Iter 1800 / 3871 3.7711769104
Iter 1850 / 3871 3.97306176388
Iter 1900 / 3871 3.01223516464
Iter 1950 / 3871 4.02718520746
Iter 2000 / 3871 3.11833011403
Iter 2050 / 3871 3.7957088452
Iter 2100 / 3871 3.91969238281
Iter 2150 / 3871 3.78610786102
Iter 2200 / 3871 3.20509004593
Iter 2250 / 3871 3.99028015137
Iter 2300 / 3871 4.01877848307
Iter 2350 / 3871 4.15667949153
Iter 2400 / 3871 3.72455623232
Iter 2450 / 3871 4.18548202515
Iter 2500 / 3871 4.06908191264
Iter 2550 / 3871 3.54831771404
Iter 2600 / 3871 4.14284182818
Iter 2650 / 3871 3.69987063938
Iter 2700 / 3871 3.99105520809
Iter 2750 / 3871 3.82591247559
Iter 2800 / 3871 4.03304341634
Iter 2850 / 3871 3.88234235491
Iter 2900 / 3871 4.19082578023
Iter 2950 / 3871 3.92943714283
Iter 3000 / 3871 4.34292728485
Iter 3050 / 3871 3.97468816584
Iter 3100 / 3871 3.71374282837
Iter 3150 / 3871 3.97693340595
Iter 3200 / 3871 4.06562397253
Iter 3250 / 3871 3.27549997965
Iter 3300 / 3871 3.32898249771
Iter 3350 / 3871 4.40963554382
Iter 3400 / 3871 3.43742005721
Iter 3450 / 3871 4.11688928437
Iter 3500 / 3871 4.08806195175
Iter 3550 / 3871 3.71537642045
Iter 3600 / 3871 4.04598764273
Iter 3650 / 3871 3.58811073303
Iter 3700 / 3871 4.02885882845
Iter 3750 / 3871 3.73563639323
Iter 3800 / 3871 3.96251963459
Iter 3850 / 3871 4.79964978767
Epoch 10 Valid 5.05805024239
Epoch 10 Test 5.27131527904
Epoch 11
Iter 50 / 3871 3.64261814805
Iter 100 / 3871 3.32320827908
Iter 150 / 3871 3.09012460709
Iter 200 / 3871 3.21479125977
Iter 250 / 3871 3.94580105373
Iter 300 / 3871 3.61373251456
Iter 350 / 3871 3.46675992012
Iter 400 / 3871 4.09022177419
Iter 450 / 3871 3.50309092963
Iter 500 / 3871 3.96254698871
Iter 550 / 3871 3.89320203993
Iter 600 / 3871 3.92102644179
Iter 650 / 3871 4.01316858927
Iter 700 / 3871 2.75259321827
Iter 750 / 3871 3.76065699259
Iter 800 / 3871 4.07176806641
Iter 850 / 3871 3.65211553159
Iter 900 / 3871 3.75886068036
Iter 950 / 3871 4.02373900237
Iter 1000 / 3871 4.00280352871
Iter 1050 / 3871 4.00926079184
Iter 1100 / 3871 3.38240889007
Iter 1150 / 3871 3.7121829871
Iter 1200 / 3871 3.58196941175
Iter 1250 / 3871 3.83241852236
Iter 1300 / 3871 3.42132902145
Iter 1350 / 3871 3.51485315959
Iter 1400 / 3871 3.32050210458
Iter 1450 / 3871 3.9189788074
Iter 1500 / 3871 3.68815232577
Iter 1550 / 3871 4.06123555501
Iter 1600 / 3871 3.77118770412
Iter 1650 / 3871 3.8399008046
Iter 1700 / 3871 3.39086952209
Iter 1750 / 3871 3.93101455226
Iter 1800 / 3871 4.2602360423
Iter 1850 / 3871 3.68067610345
Iter 1900 / 3871 3.60495910645
Iter 1950 / 3871 3.15441711426
Iter 2000 / 3871 3.47417676771
Iter 2050 / 3871 2.95732911428
Iter 2100 / 3871 3.90057932536
Iter 2150 / 3871 3.54647797805
Iter 2200 / 3871 3.81827702598
Iter 2250 / 3871 3.89335181008
Iter 2300 / 3871 4.00807887486
Iter 2350 / 3871 3.91803209321
Iter 2400 / 3871 4.04474121094
Iter 2450 / 3871 3.25509887695
Iter 2500 / 3871 3.9900265123
Iter 2550 / 3871 3.4483997376
Iter 2600 / 3871 3.72548663427
Iter 2650 / 3871 3.83132765028
Iter 2700 / 3871 4.14341862996
Iter 2750 / 3871 4.05539550781
Iter 2800 / 3871 4.03675687983
Iter 2850 / 3871 3.41925127078
Iter 2900 / 3871 2.93083548546
Iter 2950 / 3871 4.60130720872
Iter 3000 / 3871 4.05310058594
Iter 3050 / 3871 2.31355667114
Iter 3100 / 3871 3.35927547108
Iter 3150 / 3871 3.4069519043
Iter 3200 / 3871 4.40062332153
Iter 3250 / 3871 3.30263227298
Iter 3300 / 3871 3.9950958252
Iter 3350 / 3871 3.35683861005
Iter 3400 / 3871 4.23303953807
Iter 3450 / 3871 3.98938150424
Iter 3500 / 3871 3.59635925293
Iter 3550 / 3871 3.45365041097
Iter 3600 / 3871 1.85599009196
Iter 3650 / 3871 4.12020760995
Iter 3700 / 3871 3.43816566467
Iter 3750 / 3871 4.39974616556
Iter 3800 / 3871 3.49395918846
Iter 3850 / 3871 3.22346318563
Epoch 11 Valid 5.27308285588
Epoch 11 Test 5.7452951066
Epoch 12
Iter 50 / 3871 3.92917480469
Iter 100 / 3871 3.99360680902
Iter 150 / 3871 3.34253544594
Iter 200 / 3871 3.72459248134
Iter 250 / 3871 3.44551976522
Iter 300 / 3871 3.64391517639
Iter 350 / 3871 3.07678031921
Iter 400 / 3871 3.44846605899
Iter 450 / 3871 3.2534942627
Iter 500 / 3871 4.05544281006
Iter 550 / 3871 4.49759419759
Iter 600 / 3871 4.06481688637
Iter 650 / 3871 3.99971542358
Iter 700 / 3871 3.27253676906
Iter 750 / 3871 3.62524792309
Iter 800 / 3871 3.01481050434
Iter 850 / 3871 3.81028259277
Iter 900 / 3871 3.06328529133
Iter 950 / 3871 3.12850991274
Iter 1000 / 3871 3.78586698833
Iter 1050 / 3871 4.17919809368
Iter 1100 / 3871 3.93291523437
Iter 1150 / 3871 3.77817588017
Iter 1200 / 3871 3.96982701619
Iter 1250 / 3871 3.62297760327
Iter 1300 / 3871 4.11652271412
Iter 1350 / 3871 3.44102287292
Iter 1400 / 3871 3.98132143374
Iter 1450 / 3871 4.01328974185
Iter 1500 / 3871 3.8356352586
Iter 1550 / 3871 3.88970633114
Iter 1600 / 3871 3.95951140329
Iter 1650 / 3871 3.78416175064
Iter 1700 / 3871 3.66091183254
Iter 1750 / 3871 3.89910056374
Iter 1800 / 3871 3.47512370142
Iter 1850 / 3871 3.46384225241
Iter 1900 / 3871 3.89886354933
Iter 1950 / 3871 3.89959495655
Iter 2000 / 3871 3.8617479479
Iter 2050 / 3871 4.05953767565
Iter 2100 / 3871 3.58376743731
Iter 2150 / 3871 3.42363714403
Iter 2200 / 3871 3.18720722198
Iter 2250 / 3871 3.800372941
Iter 2300 / 3871 3.74564634051
Iter 2350 / 3871 3.49528959609
Iter 2400 / 3871 3.96067589723
Iter 2450 / 3871 2.96685663859
Iter 2500 / 3871 3.70359611511
Iter 2550 / 3871 4.01978010211
Iter 2600 / 3871 3.64675457157
Iter 2650 / 3871 3.40811157227
Iter 2700 / 3871 3.86152708376
Iter 2750 / 3871 3.90351680991
Iter 2800 / 3871 3.27115207248
Iter 2850 / 3871 3.71691549978
Iter 2900 / 3871 3.59367472331
Iter 2950 / 3871 4.09214387117
Iter 3000 / 3871 3.96248173714
Iter 3050 / 3871 3.83171214228
Iter 3100 / 3871 3.46006948298
Iter 3150 / 3871 4.06512887137
Iter 3200 / 3871 3.11009944994
Iter 3250 / 3871 3.08474136611
Iter 3300 / 3871 3.53220748901
Iter 3350 / 3871 3.68629876582
Iter 3400 / 3871 3.23766059875
Iter 3450 / 3871 4.05906808036
Iter 3500 / 3871 3.97133418492
Iter 3550 / 3871 3.33455348015
Iter 3600 / 3871 4.00804368111
Iter 3650 / 3871 3.98173293022
Iter 3700 / 3871 3.39998383956
Iter 3750 / 3871 4.08418464661
Iter 3800 / 3871 3.01797866821
Iter 3850 / 3871 3.45697906052
Epoch 12 Valid 5.30855987657
Epoch 12 Test 5.42621991851
Epoch 13
Iter 50 / 3871 3.85340454102
Iter 100 / 3871 3.43642987703
Iter 150 / 3871 3.4329788208
Iter 200 / 3871 3.77254481622
Iter 250 / 3871 3.97670788711
Iter 300 / 3871 2.72030472755
Iter 350 / 3871 3.14479064941
Iter 400 / 3871 3.87213112408
Iter 450 / 3871 3.82541410519
Iter 500 / 3871 3.40724400112
Iter 550 / 3871 3.05741691589
Iter 600 / 3871 4.11227195046
Iter 650 / 3871 3.83531319754
Iter 700 / 3871 3.56732349664
Iter 750 / 3871 3.65146213108
Iter 800 / 3871 3.58885753856
Iter 850 / 3871 3.49369049072
Iter 900 / 3871 3.51672250253
Iter 950 / 3871 3.77020103053
Iter 1000 / 3871 2.98952976065
Iter 1050 / 3871 3.53378446603
Iter 1100 / 3871 3.9418309705
Iter 1150 / 3871 3.77438937916
Iter 1200 / 3871 3.59967041016
Iter 1250 / 3871 3.76188884798
Iter 1300 / 3871 3.53636245728
Iter 1350 / 3871 4.03956724655
Iter 1400 / 3871 3.53484268188
Iter 1450 / 3871 3.42835416195
Iter 1500 / 3871 3.9195601092
Iter 1550 / 3871 3.62395770733
Iter 1600 / 3871 3.41433334351
Iter 1650 / 3871 3.88978407118
Iter 1700 / 3871 3.83556784353
Iter 1750 / 3871 3.70216256601
Iter 1800 / 3871 3.92891721993
Iter 1850 / 3871 4.08702387129
Iter 1900 / 3871 3.54998594342
Iter 1950 / 3871 3.77449560165
Iter 2000 / 3871 4.15022451666
Iter 2050 / 3871 3.82787039621
Iter 2100 / 3871 2.77700138092
Iter 2150 / 3871 3.45614115397
Iter 2200 / 3871 3.03549420392
Iter 2250 / 3871 3.80511142897
Iter 2300 / 3871 3.86645196409
Iter 2350 / 3871 3.05358555006
Iter 2400 / 3871 3.60391809186
Iter 2450 / 3871 4.27536978373
Iter 2500 / 3871 2.85040050083
Iter 2550 / 3871 3.88792763987
Iter 2600 / 3871 3.45371734619
Iter 2650 / 3871 3.38436355591
Iter 2700 / 3871 3.60112838745
Iter 2750 / 3871 2.99402918662
Iter 2800 / 3871 3.74425052241
Iter 2850 / 3871 3.82988200468
Iter 2900 / 3871 3.67909291585
Iter 2950 / 3871 3.8222112241
Iter 3000 / 3871 3.79690025593
Iter 3050 / 3871 3.75831967308
Iter 3100 / 3871 3.83438255673
Iter 3150 / 3871 3.99053604301
Iter 3200 / 3871 4.00767940662
Iter 3250 / 3871 3.68466497351
Iter 3300 / 3871 3.32602364676
Iter 3350 / 3871 3.92024739583
Iter 3400 / 3871 3.54015951813
Iter 3450 / 3871 3.76243113602
Iter 3500 / 3871 4.03135347438
Iter 3550 / 3871 4.08658715647
Iter 3600 / 3871 3.34292401766
Iter 3650 / 3871 3.33726073148
Iter 3700 / 3871 3.96971687904
Iter 3750 / 3871 4.12784698486
Iter 3800 / 3871 3.9987812389
Iter 3850 / 3871 3.88119488989
Epoch 13 Valid 5.9494601965
Epoch 13 Test 5.85277055361
Epoch 14
Iter 50 / 3871 3.19180086576
Iter 100 / 3871 3.84019098049
Iter 150 / 3871 3.84688485129
Iter 200 / 3871 3.11110201749
Iter 250 / 3871 3.61876201923
Iter 300 / 3871 3.83385098365
Iter 350 / 3871 3.9407635195
Iter 400 / 3871 3.52018503042
Iter 450 / 3871 3.98289015997
Iter 500 / 3871 3.55074934526
Iter 550 / 3871 3.56409478957
Iter 600 / 3871 3.55734179097
Iter 650 / 3871 2.92664464315
Iter 700 / 3871 3.54493586222
Iter 750 / 3871 3.64626420854
Iter 800 / 3871 3.10094865163
Iter 850 / 3871 3.01628969427
Iter 900 / 3871 3.02421824137
Iter 950 / 3871 3.8303231632
Iter 1000 / 3871 3.92275600241
Iter 1050 / 3871 3.54693238348
Iter 1100 / 3871 3.78193826386
Iter 1150 / 3871 3.91602389018
Iter 1200 / 3871 3.3174085829
Iter 1250 / 3871 2.33766441345
Iter 1300 / 3871 3.52649755063
Iter 1350 / 3871 3.48825436547
Iter 1400 / 3871 3.71591322157
Iter 1450 / 3871 3.58558331569
Iter 1500 / 3871 4.66256378174
Iter 1550 / 3871 3.32526129645
Iter 1600 / 3871 3.54307774135
Iter 1650 / 3871 3.3637966156
Iter 1700 / 3871 2.6915802002
Iter 1750 / 3871 3.72536002816
Iter 1800 / 3871 3.83494937294
Iter 1850 / 3871 3.68870307659
Iter 1900 / 3871 3.13088186164
Iter 1950 / 3871 2.61618499756
Iter 2000 / 3871 2.04123395555
Iter 2050 / 3871 3.7662322998
Iter 2100 / 3871 3.82733695738
Iter 2150 / 3871 3.60928502576
Iter 2200 / 3871 3.32669456845
Iter 2250 / 3871 2.39478379402
Iter 2300 / 3871 3.96166767173
Iter 2350 / 3871 4.69938616071
Iter 2400 / 3871 3.24972381592
Iter 2450 / 3871 3.9211338141
Iter 2500 / 3871 2.95388285319
Iter 2550 / 3871 3.3818487123
Iter 2600 / 3871 3.93637929644
Iter 2650 / 3871 3.80110115841
Iter 2700 / 3871 3.56167319386
Iter 2750 / 3871 3.47461392774
Iter 2800 / 3871 3.71396399326
Iter 2850 / 3871 4.05495236419
Iter 2900 / 3871 3.57684083175
Iter 2950 / 3871 3.65455469297
Iter 3000 / 3871 3.34569725623
Iter 3050 / 3871 3.65096718924
Iter 3100 / 3871 3.59687937861
Iter 3150 / 3871 3.89130507294
Iter 3200 / 3871 3.59241204513
Iter 3250 / 3871 3.8017332399
Iter 3300 / 3871 3.41374090946
Iter 3350 / 3871 3.96108380486
Iter 3400 / 3871 3.8019401421
Iter 3450 / 3871 3.17716201328
Iter 3500 / 3871 3.28611017863
Iter 3550 / 3871 3.40209706624
Iter 3600 / 3871 3.80686333066
Iter 3650 / 3871 2.49838806152
Iter 3700 / 3871 3.63458135696
Iter 3750 / 3871 3.24181763555
Iter 3800 / 3871 3.43485276243
Iter 3850 / 3871 3.22845552885
Epoch 14 Valid 5.69179526496
Epoch 14 Test 5.83227708234
Epoch 15
Iter 50 / 3871 3.6061577292
Iter 100 / 3871 3.73226726756
Iter 150 / 3871 3.24473474162
Iter 200 / 3871 3.2485206604
Iter 250 / 3871 3.89473176505
Iter 300 / 3871 3.53023244203
Iter 350 / 3871 2.81944795088
Iter 400 / 3871 3.76869332395
Iter 450 / 3871 3.48202229818
Iter 500 / 3871 3.31728662763
Iter 550 / 3871 3.29800813094
Iter 600 / 3871 3.71631109044
Iter 650 / 3871 2.94342536926
Iter 700 / 3871 3.56432509422
Iter 750 / 3871 3.25668552944
Iter 800 / 3871 2.785492234
Iter 850 / 3871 3.7518367513
Iter 900 / 3871 3.37675009833
Iter 950 / 3871 3.88120702108
Iter 1000 / 3871 3.43193600502
Iter 1050 / 3871 3.92595513791
Iter 1100 / 3871 3.41520829634
Iter 1150 / 3871 3.67067378709
Iter 1200 / 3871 3.31946411133
Iter 1250 / 3871 3.18152138846
Iter 1300 / 3871 3.97342420604
Iter 1350 / 3871 3.3572116428
Iter 1400 / 3871 3.59701211112
Iter 1450 / 3871 2.66908009847
Iter 1500 / 3871 3.65419684516
Iter 1550 / 3871 3.25253295898
Iter 1600 / 3871 3.10047793388
Iter 1650 / 3871 3.69466696845
Iter 1700 / 3871 4.12488969167
Iter 1750 / 3871 3.53520485718
Iter 1800 / 3871 3.06730301316
Iter 1850 / 3871 3.65093926324
Iter 1900 / 3871 3.73200334821
Iter 1950 / 3871 3.50975436256
Iter 2000 / 3871 3.54257016334
Iter 2050 / 3871 3.47736431303
Iter 2100 / 3871 3.81548806895
Iter 2150 / 3871 3.8755086263
Iter 2200 / 3871 3.56791025798
Iter 2250 / 3871 3.71249494881
Iter 2300 / 3871 3.55444929335
Iter 2350 / 3871 3.75341059367
Iter 2400 / 3871 3.39685339677
Iter 2450 / 3871 3.68907863512
Iter 2500 / 3871 3.97351175103
Iter 2550 / 3871 3.65462820871
Iter 2600 / 3871 4.04948214827
Iter 2650 / 3871 3.66759389242
Iter 2700 / 3871 3.72706232844
Iter 2750 / 3871 3.78548196646
Iter 2800 / 3871 3.62533170573
Iter 2850 / 3871 3.44857533773
Iter 2900 / 3871 3.82819469555
Iter 2950 / 3871 3.70904088903
Iter 3000 / 3871 3.206870185
Iter 3050 / 3871 3.25772429676
Iter 3100 / 3871 3.43590648754
Iter 3150 / 3871 3.06522962782
Iter 3200 / 3871 3.80428941515
Iter 3250 / 3871 3.34104319981
Iter 3300 / 3871 3.70499055282
Iter 3350 / 3871 3.42632813887
Iter 3400 / 3871 3.75226035485
Iter 3450 / 3871 3.78539233738
Iter 3500 / 3871 3.22662261963
Iter 3550 / 3871 3.12162364613
Iter 3600 / 3871 3.86212503685
Iter 3650 / 3871 3.41325102657
Iter 3700 / 3871 3.07675301688
Iter 3750 / 3871 2.74127763571
Iter 3800 / 3871 3.64673404334
Iter 3850 / 3871 3.60691586925
Epoch 15 Valid 5.58296908044
Epoch 15 Test 5.92596623974
Epoch 16
Iter 50 / 3871 3.49373270671
Iter 100 / 3871 3.59706073981
Iter 150 / 3871 3.86413269043
Iter 200 / 3871 3.83085899353
Iter 250 / 3871 3.91989606085
Iter 300 / 3871 3.51435343424
Iter 350 / 3871 2.99852489603
Iter 400 / 3871 2.96627920645
Iter 450 / 3871 2.69051555559
Iter 500 / 3871 3.07094820808
Iter 550 / 3871 3.59742263268
Iter 600 / 3871 3.22266183036
Iter 650 / 3871 3.48146896362
Iter 700 / 3871 3.60513475206
Iter 750 / 3871 3.40205710275
Iter 800 / 3871 3.32517533075
Iter 850 / 3871 3.30413818359
Iter 900 / 3871 3.72698736191
Iter 950 / 3871 3.14156184784
Iter 1000 / 3871 3.81907038103
Iter 1050 / 3871 4.05410787083
Iter 1100 / 3871 3.15255059136
Iter 1150 / 3871 3.02967673854
Iter 1200 / 3871 3.28715297154
Iter 1250 / 3871 3.53942844324
Iter 1300 / 3871 3.81080202196
Iter 1350 / 3871 3.84477935791
Iter 1400 / 3871 1.94396822793
Iter 1450 / 3871 2.81135496801
Iter 1500 / 3871 3.50003895007
Iter 1550 / 3871 3.60170152452
Iter 1600 / 3871 3.20428466797
Iter 1650 / 3871 3.11246356964
Iter 1700 / 3871 3.36621575606
Iter 1750 / 3871 3.69293530782
Iter 1800 / 3871 3.07538970371
Iter 1850 / 3871 3.74557082717
Iter 1900 / 3871 3.7953742981
Iter 1950 / 3871 3.70446181879
Iter 2000 / 3871 3.73841131301
Iter 2050 / 3871 3.94656719508
Iter 2100 / 3871 3.78688446157
Iter 2150 / 3871 3.85423226192
Iter 2200 / 3871 3.02925046285
Iter 2250 / 3871 3.75871246338
Iter 2300 / 3871 3.35991521982
Iter 2350 / 3871 3.40651519704
Iter 2400 / 3871 3.93879379735
Iter 2450 / 3871 3.63535466687
Iter 2500 / 3871 3.51691619443
Iter 2550 / 3871 3.66397140431
Iter 2600 / 3871 3.68702284869
Iter 2650 / 3871 3.68686548869
Iter 2700 / 3871 3.81350378088
Iter 2750 / 3871 3.19355565851
Iter 2800 / 3871 3.60375880821
Iter 2850 / 3871 4.18707724179
Iter 2900 / 3871 3.98562197894
Iter 2950 / 3871 3.57938300239
Iter 3000 / 3871 2.87084939139
Iter 3050 / 3871 3.32283528646
Iter 3100 / 3871 3.54811930656
Iter 3150 / 3871 3.64954245161
Iter 3200 / 3871 2.69678878784
Iter 3250 / 3871 3.80722474564
Iter 3300 / 3871 2.95413281841
Iter 3350 / 3871 3.22040835294
Iter 3400 / 3871 3.95043128789
Iter 3450 / 3871 3.17674284161
Iter 3500 / 3871 3.63652008057
Iter 3550 / 3871 3.00538005526
Iter 3600 / 3871 3.38340071136
Iter 3650 / 3871 3.77876592565
Iter 3700 / 3871 3.88060552424
Iter 3750 / 3871 3.77536676686
Iter 3800 / 3871 3.44580910423
Iter 3850 / 3871 3.46518622504
Epoch 16 Valid 5.48093384134
Epoch 16 Test 5.82104658234
Epoch 17
Iter 50 / 3871 3.47869734331
Iter 100 / 3871 3.73207583815
Iter 150 / 3871 3.61393301828
Iter 200 / 3871 3.48518548565
Iter 250 / 3871 3.75048828125
Iter 300 / 3871 3.31696086845
Iter 350 / 3871 2.71138272967
Iter 400 / 3871 3.5943548584
Iter 450 / 3871 3.70129910637
Iter 500 / 3871 3.15348868534
Iter 550 / 3871 3.83672512383
Iter 600 / 3871 3.72892201098
Iter 650 / 3871 3.66286726537
Iter 700 / 3871 3.11833508809
Iter 750 / 3871 2.17145395279
Iter 800 / 3871 3.7436403547
Iter 850 / 3871 3.55551048344
Iter 900 / 3871 3.19064803351
Iter 950 / 3871 2.57263657142
Iter 1000 / 3871 3.82377950825
Iter 1050 / 3871 3.01899060336
Iter 1100 / 3871 3.5321506701
Iter 1150 / 3871 3.60422509348
Iter 1200 / 3871 3.49892286821
Iter 1250 / 3871 2.89357357025
Iter 1300 / 3871 2.37212705612
Iter 1350 / 3871 3.63152046204
Iter 1400 / 3871 3.33205000883
Iter 1450 / 3871 3.75777365945
Iter 1500 / 3871 3.55484644572
Iter 1550 / 3871 3.08249240451
Iter 1600 / 3871 3.85490754363
Iter 1650 / 3871 3.64495916928
Iter 1700 / 3871 3.50038543052
Iter 1750 / 3871 3.74382144548
Iter 1800 / 3871 3.64381698554
Iter 1850 / 3871 3.56489247289
Iter 1900 / 3871 3.82608468192
Iter 1950 / 3871 3.2930094401
Iter 2000 / 3871 3.17308141315
Iter 2050 / 3871 3.11526107788
Iter 2100 / 3871 2.9747807751
Iter 2150 / 3871 3.75461975098
Iter 2200 / 3871 3.76364310128
Iter 2250 / 3871 2.7662748857
Iter 2300 / 3871 3.25307195327
Iter 2350 / 3871 3.58731973582
Iter 2400 / 3871 3.58448370572
Iter 2450 / 3871 3.32008705139
Iter 2500 / 3871 3.01091639201
Iter 2550 / 3871 3.16076082172
Iter 2600 / 3871 3.55055895719
Iter 2650 / 3871 3.23704618566
Iter 2700 / 3871 3.28004724839
Iter 2750 / 3871 3.17527071635
Iter 2800 / 3871 2.58843291433
Iter 2850 / 3871 3.59864633734
Iter 2900 / 3871 3.6305384318
Iter 2950 / 3871 3.56327630336
Iter 3000 / 3871 3.49091628502
Iter 3050 / 3871 3.37067482688
Iter 3100 / 3871 3.09917500814
Iter 3150 / 3871 3.238095717
Iter 3200 / 3871 3.82261592784
Iter 3250 / 3871 4.55409856428
Iter 3300 / 3871 3.5641065494
Iter 3350 / 3871 3.65542166574
Iter 3400 / 3871 3.83636355378
Iter 3450 / 3871 3.39058732986
Iter 3500 / 3871 3.74623965539
Iter 3550 / 3871 3.66271972656
Iter 3600 / 3871 3.77673312596
Iter 3650 / 3871 3.80077884862
Iter 3700 / 3871 2.80179586039
Iter 3750 / 3871 4.20016700634
Iter 3800 / 3871 4.04883146286
Iter 3850 / 3871 3.58997944423
Epoch 17 Valid 6.11198069497
Epoch 17 Test 6.38360595272
Epoch 18
Iter 50 / 3871 2.92403520857
Iter 100 / 3871 3.63874697674
Iter 150 / 3871 1.3124092647
Iter 200 / 3871 3.28559809146
Iter 250 / 3871 3.40431524783
Iter 300 / 3871 3.13566532841
Iter 350 / 3871 2.14625126975
Iter 400 / 3871 3.27654702323
Iter 450 / 3871 2.96047370378
Iter 500 / 3871 2.53356881869
Iter 550 / 3871 3.73049990336
Iter 600 / 3871 3.12437302726
Iter 650 / 3871 3.80754091946
Iter 700 / 3871 3.37218805949
Iter 750 / 3871 3.36576652527
Iter 800 / 3871 3.31334902206
Iter 850 / 3871 3.64314768266
Iter 900 / 3871 3.59786571156
Iter 950 / 3871 3.70710432611
Iter 1000 / 3871 3.24730539322
Iter 1050 / 3871 3.65153187719
Iter 1100 / 3871 3.27380130166
Iter 1150 / 3871 3.17221679687
Iter 1200 / 3871 3.50648392078
Iter 1250 / 3871 3.53810002254
Iter 1300 / 3871 2.87742699517
Iter 1350 / 3871 2.86543121338
Iter 1400 / 3871 2.58253346319
Iter 1450 / 3871 2.72484707832
Iter 1500 / 3871 3.21717314287
Iter 1550 / 3871 3.34791744457
Iter 1600 / 3871 3.54735072967
Iter 1650 / 3871 3.38191016207
Iter 1700 / 3871 3.8641388633
Iter 1750 / 3871 3.60035400391
Iter 1800 / 3871 3.45764561703
Iter 1850 / 3871 3.66562761579
Iter 1900 / 3871 3.36641464233
Iter 1950 / 3871 3.49571676815
Iter 2000 / 3871 3.60779372784
Iter 2050 / 3871 2.86023935646
Iter 2100 / 3871 3.88166413484
Iter 2150 / 3871 0.00411033630371
Iter 2200 / 3871 2.43695640564
Iter 2250 / 3871 3.81827418009
Iter 2300 / 3871 3.47128725405
Iter 2350 / 3871 3.65586922385
Iter 2400 / 3871 3.52925268809
Iter 2450 / 3871 4.06370070885
Iter 2500 / 3871 2.83732838101
Iter 2550 / 3871 3.40303815875
Iter 2600 / 3871 3.24512745784
Iter 2650 / 3871 3.30549822356
Iter 2700 / 3871 3.75221721943
Iter 2750 / 3871 3.87452779497
Iter 2800 / 3871 2.62574494191
Iter 2850 / 3871 3.75417529835
Iter 2900 / 3871 3.17286057906
Iter 2950 / 3871 2.72030458952
Iter 3000 / 3871 3.55147323608
Iter 3050 / 3871 3.58603421271
Iter 3100 / 3871 3.52941422235
Iter 3150 / 3871 3.63828505479
Iter 3200 / 3871 3.72950819062
Iter 3250 / 3871 3.36251761697
Iter 3300 / 3871 3.14600582399
Iter 3350 / 3871 3.38772690087
Iter 3400 / 3871 1.83648109436
Iter 3450 / 3871 3.90168096824
Iter 3500 / 3871 3.68607942227
Iter 3550 / 3871 3.65971643784
Iter 3600 / 3871 3.91845134727
Iter 3650 / 3871 3.44467115402
Iter 3700 / 3871 2.82673954964
Iter 3750 / 3871 3.34297466278
Iter 3800 / 3871 3.73112742106
Iter 3850 / 3871 3.38447738155
Epoch 18 Valid 5.95222659135
Epoch 18 Test 6.13827799576
Epoch 19
Iter 50 / 3871 2.69360524958
Iter 100 / 3871 2.82279188368
Iter 150 / 3871 2.65899294899
Iter 200 / 3871 2.95521217202
Iter 250 / 3871 3.3517158145
Iter 300 / 3871 3.57257080078
Iter 350 / 3871 3.3034541292
Iter 400 / 3871 3.94826639979
Iter 450 / 3871 2.80273137327
Iter 500 / 3871 2.00990322658
Iter 550 / 3871 3.31399034199
Iter 600 / 3871 3.20180867513
Iter 650 / 3871 3.46117791897
Iter 700 / 3871 3.66424725507
Iter 750 / 3871 3.35894220526
Iter 800 / 3871 3.74400741768
Iter 850 / 3871 2.84595665565
Iter 900 / 3871 3.67741103041
Iter 950 / 3871 2.30891000657
Iter 1000 / 3871 3.27493057251
Iter 1050 / 3871 3.31880042666
Iter 1100 / 3871 3.59677579365
Iter 1150 / 3871 3.59414376153
Iter 1200 / 3871 3.68703715007
Iter 1250 / 3871 3.38766805013
Iter 1300 / 3871 3.38113834547
Iter 1350 / 3871 3.50832903827
Iter 1400 / 3871 3.6412624783
Iter 1450 / 3871 3.79866998846
Iter 1500 / 3871 3.12839128361
Iter 1550 / 3871 3.36498556332
Iter 1600 / 3871 3.20507401686
Iter 1650 / 3871 3.64382756067
Iter 1700 / 3871 3.3241607666
Iter 1750 / 3871 3.75464425436
Iter 1800 / 3871 3.71065860324
Iter 1850 / 3871 3.29684244792
Iter 1900 / 3871 3.49962300268
Iter 1950 / 3871 2.80867202194
Iter 2000 / 3871 3.29196675618
Iter 2050 / 3871 3.66219095516
