nohup: ignoring input
[dynet] initializing CUDA
[dynet] Request for 1 specific GPU ...
[dynet] Device Number: 2
[dynet]   Device name: GeForce GTX TITAN X
[dynet]   Memory Clock Rate (KHz): 3505000
[dynet]   Memory Bus Width (bits): 384
[dynet]   Peak Memory Bandwidth (GB/s): 336.48
[dynet]   Memory Free (GB): 8.35833/12.7996
[dynet]
[dynet] Device(s) selected: 2
[dynet] random seed: 1464440696
[dynet] allocating memory: 4000MB
[dynet] memory allocation done.
Epoch 1
Iter 50 / 3622 8.32917131696
Iter 100 / 3622 7.7783478957
Iter 150 / 3622 7.22105742664
Iter 200 / 3622 7.6097249349
Iter 250 / 3622 7.33461032444
Iter 300 / 3622 6.99280156675
Iter 350 / 3622 7.15038426717
Iter 400 / 3622 7.02286834717
Iter 450 / 3622 7.18321456909
Iter 500 / 3622 7.3524424235
Iter 550 / 3622 7.2400659768
Iter 600 / 3622 6.98690880032
Iter 650 / 3622 6.6955426534
Iter 700 / 3622 7.25535203042
Iter 750 / 3622 7.00873428736
Iter 800 / 3622 6.99255180359
Iter 850 / 3622 7.19099677364
Iter 900 / 3622 7.23286220006
Iter 950 / 3622 6.00221015504
Iter 1000 / 3622 6.40078396267
Iter 1050 / 3622 7.53192647298
Iter 1100 / 3622 6.60882568359
Iter 1150 / 3622 7.06525293986
Iter 1200 / 3622 6.54686868849
Iter 1250 / 3622 7.06752372082
Iter 1300 / 3622 6.73865000407
Iter 1350 / 3622 6.9080171131
Iter 1400 / 3622 6.1237224599
Iter 1450 / 3622 7.6225151062
Iter 1500 / 3622 6.63537536621
Iter 1550 / 3622 5.80542718797
Iter 1600 / 3622 6.5678858757
Iter 1650 / 3622 6.62564722697
Iter 1700 / 3622 6.99053552016
Iter 1750 / 3622 6.63641027502
Iter 1800 / 3622 6.21040395101
Iter 1850 / 3622 7.1352185336
Iter 1900 / 3622 6.443754673
Iter 1950 / 3622 6.60506359282
Iter 2000 / 3622 6.40667230943
Iter 2050 / 3622 5.96670492593
Iter 2100 / 3622 6.60193980824
Iter 2150 / 3622 6.82433356208
Iter 2200 / 3622 6.57137932055
Iter 2250 / 3622 6.14226250899
Iter 2300 / 3622 6.16883468628
Iter 2350 / 3622 6.44232810692
Iter 2400 / 3622 6.86027860093
Iter 2450 / 3622 6.7389310949
Iter 2500 / 3622 5.8372568403
Iter 2550 / 3622 6.56456964666
Iter 2600 / 3622 6.63931438293
Iter 2650 / 3622 6.3083188101
Iter 2700 / 3622 5.49294296576
Iter 2750 / 3622 5.87292175293
Iter 2800 / 3622 5.92910718918
Iter 2850 / 3622 5.22525485726
Iter 2900 / 3622 6.51983226429
Iter 2950 / 3622 6.62009330418
Iter 3000 / 3622 6.67650131952
Iter 3050 / 3622 6.58726831553
Iter 3100 / 3622 6.39371185303
Iter 3150 / 3622 5.89010495556
Iter 3200 / 3622 6.12237082587
Iter 3250 / 3622 6.10203231008
Iter 3300 / 3622 7.15114048549
Iter 3350 / 3622 6.30730197728
Iter 3400 / 3622 7.02480966073
Iter 3450 / 3622 5.49696725314
Iter 3500 / 3622 6.51888834635
Iter 3550 / 3622 5.80908333681
Iter 3600 / 3622 6.58262013865
Epoch 1 Valid 1.37806477235
Epoch 1 Test 1.28640314756
Epoch 2
Iter 50 / 3622 6.07200505183
Iter 100 / 3622 6.8667563414
Iter 150 / 3622 6.29368010021
Iter 200 / 3622 5.67260117964
Iter 250 / 3622 5.33812189102
Iter 300 / 3622 6.5226037098
Iter 350 / 3622 5.71116319444
Iter 400 / 3622 5.89791107178
Iter 450 / 3622 6.38107412833
Iter 500 / 3622 6.59459755637
Iter 550 / 3622 6.38597087117
Iter 600 / 3622 6.38553128924
Iter 650 / 3622 6.13848317464
Iter 700 / 3622 5.75097060785
Iter 750 / 3622 6.07033157349
Iter 800 / 3622 6.06647766528
Iter 850 / 3622 5.62666719454
Iter 900 / 3622 6.86851574126
Iter 950 / 3622 6.31737338362
Iter 1000 / 3622 6.30675970339
Iter 1050 / 3622 6.0923227671
Iter 1100 / 3622 5.96629333496
Iter 1150 / 3622 6.09521245021
Iter 1200 / 3622 6.08987111059
Iter 1250 / 3622 6.59220581055
Iter 1300 / 3622 6.0087481047
Iter 1350 / 3622 3.09201335907
Iter 1400 / 3622 6.60334852431
Iter 1450 / 3622 8.43597142837
Iter 1500 / 3622 6.51606926551
Iter 1550 / 3622 6.5090101454
Iter 1600 / 3622 5.75476702522
Iter 1650 / 3622 5.84642433634
Iter 1700 / 3622 5.62292560778
Iter 1750 / 3622 5.94534414786
Iter 1800 / 3622 5.51237731421
Iter 1850 / 3622 5.57809993199
Iter 1900 / 3622 5.7386079268
Iter 1950 / 3622 5.97539215088
Iter 2000 / 3622 5.54078125
Iter 2050 / 3622 6.17046050276
Iter 2100 / 3622 5.98139398748
Iter 2150 / 3622 5.82791756893
Iter 2200 / 3622 6.25094359527
Iter 2250 / 3622 6.1649613444
Iter 2300 / 3622 6.21858927409
Iter 2350 / 3622 6.14853966754
Iter 2400 / 3622 6.14429146903
Iter 2450 / 3622 5.04064178467
Iter 2500 / 3622 5.9848006352
Iter 2550 / 3622 6.2748448989
Iter 2600 / 3622 7.00590345595
Iter 2650 / 3622 6.24204819623
Iter 2700 / 3622 5.6067136102
Iter 2750 / 3622 6.21372090081
Iter 2800 / 3622 5.11341875862
Iter 2850 / 3622 5.71285005049
Iter 2900 / 3622 6.37230244621
Iter 2950 / 3622 5.6280343192
Iter 3000 / 3622 5.87273343404
Iter 3050 / 3622 5.56267038981
Iter 3100 / 3622 4.87728016412
Iter 3150 / 3622 5.87837320964
Iter 3200 / 3622 6.1885025922
Iter 3250 / 3622 4.70203052868
Iter 3300 / 3622 6.43983078003
Iter 3350 / 3622 6.95054315888
Iter 3400 / 3622 5.81520271301
Iter 3450 / 3622 5.97309548514
Iter 3500 / 3622 6.34342323861
Iter 3550 / 3622 5.82820031998
Iter 3600 / 3622 5.76982421875
Epoch 2 Valid 1.82988114233
Epoch 2 Test 1.50013873764
Epoch 3
Iter 50 / 3622 6.20581137167
Iter 100 / 3622 5.5559523733
Iter 150 / 3622 5.44018085186
Iter 200 / 3622 5.66112436148
Iter 250 / 3622 5.94226074219
Iter 300 / 3622 5.39345245361
Iter 350 / 3622 5.42224993025
Iter 400 / 3622 5.47342409406
Iter 450 / 3622 5.30690994263
Iter 500 / 3622 5.70318388603
Iter 550 / 3622 5.18342686907
Iter 600 / 3622 5.81386413574
Iter 650 / 3622 6.23208797679
Iter 700 / 3622 5.69949035645
Iter 750 / 3622 5.71441323417
Iter 800 / 3622 5.48603968466
Iter 850 / 3622 5.69131176288
Iter 900 / 3622 5.22258079445
Iter 950 / 3622 4.81575916203
Iter 1000 / 3622 3.08777978685
Iter 1050 / 3622 6.31967515212
Iter 1100 / 3622 5.5292619185
Iter 1150 / 3622 5.88773479616
Iter 1200 / 3622 5.73130108925
Iter 1250 / 3622 5.56832885742
Iter 1300 / 3622 5.64284728499
Iter 1350 / 3622 5.47148367635
Iter 1400 / 3622 5.92550385888
Iter 1450 / 3622 3.69897715251
Iter 1500 / 3622 5.82641741071
Iter 1550 / 3622 5.15444844564
Iter 1600 / 3622 5.18257954915
Iter 1650 / 3622 5.68310312124
Iter 1700 / 3622 3.8770682017
Iter 1750 / 3622 6.06446499295
Iter 1800 / 3622 5.54597854614
Iter 1850 / 3622 5.97052499277
Iter 1900 / 3622 6.09146499634
Iter 1950 / 3622 5.37211287649
Iter 2000 / 3622 4.34812436785
Iter 2050 / 3622 4.39074211121
Iter 2100 / 3622 5.17805786133
Iter 2150 / 3622 6.8567369805
Iter 2200 / 3622 6.01581217448
Iter 2250 / 3622 5.7910045277
Iter 2300 / 3622 4.2958748653
Iter 2350 / 3622 5.30836509146
Iter 2400 / 3622 5.65821439845
Iter 2450 / 3622 5.64272828609
Iter 2500 / 3622 5.5404103597
Iter 2550 / 3622 6.05882751465
Iter 2600 / 3622 5.56387739915
Iter 2650 / 3622 5.62295188904
Iter 2700 / 3622 4.39019179926
Iter 2750 / 3622 5.28223867866
Iter 2800 / 3622 5.7002777635
Iter 2850 / 3622 6.29583925189
Iter 2900 / 3622 5.5683294932
Iter 2950 / 3622 5.96683611189
Iter 3000 / 3622 5.43823496501
Iter 3050 / 3622 5.50363219665
Iter 3100 / 3622 4.80358801948
Iter 3150 / 3622 5.49146572379
Iter 3200 / 3622 5.69378534953
Iter 3250 / 3622 5.09557119042
Iter 3300 / 3622 5.11333501907
Iter 3350 / 3622 5.62941526017
Iter 3400 / 3622 6.35649334943
Iter 3450 / 3622 5.02765207957
Iter 3500 / 3622 5.59390647195
Iter 3550 / 3622 4.92239646912
Iter 3600 / 3622 5.46474102668
Epoch 3 Valid 2.58677485138
Epoch 3 Test 2.07985462839
Epoch 4
Iter 50 / 3622 4.5088961465
Iter 100 / 3622 4.99295494773
Iter 150 / 3622 5.40337236006
Iter 200 / 3622 5.05495006633
Iter 250 / 3622 4.30459490689
Iter 300 / 3622 4.99101494262
Iter 350 / 3622 5.50880080003
Iter 400 / 3622 5.25812332718
Iter 450 / 3622 4.98890209198
Iter 500 / 3622 5.56264206459
Iter 550 / 3622 4.60763016958
Iter 600 / 3622 5.00176343051
Iter 650 / 3622 5.60995622115
Iter 700 / 3622 5.46344763617
Iter 750 / 3622 2.24712101618
Iter 800 / 3622 5.46659700163
Iter 850 / 3622 5.26846740723
Iter 900 / 3622 5.03513669968
Iter 950 / 3622 5.8534115878
Iter 1000 / 3622 5.64167096538
Iter 1050 / 3622 5.67662117251
Iter 1100 / 3622 5.25844051963
Iter 1150 / 3622 4.05493011475
Iter 1200 / 3622 5.56957626343
Iter 1250 / 3622 4.67629114787
Iter 1300 / 3622 5.75440932765
Iter 1350 / 3622 5.62152862549
Iter 1400 / 3622 4.56820567738
Iter 1450 / 3622 5.35402668056
Iter 1500 / 3622 5.3804216056
Iter 1550 / 3622 4.31811000279
Iter 1600 / 3622 5.26764648437
Iter 1650 / 3622 4.3898358345
Iter 1700 / 3622 5.79853091033
Iter 1750 / 3622 3.87047685896
Iter 1800 / 3622 4.84280504499
Iter 1850 / 3622 5.11457298291
Iter 1900 / 3622 4.55060492622
Iter 1950 / 3622 5.50000075352
Iter 2000 / 3622 5.68866315569
Iter 2050 / 3622 5.15506100345
Iter 2100 / 3622 5.05721010481
Iter 2150 / 3622 4.68964555528
Iter 2200 / 3622 5.38545722961
Iter 2250 / 3622 5.2361498066
Iter 2300 / 3622 4.97436387804
Iter 2350 / 3622 5.41440659675
Iter 2400 / 3622 5.42977753768
Iter 2450 / 3622 5.17239868164
Iter 2500 / 3622 6.08532714844
Iter 2550 / 3622 5.68459529765
Iter 2600 / 3622 5.27289962769
Iter 2650 / 3622 5.09783666041
Iter 2700 / 3622 4.83659304105
Iter 2750 / 3622 5.74242133247
Iter 2800 / 3622 4.60830730862
Iter 2850 / 3622 4.3770386318
Iter 2900 / 3622 5.10066653895
Iter 2950 / 3622 5.06490928248
Iter 3000 / 3622 5.33911786761
Iter 3050 / 3622 5.57725877028
Iter 3100 / 3622 5.4317779541
Iter 3150 / 3622 5.14273031134
Iter 3200 / 3622 5.8422457511
Iter 3250 / 3622 5.88712515482
Iter 3300 / 3622 5.74728663964
Iter 3350 / 3622 5.17095993157
Iter 3400 / 3622 5.5095613041
Iter 3450 / 3622 5.0569152832
Iter 3500 / 3622 5.14713876898
Iter 3550 / 3622 5.841911579
Iter 3600 / 3622 6.43018086751
Epoch 4 Valid 2.71840348454
Epoch 4 Test 2.11191858953
Epoch 5
Iter 50 / 3622 5.34107716878
Iter 100 / 3622 5.19244011773
Iter 150 / 3622 5.26947566441
Iter 200 / 3622 4.74107171922
Iter 250 / 3622 5.44279853583
Iter 300 / 3622 3.96209193638
Iter 350 / 3622 5.85051597037
Iter 400 / 3622 5.14670889718
Iter 450 / 3622 5.44433657328
Iter 500 / 3622 4.84429350353
Iter 550 / 3622 4.66724673184
Iter 600 / 3622 5.4635125522
Iter 650 / 3622 4.14825775664
Iter 700 / 3622 5.03187408447
Iter 750 / 3622 5.01262267207
Iter 800 / 3622 5.41222381592
Iter 850 / 3622 4.74667774547
Iter 900 / 3622 5.3051650241
Iter 950 / 3622 3.92342197194
Iter 1000 / 3622 4.46810986094
Iter 1050 / 3622 4.80279077223
Iter 1100 / 3622 5.24299557108
Iter 1150 / 3622 5.17401344993
Iter 1200 / 3622 4.64401424632
Iter 1250 / 3622 5.08190730888
Iter 1300 / 3622 4.88150089345
Iter 1350 / 3622 5.22075013344
Iter 1400 / 3622 5.35883117676
Iter 1450 / 3622 5.11733968099
Iter 1500 / 3622 4.6340965271
Iter 1550 / 3622 6.33850740132
Iter 1600 / 3622 4.61047995963
Iter 1650 / 3622 4.96016962388
Iter 1700 / 3622 4.33085335626
Iter 1750 / 3622 5.24284006755
Iter 1800 / 3622 5.73132506413
Iter 1850 / 3622 5.10362961713
Iter 1900 / 3622 4.56716766357
Iter 1950 / 3622 1.52240486145
Iter 2000 / 3622 5.15013885498
Iter 2050 / 3622 5.80030705379
Iter 2100 / 3622 4.81678475274
Iter 2150 / 3622 5.23602391803
Iter 2200 / 3622 5.07090113713
Iter 2250 / 3622 4.88687185514
Iter 2300 / 3622 4.27713012695
Iter 2350 / 3622 5.21446869339
Iter 2400 / 3622 5.58458891369
Iter 2450 / 3622 4.80626645296
Iter 2500 / 3622 5.42004422212
Iter 2550 / 3622 5.12893434004
Iter 2600 / 3622 5.09337582796
Iter 2650 / 3622 4.81829729947
Iter 2700 / 3622 5.31802541559
Iter 2750 / 3622 5.38455375584
Iter 2800 / 3622 5.16690063477
Iter 2850 / 3622 5.43958096591
Iter 2900 / 3622 5.39210849338
Iter 2950 / 3622 5.79569549561
Iter 3000 / 3622 5.99856492031
Iter 3050 / 3622 3.74648108849
Iter 3100 / 3622 3.56389349279
Iter 3150 / 3622 5.00146763712
Iter 3200 / 3622 5.74959455218
Iter 3250 / 3622 5.16171851525
Iter 3300 / 3622 5.08691266741
Iter 3350 / 3622 3.97008479192
Iter 3400 / 3622 3.86003806374
Iter 3450 / 3622 5.01484681585
Iter 3500 / 3622 5.53427540172
Iter 3550 / 3622 5.28589761668
Iter 3600 / 3622 5.35841639484
Epoch 5 Valid 3.25391144269
Epoch 5 Test 2.6225394577
Epoch 6
Iter 50 / 3622 3.95235397469
Iter 100 / 3622 4.01818974813
Iter 150 / 3622 3.73527097702
Iter 200 / 3622 4.07920678457
Iter 250 / 3622 4.84723128134
Iter 300 / 3622 5.09151423191
Iter 350 / 3622 4.34962165646
Iter 400 / 3622 4.93060974121
Iter 450 / 3622 5.6038812708
Iter 500 / 3622 5.43019705108
Iter 550 / 3622 4.81547347359
Iter 600 / 3622 4.84971098847
Iter 650 / 3622 5.00299910003
Iter 700 / 3622 3.61455760283
Iter 750 / 3622 4.60085347493
Iter 800 / 3622 5.2613193445
Iter 850 / 3622 5.06272923853
Iter 900 / 3622 4.89097595215
Iter 950 / 3622 2.96528480166
Iter 1000 / 3622 3.53855862088
Iter 1050 / 3622 5.14104760211
Iter 1100 / 3622 4.61730453994
Iter 1150 / 3622 4.84919520787
Iter 1200 / 3622 5.0849199295
Iter 1250 / 3622 5.8125492219
Iter 1300 / 3622 4.77360916138
Iter 1350 / 3622 5.25354038684
Iter 1400 / 3622 4.33707173665
Iter 1450 / 3622 4.38722457886
Iter 1500 / 3622 4.11888080173
Iter 1550 / 3622 5.28892395988
Iter 1600 / 3622 5.20067420373
Iter 1650 / 3622 4.75950117868
Iter 1700 / 3622 5.6550347553
Iter 1750 / 3622 4.93806059464
Iter 1800 / 3622 5.2059095228
Iter 1850 / 3622 4.31201850043
Iter 1900 / 3622 4.44758723332
Iter 1950 / 3622 4.93349290931
Iter 2000 / 3622 5.28814420603
Iter 2050 / 3622 4.37356120784
Iter 2100 / 3622 4.9805336437
Iter 2150 / 3622 3.39835604154
Iter 2200 / 3622 4.90688910001
Iter 2250 / 3622 3.42433265587
Iter 2300 / 3622 4.83615684509
Iter 2350 / 3622 4.96134567261
Iter 2400 / 3622 4.26734399796
Iter 2450 / 3622 3.56241666354
Iter 2500 / 3622 4.73487443821
Iter 2550 / 3622 4.88666338931
Iter 2600 / 3622 4.84895894752
Iter 2650 / 3622 3.21223880934
Iter 2700 / 3622 3.22485978263
Iter 2750 / 3622 5.12138861579
Iter 2800 / 3622 5.20643904883
Iter 2850 / 3622 5.12199031945
Iter 2900 / 3622 3.73796195724
Iter 2950 / 3622 4.91449903405
Iter 3000 / 3622 3.8193745931
Iter 3050 / 3622 4.92652130127
Iter 3100 / 3622 4.97751931583
Iter 3150 / 3622 5.21521168835
Iter 3200 / 3622 4.31868309139
Iter 3250 / 3622 4.9053918457
Iter 3300 / 3622 5.47152709961
Iter 3350 / 3622 5.30167152142
Iter 3400 / 3622 5.19502365225
Iter 3450 / 3622 5.38142632378
Iter 3500 / 3622 4.969921875
Iter 3550 / 3622 3.54241607666
Iter 3600 / 3622 4.96130664532
Epoch 6 Valid 3.29966202237
Epoch 6 Test 2.78420881885
Epoch 7
Iter 50 / 3622 4.22430419922
Iter 100 / 3622 3.6315612793
Iter 150 / 3622 4.45228407118
Iter 200 / 3622 4.89958557902
Iter 250 / 3622 4.77521192111
Iter 300 / 3622 4.81702150617
Iter 350 / 3622 4.78743674538
Iter 400 / 3622 4.4348457433
Iter 450 / 3622 5.02406529018
Iter 500 / 3622 4.70576300988
Iter 550 / 3622 4.23635700771
Iter 600 / 3622 3.93055772781
Iter 650 / 3622 4.66179488877
Iter 700 / 3622 5.0860104031
Iter 750 / 3622 4.63942561074
Iter 800 / 3622 4.90010532924
Iter 850 / 3622 2.47622192383
Iter 900 / 3622 4.81914867054
Iter 950 / 3622 5.04707121672
Iter 1000 / 3622 4.45532065944
Iter 1050 / 3622 4.88891796356
Iter 1100 / 3622 4.56424277169
Iter 1150 / 3622 4.63422436184
Iter 1200 / 3622 4.14644836426
Iter 1250 / 3622 4.99553847202
Iter 1300 / 3622 4.75092022236
Iter 1350 / 3622 3.72638931274
Iter 1400 / 3622 4.16861179897
Iter 1450 / 3622 4.95631986519
Iter 1500 / 3622 4.16522789001
Iter 1550 / 3622 3.99659691787
Iter 1600 / 3622 4.87780360172
Iter 1650 / 3622 4.41102790833
Iter 1700 / 3622 3.81371831894
Iter 1750 / 3622 5.12609907034
Iter 1800 / 3622 4.97015847599
Iter 1850 / 3622 4.7451120296
Iter 1900 / 3622 4.90109361848
Iter 1950 / 3622 5.49218288688
Iter 2000 / 3622 4.74625882235
Iter 2050 / 3622 5.07486651021
Iter 2100 / 3622 4.52144084257
Iter 2150 / 3622 4.59236262395
Iter 2200 / 3622 4.30571153429
Iter 2250 / 3622 5.07513154443
Iter 2300 / 3622 4.86337331136
Iter 2350 / 3622 4.86996173859
Iter 2400 / 3622 4.88865379051
Iter 2450 / 3622 4.41941906157
Iter 2500 / 3622 5.30575022978
Iter 2550 / 3622 4.64600599716
Iter 2600 / 3622 4.75988176134
Iter 2650 / 3622 4.71371890182
Iter 2700 / 3622 3.55530871767
Iter 2750 / 3622 4.17752710978
Iter 2800 / 3622 4.2142124176
Iter 2850 / 3622 4.64378489619
Iter 2900 / 3622 4.80626363842
Iter 2950 / 3622 5.15545145671
Iter 3000 / 3622 4.7224372415
Iter 3050 / 3622 5.12592655305
Iter 3100 / 3622 4.59376907349
Iter 3150 / 3622 3.88591711862
Iter 3200 / 3622 4.45021851858
Iter 3250 / 3622 4.24326740245
Iter 3300 / 3622 5.05022074382
Iter 3350 / 3622 4.31192345252
Iter 3400 / 3622 4.22628631592
Iter 3450 / 3622 4.94203555658
Iter 3500 / 3622 3.85398864746
Iter 3550 / 3622 5.93588867188
Iter 3600 / 3622 4.88342393663
Epoch 7 Valid 3.72691230196
Epoch 7 Test 3.24272854798
Epoch 8
Iter 50 / 3622 4.69220090969
Iter 100 / 3622 4.54019747647
Iter 150 / 3622 4.72752352628
Iter 200 / 3622 5.34703176993
Iter 250 / 3622 4.04778497869
Iter 300 / 3622 3.80270026712
Iter 350 / 3622 4.92027445042
Iter 400 / 3622 4.30386734009
Iter 450 / 3622 4.52538669876
Iter 500 / 3622 4.53723503562
Iter 550 / 3622 4.40619396773
Iter 600 / 3622 4.34568529005
Iter 650 / 3622 4.21269734701
Iter 700 / 3622 4.96336614435
Iter 750 / 3622 4.41983235677
Iter 800 / 3622 4.5496640625
Iter 850 / 3622 4.40825823964
Iter 900 / 3622 1.30941534042
Iter 950 / 3622 4.36944623365
Iter 1000 / 3622 4.11211464622
Iter 1050 / 3622 4.71313578288
Iter 1100 / 3622 5.10181627338
Iter 1150 / 3622 4.60916174026
Iter 1200 / 3622 4.27472005572
Iter 1250 / 3622 4.63025004069
Iter 1300 / 3622 4.21803375899
Iter 1350 / 3622 4.03012359619
Iter 1400 / 3622 1.30193649292
Iter 1450 / 3622 4.87606029976
Iter 1500 / 3622 4.78874995791
Iter 1550 / 3622 5.03253127589
Iter 1600 / 3622 4.85223972096
Iter 1650 / 3622 4.4322326095
Iter 1700 / 3622 4.03338165283
Iter 1750 / 3622 5.07826122339
Iter 1800 / 3622 4.62252099173
Iter 1850 / 3622 4.15429168052
Iter 1900 / 3622 4.87950897217
Iter 1950 / 3622 5.06706430131
Iter 2000 / 3622 2.94905328751
Iter 2050 / 3622 4.81834073153
Iter 2100 / 3622 4.33314887153
Iter 2150 / 3622 4.84102386475
Iter 2200 / 3622 4.88408660889
Iter 2250 / 3622 4.21236190796
Iter 2300 / 3622 5.45398481502
Iter 2350 / 3622 4.88144008092
Iter 2400 / 3622 4.67516807274
Iter 2450 / 3622 5.17328416255
Iter 2500 / 3622 4.78033610753
Iter 2550 / 3622 4.63293555475
Iter 2600 / 3622 4.40178878219
Iter 2650 / 3622 4.86866664342
Iter 2700 / 3622 4.32174348831
Iter 2750 / 3622 4.75167142428
Iter 2800 / 3622 4.66130384508
Iter 2850 / 3622 4.54657914903
Iter 2900 / 3622 4.80428836707
Iter 2950 / 3622 3.78309659091
Iter 3000 / 3622 4.68323710217
Iter 3050 / 3622 3.53196144104
Iter 3100 / 3622 5.11957036232
Iter 3150 / 3622 3.85795402527
Iter 3200 / 3622 4.78512509664
Iter 3250 / 3622 3.77692694413
Iter 3300 / 3622 3.56122495417
Iter 3350 / 3622 4.64535157577
Iter 3400 / 3622 4.19794015323
Iter 3450 / 3622 4.66424102783
Iter 3500 / 3622 4.81463194002
Iter 3550 / 3622 4.4290000514
Iter 3600 / 3622 5.1700442921
Epoch 8 Valid 4.02490108469
Epoch 8 Test 3.12190968006
Epoch 9
Iter 50 / 3622 4.21327018738
Iter 100 / 3622 4.66790603937
Iter 150 / 3622 5.00976308187
Iter 200 / 3622 4.10685779202
Iter 250 / 3622 3.63756841455
Iter 300 / 3622 4.08364919027
Iter 350 / 3622 4.18548325361
Iter 400 / 3622 4.88841574711
Iter 450 / 3622 4.54095854583
Iter 500 / 3622 4.95109805153
Iter 550 / 3622 4.77991142475
Iter 600 / 3622 4.85970122239
Iter 650 / 3622 4.04496917725
Iter 700 / 3622 4.62979166667
Iter 750 / 3622 3.77030860053
Iter 800 / 3622 4.16053199768
Iter 850 / 3622 4.84673000026
Iter 900 / 3622 4.61951465141
Iter 950 / 3622 4.36173238872
Iter 1000 / 3622 3.58394376693
Iter 1050 / 3622 4.39529383868
Iter 1100 / 3622 3.68775803702
Iter 1150 / 3622 3.89611090008
Iter 1200 / 3622 4.81741215633
Iter 1250 / 3622 3.94067993164
Iter 1300 / 3622 3.49257122102
Iter 1350 / 3622 4.34207446759
Iter 1400 / 3622 4.64840087891
Iter 1450 / 3622 4.76713138156
Iter 1500 / 3622 4.58536702936
Iter 1550 / 3622 2.19451853434
Iter 1600 / 3622 4.12792794364
Iter 1650 / 3622 3.5283586369
Iter 1700 / 3622 4.49598185221
Iter 1750 / 3622 4.29485875317
Iter 1800 / 3622 4.13219078157
Iter 1850 / 3622 3.16705382104
Iter 1900 / 3622 4.37355282432
Iter 1950 / 3622 4.41413299561
Iter 2000 / 3622 3.25000095367
Iter 2050 / 3622 4.63594137975
Iter 2100 / 3622 4.25173385055
Iter 2150 / 3622 4.92585338246
Iter 2200 / 3622 4.70538257417
Iter 2250 / 3622 4.24010274868
Iter 2300 / 3622 5.0391761409
Iter 2350 / 3622 4.03457514445
Iter 2400 / 3622 4.72332614076
Iter 2450 / 3622 4.71089218602
Iter 2500 / 3622 1.51142573357
Iter 2550 / 3622 4.59927680276
Iter 2600 / 3622 4.3509893244
Iter 2650 / 3622 4.73718316214
Iter 2700 / 3622 4.58375459559
Iter 2750 / 3622 4.17867905346
Iter 2800 / 3622 4.54505865951
Iter 2850 / 3622 4.09847322274
Iter 2900 / 3622 4.60499237061
Iter 2950 / 3622 4.31196459602
Iter 3000 / 3622 2.79915915595
Iter 3050 / 3622 4.07798316262
Iter 3100 / 3622 4.6786813447
Iter 3150 / 3622 3.96114044189
Iter 3200 / 3622 4.17420864105
Iter 3250 / 3622 5.06370768229
Iter 3300 / 3622 4.17316055298
Iter 3350 / 3622 4.4353553772
Iter 3400 / 3622 3.86717764537
Iter 3450 / 3622 4.5784747784
Iter 3500 / 3622 4.60702438354
Iter 3550 / 3622 4.26996866862
Iter 3600 / 3622 5.11260114397
Epoch 9 Valid 4.19740647403
Epoch 9 Test 3.45410626746
Epoch 10
Iter 50 / 3622 4.44448339844
Iter 100 / 3622 3.75979577927
Iter 150 / 3622 4.00438586148
Iter 200 / 3622 4.05996443874
Iter 250 / 3622 4.62992599384
Iter 300 / 3622 2.79327670011
Iter 350 / 3622 4.44331423442
Iter 400 / 3622 2.95653642927
Iter 450 / 3622 4.69884694417
Iter 500 / 3622 4.71877747903
Iter 550 / 3622 3.67588352513
Iter 600 / 3622 3.87343025208
Iter 650 / 3622 4.46786971831
Iter 700 / 3622 3.7074247418
Iter 750 / 3622 4.66151491801
Iter 800 / 3622 4.00196006081
Iter 850 / 3622 3.35898256302
Iter 900 / 3622 4.4091389974
Iter 950 / 3622 4.702594799
Iter 1000 / 3622 4.19339870877
Iter 1050 / 3622 4.42445283778
Iter 1100 / 3622 3.5123261043
Iter 1150 / 3622 4.65168532356
Iter 1200 / 3622 4.46543731689
Iter 1250 / 3622 3.87017371438
Iter 1300 / 3622 4.25550136281
Iter 1350 / 3622 4.24144066705
Iter 1400 / 3622 3.51128507915
Iter 1450 / 3622 4.27490529706
Iter 1500 / 3622 4.87442801339
Iter 1550 / 3622 3.96443731135
Iter 1600 / 3622 4.8797642758
Iter 1650 / 3622 4.63212046229
Iter 1700 / 3622 4.0864891342
Iter 1750 / 3622 4.08421200612
Iter 1800 / 3622 4.84781311266
Iter 1850 / 3622 3.95758760892
Iter 1900 / 3622 3.70673327976
Iter 1950 / 3622 3.66259765625
Iter 2000 / 3622 4.63076910845
Iter 2050 / 3622 4.55725260417
Iter 2100 / 3622 4.70216953053
Iter 2150 / 3622 4.12609405518
Iter 2200 / 3622 4.41924275143
Iter 2250 / 3622 4.08132476807
Iter 2300 / 3622 4.32008785672
Iter 2350 / 3622 4.67975926255
Iter 2400 / 3622 4.09444618225
Iter 2450 / 3622 4.58870409761
Iter 2500 / 3622 4.20954295567
Iter 2550 / 3622 3.61671844482
Iter 2600 / 3622 3.61612574259
Iter 2650 / 3622 4.59851657643
Iter 2700 / 3622 4.58901273287
Iter 2750 / 3622 4.44711572984
Iter 2800 / 3622 4.37742699517
Iter 2850 / 3622 4.86187224692
Iter 2900 / 3622 4.22454295439
Iter 2950 / 3622 4.21551513672
Iter 3000 / 3622 4.58876117907
Iter 3050 / 3622 4.13431485494
Iter 3100 / 3622 4.55372731279
Iter 3150 / 3622 3.098689488
Iter 3200 / 3622 4.01666377141
Iter 3250 / 3622 4.65931349534
Iter 3300 / 3622 5.05603027344
Iter 3350 / 3622 4.7504374818
Iter 3400 / 3622 3.39896865118
Iter 3450 / 3622 5.68422775269
Iter 3500 / 3622 4.41958524264
Iter 3550 / 3622 4.74369413709
Iter 3600 / 3622 4.56839239706
Epoch 10 Valid 4.30850286098
Epoch 10 Test 3.58207849694
Epoch 11
Iter 50 / 3622 4.08786097604
Iter 100 / 3622 4.59096585787
Iter 150 / 3622 4.22464945091
Iter 200 / 3622 4.36885365269
Iter 250 / 3622 3.7564324273
Iter 300 / 3622 4.64347316576
Iter 350 / 3622 4.56964358768
Iter 400 / 3622 4.01012318122
Iter 450 / 3622 4.79524109856
Iter 500 / 3622 4.69476739291
Iter 550 / 3622 4.69000498454
Iter 600 / 3622 3.80522988059
Iter 650 / 3622 2.42273712158
Iter 700 / 3622 3.40960625036
Iter 750 / 3622 4.49476868766
Iter 800 / 3622 4.35120048523
Iter 850 / 3622 4.68837162486
Iter 900 / 3622 3.57474390666
Iter 950 / 3622 3.3720080727
Iter 1000 / 3622 4.82650466192
Iter 1050 / 3622 3.5781006632
Iter 1100 / 3622 3.745124499
Iter 1150 / 3622 4.10117610808
Iter 1200 / 3622 4.09780438741
Iter 1250 / 3622 4.61005709901
Iter 1300 / 3622 3.40325617386
Iter 1350 / 3622 4.62025423917
Iter 1400 / 3622 4.29967753092
Iter 1450 / 3622 4.56931281812
Iter 1500 / 3622 4.53008613586
Iter 1550 / 3622 5.64066060384
Iter 1600 / 3622 4.89277140299
Iter 1650 / 3622 3.61747479439
Iter 1700 / 3622 4.4592880249
Iter 1750 / 3622 3.57106484307
Iter 1800 / 3622 3.97294435047
Iter 1850 / 3622 4.69091481176
Iter 1900 / 3622 2.81981298659
Iter 1950 / 3622 4.68095006698
Iter 2000 / 3622 4.75164205779
Iter 2050 / 3622 4.11047557044
Iter 2100 / 3622 3.59869820731
Iter 2150 / 3622 3.85310264686
Iter 2200 / 3622 4.1748195995
Iter 2250 / 3622 4.80863857269
Iter 2300 / 3622 2.47328099665
Iter 2350 / 3622 4.41861397879
Iter 2400 / 3622 4.41973431905
Iter 2450 / 3622 4.76728038299
Iter 2500 / 3622 4.34972301136
Iter 2550 / 3622 4.28986727807
Iter 2600 / 3622 5.32565155029
Iter 2650 / 3622 4.52911869518
Iter 2700 / 3622 4.51719220479
Iter 2750 / 3622 4.54369110107
Iter 2800 / 3622 2.55855547796
Iter 2850 / 3622 4.70532401261
Iter 2900 / 3622 4.63155066449
Iter 2950 / 3622 3.07822799683
Iter 3000 / 3622 3.96980151008
Iter 3050 / 3622 4.63834807832
Iter 3100 / 3622 3.94016278376
Iter 3150 / 3622 4.55166698637
Iter 3200 / 3622 4.41785741114
Iter 3250 / 3622 4.46141242981
Iter 3300 / 3622 4.37951117622
Iter 3350 / 3622 4.16273433327
Iter 3400 / 3622 3.43068030573
Iter 3450 / 3622 4.82900029963
Iter 3500 / 3622 4.49005688196
Iter 3550 / 3622 4.39555909899
Iter 3600 / 3622 4.41584587097
Epoch 11 Valid 4.24402031509
Epoch 11 Test 3.80810509756
Epoch 12
Iter 50 / 3622 4.28155553271
Iter 100 / 3622 4.4076833725
Iter 150 / 3622 3.79704169563
Iter 200 / 3622 4.12518983729
Iter 250 / 3622 4.17852878571
Iter 300 / 3622 4.07295139858
Iter 350 / 3622 3.17863512039
Iter 400 / 3622 3.81832265046
Iter 450 / 3622 3.99190928141
Iter 500 / 3622 4.65662180583
Iter 550 / 3622 4.14484825134
Iter 600 / 3622 2.10843276978
Iter 650 / 3622 4.55461756388
Iter 700 / 3622 4.05245889936
Iter 750 / 3622 4.48567056157
Iter 800 / 3622 4.69072850054
Iter 850 / 3622 1.55333435535
Iter 900 / 3622 4.1993974255
Iter 950 / 3622 3.45329713821
Iter 1000 / 3622 4.18082698799
Iter 1050 / 3622 4.32910699359
Iter 1100 / 3622 4.23788263494
Iter 1150 / 3622 3.75315009223
Iter 1200 / 3622 4.13160885082
Iter 1250 / 3622 4.35982567923
Iter 1300 / 3622 4.33189606843
Iter 1350 / 3622 4.1072273763
Iter 1400 / 3622 3.91999549866
Iter 1450 / 3622 4.465601304
Iter 1500 / 3622 4.18429787954
Iter 1550 / 3622 4.50910101997
Iter 1600 / 3622 4.5597442627
Iter 1650 / 3622 4.43763482393
Iter 1700 / 3622 3.98263096809
Iter 1750 / 3622 3.94125556946
Iter 1800 / 3622 4.42317430901
Iter 1850 / 3622 4.47873367802
Iter 1900 / 3622 4.43061004288
Iter 1950 / 3622 4.43633764495
Iter 2000 / 3622 4.79112619052
Iter 2050 / 3622 4.33270111084
Iter 2100 / 3622 3.744043986
Iter 2150 / 3622 4.64655419028
Iter 2200 / 3622 4.45327311198
Iter 2250 / 3622 4.05790710449
Iter 2300 / 3622 4.58439193233
Iter 2350 / 3622 4.82486457825
Iter 2400 / 3622 4.48362458882
Iter 2450 / 3622 4.48600280762
Iter 2500 / 3622 4.39690711282
Iter 2550 / 3622 4.61620830667
Iter 2600 / 3622 4.23665093316
Iter 2650 / 3622 4.82238230986
Iter 2700 / 3622 2.9845309538
Iter 2750 / 3622 3.12752532959
Iter 2800 / 3622 2.67151100048
Iter 2850 / 3622 3.96218926566
Iter 2900 / 3622 3.99533408029
Iter 2950 / 3622 1.97847006056
Iter 3000 / 3622 4.63445838023
Iter 3050 / 3622 4.37303057584
Iter 3100 / 3622 4.53127827364
Iter 3150 / 3622 4.12132221944
Iter 3200 / 3622 4.48770400225
Iter 3250 / 3622 4.13433056641
Iter 3300 / 3622 3.95416005452
Iter 3350 / 3622 4.61806411743
Iter 3400 / 3622 4.39806256975
Iter 3450 / 3622 4.42882191051
Iter 3500 / 3622 4.4303973654
Iter 3550 / 3622 4.20595024957
Iter 3600 / 3622 3.70060754201
Epoch 12 Valid 4.52012674465
Epoch 12 Test 3.94720831341
Epoch 13
Iter 50 / 3622 3.85069843367
Iter 100 / 3622 4.21478691303
Iter 150 / 3622 4.27687072754
Iter 200 / 3622 3.99619007521
Iter 250 / 3622 3.77256202698
Iter 300 / 3622 3.96486206055
Iter 350 / 3622 4.54640976699
Iter 400 / 3622 3.790259552
Iter 450 / 3622 4.49376205877
Iter 500 / 3622 2.8902243155
Iter 550 / 3622 4.30300394694
Iter 600 / 3622 4.451229227
Iter 650 / 3622 4.61764688887
Iter 700 / 3622 3.12820035494
Iter 750 / 3622 2.76115989685
Iter 800 / 3622 4.1045483845
Iter 850 / 3622 4.06437135354
Iter 900 / 3622 3.71408913352
Iter 950 / 3622 3.56987949185
Iter 1000 / 3622 3.50476586044
Iter 1050 / 3622 3.63009357452
Iter 1100 / 3622 4.62631418167
Iter 1150 / 3622 4.62385269863
Iter 1200 / 3622 3.96752675374
Iter 1250 / 3622 3.96538985403
Iter 1300 / 3622 2.85660425822
Iter 1350 / 3622 3.87565482003
Iter 1400 / 3622 1.83889244927
Iter 1450 / 3622 3.83835513775
Iter 1500 / 3622 4.45581344182
Iter 1550 / 3622 2.52345551037
Iter 1600 / 3622 3.25119722806
Iter 1650 / 3622 4.0982133515
Iter 1700 / 3622 4.71876063491
Iter 1750 / 3622 3.89431762695
Iter 1800 / 3622 4.0198542277
Iter 1850 / 3622 0.630331516266
Iter 1900 / 3622 4.45448529279
Iter 1950 / 3622 4.3379205068
Iter 2000 / 3622 4.4218548584
Iter 2050 / 3622 3.90602453431
Iter 2100 / 3622 3.95995839437
Iter 2150 / 3622 4.50888533819
Iter 2200 / 3622 3.47077433268
Iter 2250 / 3622 2.80650520325
Iter 2300 / 3622 4.4248369005
Iter 2350 / 3622 4.33991699219
Iter 2400 / 3622 3.13109804549
Iter 2450 / 3622 3.95530151367
Iter 2500 / 3622 3.89971533487
Iter 2550 / 3622 4.40240166404
Iter 2600 / 3622 4.54764418282
Iter 2650 / 3622 4.26688649104
Iter 2700 / 3622 3.61522263747
Iter 2750 / 3622 3.88081277827
Iter 2800 / 3622 4.47351004063
Iter 2850 / 3622 3.95470836551
Iter 2900 / 3622 4.66527448382
Iter 2950 / 3622 4.91109664352
Iter 3000 / 3622 4.18771030592
Iter 3050 / 3622 2.56160266583
Iter 3100 / 3622 4.57396974425
Iter 3150 / 3622 4.61997355672
Iter 3200 / 3622 4.30603850692
Iter 3250 / 3622 4.05050137168
Iter 3300 / 3622 4.53282406456
Iter 3350 / 3622 4.15913871483
Iter 3400 / 3622 4.41493451154
Iter 3450 / 3622 4.4717198932
Iter 3500 / 3622 4.12574885827
Iter 3550 / 3622 4.38231242787
Iter 3600 / 3622 4.70777170943
Epoch 13 Valid 4.56991154312
Epoch 13 Test 3.93776587355
Epoch 14
Iter 50 / 3622 3.27352429675
Iter 100 / 3622 3.88150939941
Iter 150 / 3622 4.39955694025
Iter 200 / 3622 3.72273417882
Iter 250 / 3622 3.34849395752
Iter 300 / 3622 4.08184851444
Iter 350 / 3622 3.74856945025
Iter 400 / 3622 3.97644850787
Iter 450 / 3622 2.9741490682
Iter 500 / 3622 4.21904664881
Iter 550 / 3622 4.23026701594
Iter 600 / 3622 4.1876782504
Iter 650 / 3622 3.88367656633
Iter 700 / 3622 2.894186441
Iter 750 / 3622 4.94845630277
Iter 800 / 3622 4.11402820406
Iter 850 / 3622 4.26353786303
Iter 900 / 3622 3.6479792277
Iter 950 / 3622 3.68964055379
Iter 1000 / 3622 3.41549982343
Iter 1050 / 3622 4.00960089571
Iter 1100 / 3622 4.05606138168
Iter 1150 / 3622 4.26301879883
Iter 1200 / 3622 4.24592842434
Iter 1250 / 3622 3.99778958834
Iter 1300 / 3622 4.1258541454
Iter 1350 / 3622 4.0334977044
Iter 1400 / 3622 4.22694216221
Iter 1450 / 3622 4.40846041975
Iter 1500 / 3622 3.68065795898
Iter 1550 / 3622 3.77509940011
Iter 1600 / 3622 3.84385531556
Iter 1650 / 3622 3.84047656589
Iter 1700 / 3622 4.4758644104
Iter 1750 / 3622 3.58889056267
Iter 1800 / 3622 3.94543660482
Iter 1850 / 3622 4.02044175714
Iter 1900 / 3622 3.95791401583
Iter 1950 / 3622 4.49329154613
Iter 2000 / 3622 4.19203658331
Iter 2050 / 3622 4.13730838851
Iter 2100 / 3622 3.52921919389
Iter 2150 / 3622 4.00442270132
Iter 2200 / 3622 3.75924682617
Iter 2250 / 3622 4.59698399135
Iter 2300 / 3622 3.31254392682
Iter 2350 / 3622 3.4791208903
Iter 2400 / 3622 4.50691130667
Iter 2450 / 3622 4.13583204481
Iter 2500 / 3622 4.10849263118
Iter 2550 / 3622 3.78255138975
Iter 2600 / 3622 3.46329740199
Iter 2650 / 3622 3.79112012688
Iter 2700 / 3622 2.95253147798
Iter 2750 / 3622 3.79975881866
Iter 2800 / 3622 3.37697595116
Iter 2850 / 3622 3.95368274889
Iter 2900 / 3622 4.1795277697
Iter 2950 / 3622 3.84119127942
Iter 3000 / 3622 5.05768608324
Iter 3050 / 3622 4.41219035823
Iter 3100 / 3622 3.96659851074
Iter 3150 / 3622 3.72407627965
Iter 3200 / 3622 3.87929523175
Iter 3250 / 3622 3.90180879481
Iter 3300 / 3622 3.58464813232
Iter 3350 / 3622 3.27636961503
Iter 3400 / 3622 4.14841344801
Iter 3450 / 3622 4.53709461486
Iter 3500 / 3622 3.69311500998
Iter 3550 / 3622 4.48304817044
Iter 3600 / 3622 4.31338936942
Epoch 14 Valid 4.64311876062
Epoch 14 Test 4.11858250434
Epoch 15
Iter 50 / 3622 4.33639439174
Iter 100 / 3622 2.77062479655
Iter 150 / 3622 4.0660497509
Iter 200 / 3622 3.41150908658
Iter 250 / 3622 2.49863355987
Iter 300 / 3622 4.09867049237
Iter 350 / 3622 3.85704530988
Iter 400 / 3622 3.25182495117
Iter 450 / 3622 4.29203796387
Iter 500 / 3622 3.85293621487
Iter 550 / 3622 3.88703948975
Iter 600 / 3622 4.0575016902
Iter 650 / 3622 3.90211013268
Iter 700 / 3622 3.47322300502
Iter 750 / 3622 3.8389784869
Iter 800 / 3622 4.37779636647
Iter 850 / 3622 3.96809162813
Iter 900 / 3622 2.80332510812
Iter 950 / 3622 3.38932575899
Iter 1000 / 3622 3.91714019775
Iter 1050 / 3622 3.67302856445
Iter 1100 / 3622 3.82845863929
Iter 1150 / 3622 3.42203924391
Iter 1200 / 3622 4.28739778646
Iter 1250 / 3622 3.42525364802
Iter 1300 / 3622 3.89928436279
Iter 1350 / 3622 3.09115180969
Iter 1400 / 3622 4.43497651199
Iter 1450 / 3622 4.14226733968
Iter 1500 / 3622 4.35849527212
Iter 1550 / 3622 4.1488659668
Iter 1600 / 3622 4.10273851667
Iter 1650 / 3622 4.86462618125
Iter 1700 / 3622 3.67992428371
Iter 1750 / 3622 3.95797041223
Iter 1800 / 3622 4.16892950875
Iter 1850 / 3622 3.9500439167
Iter 1900 / 3622 3.97341554556
Iter 1950 / 3622 4.21332895564
Iter 2000 / 3622 2.177024192
Iter 2050 / 3622 3.88002911736
Iter 2100 / 3622 4.18906257978
Iter 2150 / 3622 3.74566530286
Iter 2200 / 3622 4.09326525702
Iter 2250 / 3622 3.82844674247
Iter 2300 / 3622 4.04361495972
Iter 2350 / 3622 3.29746082851
Iter 2400 / 3622 3.89386672974
Iter 2450 / 3622 4.43284431484
Iter 2500 / 3622 3.73998413086
Iter 2550 / 3622 3.68129747179
Iter 2600 / 3622 3.0690814427
Iter 2650 / 3622 4.2546771571
Iter 2700 / 3622 4.23896628932
Iter 2750 / 3622 4.19536772228
Iter 2800 / 3622 2.6704687391
Iter 2850 / 3622 4.12754611311
Iter 2900 / 3622 3.03479335619
Iter 2950 / 3622 3.93116374188
Iter 3000 / 3622 3.83158208674
Iter 3050 / 3622 3.79287316188
Iter 3100 / 3622 4.4759602605
Iter 3150 / 3622 4.22088737488
Iter 3200 / 3622 3.88267927903
Iter 3250 / 3622 4.44059341673
Iter 3300 / 3622 4.33147335052
Iter 3350 / 3622 4.32088597616
Iter 3400 / 3622 3.48421246073
Iter 3450 / 3622 4.38291392607
Iter 3500 / 3622 4.03595427429
Iter 3550 / 3622 3.65502624512
Iter 3600 / 3622 4.18073203347
Epoch 15 Valid 5.19211672671
Epoch 15 Test 4.60305514119
Epoch 16
Iter 50 / 3622 3.66844278971
Iter 100 / 3622 4.34174219767
Iter 150 / 3622 2.33107348851
Iter 200 / 3622 2.35008098896
Iter 250 / 3622 2.99987195886
Iter 300 / 3622 4.35603798314
Iter 350 / 3622 3.38867277258
Iter 400 / 3622 2.54109592438
Iter 450 / 3622 4.17680945763
Iter 500 / 3622 3.79825978144
Iter 550 / 3622 3.95827190367
Iter 600 / 3622 4.36654818788
Iter 650 / 3622 3.80838871002
Iter 700 / 3622 4.09091676985
Iter 750 / 3622 4.37666567783
Iter 800 / 3622 4.42082387751
Iter 850 / 3622 3.51750899334
Iter 900 / 3622 3.95343542099
Iter 950 / 3622 4.37175249372
Iter 1000 / 3622 3.96180579776
Iter 1050 / 3622 2.94202251824
Iter 1100 / 3622 4.33102156929
Iter 1150 / 3622 2.25716733932
Iter 1200 / 3622 4.66557814473
Iter 1250 / 3622 3.40535580215
Iter 1300 / 3622 5.24836963156
Iter 1350 / 3622 3.33557656028
Iter 1400 / 3622 2.94441468375
Iter 1450 / 3622 3.44078281948
Iter 1500 / 3622 3.68308761493
Iter 1550 / 3622 3.59076246575
Iter 1600 / 3622 2.68876442334
Iter 1650 / 3622 4.54774742126
Iter 1700 / 3622 3.63647793102
Iter 1750 / 3622 4.25587283864
Iter 1800 / 3622 4.1891747811
Iter 1850 / 3622 2.25697040558
Iter 1900 / 3622 4.30791829427
Iter 1950 / 3622 4.2036763804
Iter 2000 / 3622 4.21365561852
Iter 2050 / 3622 3.73499560356
Iter 2100 / 3622 4.50023716518
Iter 2150 / 3622 4.18075168293
Iter 2200 / 3622 4.52902302414
Iter 2250 / 3622 3.20518118051
Iter 2300 / 3622 4.07793172201
Iter 2350 / 3622 4.46305222284
Iter 2400 / 3622 4.1491230581
Iter 2450 / 3622 3.53730693616
Iter 2500 / 3622 3.52815177224
Iter 2550 / 3622 3.54945970618
Iter 2600 / 3622 4.14088165283
Iter 2650 / 3622 3.78594746309
Iter 2700 / 3622 3.98132470703
Iter 2750 / 3622 3.7827704645
Iter 2800 / 3622 2.45176258087
Iter 2850 / 3622 4.17971180103
Iter 2900 / 3622 4.14483507942
Iter 2950 / 3622 2.1536668818
Iter 3000 / 3622 4.19289369936
Iter 3050 / 3622 4.35899355636
Iter 3100 / 3622 4.22341579861
Iter 3150 / 3622 5.76354382085
Iter 3200 / 3622 4.6150389392
Iter 3250 / 3622 3.05210554096
Iter 3300 / 3622 4.63768659319
Iter 3350 / 3622 1.38145895565
Iter 3400 / 3622 1.73646958669
Iter 3450 / 3622 3.51653764055
Iter 3500 / 3622 3.94229125977
Iter 3550 / 3622 4.01435658288
Iter 3600 / 3622 3.67264755912
Epoch 16 Valid 4.60694535499
Epoch 16 Test 4.27246501533
Epoch 17
Iter 50 / 3622 3.22489967156
Iter 100 / 3622 3.9439921875
Iter 150 / 3622 3.687922686
Iter 200 / 3622 3.92374718708
Iter 250 / 3622 4.01456803542
Iter 300 / 3622 3.73838652757
Iter 350 / 3622 5.20838112055
Iter 400 / 3622 4.22622514205
Iter 450 / 3622 2.90846414005
Iter 500 / 3622 4.36442855137
Iter 550 / 3622 3.90534755162
Iter 600 / 3622 3.62596633986
Iter 650 / 3622 3.99212107939
Iter 700 / 3622 3.8419357826
Iter 750 / 3622 3.13752153185
Iter 800 / 3622 4.16669834682
Iter 850 / 3622 3.80338956103
Iter 900 / 3622 3.37313842773
Iter 950 / 3622 4.20080793866
Iter 1000 / 3622 3.53485516139
Iter 1050 / 3622 3.68527864155
Iter 1100 / 3622 3.84429423014
Iter 1150 / 3622 4.32940568595
Iter 1200 / 3622 4.0876768124
Iter 1250 / 3622 3.84696760506
Iter 1300 / 3622 3.99865105039
Iter 1350 / 3622 3.72312164307
Iter 1400 / 3622 4.02177210317
Iter 1450 / 3622 3.33692136953
Iter 1500 / 3622 3.99637339474
Iter 1550 / 3622 3.85713157654
Iter 1600 / 3622 3.93833295037
Iter 1650 / 3622 4.52669255874
Iter 1700 / 3622 4.14450374799
Iter 1750 / 3622 4.32894112723
Iter 1800 / 3622 3.482147459
Iter 1850 / 3622 3.02505296276
Iter 1900 / 3622 3.04447640313
Iter 1950 / 3622 2.43837236103
Iter 2000 / 3622 4.38848453098
Iter 2050 / 3622 3.80340710808
Iter 2100 / 3622 3.12356707006
Iter 2150 / 3622 4.23543581755
Iter 2200 / 3622 2.97911498126
Iter 2250 / 3622 2.46742572784
Iter 2300 / 3622 3.24549261729
Iter 2350 / 3622 4.50137896029
Iter 2400 / 3622 4.35944799886
Iter 2450 / 3622 3.48287854876
Iter 2500 / 3622 3.86053349422
Iter 2550 / 3622 3.9444169544
Iter 2600 / 3622 4.27282880052
Iter 2650 / 3622 2.81893589186
Iter 2700 / 3622 3.88579154015
Iter 2750 / 3622 2.71667702993
Iter 2800 / 3622 3.8436498642
Iter 2850 / 3622 2.87941335042
Iter 2900 / 3622 3.98325634003
Iter 2950 / 3622 3.63664896428
Iter 3000 / 3622 0.0542778968811
Iter 3050 / 3622 3.79844636184
Iter 3100 / 3622 3.93164620748
Iter 3150 / 3622 3.81200806991
Iter 3200 / 3622 4.07589823405
Iter 3250 / 3622 4.02214181083
Iter 3300 / 3622 4.60069439862
Iter 3350 / 3622 4.28213922764
Iter 3400 / 3622 3.76666196187
Iter 3450 / 3622 3.86144054445
Iter 3500 / 3622 3.53147626164
Iter 3550 / 3622 3.47380173142
Iter 3600 / 3622 4.32188463211
Epoch 17 Valid 4.7673884408
Epoch 17 Test 4.30433658567
Epoch 18
Iter 50 / 3622 2.91242144185
Iter 100 / 3622 3.56874860343
Iter 150 / 3622 3.95909589603
Iter 200 / 3622 2.77473449707
Iter 250 / 3622 3.75207455842
Iter 300 / 3622 3.6295501164
Iter 350 / 3622 3.13847300212
Iter 400 / 3622 4.36841717888
Iter 450 / 3622 3.3006405785
Iter 500 / 3622 0.0131087303162
Iter 550 / 3622 3.30420635736
Iter 600 / 3622 4.54799644069
Iter 650 / 3622 4.11638319227
Iter 700 / 3622 2.73000226702
Iter 750 / 3622 3.65689900716
Iter 800 / 3622 3.79176654238
Iter 850 / 3622 2.96411968413
Iter 900 / 3622 2.75441310717
Iter 950 / 3622 3.87117453182
Iter 1000 / 3622 4.22289684593
Iter 1050 / 3622 3.3619310591
Iter 1100 / 3622 4.07886859171
Iter 1150 / 3622 3.44628994707
Iter 1200 / 3622 4.35376713194
Iter 1250 / 3622 4.23087769735
Iter 1300 / 3622 3.92571665446
Iter 1350 / 3622 3.73743842231
Iter 1400 / 3622 3.55978775024
Iter 1450 / 3622 4.26644282086
Iter 1500 / 3622 3.96702137213
Iter 1550 / 3622 4.39947531032
Iter 1600 / 3622 3.00835340304
Iter 1650 / 3622 3.77497750741
Iter 1700 / 3622 3.70788138253
Iter 1750 / 3622 2.95711081369
Iter 1800 / 3622 2.71517674453
Iter 1850 / 3622 3.29725116232
Iter 1900 / 3622 4.23995567771
Iter 1950 / 3622 3.43302466653
Iter 2000 / 3622 4.51936479048
Iter 2050 / 3622 4.45351993336
Iter 2100 / 3622 4.28320802288
Iter 2150 / 3622 4.45195564391
Iter 2200 / 3622 3.82853346605
Iter 2250 / 3622 3.30990442053
Iter 2300 / 3622 4.13727505268
Iter 2350 / 3622 4.03576931424
Iter 2400 / 3622 3.90488039792
Iter 2450 / 3622 3.82998003278
Iter 2500 / 3622 4.25052625868
Iter 2550 / 3622 4.17706217085
Iter 2600 / 3622 3.88311174181
Iter 2650 / 3622 4.19914879432
Iter 2700 / 3622 3.45946311951
Iter 2750 / 3622 3.40288570756
Iter 2800 / 3622 3.24571533203
Iter 2850 / 3622 2.39599635237
Iter 2900 / 3622 3.2779496098
Iter 2950 / 3622 4.18115511178
Iter 3000 / 3622 3.70434303284
Iter 3050 / 3622 2.91101013184
Iter 3100 / 3622 3.01306429776
Iter 3150 / 3622 4.32543471764
Iter 3200 / 3622 3.61167568631
Iter 3250 / 3622 3.64695303781
Iter 3300 / 3622 4.39578325321
Iter 3350 / 3622 4.07982910156
Iter 3400 / 3622 3.35335006714
Iter 3450 / 3622 4.35699559772
Iter 3500 / 3622 4.25992080589
Iter 3550 / 3622 4.47720083606
Iter 3600 / 3622 3.35603579959
Epoch 18 Valid 4.88492103961
Epoch 18 Test 4.33299013773
Epoch 19
Iter 50 / 3622 3.11628098921
Iter 100 / 3622 3.5383343409
Iter 150 / 3622 3.72539633292
Iter 200 / 3622 2.81626915932
Iter 250 / 3622 3.090742169
Iter 300 / 3622 2.9324635097
Iter 350 / 3622 3.73139176802
Iter 400 / 3622 4.3767188439
Iter 450 / 3622 3.39601204612
Iter 500 / 3622 3.70686219868
Iter 550 / 3622 3.25990335565
Iter 600 / 3622 4.0445995736
Iter 650 / 3622 3.15020272391
Iter 700 / 3622 3.37816619873
Iter 750 / 3622 2.66620906194
Iter 800 / 3622 3.78605724516
Iter 850 / 3622 4.08867508326
Iter 900 / 3622 3.60054039588
Iter 950 / 3622 3.188804245
Iter 1000 / 3622 3.40111683991
Iter 1050 / 3622 3.47998847336
Iter 1100 / 3622 2.95532276591
Iter 1150 / 3622 3.72653155857
Iter 1200 / 3622 3.04233469282
Iter 1250 / 3622 3.3502779007
Iter 1300 / 3622 3.78332782048
Iter 1350 / 3622 2.29208101545
Iter 1400 / 3622 3.75889726119
Iter 1450 / 3622 3.93754221981
Iter 1500 / 3622 3.66976990992
Iter 1550 / 3622 2.56331968307
Iter 1600 / 3622 3.33421302209
Iter 1650 / 3622 3.26715698242
Iter 1700 / 3622 4.08361080715
Iter 1750 / 3622 3.56767578125
Iter 1800 / 3622 3.32557009344
Iter 1850 / 3622 4.44580387817
Iter 1900 / 3622 4.2712789917
Iter 1950 / 3622 3.30262878418
Iter 2000 / 3622 4.21064058096
Iter 2050 / 3622 3.43797214215
Iter 2100 / 3622 4.32624569455
Iter 2150 / 3622 3.97086160225
Iter 2200 / 3622 3.45212452447
Iter 2250 / 3622 3.47807149684
Iter 2300 / 3622 4.06206624903
Iter 2350 / 3622 3.19595473153
Iter 2400 / 3622 4.1507554796
Iter 2450 / 3622 3.0758690834
Iter 2500 / 3622 3.9849764506
Iter 2550 / 3622 3.39204661051
