nohup: ignoring input
[dynet] initializing CUDA
[dynet] Request for 1 specific GPU ...
[dynet] Device Number: 3
[dynet]   Device name: GeForce GTX TITAN X
[dynet]   Memory Clock Rate (KHz): 3505000
[dynet]   Memory Bus Width (bits): 384
[dynet]   Peak Memory Bandwidth (GB/s): 336.48
[dynet]   Memory Free (GB): 7.3108/12.7996
[dynet]
[dynet] Device(s) selected: 3
[dynet] random seed: 710772777
[dynet] allocating memory: 5000MB
[dynet] memory allocation done.
Epoch 1
Iter 50 / 4171 7.20534513594
Iter 100 / 4171 7.00829315186
Iter 150 / 4171 6.94420985172
Iter 200 / 4171 7.30242875043
Iter 250 / 4171 6.51520792643
Iter 300 / 4171 6.55489783654
Iter 350 / 4171 5.79524803162
Iter 400 / 4171 6.19203009972
Iter 450 / 4171 5.90976019965
Iter 500 / 4171 6.32644237172
Iter 550 / 4171 6.24935234918
Iter 600 / 4171 6.287114504
Iter 650 / 4171 5.91657433143
Iter 700 / 4171 5.7408454895
Iter 750 / 4171 6.17512084961
Iter 800 / 4171 6.15696080943
Iter 850 / 4171 5.73229528356
Iter 900 / 4171 6.157466182
Iter 950 / 4171 5.32367764986
Iter 1000 / 4171 5.83201136214
Iter 1050 / 4171 5.59844807216
Iter 1100 / 4171 5.48171663284
Iter 1150 / 4171 5.9649617513
Iter 1200 / 4171 5.63923963182
Iter 1250 / 4171 6.33760248229
Iter 1300 / 4171 5.56062062581
Iter 1350 / 4171 6.35212102926
Iter 1400 / 4171 4.53457641602
Iter 1450 / 4171 5.57511579241
Iter 1500 / 4171 5.53298304016
Iter 1550 / 4171 6.20094807943
Iter 1600 / 4171 5.31877880562
Iter 1650 / 4171 5.37723162616
Iter 1700 / 4171 5.89609042081
Iter 1750 / 4171 5.33713955349
Iter 1800 / 4171 5.73932978609
Iter 1850 / 4171 5.75898560338
Iter 1900 / 4171 5.9943395851
Iter 1950 / 4171 5.67119513618
Iter 2000 / 4171 5.58612180224
Iter 2050 / 4171 5.53603675717
Iter 2100 / 4171 5.58438850801
Iter 2150 / 4171 5.42254482171
Iter 2200 / 4171 5.66491416879
Iter 2250 / 4171 5.27073887416
Iter 2300 / 4171 5.34860098703
Iter 2350 / 4171 6.18175272225
Iter 2400 / 4171 5.54592730548
Iter 2450 / 4171 5.0813444291
Iter 2500 / 4171 5.183362765
Iter 2550 / 4171 5.03126317805
Iter 2600 / 4171 5.09956265673
Iter 2650 / 4171 5.52605517943
Iter 2700 / 4171 5.52940587516
Iter 2750 / 4171 5.30498518024
Iter 2800 / 4171 6.86210225423
Iter 2850 / 4171 6.14007960728
Iter 2900 / 4171 3.74808820089
Iter 2950 / 4171 5.85404025807
Iter 3000 / 4171 5.40669504801
Iter 3050 / 4171 5.15035811715
Iter 3100 / 4171 5.77684082031
Iter 3150 / 4171 5.07398293235
Iter 3200 / 4171 5.08746839549
Iter 3250 / 4171 5.35818065297
Iter 3300 / 4171 5.8355232614
Iter 3350 / 4171 5.52506719084
Iter 3400 / 4171 4.75482680377
Iter 3450 / 4171 4.98739471436
Iter 3500 / 4171 3.96704983711
Iter 3550 / 4171 5.24122837612
Iter 3600 / 4171 5.70534882722
Iter 3650 / 4171 4.92566040039
Iter 3700 / 4171 5.00626197957
Iter 3750 / 4171 5.36482069227
Iter 3800 / 4171 5.50056028366
Iter 3850 / 4171 4.44926879883
Iter 3900 / 4171 5.35013326009
Iter 3950 / 4171 5.20023639013
Iter 4000 / 4171 5.13372148786
Iter 4050 / 4171 4.94646742079
Iter 4100 / 4171 4.42378752572
Iter 4150 / 4171 4.92490820791
Epoch 1 Valid 1.13798515599
Epoch 1 Test 1.2222728109
Epoch 2
Iter 50 / 4171 4.56432257758
Iter 100 / 4171 5.25904558707
Iter 150 / 4171 4.91641985784
Iter 200 / 4171 5.0581908326
Iter 250 / 4171 6.03386288597
Iter 300 / 4171 4.48887340839
Iter 350 / 4171 4.99304933403
Iter 400 / 4171 5.15524537536
Iter 450 / 4171 5.08892235389
Iter 500 / 4171 2.99746704102
Iter 550 / 4171 4.59439321665
Iter 600 / 4171 4.54051540209
Iter 650 / 4171 5.06221573441
Iter 700 / 4171 6.0377399395
Iter 750 / 4171 5.33579989347
Iter 800 / 4171 4.91206731237
Iter 850 / 4171 5.14039076158
Iter 900 / 4171 5.27136464096
Iter 950 / 4171 4.80977861271
Iter 1000 / 4171 5.25019196541
Iter 1050 / 4171 4.51561274922
Iter 1100 / 4171 5.06593738903
Iter 1150 / 4171 5.00517755492
Iter 1200 / 4171 5.31864562216
Iter 1250 / 4171 4.59207102458
Iter 1300 / 4171 6.05191711426
Iter 1350 / 4171 4.63723913829
Iter 1400 / 4171 4.99444924631
Iter 1450 / 4171 5.54925149585
Iter 1500 / 4171 5.05305046045
Iter 1550 / 4171 5.25682741053
Iter 1600 / 4171 4.76582672427
Iter 1650 / 4171 5.17258498149
Iter 1700 / 4171 4.52880995614
Iter 1750 / 4171 5.23708496094
Iter 1800 / 4171 5.31113147736
Iter 1850 / 4171 5.59150292408
Iter 1900 / 4171 4.79243586614
Iter 1950 / 4171 4.51064046224
Iter 2000 / 4171 4.66370849609
Iter 2050 / 4171 5.06114997864
Iter 2100 / 4171 4.51375579834
Iter 2150 / 4171 4.99352935791
Iter 2200 / 4171 4.70558061992
Iter 2250 / 4171 5.00894219535
Iter 2300 / 4171 4.74628012521
Iter 2350 / 4171 4.40553845857
Iter 2400 / 4171 4.90904979217
Iter 2450 / 4171 4.69502906799
Iter 2500 / 4171 4.84340234078
Iter 2550 / 4171 5.205218376
Iter 2600 / 4171 5.03025677972
Iter 2650 / 4171 4.87963910784
Iter 2700 / 4171 4.44308520902
Iter 2750 / 4171 4.69914492653
Iter 2800 / 4171 4.86556889461
Iter 2850 / 4171 4.80961451037
Iter 2900 / 4171 4.89037879738
Iter 2950 / 4171 5.8130730523
Iter 3000 / 4171 4.81903597204
Iter 3050 / 4171 4.81699371338
Iter 3100 / 4171 4.51508765127
Iter 3150 / 4171 4.84578232927
Iter 3200 / 4171 4.88584133849
Iter 3250 / 4171 4.90965983073
Iter 3300 / 4171 4.02719295726
Iter 3350 / 4171 3.48634996916
Iter 3400 / 4171 4.88162086124
Iter 3450 / 4171 4.99023133843
Iter 3500 / 4171 5.32326804985
Iter 3550 / 4171 4.80061905472
Iter 3600 / 4171 4.27908556708
Iter 3650 / 4171 6.69333902995
Iter 3700 / 4171 4.57844412667
Iter 3750 / 4171 5.04871450977
Iter 3800 / 4171 5.1272150396
Iter 3850 / 4171 4.98178304036
Iter 3900 / 4171 3.96818998671
Iter 3950 / 4171 4.79950980079
Iter 4000 / 4171 4.82411605593
Iter 4050 / 4171 4.65979074877
Iter 4100 / 4171 4.72826873091
Iter 4150 / 4171 4.81757640839
Epoch 2 Valid 2.24885282037
Epoch 2 Test 2.20706097155
Epoch 3
Iter 50 / 4171 5.02678014877
Iter 100 / 4171 4.94986552254
Iter 150 / 4171 4.85291435305
Iter 200 / 4171 2.56880362374
Iter 250 / 4171 4.47400171616
Iter 300 / 4171 4.976008681
Iter 350 / 4171 5.03448439378
Iter 400 / 4171 4.80267363188
Iter 450 / 4171 4.90997351221
Iter 500 / 4171 4.7110004545
Iter 550 / 4171 4.21398925781
Iter 600 / 4171 4.60687144886
Iter 650 / 4171 4.19264484274
Iter 700 / 4171 4.38678436279
Iter 750 / 4171 4.19617925906
Iter 800 / 4171 4.57064936711
Iter 850 / 4171 4.35179805756
Iter 900 / 4171 4.95312998246
Iter 950 / 4171 4.31988601211
Iter 1000 / 4171 4.53317367312
Iter 1050 / 4171 4.55559243999
Iter 1100 / 4171 4.79227128462
Iter 1150 / 4171 4.87485877504
Iter 1200 / 4171 5.04110398403
Iter 1250 / 4171 4.33482060881
Iter 1300 / 4171 4.71046097367
Iter 1350 / 4171 4.76963046459
Iter 1400 / 4171 4.78201492973
Iter 1450 / 4171 4.85267937702
Iter 1500 / 4171 4.55501023384
Iter 1550 / 4171 4.92070704331
Iter 1600 / 4171 4.55898156186
Iter 1650 / 4171 4.26311941708
Iter 1700 / 4171 2.86166381836
Iter 1750 / 4171 4.89742367597
Iter 1800 / 4171 4.60206816917
Iter 1850 / 4171 4.39405987079
Iter 1900 / 4171 4.237428364
Iter 1950 / 4171 4.38001529534
Iter 2000 / 4171 4.99327935113
Iter 2050 / 4171 5.7784956747
Iter 2100 / 4171 4.40753374602
Iter 2150 / 4171 4.11461989085
Iter 2200 / 4171 4.21421654545
Iter 2250 / 4171 4.38383156913
Iter 2300 / 4171 5.09769295646
Iter 2350 / 4171 4.80480172294
Iter 2400 / 4171 3.09701556694
Iter 2450 / 4171 4.89942342122
Iter 2500 / 4171 4.65370759882
Iter 2550 / 4171 6.06548069545
Iter 2600 / 4171 5.26956010901
Iter 2650 / 4171 4.7663482666
Iter 2700 / 4171 4.12942233615
Iter 2750 / 4171 4.25936372099
Iter 2800 / 4171 4.48716560133
Iter 2850 / 4171 4.60819140031
Iter 2900 / 4171 4.41731120265
Iter 2950 / 4171 4.32210427743
Iter 3000 / 4171 4.53705037435
Iter 3050 / 4171 4.65879554749
Iter 3100 / 4171 4.43497196321
Iter 3150 / 4171 3.77692385073
Iter 3200 / 4171 4.0532951355
Iter 3250 / 4171 4.65443344116
Iter 3300 / 4171 4.86628411741
Iter 3350 / 4171 4.65685791016
Iter 3400 / 4171 4.50087131076
Iter 3450 / 4171 4.56814955559
Iter 3500 / 4171 4.55952849212
Iter 3550 / 4171 4.38495890299
Iter 3600 / 4171 4.55246307373
Iter 3650 / 4171 4.3041158341
Iter 3700 / 4171 4.49346923828
Iter 3750 / 4171 6.32115665559
Iter 3800 / 4171 4.60210837087
Iter 3850 / 4171 4.68219722919
Iter 3900 / 4171 4.73616784137
Iter 3950 / 4171 4.7194388968
Iter 4000 / 4171 4.58391041799
Iter 4050 / 4171 4.13937345115
Iter 4100 / 4171 3.86143612862
Iter 4150 / 4171 4.68384195964
Epoch 3 Valid 3.42558213101
Epoch 3 Test 3.18890336851
Epoch 4
Iter 50 / 4171 3.92043339122
Iter 100 / 4171 4.94021329013
Iter 150 / 4171 3.88442230225
Iter 200 / 4171 4.97071397569
Iter 250 / 4171 3.92299880981
Iter 300 / 4171 4.25278996486
Iter 350 / 4171 4.01265020855
Iter 400 / 4171 4.15467171047
Iter 450 / 4171 4.18307841908
Iter 500 / 4171 4.49731031515
Iter 550 / 4171 4.45022996267
Iter 600 / 4171 4.43575763702
Iter 650 / 4171 4.13714024641
Iter 700 / 4171 4.23004468282
Iter 750 / 4171 4.32313703454
Iter 800 / 4171 4.66256151701
Iter 850 / 4171 4.25555216471
Iter 900 / 4171 4.58424052254
Iter 950 / 4171 4.30777219742
Iter 1000 / 4171 4.85528652485
Iter 1050 / 4171 4.39676106771
Iter 1100 / 4171 4.29576391923
Iter 1150 / 4171 4.20819960586
Iter 1200 / 4171 4.37265416196
Iter 1250 / 4171 4.32535416739
Iter 1300 / 4171 4.64715128581
Iter 1350 / 4171 4.10001696073
Iter 1400 / 4171 4.71270126385
Iter 1450 / 4171 4.0015438449
Iter 1500 / 4171 4.07964648437
Iter 1550 / 4171 4.17515563965
Iter 1600 / 4171 4.40080143855
Iter 1650 / 4171 4.24350024808
Iter 1700 / 4171 4.30462449597
Iter 1750 / 4171 4.08115844727
Iter 1800 / 4171 4.95639445925
Iter 1850 / 4171 3.87465684679
Iter 1900 / 4171 4.36877271864
Iter 1950 / 4171 4.84964294434
Iter 2000 / 4171 4.15582587563
Iter 2050 / 4171 4.59591175426
Iter 2100 / 4171 3.65872873579
Iter 2150 / 4171 4.29810303908
Iter 2200 / 4171 4.27371146462
Iter 2250 / 4171 4.59485844203
Iter 2300 / 4171 4.31081908527
Iter 2350 / 4171 4.99431571575
Iter 2400 / 4171 4.1997935811
Iter 2450 / 4171 4.89903783087
Iter 2500 / 4171 4.49248825876
Iter 2550 / 4171 4.46497869492
Iter 2600 / 4171 4.19818349985
Iter 2650 / 4171 4.66579530297
Iter 2700 / 4171 4.70290912398
Iter 2750 / 4171 4.40616092166
Iter 2800 / 4171 4.45250330216
Iter 2850 / 4171 4.75930479497
Iter 2900 / 4171 4.52080711082
Iter 2950 / 4171 4.42344908783
Iter 3000 / 4171 4.35476675097
Iter 3050 / 4171 4.50797087296
Iter 3100 / 4171 4.15014686584
Iter 3150 / 4171 4.61622114992
Iter 3200 / 4171 4.56559087687
Iter 3250 / 4171 5.04243687221
Iter 3300 / 4171 3.76170871132
Iter 3350 / 4171 4.50402612085
Iter 3400 / 4171 4.09208848741
Iter 3450 / 4171 4.28420086296
Iter 3500 / 4171 4.433529066
Iter 3550 / 4171 3.78050231934
Iter 3600 / 4171 3.78259413583
Iter 3650 / 4171 4.93886774237
Iter 3700 / 4171 4.64589736182
Iter 3750 / 4171 4.62507225485
Iter 3800 / 4171 3.98484115601
Iter 3850 / 4171 4.70792567877
Iter 3900 / 4171 4.72484809028
Iter 3950 / 4171 4.43718364877
Iter 4000 / 4171 3.14003935314
Iter 4050 / 4171 4.19454627404
Iter 4100 / 4171 4.88096078237
Iter 4150 / 4171 3.97293116252
Epoch 4 Valid 3.98590302801
Epoch 4 Test 3.69473692167
Epoch 5
Iter 50 / 4171 4.20525155823
Iter 100 / 4171 4.34598795573
Iter 150 / 4171 3.23665546236
Iter 200 / 4171 4.22468431261
Iter 250 / 4171 3.98615489287
Iter 300 / 4171 3.89472117323
Iter 350 / 4171 4.2972755915
Iter 400 / 4171 4.19385528564
Iter 450 / 4171 3.99768798828
Iter 500 / 4171 4.48277816772
Iter 550 / 4171 5.13449691178
Iter 600 / 4171 4.49221300723
Iter 650 / 4171 3.6393611908
Iter 700 / 4171 3.98683329991
Iter 750 / 4171 2.98506032685
Iter 800 / 4171 3.57526363026
Iter 850 / 4171 4.32961723132
Iter 900 / 4171 4.57047057262
Iter 950 / 4171 4.15095887361
Iter 1000 / 4171 4.35953613281
Iter 1050 / 4171 4.40219421387
Iter 1100 / 4171 4.12738628777
Iter 1150 / 4171 4.03814555323
Iter 1200 / 4171 3.91724650065
Iter 1250 / 4171 4.42322122175
Iter 1300 / 4171 3.96378753145
Iter 1350 / 4171 4.32647525156
Iter 1400 / 4171 4.40251173333
Iter 1450 / 4171 4.419463059
Iter 1500 / 4171 5.29628620977
Iter 1550 / 4171 4.60668945312
Iter 1600 / 4171 3.70045332475
Iter 1650 / 4171 4.14630126953
Iter 1700 / 4171 4.59202366879
Iter 1750 / 4171 4.97312332956
Iter 1800 / 4171 4.0695661657
Iter 1850 / 4171 4.35040375681
Iter 1900 / 4171 4.58165448978
Iter 1950 / 4171 4.43641940903
Iter 2000 / 4171 4.44849395752
Iter 2050 / 4171 4.30935430527
Iter 2100 / 4171 4.29092407227
Iter 2150 / 4171 4.16681714328
Iter 2200 / 4171 3.80862498564
Iter 2250 / 4171 4.51670456706
Iter 2300 / 4171 4.4754890563
Iter 2350 / 4171 3.23942464193
Iter 2400 / 4171 4.56005045573
Iter 2450 / 4171 4.27039591471
Iter 2500 / 4171 4.41205225531
Iter 2550 / 4171 3.81875348772
Iter 2600 / 4171 4.4524437314
Iter 2650 / 4171 4.39672968376
Iter 2700 / 4171 4.60223882766
Iter 2750 / 4171 4.49000976563
Iter 2800 / 4171 4.31490981158
Iter 2850 / 4171 4.14576374736
Iter 2900 / 4171 4.64263257113
Iter 2950 / 4171 4.67820978165
Iter 3000 / 4171 4.1786845071
Iter 3050 / 4171 3.97103118896
Iter 3100 / 4171 4.26205749512
Iter 3150 / 4171 3.89293399665
Iter 3200 / 4171 4.18593499599
Iter 3250 / 4171 4.46466936384
Iter 3300 / 4171 3.91868930393
Iter 3350 / 4171 4.3920551687
Iter 3400 / 4171 4.25736513243
Iter 3450 / 4171 4.48693302699
Iter 3500 / 4171 4.32231445313
Iter 3550 / 4171 5.34276733398
Iter 3600 / 4171 4.50399843852
Iter 3650 / 4171 4.45091465541
Iter 3700 / 4171 4.58931560906
Iter 3750 / 4171 4.20609438818
Iter 3800 / 4171 3.74814367294
Iter 3850 / 4171 4.47970652692
Iter 3900 / 4171 3.79594970703
Iter 3950 / 4171 4.05505124984
Iter 4000 / 4171 4.95306779797
Iter 4050 / 4171 4.27485680959
Iter 4100 / 4171 3.98360112508
Iter 4150 / 4171 4.24596177138
Epoch 5 Valid 4.07255644936
Epoch 5 Test 3.90556921908
Epoch 6
Iter 50 / 4171 4.25292532785
Iter 100 / 4171 4.22427150181
Iter 150 / 4171 4.32352249711
Iter 200 / 4171 3.86441114995
Iter 250 / 4171 3.68074863979
Iter 300 / 4171 4.23764692034
Iter 350 / 4171 3.58292689892
Iter 400 / 4171 4.15143399625
Iter 450 / 4171 4.27983415046
Iter 500 / 4171 3.07839561911
Iter 550 / 4171 4.3438577091
Iter 600 / 4171 3.98009236654
Iter 650 / 4171 4.34496646457
Iter 700 / 4171 3.78663091245
Iter 750 / 4171 4.63761356899
Iter 800 / 4171 4.46012217108
Iter 850 / 4171 4.19102640355
Iter 900 / 4171 4.08989073101
Iter 950 / 4171 4.533303942
Iter 1000 / 4171 4.01344792983
Iter 1050 / 4171 4.25023498535
Iter 1100 / 4171 4.26986067108
Iter 1150 / 4171 2.73753964322
Iter 1200 / 4171 4.41264546712
Iter 1250 / 4171 4.42612473508
Iter 1300 / 4171 3.74154382003
Iter 1350 / 4171 3.62420120239
Iter 1400 / 4171 4.01811364419
Iter 1450 / 4171 4.62492311918
Iter 1500 / 4171 4.47643313201
Iter 1550 / 4171 3.93044800043
Iter 1600 / 4171 4.54421605819
Iter 1650 / 4171 4.14965767696
Iter 1700 / 4171 4.47342475267
Iter 1750 / 4171 4.51785888672
Iter 1800 / 4171 4.30169067383
Iter 1850 / 4171 4.21289361692
Iter 1900 / 4171 4.4390335083
Iter 1950 / 4171 4.75494602748
Iter 2000 / 4171 4.28529688071
Iter 2050 / 4171 4.23819890098
Iter 2100 / 4171 4.48129423538
Iter 2150 / 4171 4.47800816127
Iter 2200 / 4171 4.29556884766
Iter 2250 / 4171 4.13171047635
Iter 2300 / 4171 5.33805228568
Iter 2350 / 4171 4.01715235855
Iter 2400 / 4171 1.86635271708
Iter 2450 / 4171 4.25836264121
Iter 2500 / 4171 4.76816440636
Iter 2550 / 4171 3.23952299973
Iter 2600 / 4171 4.14710762131
Iter 2650 / 4171 4.00042369378
Iter 2700 / 4171 4.1982424989
Iter 2750 / 4171 4.17032181589
Iter 2800 / 4171 2.44617667565
Iter 2850 / 4171 4.19810634986
Iter 2900 / 4171 4.21048312717
Iter 2950 / 4171 3.87458683894
Iter 3000 / 4171 4.21109806408
Iter 3050 / 4171 4.22474441528
Iter 3100 / 4171 5.27619775136
Iter 3150 / 4171 4.08401325185
Iter 3200 / 4171 4.34728190104
Iter 3250 / 4171 3.53950292414
Iter 3300 / 4171 4.09174679487
Iter 3350 / 4171 4.36545949168
Iter 3400 / 4171 3.97440290451
Iter 3450 / 4171 4.16954241612
Iter 3500 / 4171 4.19514604048
Iter 3550 / 4171 3.67584920247
Iter 3600 / 4171 4.32287554825
Iter 3650 / 4171 4.37491989136
Iter 3700 / 4171 5.17109375
Iter 3750 / 4171 4.40223328496
Iter 3800 / 4171 4.17800521851
Iter 3850 / 4171 3.59316781851
Iter 3900 / 4171 4.43835651993
Iter 3950 / 4171 4.13162841797
Iter 4000 / 4171 4.21320473147
Iter 4050 / 4171 3.26002212718
Iter 4100 / 4171 3.61998087565
Iter 4150 / 4171 4.28158302131
Epoch 6 Valid 4.59213169435
Epoch 6 Test 4.54583511152
Epoch 7
Iter 50 / 4171 3.69162329493
Iter 100 / 4171 3.96813340621
Iter 150 / 4171 4.73952929179
Iter 200 / 4171 4.4490283886
Iter 250 / 4171 3.75503610284
Iter 300 / 4171 4.42549423944
Iter 350 / 4171 3.76747343275
Iter 400 / 4171 4.2426907334
Iter 450 / 4171 4.22465987433
Iter 500 / 4171 4.40022340872
Iter 550 / 4171 4.01980154855
Iter 600 / 4171 4.35536245105
Iter 650 / 4171 3.97790788178
Iter 700 / 4171 3.76718775431
Iter 750 / 4171 3.99099555382
Iter 800 / 4171 3.52898971756
Iter 850 / 4171 4.32649468316
Iter 900 / 4171 4.13266181946
Iter 950 / 4171 4.15401034885
Iter 1000 / 4171 4.08454803467
Iter 1050 / 4171 3.91313599279
Iter 1100 / 4171 4.47985630819
Iter 1150 / 4171 4.73959811898
Iter 1200 / 4171 3.68155710321
Iter 1250 / 4171 3.4348914854
Iter 1300 / 4171 4.10653326889
Iter 1350 / 4171 3.77380443755
Iter 1400 / 4171 4.22363090515
Iter 1450 / 4171 3.90273539225
Iter 1500 / 4171 3.89073291723
Iter 1550 / 4171 4.22038216858
Iter 1600 / 4171 3.74078521729
Iter 1650 / 4171 3.55906267864
Iter 1700 / 4171 2.96418182373
Iter 1750 / 4171 4.21059601882
Iter 1800 / 4171 4.346719423
Iter 1850 / 4171 4.22545479016
Iter 1900 / 4171 5.12784099579
Iter 1950 / 4171 4.12536744814
Iter 2000 / 4171 3.34659058707
Iter 2050 / 4171 4.07461492865
Iter 2100 / 4171 4.07667726584
Iter 2150 / 4171 3.67012522172
Iter 2200 / 4171 4.18418487131
Iter 2250 / 4171 3.63314643012
Iter 2300 / 4171 4.46923920603
Iter 2350 / 4171 4.4314453125
Iter 2400 / 4171 3.73144276937
Iter 2450 / 4171 5.01859130859
Iter 2500 / 4171 3.94310266831
Iter 2550 / 4171 3.99554859508
Iter 2600 / 4171 4.11780776978
Iter 2650 / 4171 4.31842257135
Iter 2700 / 4171 3.75647556081
Iter 2750 / 4171 3.17946050408
Iter 2800 / 4171 3.89799364794
Iter 2850 / 4171 4.08626229422
Iter 2900 / 4171 3.89622570219
Iter 2950 / 4171 4.28714828491
Iter 3000 / 4171 3.56665802002
Iter 3050 / 4171 4.07563311191
Iter 3100 / 4171 3.897377098
Iter 3150 / 4171 3.83570207868
Iter 3200 / 4171 4.57623176575
Iter 3250 / 4171 4.33091430664
Iter 3300 / 4171 4.05568695068
Iter 3350 / 4171 4.08032415331
Iter 3400 / 4171 4.20221154164
Iter 3450 / 4171 4.52309541924
Iter 3500 / 4171 3.68258553964
Iter 3550 / 4171 4.52899820296
Iter 3600 / 4171 3.74616958156
Iter 3650 / 4171 5.14352789985
Iter 3700 / 4171 4.07607959657
Iter 3750 / 4171 4.09188690186
Iter 3800 / 4171 4.82114289936
Iter 3850 / 4171 3.97523337916
Iter 3900 / 4171 3.71480021757
Iter 3950 / 4171 4.09991542271
Iter 4000 / 4171 3.79549502418
Iter 4050 / 4171 4.19482946909
Iter 4100 / 4171 3.80657423588
Iter 4150 / 4171 3.48831486702
Epoch 7 Valid 4.77742282306
Epoch 7 Test 4.76627515148
Epoch 8
Iter 50 / 4171 3.72699924045
Iter 100 / 4171 3.86562866784
Iter 150 / 4171 4.26219210417
Iter 200 / 4171 2.54406512225
Iter 250 / 4171 3.77424621582
Iter 300 / 4171 4.0948399135
Iter 350 / 4171 3.83411700274
Iter 400 / 4171 3.68827475271
Iter 450 / 4171 4.22038694288
Iter 500 / 4171 1.82260322571
Iter 550 / 4171 4.26182004239
Iter 600 / 4171 3.82099987212
Iter 650 / 4171 4.25008409288
Iter 700 / 4171 4.17103974716
Iter 750 / 4171 3.33571594381
Iter 800 / 4171 3.7415675743
Iter 850 / 4171 4.43496189347
Iter 900 / 4171 4.27176731655
Iter 950 / 4171 4.46421182622
Iter 1000 / 4171 3.86991057999
Iter 1050 / 4171 4.24703871783
Iter 1100 / 4171 3.96336996676
Iter 1150 / 4171 4.08868555869
Iter 1200 / 4171 3.88533333431
Iter 1250 / 4171 3.76396368118
Iter 1300 / 4171 4.46753771552
Iter 1350 / 4171 4.21575705788
Iter 1400 / 4171 4.16877492269
Iter 1450 / 4171 3.90808704921
Iter 1500 / 4171 4.16055643334
Iter 1550 / 4171 3.60085623605
Iter 1600 / 4171 3.80413111934
Iter 1650 / 4171 3.84283479055
Iter 1700 / 4171 4.58516792629
Iter 1750 / 4171 4.68826217651
Iter 1800 / 4171 3.92345928889
Iter 1850 / 4171 3.92655632713
Iter 1900 / 4171 4.39101494683
Iter 1950 / 4171 4.11068922474
Iter 2000 / 4171 4.26988495617
Iter 2050 / 4171 2.13508906509
Iter 2100 / 4171 3.95463717714
Iter 2150 / 4171 3.91174163818
Iter 2200 / 4171 4.22032834171
Iter 2250 / 4171 3.93816757202
Iter 2300 / 4171 4.06922180176
Iter 2350 / 4171 4.16254043579
Iter 2400 / 4171 4.13854809022
Iter 2450 / 4171 5.16745489997
Iter 2500 / 4171 4.10601210056
Iter 2550 / 4171 3.66456162302
Iter 2600 / 4171 4.451572765
Iter 2650 / 4171 4.06351401589
Iter 2700 / 4171 2.81738066062
Iter 2750 / 4171 3.66623909468
Iter 2800 / 4171 3.49499650435
Iter 2850 / 4171 3.8396862793
Iter 2900 / 4171 3.58121759751
Iter 2950 / 4171 3.88394504123
Iter 3000 / 4171 3.6584777832
Iter 3050 / 4171 3.84621493022
Iter 3100 / 4171 3.61577062774
Iter 3150 / 4171 3.70979556129
Iter 3200 / 4171 3.56252083412
Iter 3250 / 4171 4.49189249674
Iter 3300 / 4171 4.11772618149
Iter 3350 / 4171 3.91597070313
Iter 3400 / 4171 4.18122754778
Iter 3450 / 4171 4.34722579153
Iter 3500 / 4171 4.21243853802
Iter 3550 / 4171 4.67010890016
Iter 3600 / 4171 4.15122299194
Iter 3650 / 4171 3.95238211496
Iter 3700 / 4171 4.09182114629
Iter 3750 / 4171 3.44561576843
Iter 3800 / 4171 3.95525363903
Iter 3850 / 4171 3.97255494165
Iter 3900 / 4171 4.32057042739
Iter 3950 / 4171 4.10439583915
Iter 4000 / 4171 3.83743197676
Iter 4050 / 4171 4.01837242974
Iter 4100 / 4171 3.63060475359
Iter 4150 / 4171 3.89419000799
Epoch 8 Valid 5.12227372999
Epoch 8 Test 4.93921960943
Epoch 9
Iter 50 / 4171 3.7648504348
Iter 100 / 4171 3.68362893497
Iter 150 / 4171 3.99797821045
Iter 200 / 4171 4.23488225164
Iter 250 / 4171 4.43623046875
Iter 300 / 4171 3.50865974426
Iter 350 / 4171 3.9034350165
Iter 400 / 4171 4.38184183055
Iter 450 / 4171 3.25803959834
Iter 500 / 4171 3.48107171059
Iter 550 / 4171 3.3804585282
Iter 600 / 4171 4.06542365934
Iter 650 / 4171 3.90776947021
Iter 700 / 4171 3.78973013071
Iter 750 / 4171 3.89897404885
Iter 800 / 4171 4.37438826127
Iter 850 / 4171 3.92491959552
Iter 900 / 4171 4.22430725098
Iter 950 / 4171 3.75746948956
Iter 1000 / 4171 3.65844871884
Iter 1050 / 4171 3.84318980951
Iter 1100 / 4171 3.23871341828
Iter 1150 / 4171 3.78631015354
Iter 1200 / 4171 3.08896980286
Iter 1250 / 4171 3.51451695219
Iter 1300 / 4171 4.02281864051
Iter 1350 / 4171 3.96318080507
Iter 1400 / 4171 3.91176932199
Iter 1450 / 4171 3.88444166917
Iter 1500 / 4171 3.67498133733
Iter 1550 / 4171 3.88772415329
Iter 1600 / 4171 4.06030993991
Iter 1650 / 4171 3.88740106839
Iter 1700 / 4171 4.12107881434
Iter 1750 / 4171 3.80527959318
Iter 1800 / 4171 3.81636436313
Iter 1850 / 4171 4.25956726074
Iter 1900 / 4171 3.78790934245
Iter 1950 / 4171 3.61271774937
Iter 2000 / 4171 4.17628586313
Iter 2050 / 4171 3.06798786587
Iter 2100 / 4171 4.10519647598
Iter 2150 / 4171 4.25835071911
Iter 2200 / 4171 3.89158290724
Iter 2250 / 4171 3.65718831005
Iter 2300 / 4171 4.15044039772
Iter 2350 / 4171 4.05293893342
Iter 2400 / 4171 4.33498120578
Iter 2450 / 4171 4.25535202026
Iter 2500 / 4171 4.11079313859
Iter 2550 / 4171 3.6278652615
Iter 2600 / 4171 3.95632595486
Iter 2650 / 4171 3.832098269
Iter 2700 / 4171 3.85677901558
Iter 2750 / 4171 3.98106239307
Iter 2800 / 4171 3.72931603824
Iter 2850 / 4171 3.71836165543
Iter 2900 / 4171 3.85095126812
Iter 2950 / 4171 4.11025066765
Iter 3000 / 4171 4.25496419271
Iter 3050 / 4171 4.33067389594
Iter 3100 / 4171 4.30404499013
Iter 3150 / 4171 3.18067902785
Iter 3200 / 4171 3.95012555804
Iter 3250 / 4171 4.19883541809
Iter 3300 / 4171 3.26994115656
Iter 3350 / 4171 4.11691138858
Iter 3400 / 4171 3.87461629232
Iter 3450 / 4171 3.47742486769
Iter 3500 / 4171 4.11600090476
Iter 3550 / 4171 2.81852993435
Iter 3600 / 4171 3.93485292377
Iter 3650 / 4171 3.56574146168
Iter 3700 / 4171 2.98021022252
Iter 3750 / 4171 3.49486457669
Iter 3800 / 4171 4.10861981925
Iter 3850 / 4171 3.63657109878
Iter 3900 / 4171 3.77517607718
Iter 3950 / 4171 4.21130396525
Iter 4000 / 4171 4.08913167318
Iter 4050 / 4171 3.34675569888
Iter 4100 / 4171 4.09256258878
Iter 4150 / 4171 3.97545775622
Epoch 9 Valid 5.35349585114
Epoch 9 Test 5.16160370493
Epoch 10
Iter 50 / 4171 3.30378262502
Iter 100 / 4171 3.82158057369
Iter 150 / 4171 3.36311721802
Iter 200 / 4171 4.02515123155
Iter 250 / 4171 3.68392873365
Iter 300 / 4171 3.97319585627
Iter 350 / 4171 3.80788574219
Iter 400 / 4171 4.08724114834
Iter 450 / 4171 3.18405278524
Iter 500 / 4171 4.1132701527
Iter 550 / 4171 3.31401519775
Iter 600 / 4171 3.47765726118
Iter 650 / 4171 4.20235527181
Iter 700 / 4171 4.02535326249
Iter 750 / 4171 2.1341020796
Iter 800 / 4171 4.14089431763
Iter 850 / 4171 3.87482337643
Iter 900 / 4171 3.76867366742
Iter 950 / 4171 3.76048612595
Iter 1000 / 4171 3.84556669347
Iter 1050 / 4171 3.25168723622
Iter 1100 / 4171 3.59339682839
Iter 1150 / 4171 3.66857783
Iter 1200 / 4171 3.60086568197
Iter 1250 / 4171 4.02958135795
Iter 1300 / 4171 3.89741821289
Iter 1350 / 4171 3.8482392255
Iter 1400 / 4171 2.88500449771
Iter 1450 / 4171 3.84272633428
Iter 1500 / 4171 4.02196964217
Iter 1550 / 4171 3.58156876337
Iter 1600 / 4171 4.63303717251
Iter 1650 / 4171 3.46092854375
Iter 1700 / 4171 4.27598281134
Iter 1750 / 4171 3.69564121791
Iter 1800 / 4171 4.32856750488
Iter 1850 / 4171 3.77485452819
Iter 1900 / 4171 4.24487390653
Iter 1950 / 4171 3.17847978747
Iter 2000 / 4171 3.81835807638
Iter 2050 / 4171 3.95458246867
Iter 2100 / 4171 3.9836324056
Iter 2150 / 4171 4.15355573382
Iter 2200 / 4171 3.16398684184
Iter 2250 / 4171 3.80015796164
Iter 2300 / 4171 3.87232253131
Iter 2350 / 4171 3.35953211631
Iter 2400 / 4171 3.4050074986
Iter 2450 / 4171 4.47147062455
Iter 2500 / 4171 3.84174218116
Iter 2550 / 4171 4.3815713436
Iter 2600 / 4171 4.22429784139
Iter 2650 / 4171 3.97918669872
Iter 2700 / 4171 3.84559830375
Iter 2750 / 4171 3.54222106934
Iter 2800 / 4171 4.07698915679
Iter 2850 / 4171 4.26414865687
Iter 2900 / 4171 3.75751822335
Iter 2950 / 4171 4.0277185023
Iter 3000 / 4171 4.1672029717
Iter 3050 / 4171 3.69215854379
Iter 3100 / 4171 3.24347650437
Iter 3150 / 4171 4.07631879927
Iter 3200 / 4171 3.59028339386
Iter 3250 / 4171 3.96392292879
Iter 3300 / 4171 3.85993991428
Iter 3350 / 4171 3.41721666124
Iter 3400 / 4171 3.79862721761
Iter 3450 / 4171 3.93226962619
Iter 3500 / 4171 2.21090487216
Iter 3550 / 4171 3.53229247021
Iter 3600 / 4171 4.35518966183
Iter 3650 / 4171 3.90795211792
Iter 3700 / 4171 3.57379770279
Iter 3750 / 4171 3.52307061835
Iter 3800 / 4171 3.47288227081
Iter 3850 / 4171 3.80889166879
Iter 3900 / 4171 4.20286908318
Iter 3950 / 4171 4.00384949079
Iter 4000 / 4171 3.83304189046
Iter 4050 / 4171 4.26381331734
Iter 4100 / 4171 3.58604011536
Iter 4150 / 4171 3.19872678559
Epoch 10 Valid 5.40159922248
Epoch 10 Test 5.27811470261
Epoch 11
Iter 50 / 4171 3.60816192627
Iter 100 / 4171 3.81738526481
Iter 150 / 4171 3.55867243748
Iter 200 / 4171 3.71551091654
Iter 250 / 4171 1.30638670921
Iter 300 / 4171 3.87015673828
Iter 350 / 4171 3.5513841712
Iter 400 / 4171 3.70900820778
Iter 450 / 4171 3.63728058644
Iter 500 / 4171 3.66893450056
Iter 550 / 4171 2.56097867891
Iter 600 / 4171 3.31591063279
Iter 650 / 4171 3.53134042245
Iter 700 / 4171 3.77147647313
Iter 750 / 4171 2.92103279961
Iter 800 / 4171 4.05183660334
Iter 850 / 4171 3.69567282495
Iter 900 / 4171 3.60250932742
Iter 950 / 4171 3.81816307077
Iter 1000 / 4171 3.88507292991
Iter 1050 / 4171 4.13030740489
Iter 1100 / 4171 4.04622941532
Iter 1150 / 4171 3.15083740234
Iter 1200 / 4171 3.59910377296
Iter 1250 / 4171 3.57231093898
Iter 1300 / 4171 3.55096500021
Iter 1350 / 4171 3.66069388441
Iter 1400 / 4171 4.04402141807
Iter 1450 / 4171 3.93031117117
Iter 1500 / 4171 3.92866772006
Iter 1550 / 4171 3.65424255371
Iter 1600 / 4171 4.03585611979
Iter 1650 / 4171 3.52712641536
Iter 1700 / 4171 4.11172288464
Iter 1750 / 4171 3.58547195734
Iter 1800 / 4171 3.3789313594
Iter 1850 / 4171 3.57388776333
Iter 1900 / 4171 3.63051258434
Iter 1950 / 4171 3.40526471819
Iter 2000 / 4171 3.90459801169
Iter 2050 / 4171 4.47504633123
Iter 2100 / 4171 3.64785647702
Iter 2150 / 4171 4.30770402947
Iter 2200 / 4171 3.81749406294
Iter 2250 / 4171 3.96699055495
Iter 2300 / 4171 3.65322258359
Iter 2350 / 4171 4.30152664185
Iter 2400 / 4171 3.871724622
Iter 2450 / 4171 3.82266473151
Iter 2500 / 4171 3.56273095703
Iter 2550 / 4171 4.06262019231
Iter 2600 / 4171 3.50374167306
Iter 2650 / 4171 3.75368630014
Iter 2700 / 4171 3.85507641417
Iter 2750 / 4171 3.74364084437
Iter 2800 / 4171 3.83749213585
Iter 2850 / 4171 4.22563348814
Iter 2900 / 4171 3.71575317383
Iter 2950 / 4171 3.98731314259
Iter 3000 / 4171 4.85207169144
Iter 3050 / 4171 3.85067501584
Iter 3100 / 4171 3.49640011478
Iter 3150 / 4171 4.06187943892
Iter 3200 / 4171 4.02155381355
Iter 3250 / 4171 3.69232486374
Iter 3300 / 4171 3.7151904636
Iter 3350 / 4171 3.98553824425
Iter 3400 / 4171 3.86003482703
Iter 3450 / 4171 3.80232989599
Iter 3500 / 4171 3.94753565933
Iter 3550 / 4171 4.28872371065
Iter 3600 / 4171 4.00232152134
Iter 3650 / 4171 3.85300990513
Iter 3700 / 4171 3.22967368678
Iter 3750 / 4171 3.95639681654
Iter 3800 / 4171 4.00582377116
Iter 3850 / 4171 3.93591093176
Iter 3900 / 4171 3.25008869171
Iter 3950 / 4171 4.14768838882
Iter 4000 / 4171 3.75584438391
Iter 4050 / 4171 4.23176664465
Iter 4100 / 4171 3.49438821812
Iter 4150 / 4171 3.7599509103
Epoch 11 Valid 5.54370040663
Epoch 11 Test 5.25683886902
Epoch 12
Iter 50 / 4171 3.74974828734
Iter 100 / 4171 3.73076752349
Iter 150 / 4171 3.55061731016
Iter 200 / 4171 3.65093055138
Iter 250 / 4171 3.5601515997
Iter 300 / 4171 3.7445909549
Iter 350 / 4171 3.74235511894
Iter 400 / 4171 4.12303304672
Iter 450 / 4171 3.59482040405
Iter 500 / 4171 3.27574216402
Iter 550 / 4171 3.16515382131
Iter 600 / 4171 3.84475191178
Iter 650 / 4171 3.18960914612
Iter 700 / 4171 3.77770260119
Iter 750 / 4171 3.25005981445
Iter 800 / 4171 3.63854980469
Iter 850 / 4171 3.46329398777
Iter 900 / 4171 3.54193847656
Iter 950 / 4171 2.9973641329
Iter 1000 / 4171 3.55608540197
Iter 1050 / 4171 3.09018053327
Iter 1100 / 4171 4.21110102815
Iter 1150 / 4171 2.25273481622
Iter 1200 / 4171 4.43200351881
Iter 1250 / 4171 3.75556009227
Iter 1300 / 4171 3.75362772337
Iter 1350 / 4171 3.86382970676
Iter 1400 / 4171 3.74853848544
Iter 1450 / 4171 3.32382737197
Iter 1500 / 4171 3.65270838244
Iter 1550 / 4171 4.14761110336
Iter 1600 / 4171 3.78351783752
Iter 1650 / 4171 3.23473903111
Iter 1700 / 4171 4.04454097041
Iter 1750 / 4171 3.48969946967
Iter 1800 / 4171 3.58842904227
Iter 1850 / 4171 4.05894309596
Iter 1900 / 4171 4.07310994466
Iter 1950 / 4171 3.86337214836
Iter 2000 / 4171 3.53654234934
Iter 2050 / 4171 3.72255445577
Iter 2100 / 4171 3.40679834244
Iter 2150 / 4171 3.80159759521
Iter 2200 / 4171 4.41713932582
Iter 2250 / 4171 2.84165460923
Iter 2300 / 4171 3.32862613076
Iter 2350 / 4171 3.90119977679
Iter 2400 / 4171 3.81562134379
Iter 2450 / 4171 3.27046383686
Iter 2500 / 4171 3.45187512566
Iter 2550 / 4171 3.56875773112
Iter 2600 / 4171 2.13460649763
Iter 2650 / 4171 3.87903463054
Iter 2700 / 4171 4.04694851962
Iter 2750 / 4171 3.72667854711
Iter 2800 / 4171 3.68437412807
Iter 2850 / 4171 3.54306992241
Iter 2900 / 4171 3.72882364909
Iter 2950 / 4171 4.00045178346
Iter 3000 / 4171 3.1633175744
Iter 3050 / 4171 3.82298845564
Iter 3100 / 4171 3.80727920532
Iter 3150 / 4171 3.80776299371
Iter 3200 / 4171 4.11516563515
Iter 3250 / 4171 4.13498955183
Iter 3300 / 4171 3.7177671371
Iter 3350 / 4171 3.73640098572
Iter 3400 / 4171 3.67899521083
Iter 3450 / 4171 3.63520876567
Iter 3500 / 4171 3.28532937857
Iter 3550 / 4171 3.23655986786
Iter 3600 / 4171 3.68419572419
Iter 3650 / 4171 3.7734110696
Iter 3700 / 4171 4.08101976183
Iter 3750 / 4171 3.8062882487
Iter 3800 / 4171 3.62716420492
Iter 3850 / 4171 4.00736816406
Iter 3900 / 4171 3.83614206838
Iter 3950 / 4171 3.36797281901
Iter 4000 / 4171 4.28665217647
Iter 4050 / 4171 3.8238726298
Iter 4100 / 4171 3.78167582667
Iter 4150 / 4171 3.38819693106
Epoch 12 Valid 5.76748442044
Epoch 12 Test 5.61435540181
Epoch 13
Iter 50 / 4171 3.50758062624
Iter 100 / 4171 4.00458255891
Iter 150 / 4171 3.62706114116
Iter 200 / 4171 3.9236844308
Iter 250 / 4171 3.42790603638
Iter 300 / 4171 3.54897526332
Iter 350 / 4171 3.65018241636
Iter 400 / 4171 3.51406364441
Iter 450 / 4171 3.67370351156
Iter 500 / 4171 2.78941028149
Iter 550 / 4171 3.07137211391
Iter 600 / 4171 2.76111498746
Iter 650 / 4171 3.13147956447
Iter 700 / 4171 3.79910078205
Iter 750 / 4171 4.46811733451
Iter 800 / 4171 3.87454996745
Iter 850 / 4171 2.65722714938
Iter 900 / 4171 3.49662629851
Iter 950 / 4171 3.16535162926
Iter 1000 / 4171 3.25422200521
Iter 1050 / 4171 3.36521281893
Iter 1100 / 4171 3.7100504825
Iter 1150 / 4171 3.5112991333
Iter 1200 / 4171 3.64566675822
Iter 1250 / 4171 3.82639503479
Iter 1300 / 4171 3.89568583171
Iter 1350 / 4171 4.14105606079
Iter 1400 / 4171 3.40273208618
Iter 1450 / 4171 3.23745165373
Iter 1500 / 4171 3.81149597168
Iter 1550 / 4171 3.81249086954
Iter 1600 / 4171 3.26485297793
Iter 1650 / 4171 4.07284423828
Iter 1700 / 4171 3.48680800141
Iter 1750 / 4171 2.83941780253
Iter 1800 / 4171 3.70845611751
Iter 1850 / 4171 3.2882895077
Iter 1900 / 4171 3.96467554002
Iter 1950 / 4171 3.13843154907
Iter 2000 / 4171 2.87876674107
Iter 2050 / 4171 3.65233103434
Iter 2100 / 4171 3.49189154177
Iter 2150 / 4171 4.84424631219
Iter 2200 / 4171 3.75233537772
Iter 2250 / 4171 3.19866218567
Iter 2300 / 4171 3.8655922873
Iter 2350 / 4171 3.41648833606
Iter 2400 / 4171 3.79797515869
Iter 2450 / 4171 3.81161431952
Iter 2500 / 4171 3.73916254817
Iter 2550 / 4171 3.21225102743
Iter 2600 / 4171 3.04975787076
Iter 2650 / 4171 3.76806553432
Iter 2700 / 4171 4.59767913818
Iter 2750 / 4171 3.71633594654
Iter 2800 / 4171 3.83769272313
Iter 2850 / 4171 2.6492040952
Iter 2900 / 4171 3.3984143575
Iter 2950 / 4171 3.61573664347
Iter 3000 / 4171 3.60007685725
Iter 3050 / 4171 3.64055918498
Iter 3100 / 4171 4.00196971064
Iter 3150 / 4171 3.98028889108
Iter 3200 / 4171 4.04745967742
Iter 3250 / 4171 3.92070296883
Iter 3300 / 4171 4.02676355271
Iter 3350 / 4171 3.82318133786
Iter 3400 / 4171 3.67498970032
Iter 3450 / 4171 3.36540190379
Iter 3500 / 4171 3.71327241262
Iter 3550 / 4171 3.3751009049
Iter 3600 / 4171 3.58868554922
Iter 3650 / 4171 3.19147265088
Iter 3700 / 4171 3.94610978129
Iter 3750 / 4171 4.68886795044
Iter 3800 / 4171 3.79999152982
Iter 3850 / 4171 3.73632603833
Iter 3900 / 4171 3.36026560465
Iter 3950 / 4171 4.00861256917
Iter 4000 / 4171 3.70254436292
Iter 4050 / 4171 3.75888904173
Iter 4100 / 4171 3.81828775211
Iter 4150 / 4171 3.65646634783
Epoch 13 Valid 6.17231540254
Epoch 13 Test 5.77111185129
Epoch 14
Iter 50 / 4171 3.94317952474
Iter 100 / 4171 3.81650516905
Iter 150 / 4171 3.17554314931
Iter 200 / 4171 3.72527198792
Iter 250 / 4171 4.01473412147
Iter 300 / 4171 3.60590343941
Iter 350 / 4171 3.84469633557
Iter 400 / 4171 3.16032855694
Iter 450 / 4171 3.27447727748
Iter 500 / 4171 3.63842209526
Iter 550 / 4171 3.79284750449
Iter 600 / 4171 4.17937063664
Iter 650 / 4171 3.28226394653
Iter 700 / 4171 3.12472560263
Iter 750 / 4171 3.31381652176
Iter 800 / 4171 3.68796037946
Iter 850 / 4171 3.45803333151
Iter 900 / 4171 3.72218322754
Iter 950 / 4171 4.06969629924
Iter 1000 / 4171 2.31348838806
Iter 1050 / 4171 3.47721896701
Iter 1100 / 4171 3.76658111572
Iter 1150 / 4171 3.57538986206
Iter 1200 / 4171 2.86903080187
Iter 1250 / 4171 3.84274553571
Iter 1300 / 4171 3.89700959858
Iter 1350 / 4171 3.73087721605
Iter 1400 / 4171 4.13734648499
Iter 1450 / 4171 3.25917744637
Iter 1500 / 4171 1.30382896872
Iter 1550 / 4171 3.65591376243
Iter 1600 / 4171 3.65993254525
Iter 1650 / 4171 3.68254144842
Iter 1700 / 4171 3.72263286488
Iter 1750 / 4171 3.66521007888
Iter 1800 / 4171 3.67317133885
Iter 1850 / 4171 3.55540357317
Iter 1900 / 4171 3.72043257493
Iter 1950 / 4171 3.21939673791
Iter 2000 / 4171 3.91973604911
Iter 2050 / 4171 3.95292502955
Iter 2100 / 4171 3.74104933305
Iter 2150 / 4171 1.72358098523
Iter 2200 / 4171 3.4205078125
Iter 2250 / 4171 3.79409853021
Iter 2300 / 4171 3.6546491405
Iter 2350 / 4171 3.04174571567
Iter 2400 / 4171 3.90394187992
Iter 2450 / 4171 4.20656601264
Iter 2500 / 4171 3.65460618876
Iter 2550 / 4171 3.29675605028
Iter 2600 / 4171 3.92564998765
Iter 2650 / 4171 3.60107574463
Iter 2700 / 4171 3.51347520616
Iter 2750 / 4171 3.46216930043
Iter 2800 / 4171 3.78931725543
Iter 2850 / 4171 3.8424987793
Iter 2900 / 4171 3.40658807755
Iter 2950 / 4171 3.56409156436
Iter 3000 / 4171 3.72609109318
Iter 3050 / 4171 3.7722161634
Iter 3100 / 4171 3.80376926545
Iter 3150 / 4171 3.68886689217
Iter 3200 / 4171 4.23700714111
Iter 3250 / 4171 3.08896273658
Iter 3300 / 4171 3.51534946987
Iter 3350 / 4171 4.37149125111
Iter 3400 / 4171 3.5788223679
Iter 3450 / 4171 3.7297454834
Iter 3500 / 4171 3.8968828755
Iter 3550 / 4171 3.58575640227
Iter 3600 / 4171 4.00341474695
Iter 3650 / 4171 3.33318816864
Iter 3700 / 4171 3.77172292211
Iter 3750 / 4171 4.02541232639
Iter 3800 / 4171 2.95974086708
Iter 3850 / 4171 3.64404262392
Iter 3900 / 4171 3.88976131972
Iter 3950 / 4171 2.57537266828
Iter 4000 / 4171 3.12637192862
Iter 4050 / 4171 3.15532830421
Iter 4100 / 4171 3.80909898546
Iter 4150 / 4171 3.87810347577
Epoch 14 Valid 6.02056938797
Epoch 14 Test 5.35254288313
Epoch 15
Iter 50 / 4171 3.6076763698
Iter 100 / 4171 3.19324641758
Iter 150 / 4171 3.25301656637
Iter 200 / 4171 3.94974310004
Iter 250 / 4171 3.75247346512
Iter 300 / 4171 2.80023701986
Iter 350 / 4171 3.42791541648
Iter 400 / 4171 3.34947713216
Iter 450 / 4171 3.44734344482
Iter 500 / 4171 3.38426405719
Iter 550 / 4171 3.83926955513
Iter 600 / 4171 3.85516217913
Iter 650 / 4171 3.3249319571
Iter 700 / 4171 2.77179697147
Iter 750 / 4171 3.80155331864
Iter 800 / 4171 3.94783911958
Iter 850 / 4171 3.63941782171
Iter 900 / 4171 3.60373848157
Iter 950 / 4171 3.46204742014
Iter 1000 / 4171 2.65924806233
Iter 1050 / 4171 3.59832174128
Iter 1100 / 4171 3.40791619342
Iter 1150 / 4171 3.06425409732
Iter 1200 / 4171 3.64920892513
Iter 1250 / 4171 4.23717244466
Iter 1300 / 4171 3.67265428816
Iter 1350 / 4171 3.06202362805
Iter 1400 / 4171 3.51395606995
Iter 1450 / 4171 3.20941816057
Iter 1500 / 4171 3.47874682883
Iter 1550 / 4171 3.60356345543
Iter 1600 / 4171 3.2517756248
Iter 1650 / 4171 3.68733159279
Iter 1700 / 4171 3.29038850554
Iter 1750 / 4171 3.74753293124
Iter 1800 / 4171 3.52921803792
Iter 1850 / 4171 3.88965513648
Iter 1900 / 4171 4.35516916911
Iter 1950 / 4171 3.35670838175
Iter 2000 / 4171 3.52956542969
Iter 2050 / 4171 4.06388288225
Iter 2100 / 4171 3.65826472356
Iter 2150 / 4171 3.1019721398
Iter 2200 / 4171 3.8392726089
Iter 2250 / 4171 3.72047096535
Iter 2300 / 4171 3.99743270874
Iter 2350 / 4171 3.78695329939
Iter 2400 / 4171 3.35060800088
Iter 2450 / 4171 3.73047892253
Iter 2500 / 4171 4.03338704427
Iter 2550 / 4171 3.32199370555
Iter 2600 / 4171 3.36812244762
Iter 2650 / 4171 3.91003469259
Iter 2700 / 4171 3.27507672991
Iter 2750 / 4171 3.13714730399
Iter 2800 / 4171 3.98633422852
Iter 2850 / 4171 3.43601027779
Iter 2900 / 4171 3.35678972517
Iter 2950 / 4171 3.01226043701
Iter 3000 / 4171 3.96564152644
Iter 3050 / 4171 3.90602080066
Iter 3100 / 4171 3.71718891531
Iter 3150 / 4171 3.64597894008
Iter 3200 / 4171 3.80674135435
Iter 3250 / 4171 3.93461035673
Iter 3300 / 4171 3.61800045437
Iter 3350 / 4171 3.70454386501
Iter 3400 / 4171 3.32207525344
Iter 3450 / 4171 3.69480507755
Iter 3500 / 4171 2.47232681666
Iter 3550 / 4171 3.78423620153
Iter 3600 / 4171 3.70664554172
Iter 3650 / 4171 3.83409737252
Iter 3700 / 4171 3.6414205111
Iter 3750 / 4171 3.71372729492
Iter 3800 / 4171 3.02970992687
Iter 3850 / 4171 4.05732057153
Iter 3900 / 4171 4.1881955169
Iter 3950 / 4171 3.43166638659
Iter 4000 / 4171 3.46893812735
Iter 4050 / 4171 3.91703015704
Iter 4100 / 4171 4.31593689438
Iter 4150 / 4171 3.82991264843
Epoch 15 Valid 6.26070572062
Epoch 15 Test 5.90364290084
Epoch 16
Iter 50 / 4171 3.88767040019
Iter 100 / 4171 3.6402137393
Iter 150 / 4171 3.12780879094
Iter 200 / 4171 2.76766914234
Iter 250 / 4171 3.61572567894
Iter 300 / 4171 3.58181574895
Iter 350 / 4171 3.67088817728
Iter 400 / 4171 3.72991571841
Iter 450 / 4171 3.11821899414
Iter 500 / 4171 3.0018078032
Iter 550 / 4171 3.12423349645
Iter 600 / 4171 3.03893051147
Iter 650 / 4171 3.46600232806
Iter 700 / 4171 2.38047771454
Iter 750 / 4171 3.66544521556
Iter 800 / 4171 3.7765802002
Iter 850 / 4171 3.93934083149
Iter 900 / 4171 3.45751921336
Iter 950 / 4171 3.69779705179
Iter 1000 / 4171 3.68407658168
Iter 1050 / 4171 3.28008364325
Iter 1100 / 4171 3.87661181921
Iter 1150 / 4171 3.67744064331
Iter 1200 / 4171 1.04457206726
Iter 1250 / 4171 3.15216064453
Iter 1300 / 4171 3.72303318833
Iter 1350 / 4171 3.04699679033
Iter 1400 / 4171 3.44967406137
Iter 1450 / 4171 4.01219940186
Iter 1500 / 4171 3.24669666779
Iter 1550 / 4171 3.38818311691
Iter 1600 / 4171 3.27819021125
Iter 1650 / 4171 3.85745913857
Iter 1700 / 4171 2.72453927994
Iter 1750 / 4171 3.37603604966
Iter 1800 / 4171 3.65380954742
Iter 1850 / 4171 3.67431902204
Iter 1900 / 4171 3.69351031329
Iter 1950 / 4171 3.14431423611
Iter 2000 / 4171 4.03628586278
Iter 2050 / 4171 3.8596973825
Iter 2100 / 4171 3.63372943045
Iter 2150 / 4171 3.70122232745
Iter 2200 / 4171 3.63262136359
Iter 2250 / 4171 3.59988839286
Iter 2300 / 4171 3.55145878946
Iter 2350 / 4171 3.69100925976
Iter 2400 / 4171 3.34292537144
Iter 2450 / 4171 2.86144256592
Iter 2500 / 4171 3.73536003961
Iter 2550 / 4171 3.85283591531
Iter 2600 / 4171 3.45555205533
Iter 2650 / 4171 3.19841003418
Iter 2700 / 4171 3.73672038753
Iter 2750 / 4171 3.24413882985
Iter 2800 / 4171 3.95458938136
Iter 2850 / 4171 3.66382619444
Iter 2900 / 4171 3.42054589589
Iter 2950 / 4171 3.5401381672
Iter 3000 / 4171 3.24623251686
Iter 3050 / 4171 3.67702394373
Iter 3100 / 4171 3.79627181544
Iter 3150 / 4171 3.28242164322
Iter 3200 / 4171 3.29125881195
Iter 3250 / 4171 3.28714116414
Iter 3300 / 4171 3.75144042969
Iter 3350 / 4171 3.28968811035
Iter 3400 / 4171 3.87147438951
Iter 3450 / 4171 3.60747173471
Iter 3500 / 4171 3.54050469398
Iter 3550 / 4171 3.85784166431
Iter 3600 / 4171 2.75234354655
Iter 3650 / 4171 3.76326090495
Iter 3700 / 4171 3.14688232422
Iter 3750 / 4171 3.4642253675
Iter 3800 / 4171 3.59349609375
Iter 3850 / 4171 3.38006812027
Iter 3900 / 4171 3.23832607269
Iter 3950 / 4171 2.62260916574
Iter 4000 / 4171 3.68041408763
Iter 4050 / 4171 3.79911068776
Iter 4100 / 4171 3.71854271079
Iter 4150 / 4171 3.9552154541
Epoch 16 Valid 6.55620855856
Epoch 16 Test 6.09797328329
Epoch 17
Iter 50 / 4171 3.27868781291
Iter 100 / 4171 1.74857439314
Iter 150 / 4171 3.24505451161
Iter 200 / 4171 2.6980242048
Iter 250 / 4171 3.91096796822
Iter 300 / 4171 3.73706389782
Iter 350 / 4171 3.29624800249
Iter 400 / 4171 2.25933880276
Iter 450 / 4171 3.05848693848
Iter 500 / 4171 3.41299239449
Iter 550 / 4171 3.49599361859
Iter 600 / 4171 3.60726369222
Iter 650 / 4171 2.9588809967
Iter 700 / 4171 2.98440424601
Iter 750 / 4171 3.48179303683
Iter 800 / 4171 3.17292179473
Iter 850 / 4171 3.30358475905
Iter 900 / 4171 3.80535935502
Iter 950 / 4171 3.54786978828
Iter 1000 / 4171 3.56256435228
Iter 1050 / 4171 3.2995314727
