nohup: ignoring input
[dynet] initializing CUDA
[dynet] Request for 1 specific GPU ...
[dynet] Device Number: 3
[dynet]   Device name: GeForce GTX TITAN X
[dynet]   Memory Clock Rate (KHz): 3505000
[dynet]   Memory Bus Width (bits): 384
[dynet]   Peak Memory Bandwidth (GB/s): 336.48
[dynet]   Memory Free (GB): 6.12408/12.7996
[dynet]
[dynet] Device(s) selected: 3
[dynet] random seed: 3893878449
[dynet] allocating memory: 5000MB
[dynet] memory allocation done.
Epoch 1
Iter 50 / 3447 7.82883384011
Iter 100 / 3447 7.72759952366
Iter 150 / 3447 7.42292930966
Iter 200 / 3447 8.84935665131
Iter 250 / 3447 7.7491481236
Iter 300 / 3447 7.84382233796
Iter 350 / 3447 6.26736886161
Iter 400 / 3447 7.67462594169
Iter 450 / 3447 7.13040052141
Iter 500 / 3447 7.06423611111
Iter 550 / 3447 7.75791607481
Iter 600 / 3447 7.27002986524
Iter 650 / 3447 7.27264756423
Iter 700 / 3447 6.88928288285
Iter 750 / 3447 7.2237070257
Iter 800 / 3447 7.58074251811
Iter 850 / 3447 7.4331575591
Iter 900 / 3447 7.16356975276
Iter 950 / 3447 6.85046053193
Iter 1000 / 3447 6.853079319
Iter 1050 / 3447 6.10304260254
Iter 1100 / 3447 7.27829101563
Iter 1150 / 3447 6.5923576355
Iter 1200 / 3447 6.96256855556
Iter 1250 / 3447 7.06156492233
Iter 1300 / 3447 7.12554857509
Iter 1350 / 3447 7.00280253092
Iter 1400 / 3447 7.72742834757
Iter 1450 / 3447 6.65866317749
Iter 1500 / 3447 6.38417053223
Iter 1550 / 3447 8.06969633557
Iter 1600 / 3447 6.72154097124
Iter 1650 / 3447 6.20258182322
Iter 1700 / 3447 6.98256891424
Iter 1750 / 3447 6.34317874908
Iter 1800 / 3447 6.77987650138
Iter 1850 / 3447 6.69475855972
Iter 1900 / 3447 5.34179086396
Iter 1950 / 3447 7.02597459696
Iter 2000 / 3447 7.36408555773
Iter 2050 / 3447 6.16360909598
Iter 2100 / 3447 6.79394084457
Iter 2150 / 3447 6.61928272247
Iter 2200 / 3447 6.57982794793
Iter 2250 / 3447 6.65256272701
Iter 2300 / 3447 6.15921630859
Iter 2350 / 3447 6.58538256193
Iter 2400 / 3447 6.1260466399
Iter 2450 / 3447 6.14506944444
Iter 2500 / 3447 6.72324209502
Iter 2550 / 3447 5.97792327098
Iter 2600 / 3447 6.52421702509
Iter 2650 / 3447 6.39197188157
Iter 2700 / 3447 6.11291084675
Iter 2750 / 3447 7.05047907595
Iter 2800 / 3447 6.35196012084
Iter 2850 / 3447 5.99618911743
Iter 2900 / 3447 3.69444829767
Iter 2950 / 3447 5.30506184896
Iter 3000 / 3447 6.25899268841
Iter 3050 / 3447 5.91621949938
Iter 3100 / 3447 5.55458684553
Iter 3150 / 3447 6.50310940213
Iter 3200 / 3447 7.33249219259
Iter 3250 / 3447 6.73082258895
Iter 3300 / 3447 6.02646331787
Iter 3350 / 3447 3.92000508308
Iter 3400 / 3447 4.97916784952
Epoch 1 Valid 1.36483243538
Epoch 1 Test 1.56456158801
Epoch 2
Iter 50 / 3447 6.08802202013
Iter 100 / 3447 6.29508878747
Iter 150 / 3447 3.80726909637
Iter 200 / 3447 6.30884493314
Iter 250 / 3447 4.84842708812
Iter 300 / 3447 3.46934464399
Iter 350 / 3447 6.68608200718
Iter 400 / 3447 6.46725796383
Iter 450 / 3447 6.42659584993
Iter 500 / 3447 5.56928049723
Iter 550 / 3447 5.40599487305
Iter 600 / 3447 6.0587963785
Iter 650 / 3447 5.9995803833
Iter 700 / 3447 5.86663859049
Iter 750 / 3447 5.82014973958
Iter 800 / 3447 6.17879574424
Iter 850 / 3447 4.35073397053
Iter 900 / 3447 6.61648306603
Iter 950 / 3447 5.94245256696
Iter 1000 / 3447 4.26048589157
Iter 1050 / 3447 6.59844857675
Iter 1100 / 3447 5.94647681195
Iter 1150 / 3447 5.09464929459
Iter 1200 / 3447 5.81837972005
Iter 1250 / 3447 4.82053104524
Iter 1300 / 3447 6.75608910455
Iter 1350 / 3447 5.92203160336
Iter 1400 / 3447 6.39325690992
Iter 1450 / 3447 5.79481305574
Iter 1500 / 3447 6.02287655785
Iter 1550 / 3447 6.00013841902
Iter 1600 / 3447 5.73184833829
Iter 1650 / 3447 5.3272873451
Iter 1700 / 3447 6.17643641218
Iter 1750 / 3447 5.58249855042
Iter 1800 / 3447 6.24207750956
Iter 1850 / 3447 6.06756029631
Iter 1900 / 3447 4.9790187822
Iter 1950 / 3447 2.73398081462
Iter 2000 / 3447 5.82457842146
Iter 2050 / 3447 5.73466772782
Iter 2100 / 3447 4.66056060791
Iter 2150 / 3447 5.98550218727
Iter 2200 / 3447 6.41757397774
Iter 2250 / 3447 5.84480634417
Iter 2300 / 3447 6.01058376537
Iter 2350 / 3447 5.92517721242
Iter 2400 / 3447 5.78025013633
Iter 2450 / 3447 6.05427135121
Iter 2500 / 3447 6.26701711115
Iter 2550 / 3447 6.12584120562
Iter 2600 / 3447 6.76936825839
Iter 2650 / 3447 5.47854614258
Iter 2700 / 3447 5.17687061855
Iter 2750 / 3447 5.62730142345
Iter 2800 / 3447 5.6817747682
Iter 2850 / 3447 5.39469018076
Iter 2900 / 3447 5.81903948103
Iter 2950 / 3447 5.46881975446
Iter 3000 / 3447 6.19050789705
Iter 3050 / 3447 4.80848264694
Iter 3100 / 3447 5.56573867798
Iter 3150 / 3447 6.29448618787
Iter 3200 / 3447 4.76143070689
Iter 3250 / 3447 5.46621660505
Iter 3300 / 3447 6.46724836794
Iter 3350 / 3447 6.00992685954
Iter 3400 / 3447 6.06419655129
Epoch 2 Valid 2.49714621912
Epoch 2 Test 2.55207036013
Epoch 3
Iter 50 / 3447 6.18478956956
Iter 100 / 3447 5.26138687134
Iter 150 / 3447 5.20291493734
Iter 200 / 3447 5.18735362865
Iter 250 / 3447 5.8450280568
Iter 300 / 3447 5.37959905256
Iter 350 / 3447 5.61758531843
Iter 400 / 3447 4.96299028397
Iter 450 / 3447 6.23725190034
Iter 500 / 3447 5.22770131429
Iter 550 / 3447 5.50117024245
Iter 600 / 3447 5.71094499555
Iter 650 / 3447 5.16568267661
Iter 700 / 3447 5.89095865885
Iter 750 / 3447 5.24434967041
Iter 800 / 3447 6.17235839844
Iter 850 / 3447 5.66359203442
Iter 900 / 3447 5.30501259698
Iter 950 / 3447 5.35464116926
Iter 1000 / 3447 5.94574594498
Iter 1050 / 3447 6.34318892867
Iter 1100 / 3447 5.29725874978
Iter 1150 / 3447 5.03067244345
Iter 1200 / 3447 4.05417757901
Iter 1250 / 3447 4.38266456241
Iter 1300 / 3447 5.85222896667
Iter 1350 / 3447 5.48717278949
Iter 1400 / 3447 4.35308514219
Iter 1450 / 3447 3.41367371877
Iter 1500 / 3447 5.26503807607
Iter 1550 / 3447 4.21520360311
Iter 1600 / 3447 4.98971133762
Iter 1650 / 3447 4.99342404879
Iter 1700 / 3447 5.37543269566
Iter 1750 / 3447 5.80516144724
Iter 1800 / 3447 5.95750617981
Iter 1850 / 3447 4.62881275964
Iter 1900 / 3447 5.72362709045
Iter 1950 / 3447 6.01259482779
Iter 2000 / 3447 5.23930399041
Iter 2050 / 3447 5.88053653115
Iter 2100 / 3447 5.93323308771
Iter 2150 / 3447 4.66249015115
Iter 2200 / 3447 5.10655877529
Iter 2250 / 3447 5.7414855957
Iter 2300 / 3447 5.14192342122
Iter 2350 / 3447 5.54642354237
Iter 2400 / 3447 4.51495038201
Iter 2450 / 3447 5.51728269433
Iter 2500 / 3447 5.74989128113
Iter 2550 / 3447 6.97809776893
Iter 2600 / 3447 4.83819834391
Iter 2650 / 3447 6.31237475077
Iter 2700 / 3447 5.99502091418
Iter 2750 / 3447 5.26781622569
Iter 2800 / 3447 4.69944859947
Iter 2850 / 3447 5.34302312678
Iter 2900 / 3447 5.53965026855
Iter 2950 / 3447 5.61137107567
Iter 3000 / 3447 6.33792701134
Iter 3050 / 3447 5.43769142844
Iter 3100 / 3447 4.94835832384
Iter 3150 / 3447 5.42496863077
Iter 3200 / 3447 5.61040356879
Iter 3250 / 3447 5.63820469232
Iter 3300 / 3447 4.39473152161
Iter 3350 / 3447 6.08129523782
Iter 3400 / 3447 5.13792146955
Epoch 3 Valid 3.19465714444
Epoch 3 Test 3.28766419337
Epoch 4
Iter 50 / 3447 4.21022987366
Iter 100 / 3447 4.21493828566
Iter 150 / 3447 4.84836358474
Iter 200 / 3447 5.26821164732
Iter 250 / 3447 5.36562262641
Iter 300 / 3447 6.25613488091
Iter 350 / 3447 5.60859123109
Iter 400 / 3447 4.30047171456
Iter 450 / 3447 4.99763336182
Iter 500 / 3447 5.89115179153
Iter 550 / 3447 4.18776811872
Iter 600 / 3447 5.19890136719
Iter 650 / 3447 5.58066513959
Iter 700 / 3447 5.16345643997
Iter 750 / 3447 5.16460375817
Iter 800 / 3447 4.91339458119
Iter 850 / 3447 5.30724941156
Iter 900 / 3447 4.95915527344
Iter 950 / 3447 5.29542287191
Iter 1000 / 3447 5.01781825015
Iter 1050 / 3447 5.01491373236
Iter 1100 / 3447 5.10794740565
Iter 1150 / 3447 4.68066507975
Iter 1200 / 3447 3.99906463623
Iter 1250 / 3447 5.22592760169
Iter 1300 / 3447 3.85496651786
Iter 1350 / 3447 4.151271331
Iter 1400 / 3447 5.23291513194
Iter 1450 / 3447 5.22146775987
Iter 1500 / 3447 5.20927459118
Iter 1550 / 3447 2.66779785156
Iter 1600 / 3447 5.05119895935
Iter 1650 / 3447 5.90888202374
Iter 1700 / 3447 5.14448608398
Iter 1750 / 3447 4.29709434509
Iter 1800 / 3447 4.96586375517
Iter 1850 / 3447 4.6114995856
Iter 1900 / 3447 4.60464172363
Iter 1950 / 3447 5.37046214512
Iter 2000 / 3447 4.79816458566
Iter 2050 / 3447 5.61405076247
Iter 2100 / 3447 5.32149818822
Iter 2150 / 3447 7.46425200672
Iter 2200 / 3447 5.66454003562
Iter 2250 / 3447 6.06740951538
Iter 2300 / 3447 5.1726904975
Iter 2350 / 3447 4.25846481323
Iter 2400 / 3447 3.81301852635
Iter 2450 / 3447 5.5749776931
Iter 2500 / 3447 5.56283806695
Iter 2550 / 3447 5.11677412553
Iter 2600 / 3447 4.73238203261
Iter 2650 / 3447 4.2093355619
Iter 2700 / 3447 4.8165103688
Iter 2750 / 3447 7.02944819132
Iter 2800 / 3447 4.62366301438
Iter 2850 / 3447 6.29355918483
Iter 2900 / 3447 4.57156886825
Iter 2950 / 3447 5.16480887277
Iter 3000 / 3447 4.37776660156
Iter 3050 / 3447 5.26094231796
Iter 3100 / 3447 5.40891473944
Iter 3150 / 3447 4.77008705139
Iter 3200 / 3447 5.02599645544
Iter 3250 / 3447 6.13509328742
Iter 3300 / 3447 6.3300134568
Iter 3350 / 3447 4.95768358342
Iter 3400 / 3447 4.70340372721
Epoch 4 Valid 4.07175818336
Epoch 4 Test 3.80785922852
Epoch 5
Iter 50 / 3447 5.02564493815
Iter 100 / 3447 4.46384262227
Iter 150 / 3447 5.13376235962
Iter 200 / 3447 0.989809989929
Iter 250 / 3447 5.08209004122
Iter 300 / 3447 4.07718961201
Iter 350 / 3447 3.88410249598
Iter 400 / 3447 5.07255821228
Iter 450 / 3447 4.82141036748
Iter 500 / 3447 4.08750449287
Iter 550 / 3447 5.2110764076
Iter 600 / 3447 4.64801025391
Iter 650 / 3447 4.94663628472
Iter 700 / 3447 4.43413680367
Iter 750 / 3447 3.06433532715
Iter 800 / 3447 4.985548753
Iter 850 / 3447 4.61709594727
Iter 900 / 3447 4.40797670426
Iter 950 / 3447 5.31561806761
Iter 1000 / 3447 4.27567509242
Iter 1050 / 3447 4.49880361557
Iter 1100 / 3447 5.13470759157
Iter 1150 / 3447 5.35000807239
Iter 1200 / 3447 4.44652547716
Iter 1250 / 3447 5.10032852836
Iter 1300 / 3447 5.58266448975
Iter 1350 / 3447 5.02143434618
Iter 1400 / 3447 4.70199657376
Iter 1450 / 3447 4.94646172774
Iter 1500 / 3447 4.82405938043
Iter 1550 / 3447 4.44903476422
Iter 1600 / 3447 5.36049882192
Iter 1650 / 3447 3.92153428022
Iter 1700 / 3447 4.36328061422
Iter 1750 / 3447 5.41596258254
Iter 1800 / 3447 4.89392671131
Iter 1850 / 3447 5.05016471476
Iter 1900 / 3447 4.79159962047
Iter 1950 / 3447 5.33737582252
Iter 2000 / 3447 4.28564453125
Iter 2050 / 3447 3.78583473383
Iter 2100 / 3447 5.04763062237
Iter 2150 / 3447 5.16195780436
Iter 2200 / 3447 5.59538231826
Iter 2250 / 3447 5.6841910226
Iter 2300 / 3447 4.80573426411
Iter 2350 / 3447 5.49979762027
Iter 2400 / 3447 5.14762676887
Iter 2450 / 3447 5.96957217946
Iter 2500 / 3447 4.79828198751
Iter 2550 / 3447 4.80853618275
Iter 2600 / 3447 5.67745408278
Iter 2650 / 3447 4.95339055647
Iter 2700 / 3447 3.36111481984
Iter 2750 / 3447 5.15792422824
Iter 2800 / 3447 4.00652503967
Iter 2850 / 3447 4.75394528411
Iter 2900 / 3447 4.81789173799
Iter 2950 / 3447 4.92050801153
Iter 3000 / 3447 4.57116992657
Iter 3050 / 3447 5.83716430664
Iter 3100 / 3447 4.6235418939
Iter 3150 / 3447 5.18858451584
Iter 3200 / 3447 4.76382548014
Iter 3250 / 3447 4.53700578962
Iter 3300 / 3447 4.75707941107
Iter 3350 / 3447 4.96738882626
Iter 3400 / 3447 5.20884195964
Epoch 5 Valid 4.59177996175
Epoch 5 Test 4.45077770511
Epoch 6
Iter 50 / 3447 4.89301051864
Iter 100 / 3447 3.65729649862
Iter 150 / 3447 5.01307915582
Iter 200 / 3447 3.98015773998
Iter 250 / 3447 3.69809468587
Iter 300 / 3447 5.80361002142
Iter 350 / 3447 4.12373629483
Iter 400 / 3447 4.30478788987
Iter 450 / 3447 4.69849982628
Iter 500 / 3447 4.39472321541
Iter 550 / 3447 3.96709861755
Iter 600 / 3447 4.48888397217
Iter 650 / 3447 4.61018903116
Iter 700 / 3447 4.84006902521
Iter 750 / 3447 4.97780298304
Iter 800 / 3447 4.67002502441
Iter 850 / 3447 5.61543347998
Iter 900 / 3447 4.16291766697
Iter 950 / 3447 4.41213057171
Iter 1000 / 3447 4.7634327722
Iter 1050 / 3447 4.50353834364
Iter 1100 / 3447 5.03729327313
Iter 1150 / 3447 4.13932190699
Iter 1200 / 3447 4.55572670384
Iter 1250 / 3447 5.51315575315
Iter 1300 / 3447 4.63726286455
Iter 1350 / 3447 4.22921859499
Iter 1400 / 3447 4.99913390113
Iter 1450 / 3447 3.8360220487
Iter 1500 / 3447 4.90895295588
Iter 1550 / 3447 4.02986408102
Iter 1600 / 3447 4.57575965294
Iter 1650 / 3447 4.67203514929
Iter 1700 / 3447 4.91901482476
Iter 1750 / 3447 4.47126579285
Iter 1800 / 3447 4.37407711574
Iter 1850 / 3447 4.79398511804
Iter 1900 / 3447 4.45033984714
Iter 1950 / 3447 4.79101702009
Iter 2000 / 3447 4.01637620192
Iter 2050 / 3447 4.29831381675
Iter 2100 / 3447 5.06586129325
Iter 2150 / 3447 2.65466750296
Iter 2200 / 3447 4.72434931216
Iter 2250 / 3447 4.95145252933
Iter 2300 / 3447 4.69245995416
Iter 2350 / 3447 4.58155194451
Iter 2400 / 3447 3.62374369303
Iter 2450 / 3447 4.70281354119
Iter 2500 / 3447 4.47111102513
Iter 2550 / 3447 4.45289112971
Iter 2600 / 3447 4.71975640191
Iter 2650 / 3447 3.8922720689
Iter 2700 / 3447 3.09402814593
Iter 2750 / 3447 6.12295659383
Iter 2800 / 3447 4.99083369502
Iter 2850 / 3447 6.12256266276
Iter 2900 / 3447 4.80322016502
Iter 2950 / 3447 2.67762374878
Iter 3000 / 3447 4.09573892447
Iter 3050 / 3447 5.80488558683
Iter 3100 / 3447 4.18509724935
Iter 3150 / 3447 4.22180175781
Iter 3200 / 3447 4.7150791896
Iter 3250 / 3447 4.05029531626
Iter 3300 / 3447 4.93583565848
Iter 3350 / 3447 5.02260426113
Iter 3400 / 3447 4.91741022988
Epoch 6 Valid 5.23865584438
Epoch 6 Test 5.12208385687
Epoch 7
Iter 50 / 3447 4.24944432576
Iter 100 / 3447 2.97129900028
Iter 150 / 3447 4.74579968464
Iter 200 / 3447 3.83613491058
Iter 250 / 3447 4.78356644914
Iter 300 / 3447 4.37865545099
Iter 350 / 3447 3.00504103441
Iter 400 / 3447 4.65028663918
Iter 450 / 3447 4.92057588365
Iter 500 / 3447 4.02027951754
Iter 550 / 3447 4.73526551988
Iter 600 / 3447 3.59917633443
Iter 650 / 3447 3.95664760045
Iter 700 / 3447 3.95131810506
Iter 750 / 3447 4.69127857105
Iter 800 / 3447 4.74648355436
Iter 850 / 3447 4.16285391415
Iter 900 / 3447 2.47013060252
Iter 950 / 3447 3.99377718839
Iter 1000 / 3447 4.93163643631
Iter 1050 / 3447 5.22822159987
Iter 1100 / 3447 4.59260995047
Iter 1150 / 3447 4.51054798473
Iter 1200 / 3447 4.724756681
Iter 1250 / 3447 3.24955022903
Iter 1300 / 3447 3.53514931419
Iter 1350 / 3447 4.43061952333
Iter 1400 / 3447 4.17649623326
Iter 1450 / 3447 4.60310598849
Iter 1500 / 3447 4.24324893951
Iter 1550 / 3447 4.0145031782
Iter 1600 / 3447 4.8385961196
Iter 1650 / 3447 4.5459487915
Iter 1700 / 3447 4.88263494318
Iter 1750 / 3447 5.20137357712
Iter 1800 / 3447 4.80835644619
Iter 1850 / 3447 4.51742983536
Iter 1900 / 3447 4.22886074291
Iter 1950 / 3447 5.1271566339
Iter 2000 / 3447 4.7112474714
Iter 2050 / 3447 4.97690235485
Iter 2100 / 3447 4.39641028116
Iter 2150 / 3447 4.78017206423
Iter 2200 / 3447 3.99308175752
Iter 2250 / 3447 4.4081464495
Iter 2300 / 3447 5.40868682861
Iter 2350 / 3447 4.57036243786
Iter 2400 / 3447 4.54157104492
Iter 2450 / 3447 5.31977081299
Iter 2500 / 3447 4.61703283137
Iter 2550 / 3447 4.45802230835
Iter 2600 / 3447 4.56289219789
Iter 2650 / 3447 4.07583782862
Iter 2700 / 3447 4.93448568392
Iter 2750 / 3447 4.72095918238
Iter 2800 / 3447 4.69432724775
Iter 2850 / 3447 4.84605964782
Iter 2900 / 3447 3.01322046916
Iter 2950 / 3447 5.37931932722
Iter 3000 / 3447 4.78749694824
Iter 3050 / 3447 4.75696219308
Iter 3100 / 3447 4.47073800223
Iter 3150 / 3447 3.93920177884
Iter 3200 / 3447 4.08224817224
Iter 3250 / 3447 4.5971267763
Iter 3300 / 3447 4.23128308748
Iter 3350 / 3447 4.05015335083
Iter 3400 / 3447 4.82793753488
Epoch 7 Valid 6.12721911386
Epoch 7 Test 5.44308217261
Epoch 8
Iter 50 / 3447 4.0117878161
Iter 100 / 3447 4.69330617244
Iter 150 / 3447 4.06568504782
Iter 200 / 3447 3.99514092339
Iter 250 / 3447 4.73747753906
Iter 300 / 3447 4.03333370502
Iter 350 / 3447 4.29818261188
Iter 400 / 3447 4.49897098541
Iter 450 / 3447 4.71290352078
Iter 500 / 3447 4.44791545462
Iter 550 / 3447 4.54852429558
Iter 600 / 3447 4.43746209914
Iter 650 / 3447 4.66539353591
Iter 700 / 3447 2.98626995087
Iter 750 / 3447 4.38089939805
Iter 800 / 3447 3.78055156361
Iter 850 / 3447 4.54032098679
Iter 900 / 3447 4.19582201087
Iter 950 / 3447 4.71380753541
Iter 1000 / 3447 4.76814633064
Iter 1050 / 3447 4.49594420517
Iter 1100 / 3447 4.64196447424
Iter 1150 / 3447 4.80830557757
Iter 1200 / 3447 4.4997623749
Iter 1250 / 3447 4.78667279412
Iter 1300 / 3447 4.22305177387
Iter 1350 / 3447 3.86046473185
Iter 1400 / 3447 4.64439715761
Iter 1450 / 3447 3.60627692727
Iter 1500 / 3447 4.62854253029
Iter 1550 / 3447 4.55985444168
Iter 1600 / 3447 4.54276752472
Iter 1650 / 3447 3.84444110577
Iter 1700 / 3447 3.89608688354
Iter 1750 / 3447 5.08757798937
Iter 1800 / 3447 4.61713801204
Iter 1850 / 3447 3.1805202961
Iter 1900 / 3447 4.4242588141
Iter 1950 / 3447 4.35692274306
Iter 2000 / 3447 4.54171346029
Iter 2050 / 3447 4.49639934383
Iter 2100 / 3447 3.88266548744
Iter 2150 / 3447 4.9027764105
Iter 2200 / 3447 4.33014831543
Iter 2250 / 3447 3.85509554545
Iter 2300 / 3447 3.67947518485
Iter 2350 / 3447 3.69871591967
Iter 2400 / 3447 4.4487628829
Iter 2450 / 3447 4.69002083599
Iter 2500 / 3447 4.31192959872
Iter 2550 / 3447 4.48169569536
Iter 2600 / 3447 4.54407838915
Iter 2650 / 3447 3.98542081393
Iter 2700 / 3447 4.51326357085
Iter 2750 / 3447 4.17230042957
Iter 2800 / 3447 4.23949034318
Iter 2850 / 3447 2.96516609192
Iter 2900 / 3447 5.2211270419
Iter 2950 / 3447 3.68746471405
Iter 3000 / 3447 5.65181905573
Iter 3050 / 3447 4.37915123834
Iter 3100 / 3447 4.57039572976
Iter 3150 / 3447 4.25545622173
Iter 3200 / 3447 3.5589716131
Iter 3250 / 3447 4.44314519709
Iter 3300 / 3447 4.4615531019
Iter 3350 / 3447 4.63752482786
Iter 3400 / 3447 4.75544172015
Epoch 8 Valid 5.7170116325
Epoch 8 Test 5.82805073394
Epoch 9
Iter 50 / 3447 4.17282772064
Iter 100 / 3447 3.96937713623
Iter 150 / 3447 3.08452860514
Iter 200 / 3447 3.88631439209
Iter 250 / 3447 4.00750050041
Iter 300 / 3447 4.48754370436
Iter 350 / 3447 3.4306690113
Iter 400 / 3447 4.27148331043
Iter 450 / 3447 4.25000704252
Iter 500 / 3447 4.64013468061
Iter 550 / 3447 4.7182304819
Iter 600 / 3447 3.54704362918
Iter 650 / 3447 3.92050249149
Iter 700 / 3447 4.28432747977
Iter 750 / 3447 3.4384291172
Iter 800 / 3447 4.53464712748
Iter 850 / 3447 4.01529257638
Iter 900 / 3447 4.02841186523
Iter 950 / 3447 3.76930894523
Iter 1000 / 3447 4.5337411386
Iter 1050 / 3447 2.42242699339
Iter 1100 / 3447 4.28066291809
Iter 1150 / 3447 4.52088267008
Iter 1200 / 3447 4.43085678764
Iter 1250 / 3447 4.4754796182
Iter 1300 / 3447 4.23507254464
Iter 1350 / 3447 4.35836909367
Iter 1400 / 3447 3.17908978462
Iter 1450 / 3447 4.00698208971
Iter 1500 / 3447 3.96219364289
Iter 1550 / 3447 2.69623028791
Iter 1600 / 3447 4.32558860085
Iter 1650 / 3447 4.23824564616
Iter 1700 / 3447 5.03827206119
Iter 1750 / 3447 4.69590392593
Iter 1800 / 3447 4.10968093872
Iter 1850 / 3447 3.36808192476
Iter 1900 / 3447 4.33804364886
Iter 1950 / 3447 4.80182794866
Iter 2000 / 3447 3.69551166735
Iter 2050 / 3447 3.91235406058
Iter 2100 / 3447 4.47796554565
Iter 2150 / 3447 3.67692533452
Iter 2200 / 3447 4.3132273915
Iter 2250 / 3447 4.32003326416
Iter 2300 / 3447 4.35527324677
Iter 2350 / 3447 2.60307559452
Iter 2400 / 3447 4.31474161148
Iter 2450 / 3447 4.49349451065
Iter 2500 / 3447 4.24286783854
Iter 2550 / 3447 3.99382866753
Iter 2600 / 3447 5.06469077252
Iter 2650 / 3447 3.611513658
Iter 2700 / 3447 4.28736877441
Iter 2750 / 3447 4.68756414343
Iter 2800 / 3447 4.16636488173
Iter 2850 / 3447 4.36095755441
Iter 2900 / 3447 3.41752857273
Iter 2950 / 3447 6.13251495361
Iter 3000 / 3447 2.76301498413
Iter 3050 / 3447 4.64559417075
Iter 3100 / 3447 4.12122923752
Iter 3150 / 3447 4.39499255194
Iter 3200 / 3447 4.00500912137
Iter 3250 / 3447 3.41417957653
Iter 3300 / 3447 4.4379965572
Iter 3350 / 3447 4.56287085492
Iter 3400 / 3447 1.9398876826
Epoch 9 Valid 6.67672288588
Epoch 9 Test 6.23307239656
Epoch 10
Iter 50 / 3447 4.00239626567
Iter 100 / 3447 3.32323695592
Iter 150 / 3447 3.16302357228
Iter 200 / 3447 2.80066811698
Iter 250 / 3447 4.80878729569
Iter 300 / 3447 4.52661182134
Iter 350 / 3447 3.4617726094
Iter 400 / 3447 3.90692329407
Iter 450 / 3447 3.82322981551
Iter 500 / 3447 4.1395434425
Iter 550 / 3447 3.94172847972
Iter 600 / 3447 4.69200602214
Iter 650 / 3447 4.32570030576
Iter 700 / 3447 3.50549888611
Iter 750 / 3447 4.70101254485
Iter 800 / 3447 4.64069095735
Iter 850 / 3447 4.40174303039
Iter 900 / 3447 3.95576985677
Iter 950 / 3447 4.53205252982
Iter 1000 / 3447 3.76522445679
Iter 1050 / 3447 4.32554085545
Iter 1100 / 3447 4.09886047363
Iter 1150 / 3447 3.02104873657
Iter 1200 / 3447 4.79274808444
Iter 1250 / 3447 4.04112739563
Iter 1300 / 3447 4.15573533376
Iter 1350 / 3447 4.10572155611
Iter 1400 / 3447 4.48313685826
Iter 1450 / 3447 4.44328675447
Iter 1500 / 3447 4.23839922977
Iter 1550 / 3447 4.0928030303
Iter 1600 / 3447 3.6920035226
Iter 1650 / 3447 4.94202372233
Iter 1700 / 3447 3.51226945357
Iter 1750 / 3447 4.06647020368
Iter 1800 / 3447 0.764903187752
Iter 1850 / 3447 3.94516499837
Iter 1900 / 3447 4.24751763328
Iter 1950 / 3447 5.17143461439
Iter 2000 / 3447 4.28253802131
Iter 2050 / 3447 5.25662676493
Iter 2100 / 3447 4.25166720436
Iter 2150 / 3447 4.59900742628
Iter 2200 / 3447 4.52096119673
Iter 2250 / 3447 4.54257384183
Iter 2300 / 3447 4.39407740543
Iter 2350 / 3447 4.34122606734
Iter 2400 / 3447 6.98197283064
Iter 2450 / 3447 4.35428696784
Iter 2500 / 3447 4.21506958008
Iter 2550 / 3447 4.64302847726
Iter 2600 / 3447 5.46568934123
Iter 2650 / 3447 4.31195608775
Iter 2700 / 3447 4.31918936065
Iter 2750 / 3447 3.10676683698
Iter 2800 / 3447 4.61891479197
Iter 2850 / 3447 1.84007821764
Iter 2900 / 3447 4.15400493062
Iter 2950 / 3447 3.97957269077
Iter 3000 / 3447 2.61360794459
Iter 3050 / 3447 3.16087595622
Iter 3100 / 3447 4.17896887138
Iter 3150 / 3447 4.17705485026
Iter 3200 / 3447 4.30713096032
Iter 3250 / 3447 4.4434820437
Iter 3300 / 3447 3.14260829579
Iter 3350 / 3447 4.14143567208
Iter 3400 / 3447 4.61878129548
Epoch 10 Valid 6.91594993774
Epoch 10 Test 6.18498639929
Epoch 11
Iter 50 / 3447 3.37163085938
Iter 100 / 3447 4.03298380534
Iter 150 / 3447 4.38712176155
Iter 200 / 3447 4.27331355168
Iter 250 / 3447 4.31739807129
Iter 300 / 3447 4.38848985944
Iter 350 / 3447 4.86567433675
Iter 400 / 3447 2.8461265564
Iter 450 / 3447 4.07186349233
Iter 500 / 3447 3.49355888367
Iter 550 / 3447 3.47591061062
Iter 600 / 3447 3.92508130882
Iter 650 / 3447 4.3001575582
Iter 700 / 3447 4.2583732605
Iter 750 / 3447 4.25072490305
Iter 800 / 3447 5.09011030197
Iter 850 / 3447 4.37507052951
Iter 900 / 3447 4.23287755793
Iter 950 / 3447 4.6412016369
Iter 1000 / 3447 3.94080273073
Iter 1050 / 3447 3.78651447061
Iter 1100 / 3447 4.17380823206
Iter 1150 / 3447 4.03148663233
Iter 1200 / 3447 4.56434787848
Iter 1250 / 3447 4.30545139313
Iter 1300 / 3447 4.53254767248
Iter 1350 / 3447 3.43657330104
Iter 1400 / 3447 3.7627751277
Iter 1450 / 3447 4.08416592873
Iter 1500 / 3447 3.77578326634
Iter 1550 / 3447 4.3401755009
Iter 1600 / 3447 4.13659303085
Iter 1650 / 3447 3.63832172595
Iter 1700 / 3447 5.50870905696
Iter 1750 / 3447 3.12117595057
Iter 1800 / 3447 3.27892930773
Iter 1850 / 3447 3.84287493919
Iter 1900 / 3447 4.02905273438
Iter 1950 / 3447 4.10437268709
Iter 2000 / 3447 3.77424144745
Iter 2050 / 3447 4.14728132884
Iter 2100 / 3447 3.25375032425
Iter 2150 / 3447 4.37136535645
Iter 2200 / 3447 4.35611090862
Iter 2250 / 3447 3.64246578493
Iter 2300 / 3447 3.57962324813
Iter 2350 / 3447 3.97054191258
Iter 2400 / 3447 2.76372909546
Iter 2450 / 3447 3.1979658647
Iter 2500 / 3447 4.17436447144
Iter 2550 / 3447 4.14014253162
Iter 2600 / 3447 4.78477887409
Iter 2650 / 3447 3.99132537842
Iter 2700 / 3447 6.56713022085
Iter 2750 / 3447 4.49582551756
Iter 2800 / 3447 3.36184962792
Iter 2850 / 3447 4.40150292969
Iter 2900 / 3447 3.67198181152
Iter 2950 / 3447 5.08154468805
Iter 3000 / 3447 4.18484825721
Iter 3050 / 3447 4.18831185734
Iter 3100 / 3447 4.23467025757
Iter 3150 / 3447 2.08279576021
Iter 3200 / 3447 4.27928957165
Iter 3250 / 3447 3.96054077148
Iter 3300 / 3447 0.851570129395
Iter 3350 / 3447 4.1930205676
Iter 3400 / 3447 4.16353190104
Epoch 11 Valid 7.04406989173
Epoch 11 Test 6.61987174528
Epoch 12
Iter 50 / 3447 4.17969470554
Iter 100 / 3447 4.28168973056
Iter 150 / 3447 3.4069618812
Iter 200 / 3447 2.8816990928
Iter 250 / 3447 1.69076052579
Iter 300 / 3447 3.98803948296
Iter 350 / 3447 4.08907106188
Iter 400 / 3447 4.24910672506
Iter 450 / 3447 2.99979654948
Iter 500 / 3447 3.34080155691
Iter 550 / 3447 3.94948476156
Iter 600 / 3447 2.51340913773
Iter 650 / 3447 4.3586213083
Iter 700 / 3447 4.01429616994
Iter 750 / 3447 3.19329071045
Iter 800 / 3447 3.51096375783
Iter 850 / 3447 3.65766444351
Iter 900 / 3447 4.11425393725
Iter 950 / 3447 4.46105879841
Iter 1000 / 3447 4.22660962841
Iter 1050 / 3447 3.25528971354
Iter 1100 / 3447 3.25850993831
Iter 1150 / 3447 4.45243936351
Iter 1200 / 3447 3.00551462173
Iter 1250 / 3447 3.88645095825
Iter 1300 / 3447 3.47753824506
Iter 1350 / 3447 4.30843805384
Iter 1400 / 3447 2.57151565552
Iter 1450 / 3447 3.32144117355
Iter 1500 / 3447 3.69191947035
Iter 1550 / 3447 3.8029570146
Iter 1600 / 3447 3.10143389021
Iter 1650 / 3447 3.76997680664
Iter 1700 / 3447 3.86985337107
Iter 1750 / 3447 4.38502848024
Iter 1800 / 3447 3.24870367611
Iter 1850 / 3447 3.65729022026
Iter 1900 / 3447 3.49125827089
Iter 1950 / 3447 3.71585915305
Iter 2000 / 3447 4.2067776384
Iter 2050 / 3447 3.779492242
Iter 2100 / 3447 3.82390637131
Iter 2150 / 3447 4.26771081612
Iter 2200 / 3447 4.70223824637
Iter 2250 / 3447 3.21688620827
Iter 2300 / 3447 4.21644271047
Iter 2350 / 3447 2.09600806236
Iter 2400 / 3447 3.23943145752
Iter 2450 / 3447 4.40847557178
Iter 2500 / 3447 3.8696814643
Iter 2550 / 3447 4.10665595013
Iter 2600 / 3447 4.14433328941
Iter 2650 / 3447 3.16339983259
Iter 2700 / 3447 3.53960638177
Iter 2750 / 3447 3.48609246148
Iter 2800 / 3447 3.97497068248
Iter 2850 / 3447 4.23089252819
Iter 2900 / 3447 4.10299173991
Iter 2950 / 3447 3.66379759047
Iter 3000 / 3447 3.03256909601
Iter 3050 / 3447 4.22654654763
Iter 3100 / 3447 3.27541804314
Iter 3150 / 3447 3.13051135723
Iter 3200 / 3447 3.85085442638
Iter 3250 / 3447 4.01410438275
Iter 3300 / 3447 4.5365847633
Iter 3350 / 3447 3.26451978496
Iter 3400 / 3447 3.96522840563
Epoch 12 Valid 6.82919770706
Epoch 12 Test 6.45090863484
Epoch 13
Iter 50 / 3447 4.19425427074
Iter 100 / 3447 3.79335540062
Iter 150 / 3447 3.48870777991
Iter 200 / 3447 2.70976279122
Iter 250 / 3447 3.25972557068
Iter 300 / 3447 3.44796943665
Iter 350 / 3447 3.04983974147
Iter 400 / 3447 3.83937835693
Iter 450 / 3447 3.56703936043
Iter 500 / 3447 4.32636987422
Iter 550 / 3447 3.72467681508
Iter 600 / 3447 3.83534706963
Iter 650 / 3447 3.29250136155
Iter 700 / 3447 4.11066750919
Iter 750 / 3447 4.00674305791
Iter 800 / 3447 3.91211573283
Iter 850 / 3447 3.19139274024
Iter 900 / 3447 3.26170444489
Iter 950 / 3447 2.96157598495
Iter 1000 / 3447 3.36612422883
Iter 1050 / 3447 3.91531181335
Iter 1100 / 3447 3.78408737183
Iter 1150 / 3447 3.85712678626
Iter 1200 / 3447 3.7900066765
Iter 1250 / 3447 3.33477210999
Iter 1300 / 3447 4.08442284595
Iter 1350 / 3447 3.85978555679
Iter 1400 / 3447 4.40715100556
Iter 1450 / 3447 4.14229953247
Iter 1500 / 3447 2.99836520491
Iter 1550 / 3447 3.99175959761
Iter 1600 / 3447 4.16773317015
Iter 1650 / 3447 3.6018531436
Iter 1700 / 3447 4.28349370542
Iter 1750 / 3447 3.84538438585
Iter 1800 / 3447 2.26234358775
Iter 1850 / 3447 3.96587968003
Iter 1900 / 3447 3.9427848229
Iter 1950 / 3447 4.25796805246
Iter 2000 / 3447 3.16104927063
Iter 2050 / 3447 3.25962219238
Iter 2100 / 3447 4.47647781372
Iter 2150 / 3447 4.45304146688
Iter 2200 / 3447 4.35018150253
Iter 2250 / 3447 2.79673741659
Iter 2300 / 3447 4.22868115234
Iter 2350 / 3447 2.55982103535
Iter 2400 / 3447 3.93745079041
Iter 2450 / 3447 4.48014412345
Iter 2500 / 3447 4.31580200195
Iter 2550 / 3447 4.10368461609
Iter 2600 / 3447 4.32596333822
Iter 2650 / 3447 3.66325872085
Iter 2700 / 3447 3.88567636527
Iter 2750 / 3447 3.40331823647
Iter 2800 / 3447 4.05669001529
Iter 2850 / 3447 3.74071577484
Iter 2900 / 3447 4.30725045932
Iter 2950 / 3447 3.27527088589
Iter 3000 / 3447 3.61083902995
Iter 3050 / 3447 5.0980158488
Iter 3100 / 3447 3.84550514221
Iter 3150 / 3447 3.79049718948
Iter 3200 / 3447 4.02571411133
Iter 3250 / 3447 4.10180555967
Iter 3300 / 3447 4.0304204305
Iter 3350 / 3447 4.31482969012
Iter 3400 / 3447 3.35394830573
Epoch 13 Valid 7.24790697687
Epoch 13 Test 6.98681702495
Epoch 14
Iter 50 / 3447 3.51776279547
Iter 100 / 3447 3.77715801371
Iter 150 / 3447 3.83199725116
Iter 200 / 3447 3.563264959
Iter 250 / 3447 3.89398745833
Iter 300 / 3447 4.22982458166
Iter 350 / 3447 4.01957046583
Iter 400 / 3447 3.91977143623
Iter 450 / 3447 3.67910504341
Iter 500 / 3447 3.91744321935
Iter 550 / 3447 3.45175757775
Iter 600 / 3447 3.90791282654
Iter 650 / 3447 3.61503314972
Iter 700 / 3447 3.01255247328
Iter 750 / 3447 4.12360548937
Iter 800 / 3447 3.85617288256
Iter 850 / 3447 3.94590533221
Iter 900 / 3447 3.74707444509
Iter 950 / 3447 3.52232000563
Iter 1000 / 3447 3.65699513753
Iter 1050 / 3447 3.3125890096
Iter 1100 / 3447 3.60916039252
Iter 1150 / 3447 3.70309187726
Iter 1200 / 3447 4.18206084864
Iter 1250 / 3447 3.61992001534
Iter 1300 / 3447 4.67318448153
Iter 1350 / 3447 2.39093589783
Iter 1400 / 3447 1.73268095652
Iter 1450 / 3447 4.24915553977
Iter 1500 / 3447 4.34390177409
Iter 1550 / 3447 3.73853859535
Iter 1600 / 3447 3.48676505456
Iter 1650 / 3447 4.46266174316
Iter 1700 / 3447 4.25150653759
Iter 1750 / 3447 3.62103845933
Iter 1800 / 3447 3.47534878406
Iter 1850 / 3447 3.88613860567
Iter 1900 / 3447 2.58951263428
Iter 1950 / 3447 2.75839432426
Iter 2000 / 3447 3.79131011963
Iter 2050 / 3447 4.01262432596
Iter 2100 / 3447 3.5047009786
Iter 2150 / 3447 4.4270040398
Iter 2200 / 3447 3.87276534347
Iter 2250 / 3447 3.90231980949
Iter 2300 / 3447 3.18610839844
Iter 2350 / 3447 3.84211021246
Iter 2400 / 3447 4.16919948033
Iter 2450 / 3447 3.09633811123
Iter 2500 / 3447 4.41174763005
Iter 2550 / 3447 3.16069120519
Iter 2600 / 3447 1.26076968511
Iter 2650 / 3447 2.91825914383
Iter 2700 / 3447 4.20001265914
Iter 2750 / 3447 3.62849801486
Iter 2800 / 3447 1.83026776995
Iter 2850 / 3447 3.46461615764
Iter 2900 / 3447 3.68859164869
Iter 2950 / 3447 3.56430180868
Iter 3000 / 3447 4.05902375474
Iter 3050 / 3447 4.33830786533
Iter 3100 / 3447 1.75640654564
Iter 3150 / 3447 4.19985805414
Iter 3200 / 3447 3.40811593192
Iter 3250 / 3447 3.83058516184
Iter 3300 / 3447 3.67507089331
Iter 3350 / 3447 3.39296613421
Iter 3400 / 3447 4.23031261989
Epoch 14 Valid 7.68547139276
Epoch 14 Test 7.39154860395
Epoch 15
Iter 50 / 3447 3.22479335581
Iter 100 / 3447 4.59332934293
Iter 150 / 3447 3.93373446994
Iter 200 / 3447 3.71661117842
Iter 250 / 3447 3.58301192064
Iter 300 / 3447 3.50347614288
Iter 350 / 3447 3.73859424126
Iter 400 / 3447 4.08540537926
Iter 450 / 3447 3.16672096252
Iter 500 / 3447 4.34673000026
Iter 550 / 3447 3.59952176002
Iter 600 / 3447 3.49061557225
Iter 650 / 3447 2.90882844191
Iter 700 / 3447 1.93532513969
Iter 750 / 3447 4.07645909926
Iter 800 / 3447 2.93611487564
Iter 850 / 3447 4.55034561157
Iter 900 / 3447 2.56977017721
Iter 950 / 3447 3.92087160308
Iter 1000 / 3447 4.01784778032
Iter 1050 / 3447 3.91942037816
Iter 1100 / 3447 3.37902374268
Iter 1150 / 3447 2.99605784697
Iter 1200 / 3447 3.59380364418
Iter 1250 / 3447 3.42846857707
Iter 1300 / 3447 3.56930652965
Iter 1350 / 3447 2.74180183411
Iter 1400 / 3447 3.77157354355
Iter 1450 / 3447 3.54117075602
Iter 1500 / 3447 3.18918496591
Iter 1550 / 3447 4.31706370478
Iter 1600 / 3447 4.11562286377
Iter 1650 / 3447 3.71750814873
Iter 1700 / 3447 3.97589496235
Iter 1750 / 3447 3.87274773916
Iter 1800 / 3447 3.96355570918
Iter 1850 / 3447 4.05769151257
Iter 1900 / 3447 2.996778965
Iter 1950 / 3447 3.48746787177
Iter 2000 / 3447 3.44277085198
Iter 2050 / 3447 3.39230493399
Iter 2100 / 3447 3.37574190707
Iter 2150 / 3447 3.87176863031
Iter 2200 / 3447 3.18428378635
Iter 2250 / 3447 3.81251937624
Iter 2300 / 3447 4.00580671722
Iter 2350 / 3447 3.82640970164
Iter 2400 / 3447 3.52509906527
Iter 2450 / 3447 3.82950047084
Iter 2500 / 3447 2.36657977104
Iter 2550 / 3447 3.35217285156
Iter 2600 / 3447 3.51444320679
Iter 2650 / 3447 3.68654047648
Iter 2700 / 3447 4.0039279219
Iter 2750 / 3447 3.8758256392
Iter 2800 / 3447 3.02904163707
Iter 2850 / 3447 4.12345377604
Iter 2900 / 3447 3.41555438778
Iter 2950 / 3447 2.46732584635
Iter 3000 / 3447 3.8108581543
Iter 3050 / 3447 3.89434712728
Iter 3100 / 3447 3.48799872644
Iter 3150 / 3447 4.17971846637
Iter 3200 / 3447 3.04672002792
Iter 3250 / 3447 5.2662462507
Iter 3300 / 3447 3.93721335107
Iter 3350 / 3447 3.41329956055
Iter 3400 / 3447 4.18829435461
Epoch 15 Valid 7.90341974375
Epoch 15 Test 7.42521533566
Epoch 16
Iter 50 / 3447 3.39194995117
Iter 100 / 3447 3.2421985973
Iter 150 / 3447 3.34930462307
Iter 200 / 3447 3.62627856762
Iter 250 / 3447 3.91160224418
Iter 300 / 3447 3.6363356454
Iter 350 / 3447 3.76845906576
Iter 400 / 3447 3.63499450684
Iter 450 / 3447 3.73214935303
Iter 500 / 3447 3.5214077109
Iter 550 / 3447 3.62496601452
Iter 600 / 3447 3.56510996819
Iter 650 / 3447 3.87116865678
Iter 700 / 3447 3.54607582092
Iter 750 / 3447 3.4112159184
Iter 800 / 3447 3.71740870322
Iter 850 / 3447 3.56843778822
Iter 900 / 3447 3.44606968614
Iter 950 / 3447 3.77363647461
Iter 1000 / 3447 4.15680013021
Iter 1050 / 3447 3.04418024941
Iter 1100 / 3447 3.73075658625
Iter 1150 / 3447 3.867802011
Iter 1200 / 3447 2.10406637192
Iter 1250 / 3447 3.98023742676
Iter 1300 / 3447 3.64899989537
Iter 1350 / 3447 3.05031188965
Iter 1400 / 3447 4.40405404979
Iter 1450 / 3447 3.62759634165
Iter 1500 / 3447 3.71523617015
Iter 1550 / 3447 3.2731260642
Iter 1600 / 3447 3.4431461535
Iter 1650 / 3447 3.46810472929
Iter 1700 / 3447 2.16863003899
Iter 1750 / 3447 3.96944309008
Iter 1800 / 3447 3.41622706822
Iter 1850 / 3447 4.17169807282
Iter 1900 / 3447 2.98439466036
Iter 1950 / 3447 3.79167335382
Iter 2000 / 3447 3.79922053019
Iter 2050 / 3447 4.61215114594
Iter 2100 / 3447 4.10435290214
Iter 2150 / 3447 3.7531224301
Iter 2200 / 3447 4.51726156978
Iter 2250 / 3447 3.33551961725
Iter 2300 / 3447 4.00402526855
Iter 2350 / 3447 3.62494405111
Iter 2400 / 3447 3.59963862101
Iter 2450 / 3447 3.36166381836
Iter 2500 / 3447 4.44382947557
Iter 2550 / 3447 3.45699038298
Iter 2600 / 3447 3.99090506814
Iter 2650 / 3447 4.87990646362
Iter 2700 / 3447 3.7308077131
Iter 2750 / 3447 2.90294508501
Iter 2800 / 3447 3.92479433931
Iter 2850 / 3447 3.8117420709
Iter 2900 / 3447 3.65756988525
Iter 2950 / 3447 3.92174203055
Iter 3000 / 3447 3.7582558852
Iter 3050 / 3447 4.53077413268
Iter 3100 / 3447 3.86297088977
Iter 3150 / 3447 4.17388785226
Iter 3200 / 3447 3.6400037493
Iter 3250 / 3447 3.40156773158
Iter 3300 / 3447 2.89713338216
Iter 3350 / 3447 3.84740597357
Iter 3400 / 3447 3.58161808894
Epoch 16 Valid 7.92254968483
Epoch 16 Test 7.35091691783
Epoch 17
Iter 50 / 3447 3.43439609338
Iter 100 / 3447 1.22677612305
Iter 150 / 3447 3.46504368502
Iter 200 / 3447 4.14667580344
Iter 250 / 3447 3.49066211331
Iter 300 / 3447 3.64306948883
Iter 350 / 3447 3.83955184273
Iter 400 / 3447 2.93811958377
Iter 450 / 3447 2.4464971369
Iter 500 / 3447 2.52986409114
Iter 550 / 3447 3.79563797352
Iter 600 / 3447 3.65822673979
Iter 650 / 3447 3.92492792039
Iter 700 / 3447 2.29282256096
Iter 750 / 3447 2.7280632019
Iter 800 / 3447 3.2009378321
Iter 850 / 3447 3.87817679511
Iter 900 / 3447 3.95481414795
Iter 950 / 3447 4.13252318139
Iter 1000 / 3447 3.67569877988
Iter 1050 / 3447 1.66810078091
Iter 1100 / 3447 3.1958384196
Iter 1150 / 3447 3.53351750093
Iter 1200 / 3447 4.18933746375
Iter 1250 / 3447 3.79251389276
Iter 1300 / 3447 2.82770204544
Iter 1350 / 3447 3.40795923869
Iter 1400 / 3447 2.930260849
Iter 1450 / 3447 3.3407055991
Iter 1500 / 3447 3.63233947754
Iter 1550 / 3447 3.70744277492
Iter 1600 / 3447 3.60633996817
Iter 1650 / 3447 3.50510454178
Iter 1700 / 3447 3.93241500854
Iter 1750 / 3447 3.92791026618
Iter 1800 / 3447 3.7696669849
Iter 1850 / 3447 4.06094630235
Iter 1900 / 3447 3.75473494757
Iter 1950 / 3447 3.37452745438
Iter 2000 / 3447 3.50475056966
Iter 2050 / 3447 3.84772198017
Iter 2100 / 3447 3.38810851082
Iter 2150 / 3447 3.35351139949
Iter 2200 / 3447 3.3209564209
Iter 2250 / 3447 3.47937274801
Iter 2300 / 3447 4.05178833008
Iter 2350 / 3447 3.6985895066
Iter 2400 / 3447 2.74209389758
Iter 2450 / 3447 3.39983393351
Iter 2500 / 3447 4.02932213093
Iter 2550 / 3447 3.68519072099
Iter 2600 / 3447 3.9176925133
Iter 2650 / 3447 2.91331261083
Iter 2700 / 3447 4.26240886341
Iter 2750 / 3447 3.42992760524
Iter 2800 / 3447 3.79790680984
Iter 2850 / 3447 3.69063810869
Iter 2900 / 3447 3.09159183502
Iter 2950 / 3447 3.25869489397
Iter 3000 / 3447 3.3402815194
Iter 3050 / 3447 4.03088746035
Iter 3100 / 3447 1.2214101976
Iter 3150 / 3447 3.10169618429
Iter 3200 / 3447 4.08060429014
Iter 3250 / 3447 3.87133972168
Iter 3300 / 3447 1.55072903633
Iter 3350 / 3447 3.31795419812
Iter 3400 / 3447 3.20584383878
Epoch 17 Valid 7.70055981489
Epoch 17 Test 7.27543973076
Epoch 18
Iter 50 / 3447 3.88938140869
Iter 100 / 3447 3.64732769735
Iter 150 / 3447 3.39755249023
Iter 200 / 3447 0.974294160542
Iter 250 / 3447 0.751250505447
Iter 300 / 3447 3.53149159749
Iter 350 / 3447 4.03381767654
Iter 400 / 3447 4.54476651278
Iter 450 / 3447 4.48789469401
Iter 500 / 3447 3.74300695349
Iter 550 / 3447 0.888113632202
Iter 600 / 3447 3.71275959844
Iter 650 / 3447 5.16846362965
Iter 700 / 3447 3.64864282133
Iter 750 / 3447 3.55264580768
Iter 800 / 3447 3.84342825753
Iter 850 / 3447 3.34890421549
Iter 900 / 3447 3.57153429304
Iter 950 / 3447 2.23761579725
Iter 1000 / 3447 3.33364694769
Iter 1050 / 3447 3.93918829449
Iter 1100 / 3447 3.93295994511
Iter 1150 / 3447 3.78064704664
Iter 1200 / 3447 3.54689306962
Iter 1250 / 3447 3.67222875478
Iter 1300 / 3447 3.61103155919
Iter 1350 / 3447 4.06578536261
Iter 1400 / 3447 2.96024068197
Iter 1450 / 3447 4.1060623972
Iter 1500 / 3447 3.41457468669
Iter 1550 / 3447 3.98203786214
Iter 1600 / 3447 2.94346470424
Iter 1650 / 3447 4.44046719869
Iter 1700 / 3447 3.43573869978
Iter 1750 / 3447 3.18973788409
Iter 1800 / 3447 3.43137791951
Iter 1850 / 3447 3.7338811701
Iter 1900 / 3447 2.32820744301
Iter 1950 / 3447 3.80737345927
Iter 2000 / 3447 3.63855667114
Iter 2050 / 3447 2.71171254125
Iter 2100 / 3447 3.31949920654
Iter 2150 / 3447 2.57800625532
Iter 2200 / 3447 3.93467660502
Iter 2250 / 3447 3.65202606701
Iter 2300 / 3447 3.55131607056
Iter 2350 / 3447 3.54744578727
Iter 2400 / 3447 5.15250968933
Iter 2450 / 3447 2.80894364251
Iter 2500 / 3447 2.99520257803
Iter 2550 / 3447 3.21213746682
Iter 2600 / 3447 3.93957963423
Iter 2650 / 3447 3.03104135019
Iter 2700 / 3447 3.07249520042
Iter 2750 / 3447 3.50783271294
Iter 2800 / 3447 3.58251714706
Iter 2850 / 3447 4.01429207094
Iter 2900 / 3447 2.93416111444
Iter 2950 / 3447 3.54479132758
Iter 3000 / 3447 4.04676402699
Iter 3050 / 3447 4.06357974833
Iter 3100 / 3447 3.50830804734
Iter 3150 / 3447 3.9649345584
Iter 3200 / 3447 3.27007777254
Iter 3250 / 3447 4.43365974426
Iter 3300 / 3447 4.12928412942
Iter 3350 / 3447 3.44650441296
Iter 3400 / 3447 1.92772774074
Epoch 18 Valid 7.90261586233
Epoch 18 Test 7.54691251859
Epoch 19
Iter 50 / 3447 3.43845728824
Iter 100 / 3447 4.23699982666
Iter 150 / 3447 3.8561293079
Iter 200 / 3447 3.47172164917
Iter 250 / 3447 0.976043144862
Iter 300 / 3447 3.89413009344
Iter 350 / 3447 3.54536783166
Iter 400 / 3447 3.16315197123
Iter 450 / 3447 3.51608009338
Iter 500 / 3447 3.7117175293
Iter 550 / 3447 2.99912923177
Iter 600 / 3447 3.92002971182
Iter 650 / 3447 2.6072200853
Iter 700 / 3447 2.8469099565
Iter 750 / 3447 3.44087766251
Iter 800 / 3447 2.42868094011
Iter 850 / 3447 4.04479631696
Iter 900 / 3447 1.64574691228
Iter 950 / 3447 3.1805251549
Iter 1000 / 3447 3.50683773265
Iter 1050 / 3447 3.18685467193
Iter 1100 / 3447 3.67884172712
Iter 1150 / 3447 1.64552340788
Iter 1200 / 3447 3.66755137724
Iter 1250 / 3447 3.68891009706
Iter 1300 / 3447 2.65010023117
Iter 1350 / 3447 3.82484597764
Iter 1400 / 3447 4.16673157315
Iter 1450 / 3447 3.95120457241
Iter 1500 / 3447 3.22597800361
Iter 1550 / 3447 3.92440085575
Iter 1600 / 3447 3.85106461136
Iter 1650 / 3447 3.73604132205
Iter 1700 / 3447 3.32627705165
Iter 1750 / 3447 3.41749298878
Iter 1800 / 3447 2.31519130019
Iter 1850 / 3447 4.13219964357
Iter 1900 / 3447 3.1996499086
Iter 1950 / 3447 3.11248543412
Iter 2000 / 3447 3.22131299216
Iter 2050 / 3447 3.47534344647
Iter 2100 / 3447 3.87502528599
Iter 2150 / 3447 3.56004171932
Iter 2200 / 3447 4.06825764974
Iter 2250 / 3447 4.13360691071
Iter 2300 / 3447 3.68284665621
Iter 2350 / 3447 3.89395839146
Iter 2400 / 3447 3.87485008294
Iter 2450 / 3447 2.83207596673
Iter 2500 / 3447 3.25967897688
Iter 2550 / 3447 2.53819819859
Iter 2600 / 3447 3.921300242
Iter 2650 / 3447 3.24269688924
Iter 2700 / 3447 3.44769821167
Iter 2750 / 3447 2.38876231511
Iter 2800 / 3447 3.476124483
Iter 2850 / 3447 3.71266136533
Iter 2900 / 3447 4.0049115767
Iter 2950 / 3447 3.22617966788
Iter 3000 / 3447 3.18590666118
Iter 3050 / 3447 3.47973090278
Iter 3100 / 3447 4.20611388425
Iter 3150 / 3447 3.0024187088
Iter 3200 / 3447 3.23187597867
Iter 3250 / 3447 3.72849691812
Iter 3300 / 3447 3.1851210961
Iter 3350 / 3447 2.95325046115
Iter 3400 / 3447 3.04837472098
Epoch 19 Valid 8.05186005164
Epoch 19 Test 7.76215123171
Epoch 20
Iter 50 / 3447 3.85859923826
Iter 100 / 3447 3.07294067383
Iter 150 / 3447 3.28591111127
Iter 200 / 3447 2.17582233136
Iter 250 / 3447 3.60572228065
Iter 300 / 3447 1.27734995697
Iter 350 / 3447 3.59314971924
Iter 400 / 3447 3.85243463516
Iter 450 / 3447 0.275544881821
Iter 500 / 3447 2.4079720839
Iter 550 / 3447 2.66747613387
Iter 600 / 3447 3.56887404983
Iter 650 / 3447 2.76781858247
Iter 700 / 3447 2.88516510857
Iter 750 / 3447 1.02214622498
Iter 800 / 3447 3.49610241977
Iter 850 / 3447 3.5044448159
Iter 900 / 3447 3.8329369717
Iter 950 / 3447 4.0637550354
Iter 1000 / 3447 2.93660354614
Iter 1050 / 3447 1.29472194574
Iter 1100 / 3447 3.21591949463
Iter 1150 / 3447 2.88795429951
Iter 1200 / 3447 3.81857066761
Iter 1250 / 3447 3.55555725098
Iter 1300 / 3447 3.93022471461
Iter 1350 / 3447 3.67818752257
Iter 1400 / 3447 3.03809853206
Iter 1450 / 3447 2.99520664215
Iter 1500 / 3447 4.10119848504
Iter 1550 / 3447 3.44873826769
Iter 1600 / 3447 3.24361690398
Iter 1650 / 3447 3.24019984195
Iter 1700 / 3447 4.21513012477
Iter 1750 / 3447 3.73498626709
Iter 1800 / 3447 4.15102074851
Iter 1850 / 3447 1.90488070533
Iter 1900 / 3447 0.591892369588
Iter 1950 / 3447 3.97074499159
Iter 2000 / 3447 4.01733712589
Iter 2050 / 3447 3.81495525219
Iter 2100 / 3447 2.13952032725
Iter 2150 / 3447 3.40253295898
Iter 2200 / 3447 3.41934605649
Iter 2250 / 3447 2.19388052133
Iter 2300 / 3447 3.11251780192
Iter 2350 / 3447 3.639904658
Iter 2400 / 3447 3.50009714762
Iter 2450 / 3447 3.33653683133
Iter 2500 / 3447 4.00753173828
Iter 2550 / 3447 3.58830277244
Iter 2600 / 3447 2.33252440559
Iter 2650 / 3447 4.58305286226
Iter 2700 / 3447 2.92104384478
Iter 2750 / 3447 3.47220030285
Iter 2800 / 3447 4.53926813035
Iter 2850 / 3447 4.12151869462
Iter 2900 / 3447 3.61758522365
Iter 2950 / 3447 3.21221368963
Iter 3000 / 3447 3.48033565945
Iter 3050 / 3447 3.51635843913
Iter 3100 / 3447 3.622050669
Iter 3150 / 3447 3.36913045247
Iter 3200 / 3447 3.66706702823
Iter 3250 / 3447 3.6252243042
Iter 3300 / 3447 3.26911635626
Iter 3350 / 3447 2.99296913684
Iter 3400 / 3447 3.99284621904
Epoch 20 Valid 8.00877863859
Epoch 20 Test 7.85202601925
