nohup: ignoring input
[dynet] initializing CUDA
[dynet] Request for 1 specific GPU ...
[dynet] Device Number: 3
[dynet]   Device name: GeForce GTX TITAN X
[dynet]   Memory Clock Rate (KHz): 3505000
[dynet]   Memory Bus Width (bits): 384
[dynet]   Peak Memory Bandwidth (GB/s): 336.48
[dynet]   Memory Free (GB): 12.6834/12.7996
[dynet]
[dynet] Device(s) selected: 3
[dynet] random seed: 1299836428
[dynet] allocating memory: 5000MB
[dynet] memory allocation done.
Epoch 1
Iter 50 / 4558 6.57294741544
Iter 100 / 4558 6.47746225993
Iter 150 / 4558 6.39496088963
Iter 200 / 4558 5.97939397001
Iter 250 / 4558 5.93970883018
Iter 300 / 4558 5.78183449639
Iter 350 / 4558 6.11633361816
Iter 400 / 4558 5.38306975188
Iter 450 / 4558 5.27049401118
Iter 500 / 4558 5.57354377298
Iter 550 / 4558 5.57273749895
Iter 600 / 4558 5.44703180873
Iter 650 / 4558 5.73734761332
Iter 700 / 4558 5.69153429114
Iter 750 / 4558 5.2117641449
Iter 800 / 4558 5.56367341765
Iter 850 / 4558 5.12608591715
Iter 900 / 4558 5.28654337565
Iter 950 / 4558 5.52688156349
Iter 1000 / 4558 5.82720251251
Iter 1050 / 4558 5.18796633603
Iter 1100 / 4558 6.0614559467
Iter 1150 / 4558 5.07303797945
Iter 1200 / 4558 4.40796059056
Iter 1250 / 4558 5.50569982696
Iter 1300 / 4558 5.03293158791
Iter 1350 / 4558 4.24657440186
Iter 1400 / 4558 5.06363685685
Iter 1450 / 4558 4.06739849514
Iter 1500 / 4558 4.8309047699
Iter 1550 / 4558 4.5889162792
Iter 1600 / 4558 4.3615020752
Iter 1650 / 4558 4.745272974
Iter 1700 / 4558 4.13299973806
Iter 1750 / 4558 4.82388213187
Iter 1800 / 4558 4.66672043573
Iter 1850 / 4558 5.08811442057
Iter 1900 / 4558 4.56871830333
Iter 1950 / 4558 4.84118254288
Iter 2000 / 4558 4.32885178276
Iter 2050 / 4558 4.86349412138
Iter 2100 / 4558 4.826323304
Iter 2150 / 4558 3.90783825549
Iter 2200 / 4558 4.73560260275
Iter 2250 / 4558 4.94729600694
Iter 2300 / 4558 5.07418412429
Iter 2350 / 4558 4.41553085152
Iter 2400 / 4558 4.69691708213
Iter 2450 / 4558 4.30148828557
Iter 2500 / 4558 5.29837590998
Iter 2550 / 4558 2.31008625031
Iter 2600 / 4558 4.7433291626
Iter 2650 / 4558 4.31717732891
Iter 2700 / 4558 4.21736138581
Iter 2750 / 4558 3.77413732355
Iter 2800 / 4558 4.94327213788
Iter 2850 / 4558 3.99384832382
Iter 2900 / 4558 4.52568918251
Iter 2950 / 4558 4.30081176758
Iter 3000 / 4558 5.1373260498
Iter 3050 / 4558 4.05693223741
Iter 3100 / 4558 4.47712809245
Iter 3150 / 4558 5.12036987305
Iter 3200 / 4558 4.06253292686
Iter 3250 / 4558 4.10827015064
Iter 3300 / 4558 2.11888258798
Iter 3350 / 4558 3.74489321027
Iter 3400 / 4558 4.64179910196
Iter 3450 / 4558 4.31111823188
Iter 3500 / 4558 4.04549186862
Iter 3550 / 4558 4.38449702416
Iter 3600 / 4558 3.03887912205
Iter 3650 / 4558 4.29480603276
Iter 3700 / 4558 5.08640674878
Iter 3750 / 4558 4.49657236505
Iter 3800 / 4558 4.08926352476
Iter 3850 / 4558 4.33822475336
Iter 3900 / 4558 3.02856349945
Iter 3950 / 4558 4.31856647995
Iter 4000 / 4558 4.09749723736
Iter 4050 / 4558 4.79893798828
Iter 4100 / 4558 4.38577202691
Iter 4150 / 4558 4.84480880479
Iter 4200 / 4558 4.18527832031
Iter 4250 / 4558 3.93918096824
Iter 4300 / 4558 4.07015107807
Iter 4350 / 4558 4.1845999053
Iter 4400 / 4558 4.6058926466
Iter 4450 / 4558 4.25188143291
Iter 4500 / 4558 4.03161472923
Iter 4550 / 4558 5.24842622545
Epoch 1 Valid 11.33914121
Epoch 1 Test 10.9474941292
Epoch 2
Iter 50 / 4558 3.63860294737
Iter 100 / 4558 4.90445278002
Iter 150 / 4558 3.95589916854
Iter 200 / 4558 4.1161241686
Iter 250 / 4558 3.99208203125
Iter 300 / 4558 4.67043363131
Iter 350 / 4558 4.79073202199
Iter 400 / 4558 3.76295043299
Iter 450 / 4558 3.72562829379
Iter 500 / 4558 4.74459152222
Iter 550 / 4558 3.12006632487
Iter 600 / 4558 3.64164842878
Iter 650 / 4558 3.81552364952
Iter 700 / 4558 4.64521721734
Iter 750 / 4558 3.93915857723
Iter 800 / 4558 4.95929802789
Iter 850 / 4558 4.89461273508
Iter 900 / 4558 4.59600263323
Iter 950 / 4558 3.59875052316
Iter 1000 / 4558 3.67774184207
Iter 1050 / 4558 3.85716780996
Iter 1100 / 4558 3.94242790671
Iter 1150 / 4558 3.99940973266
Iter 1200 / 4558 3.73884911475
Iter 1250 / 4558 3.61135864258
Iter 1300 / 4558 3.44022521973
Iter 1350 / 4558 4.03443007871
Iter 1400 / 4558 4.72598763755
Iter 1450 / 4558 3.83652978194
Iter 1500 / 4558 3.70548749211
Iter 1550 / 4558 3.38549253676
Iter 1600 / 4558 6.54958315249
Iter 1650 / 4558 4.08975889625
Iter 1700 / 4558 3.74034496345
Iter 1750 / 4558 3.51125226702
Iter 1800 / 4558 3.92669387091
Iter 1850 / 4558 4.60002912555
Iter 1900 / 4558 4.60672614688
Iter 1950 / 4558 4.32750429426
Iter 2000 / 4558 3.97325696443
Iter 2050 / 4558 3.95252789638
Iter 2100 / 4558 3.98599541243
Iter 2150 / 4558 3.07141927083
Iter 2200 / 4558 3.49808013134
Iter 2250 / 4558 4.02805127596
Iter 2300 / 4558 3.4164906529
Iter 2350 / 4558 3.56879223633
Iter 2400 / 4558 3.75832926432
Iter 2450 / 4558 3.17092009514
Iter 2500 / 4558 3.971595106
Iter 2550 / 4558 3.48712525544
Iter 2600 / 4558 3.51169557925
Iter 2650 / 4558 5.09184734638
Iter 2700 / 4558 3.39848489864
Iter 2750 / 4558 4.56447725518
Iter 2800 / 4558 3.18942112393
Iter 2850 / 4558 3.51225280762
Iter 2900 / 4558 4.35510435199
Iter 2950 / 4558 4.52471662249
Iter 3000 / 4558 4.04728001186
Iter 3050 / 4558 4.1966645377
Iter 3100 / 4558 5.39543117176
Iter 3150 / 4558 4.24057777482
Iter 3200 / 4558 4.67724904706
Iter 3250 / 4558 3.84839081974
Iter 3300 / 4558 4.55832773844
Iter 3350 / 4558 4.09882269965
Iter 3400 / 4558 3.82433227539
Iter 3450 / 4558 4.57335258152
Iter 3500 / 4558 3.02363041469
Iter 3550 / 4558 3.83284152561
Iter 3600 / 4558 5.8264800427
Iter 3650 / 4558 4.32830031375
Iter 3700 / 4558 3.88925276131
Iter 3750 / 4558 4.10668500264
Iter 3800 / 4558 4.31602014814
Iter 3850 / 4558 4.590983412
Iter 3900 / 4558 3.1699404997
Iter 3950 / 4558 3.18949000041
Iter 4000 / 4558 3.46245897733
Iter 4050 / 4558 2.84124998613
Iter 4100 / 4558 3.54204836759
Iter 4150 / 4558 4.07295965211
Iter 4200 / 4558 4.39827734375
Iter 4250 / 4558 3.60042155873
Iter 4300 / 4558 3.99339174421
Iter 4350 / 4558 3.59714902214
Iter 4400 / 4558 3.41754858045
Iter 4450 / 4558 3.36659976414
Iter 4500 / 4558 3.78447101497
Iter 4550 / 4558 4.03233110144
Epoch 2 Valid 16.6206174671
Epoch 2 Test 15.9584595131
Epoch 3
Iter 50 / 4558 2.56553030014
Iter 100 / 4558 3.51894729202
Iter 150 / 4558 3.37959415211
Iter 200 / 4558 3.62849112874
Iter 250 / 4558 3.34987286159
Iter 300 / 4558 3.42052050781
Iter 350 / 4558 4.47313435872
Iter 400 / 4558 4.19340550622
Iter 450 / 4558 3.82444365128
Iter 500 / 4558 4.47670815208
Iter 550 / 4558 4.57970263672
Iter 600 / 4558 3.84435237311
Iter 650 / 4558 3.66399017752
Iter 700 / 4558 3.56188318969
Iter 750 / 4558 3.33806724548
Iter 800 / 4558 3.47663845486
Iter 850 / 4558 5.07176449424
Iter 900 / 4558 3.48117824332
Iter 950 / 4558 3.85244941711
Iter 1000 / 4558 3.79498535156
Iter 1050 / 4558 4.03516981337
Iter 1100 / 4558 3.15440704346
Iter 1150 / 4558 3.64282520001
Iter 1200 / 4558 3.39673928653
Iter 1250 / 4558 3.09528961182
Iter 1300 / 4558 3.59913247319
Iter 1350 / 4558 4.48927243551
Iter 1400 / 4558 3.55336332775
Iter 1450 / 4558 3.29352642241
Iter 1500 / 4558 3.26813354492
Iter 1550 / 4558 2.85623105367
Iter 1600 / 4558 3.62893968665
Iter 1650 / 4558 2.98130382191
Iter 1700 / 4558 2.31892542685
Iter 1750 / 4558 3.10838815789
Iter 1800 / 4558 4.03659790039
Iter 1850 / 4558 3.99122517904
Iter 1900 / 4558 3.79928614657
Iter 1950 / 4558 4.65266956148
Iter 2000 / 4558 4.44972767549
Iter 2050 / 4558 3.52677106857
Iter 2100 / 4558 3.57853892493
Iter 2150 / 4558 3.51015324838
Iter 2200 / 4558 3.37280033412
Iter 2250 / 4558 3.28665213749
Iter 2300 / 4558 3.29451917565
Iter 2350 / 4558 3.37143041578
Iter 2400 / 4558 4.11754005834
Iter 2450 / 4558 4.18032192176
Iter 2500 / 4558 3.44053810521
Iter 2550 / 4558 3.31873084759
Iter 2600 / 4558 3.4243359688
Iter 2650 / 4558 2.94744173686
Iter 2700 / 4558 3.3334725719
Iter 2750 / 4558 3.23242348119
Iter 2800 / 4558 3.00426401411
Iter 2850 / 4558 4.32037222257
Iter 2900 / 4558 2.99561221783
Iter 2950 / 4558 4.19080509048
Iter 3000 / 4558 3.22750781831
Iter 3050 / 4558 4.22868030895
Iter 3100 / 4558 2.92636299133
Iter 3150 / 4558 3.75709005503
Iter 3200 / 4558 4.31890337183
Iter 3250 / 4558 4.20225854013
Iter 3300 / 4558 3.57364032887
Iter 3350 / 4558 3.16351081585
Iter 3400 / 4558 3.72717995479
Iter 3450 / 4558 3.19600161384
Iter 3500 / 4558 3.71197272407
Iter 3550 / 4558 4.21024038277
Iter 3600 / 4558 3.23317972819
Iter 3650 / 4558 3.65144246419
Iter 3700 / 4558 3.42578195765
Iter 3750 / 4558 5.26996866862
Iter 3800 / 4558 3.11249339824
Iter 3850 / 4558 3.58064385776
Iter 3900 / 4558 3.41153025073
Iter 3950 / 4558 3.69675191243
Iter 4000 / 4558 4.26164245605
Iter 4050 / 4558 3.25442423503
Iter 4100 / 4558 3.28252951304
Iter 4150 / 4558 4.15624206047
Iter 4200 / 4558 3.13703705544
Iter 4250 / 4558 2.81825065613
Iter 4300 / 4558 3.05002880096
Iter 4350 / 4558 3.86654246937
Iter 4400 / 4558 3.30190307617
Iter 4450 / 4558 4.41883341471
Iter 4500 / 4558 4.09494089526
Iter 4550 / 4558 3.27168185469
Epoch 3 Valid 19.5546622807
Epoch 3 Test 19.0672992789
Epoch 4
Iter 50 / 4558 2.08003497124
Iter 100 / 4558 3.97491159747
Iter 150 / 4558 3.37858307667
Iter 200 / 4558 3.04505468298
Iter 250 / 4558 3.137941088
Iter 300 / 4558 2.58741760254
Iter 350 / 4558 3.28356338129
Iter 400 / 4558 2.88015127182
Iter 450 / 4558 3.29751864347
Iter 500 / 4558 3.00316810608
Iter 550 / 4558 3.13449125201
Iter 600 / 4558 4.46807122481
Iter 650 / 4558 3.384943896
Iter 700 / 4558 3.08774433965
Iter 750 / 4558 3.43703884549
Iter 800 / 4558 3.22842962092
Iter 850 / 4558 3.31479143415
Iter 900 / 4558 5.20004468086
Iter 950 / 4558 3.41359296526
Iter 1000 / 4558 2.82760583349
Iter 1050 / 4558 4.89002685547
Iter 1100 / 4558 3.67487940295
Iter 1150 / 4558 2.86866494884
Iter 1200 / 4558 3.43427884286
Iter 1250 / 4558 3.74247377997
Iter 1300 / 4558 4.0729284042
Iter 1350 / 4558 3.82642059326
Iter 1400 / 4558 3.01729061046
Iter 1450 / 4558 3.19967691522
Iter 1500 / 4558 5.16473563058
Iter 1550 / 4558 3.1274394989
Iter 1600 / 4558 3.23627433467
Iter 1650 / 4558 2.91366972747
Iter 1700 / 4558 2.88745586689
Iter 1750 / 4558 2.83149036488
Iter 1800 / 4558 3.3757405599
Iter 1850 / 4558 2.37358506521
Iter 1900 / 4558 3.19758895348
Iter 1950 / 4558 3.88258310954
Iter 2000 / 4558 2.89621751959
Iter 2050 / 4558 3.83788729581
Iter 2100 / 4558 4.30832724996
Iter 2150 / 4558 3.62385864258
Iter 2200 / 4558 3.34242276278
Iter 2250 / 4558 3.11016845703
Iter 2300 / 4558 3.09532205258
Iter 2350 / 4558 3.87016659691
Iter 2400 / 4558 3.17438591851
Iter 2450 / 4558 3.26649938513
Iter 2500 / 4558 3.12586767023
Iter 2550 / 4558 3.08004048665
Iter 2600 / 4558 2.87884934743
Iter 2650 / 4558 5.56578265496
Iter 2700 / 4558 3.64543817694
Iter 2750 / 4558 3.89998431797
Iter 2800 / 4558 3.04344714129
Iter 2850 / 4558 2.12517529865
Iter 2900 / 4558 3.76215186486
Iter 2950 / 4558 2.99642389471
Iter 3000 / 4558 3.49757585622
Iter 3050 / 4558 3.36620423852
Iter 3100 / 4558 3.03653244745
Iter 3150 / 4558 3.33125434339
Iter 3200 / 4558 3.2713427157
Iter 3250 / 4558 3.08110194895
Iter 3300 / 4558 3.09061065674
Iter 3350 / 4558 3.64887895534
Iter 3400 / 4558 3.82614571708
Iter 3450 / 4558 4.10079447428
Iter 3500 / 4558 3.19195411319
Iter 3550 / 4558 4.21664755685
Iter 3600 / 4558 2.94024165984
Iter 3650 / 4558 4.66924824434
Iter 3700 / 4558 3.75688580282
Iter 3750 / 4558 2.96459197998
Iter 3800 / 4558 4.35704483524
Iter 3850 / 4558 3.11109087544
Iter 3900 / 4558 3.42848892212
Iter 3950 / 4558 3.07132339478
Iter 4000 / 4558 3.06254988961
Iter 4050 / 4558 4.31524997287
Iter 4100 / 4558 3.69410160867
Iter 4150 / 4558 2.77870660079
Iter 4200 / 4558 2.6766648726
Iter 4250 / 4558 3.69336361355
Iter 4300 / 4558 3.40560272217
Iter 4350 / 4558 2.19843565215
Iter 4400 / 4558 2.63075920726
Iter 4450 / 4558 3.38131374783
Iter 4500 / 4558 2.6139156635
Iter 4550 / 4558 3.60205012496
Epoch 4 Valid 21.498178002
Epoch 4 Test 20.8024982705
Epoch 5
Iter 50 / 4558 2.42757742746
Iter 100 / 4558 1.55210503867
Iter 150 / 4558 3.2343549611
Iter 200 / 4558 2.19405025906
Iter 250 / 4558 3.26839258764
Iter 300 / 4558 2.71288642883
Iter 350 / 4558 3.41328098463
Iter 400 / 4558 3.0558467351
Iter 450 / 4558 2.85785913467
Iter 500 / 4558 2.78175184462
Iter 550 / 4558 3.67598631521
Iter 600 / 4558 3.47746764289
Iter 650 / 4558 3.29869649496
Iter 700 / 4558 2.61865452358
Iter 750 / 4558 3.02504581038
Iter 800 / 4558 4.03714914033
Iter 850 / 4558 2.92291787637
Iter 900 / 4558 2.05288791656
Iter 950 / 4558 3.42084095287
Iter 1000 / 4558 3.03949961036
Iter 1050 / 4558 3.76635811546
Iter 1100 / 4558 3.15990254831
Iter 1150 / 4558 3.07341277294
Iter 1200 / 4558 2.56297740717
Iter 1250 / 4558 2.92886176476
Iter 1300 / 4558 2.91574273593
Iter 1350 / 4558 3.75672944387
Iter 1400 / 4558 1.97216159695
Iter 1450 / 4558 2.96599601977
Iter 1500 / 4558 2.86709827847
Iter 1550 / 4558 3.06136141325
Iter 1600 / 4558 5.29776133662
Iter 1650 / 4558 3.38540741892
Iter 1700 / 4558 2.78889964177
Iter 1750 / 4558 3.00500319
Iter 1800 / 4558 2.76176779611
Iter 1850 / 4558 3.02898844883
Iter 1900 / 4558 3.05164317255
Iter 1950 / 4558 2.66218494234
Iter 2000 / 4558 3.30168644832
Iter 2050 / 4558 2.59850727428
Iter 2100 / 4558 3.30851658412
Iter 2150 / 4558 3.38544053298
Iter 2200 / 4558 4.48764843411
Iter 2250 / 4558 3.0652130353
Iter 2300 / 4558 3.06056689058
Iter 2350 / 4558 3.08441882663
Iter 2400 / 4558 3.13912270286
Iter 2450 / 4558 2.60846201579
Iter 2500 / 4558 4.19222566975
Iter 2550 / 4558 2.6500264218
Iter 2600 / 4558 3.52444016306
Iter 2650 / 4558 3.39764870123
Iter 2700 / 4558 2.80630247055
Iter 2750 / 4558 2.79104761924
Iter 2800 / 4558 2.42786177202
Iter 2850 / 4558 2.74560112847
Iter 2900 / 4558 2.56275346544
Iter 2950 / 4558 2.66565789117
Iter 3000 / 4558 4.01758113378
Iter 3050 / 4558 2.41251420975
Iter 3100 / 4558 2.8166647691
Iter 3150 / 4558 3.03003927251
Iter 3200 / 4558 2.74492533067
Iter 3250 / 4558 2.9399107961
Iter 3300 / 4558 2.94664887536
Iter 3350 / 4558 3.98565483093
Iter 3400 / 4558 3.05509968547
Iter 3450 / 4558 2.97352433205
Iter 3500 / 4558 3.00073806866
Iter 3550 / 4558 3.27612232027
Iter 3600 / 4558 2.53173241248
Iter 3650 / 4558 3.17045347152
Iter 3700 / 4558 2.98532523361
Iter 3750 / 4558 5.19191598603
Iter 3800 / 4558 2.24672698975
Iter 3850 / 4558 3.93589599609
Iter 3900 / 4558 4.82104317801
Iter 3950 / 4558 2.921875
Iter 4000 / 4558 2.7013837029
Iter 4050 / 4558 4.60833510779
Iter 4100 / 4558 3.21604931262
Iter 4150 / 4558 4.02846685446
Iter 4200 / 4558 3.58900035511
Iter 4250 / 4558 2.78972229777
Iter 4300 / 4558 4.04401688349
Iter 4350 / 4558 2.95539294827
Iter 4400 / 4558 2.29529724121
Iter 4450 / 4558 2.82104511261
Iter 4500 / 4558 3.13686364438
Iter 4550 / 4558 2.97059319236
Epoch 5 Valid 21.9163715437
Epoch 5 Test 21.3771558165
Epoch 6
Iter 50 / 4558 3.43263457327
Iter 100 / 4558 3.50416365914
Iter 150 / 4558 2.27878805307
Iter 200 / 4558 2.74558827575
Iter 250 / 4558 3.23339226905
Iter 300 / 4558 3.62962995257
Iter 350 / 4558 3.10745048523
Iter 400 / 4558 3.02521858215
Iter 450 / 4558 2.53396807219
Iter 500 / 4558 3.48312886556
Iter 550 / 4558 1.733335495
Iter 600 / 4558 2.75265884399
Iter 650 / 4558 4.64832787765
Iter 700 / 4558 3.26016734197
Iter 750 / 4558 2.37422021484
Iter 800 / 4558 5.06229580966
Iter 850 / 4558 3.05718126085
Iter 900 / 4558 3.11877948113
Iter 950 / 4558 3.41650162988
Iter 1000 / 4558 2.8363244969
Iter 1050 / 4558 3.20643376369
Iter 1100 / 4558 3.29953731414
Iter 1150 / 4558 2.84272925533
Iter 1200 / 4558 3.10525339018
Iter 1250 / 4558 2.27453745966
Iter 1300 / 4558 6.33796386719
Iter 1350 / 4558 3.01054494394
Iter 1400 / 4558 1.95003967285
Iter 1450 / 4558 1.94445141879
Iter 1500 / 4558 4.24682822924
Iter 1550 / 4558 4.66172462174
Iter 1600 / 4558 2.86422346478
Iter 1650 / 4558 2.5487112999
Iter 1700 / 4558 2.71136085793
Iter 1750 / 4558 2.79215807234
Iter 1800 / 4558 2.70538313264
Iter 1850 / 4558 2.61874620454
Iter 1900 / 4558 2.70443676364
Iter 1950 / 4558 3.08866388658
Iter 2000 / 4558 2.6712956862
Iter 2050 / 4558 2.77437789352
Iter 2100 / 4558 2.89079291572
Iter 2150 / 4558 2.54277784174
Iter 2200 / 4558 3.84226792279
Iter 2250 / 4558 3.08857899541
Iter 2300 / 4558 2.82470062256
Iter 2350 / 4558 2.81073765346
Iter 2400 / 4558 2.39308887058
Iter 2450 / 4558 3.73274803162
Iter 2500 / 4558 2.33456688596
Iter 2550 / 4558 2.67523808633
Iter 2600 / 4558 2.5305854947
Iter 2650 / 4558 2.59981504902
Iter 2700 / 4558 3.06779942368
Iter 2750 / 4558 2.68953317395
Iter 2800 / 4558 3.24384043168
Iter 2850 / 4558 3.03805461683
Iter 2900 / 4558 3.94678690896
Iter 2950 / 4558 3.44526723469
Iter 3000 / 4558 2.7281926473
Iter 3050 / 4558 3.03446180556
Iter 3100 / 4558 2.98843141036
Iter 3150 / 4558 2.38360449686
Iter 3200 / 4558 2.94778210579
Iter 3250 / 4558 3.03877355182
Iter 3300 / 4558 3.34311127663
Iter 3350 / 4558 2.28385472298
Iter 3400 / 4558 3.00883544922
Iter 3450 / 4558 4.37694914445
Iter 3500 / 4558 3.28982917444
Iter 3550 / 4558 3.10938739777
Iter 3600 / 4558 2.6127143436
Iter 3650 / 4558 3.47860305656
Iter 3700 / 4558 1.73856964111
Iter 3750 / 4558 2.50303497314
Iter 3800 / 4558 3.56987225568
Iter 3850 / 4558 3.65989520099
Iter 3900 / 4558 3.52279120551
Iter 3950 / 4558 2.7707178793
Iter 4000 / 4558 2.83253584237
Iter 4050 / 4558 2.85417498075
Iter 4100 / 4558 3.33775309773
Iter 4150 / 4558 3.20857819414
Iter 4200 / 4558 2.85373254724
Iter 4250 / 4558 4.31541188558
Iter 4300 / 4558 3.44373255191
Iter 4350 / 4558 2.5415417635
Iter 4400 / 4558 3.08797458556
Iter 4450 / 4558 2.96182512556
Iter 4500 / 4558 2.64810276031
Iter 4550 / 4558 3.43946644176
Epoch 6 Valid 23.1440854067
Epoch 6 Test 22.4159697135
Epoch 7
Iter 50 / 4558 2.69627285004
Iter 100 / 4558 3.36763222434
Iter 150 / 4558 3.07602280837
Iter 200 / 4558 3.23233725808
Iter 250 / 4558 4.20229443359
Iter 300 / 4558 3.30176731326
Iter 350 / 4558 2.80585741997
Iter 400 / 4558 2.27727487925
Iter 450 / 4558 2.95925640238
Iter 500 / 4558 2.5769220988
Iter 550 / 4558 2.34986146291
Iter 600 / 4558 2.98676987636
Iter 650 / 4558 3.03293359653
Iter 700 / 4558 3.42506494415
Iter 750 / 4558 3.19682436343
Iter 800 / 4558 2.56122091542
Iter 850 / 4558 4.17660989847
Iter 900 / 4558 2.83373006185
Iter 950 / 4558 3.54990200229
Iter 1000 / 4558 3.15529760407
Iter 1050 / 4558 2.78984709709
Iter 1100 / 4558 1.98330664635
Iter 1150 / 4558 3.57172357468
Iter 1200 / 4558 3.58661608015
Iter 1250 / 4558 2.96247170188
Iter 1300 / 4558 2.99715962129
Iter 1350 / 4558 3.54865656672
Iter 1400 / 4558 3.17827326135
Iter 1450 / 4558 2.69624690006
Iter 1500 / 4558 3.02892275667
Iter 1550 / 4558 3.12225051153
Iter 1600 / 4558 3.0067088506
Iter 1650 / 4558 3.05349549793
Iter 1700 / 4558 3.1012644177
Iter 1750 / 4558 3.02819737644
Iter 1800 / 4558 3.98567398735
Iter 1850 / 4558 2.74612862723
Iter 1900 / 4558 2.27984649735
Iter 1950 / 4558 2.72944122314
Iter 2000 / 4558 2.81507723939
Iter 2050 / 4558 2.83887087066
Iter 2100 / 4558 2.94624761537
Iter 2150 / 4558 2.78687357903
Iter 2200 / 4558 2.90484183175
Iter 2250 / 4558 3.16133880615
Iter 2300 / 4558 2.61765384674
Iter 2350 / 4558 3.00416103306
Iter 2400 / 4558 2.76384931292
Iter 2450 / 4558 3.65770626068
Iter 2500 / 4558 1.30697449394
Iter 2550 / 4558 2.46815333647
Iter 2600 / 4558 2.99870482927
Iter 2650 / 4558 3.0545395947
Iter 2700 / 4558 3.04920679728
Iter 2750 / 4558 3.1081076728
Iter 2800 / 4558 3.04786728368
Iter 2850 / 4558 2.78225800816
Iter 2900 / 4558 3.81003750437
Iter 2950 / 4558 3.83676521146
Iter 3000 / 4558 3.19572708695
Iter 3050 / 4558 2.84998603181
Iter 3100 / 4558 3.14907818419
Iter 3150 / 4558 2.99206042167
Iter 3200 / 4558 2.77600784302
Iter 3250 / 4558 4.40055629185
Iter 3300 / 4558 3.01728534698
Iter 3350 / 4558 2.26784632756
Iter 3400 / 4558 3.70039645108
Iter 3450 / 4558 2.18577194214
Iter 3500 / 4558 4.01590237759
Iter 3550 / 4558 1.90087738037
Iter 3600 / 4558 1.70854624995
Iter 3650 / 4558 2.77095712198
Iter 3700 / 4558 2.84966606988
Iter 3750 / 4558 2.9363444737
Iter 3800 / 4558 2.55008019341
Iter 3850 / 4558 2.77991739909
Iter 3900 / 4558 3.14383023456
Iter 3950 / 4558 3.13887217688
Iter 4000 / 4558 3.03236639437
Iter 4050 / 4558 2.60960579255
Iter 4100 / 4558 2.36680978969
Iter 4150 / 4558 3.54455114294
Iter 4200 / 4558 2.97669830322
Iter 4250 / 4558 2.42315750122
Iter 4300 / 4558 3.07592606447
Iter 4350 / 4558 2.88259517125
Iter 4400 / 4558 2.13380241394
Iter 4450 / 4558 3.25873631069
Iter 4500 / 4558 2.74779996005
Iter 4550 / 4558 2.80254769325
Epoch 7 Valid 22.4970036484
Epoch 7 Test 22.2258819718
Epoch 8
Iter 50 / 4558 1.65853099823
Iter 100 / 4558 2.53770471388
Iter 150 / 4558 1.62694705616
Iter 200 / 4558 3.23480070891
Iter 250 / 4558 3.0992883107
Iter 300 / 4558 2.67331025095
Iter 350 / 4558 3.12542347072
Iter 400 / 4558 3.30956244518
Iter 450 / 4558 2.94794605396
Iter 500 / 4558 3.14560964156
Iter 550 / 4558 2.82611914741
Iter 600 / 4558 3.26779194621
Iter 650 / 4558 2.80775204613
Iter 700 / 4558 4.12329429709
Iter 750 / 4558 3.75480059455
Iter 800 / 4558 2.59511771824
Iter 850 / 4558 0.397091537714
Iter 900 / 4558 2.00776457787
Iter 950 / 4558 3.10464322842
Iter 1000 / 4558 4.48928124564
Iter 1050 / 4558 4.48209903115
Iter 1100 / 4558 2.15182924271
Iter 1150 / 4558 2.93626897692
Iter 1200 / 4558 2.93202695742
Iter 1250 / 4558 3.21478298611
Iter 1300 / 4558 3.52637551048
Iter 1350 / 4558 2.84798080857
Iter 1400 / 4558 2.942080046
Iter 1450 / 4558 3.64764823622
Iter 1500 / 4558 2.36754119091
Iter 1550 / 4558 0.0841967612505
Iter 1600 / 4558 2.38490976871
Iter 1650 / 4558 2.71073117463
Iter 1700 / 4558 4.64458624522
Iter 1750 / 4558 2.73597200834
Iter 1800 / 4558 2.55797281573
Iter 1850 / 4558 2.69775472369
Iter 1900 / 4558 2.40553559197
Iter 1950 / 4558 2.8939527107
Iter 2000 / 4558 2.5877442911
Iter 2050 / 4558 2.53486480713
Iter 2100 / 4558 2.40281804403
Iter 2150 / 4558 1.2455702695
Iter 2200 / 4558 2.5319949256
Iter 2250 / 4558 2.88881134447
Iter 2300 / 4558 3.39501919217
Iter 2350 / 4558 2.97372652304
Iter 2400 / 4558 3.07284674846
Iter 2450 / 4558 3.35834721157
Iter 2500 / 4558 2.01714560769
Iter 2550 / 4558 2.91731059926
Iter 2600 / 4558 3.3955071865
Iter 2650 / 4558 3.35550895104
Iter 2700 / 4558 2.33801378523
Iter 2750 / 4558 2.67762664795
Iter 2800 / 4558 2.67560112995
Iter 2850 / 4558 3.5807279699
Iter 2900 / 4558 2.59894044059
Iter 2950 / 4558 2.83059556749
Iter 3000 / 4558 2.57752282279
Iter 3050 / 4558 2.43067474365
Iter 3100 / 4558 3.24477539063
Iter 3150 / 4558 2.94406943486
Iter 3200 / 4558 2.4612681071
Iter 3250 / 4558 4.14252984719
Iter 3300 / 4558 3.47388792875
Iter 3350 / 4558 3.5739138467
Iter 3400 / 4558 2.58959197998
Iter 3450 / 4558 3.11258909437
Iter 3500 / 4558 3.80076435634
Iter 3550 / 4558 2.93261594946
Iter 3600 / 4558 2.82787407769
Iter 3650 / 4558 2.60896823281
Iter 3700 / 4558 2.36005147298
Iter 3750 / 4558 2.72991088867
Iter 3800 / 4558 4.41242980957
Iter 3850 / 4558 2.58194210655
Iter 3900 / 4558 3.07579702701
Iter 3950 / 4558 2.65778613692
Iter 4000 / 4558 1.65935394981
Iter 4050 / 4558 2.36069428293
Iter 4100 / 4558 2.49750498896
Iter 4150 / 4558 3.31166381836
Iter 4200 / 4558 2.67227042062
Iter 4250 / 4558 2.74861769079
Iter 4300 / 4558 2.87919049944
Iter 4350 / 4558 2.82314985226
Iter 4400 / 4558 1.50429437099
Iter 4450 / 4558 2.88093185425
Iter 4500 / 4558 3.07569015667
Iter 4550 / 4558 3.0273754223
Epoch 8 Valid 24.0092424461
Epoch 8 Test 23.2362552907
Epoch 9
Iter 50 / 4558 2.35425388112
Iter 100 / 4558 2.76245117188
Iter 150 / 4558 2.39657410461
Iter 200 / 4558 2.78689453125
Iter 250 / 4558 2.40715737178
Iter 300 / 4558 2.90426559448
Iter 350 / 4558 2.64933962435
Iter 400 / 4558 3.31798943414
Iter 450 / 4558 2.58458288785
Iter 500 / 4558 2.85672174686
Iter 550 / 4558 2.15336543492
Iter 600 / 4558 3.04111956168
Iter 650 / 4558 3.57797182523
Iter 700 / 4558 3.3683568369
Iter 750 / 4558 2.42325496674
Iter 800 / 4558 2.73673286438
Iter 850 / 4558 3.07664602774
Iter 900 / 4558 2.44524016747
Iter 950 / 4558 2.69023869832
Iter 1000 / 4558 2.2938293457
Iter 1050 / 4558 3.15112148187
Iter 1100 / 4558 3.24832734608
Iter 1150 / 4558 2.54989130357
Iter 1200 / 4558 4.18843440006
Iter 1250 / 4558 2.8513497539
Iter 1300 / 4558 2.64927568107
Iter 1350 / 4558 2.33526992798
Iter 1400 / 4558 2.71494983491
Iter 1450 / 4558 2.17976061503
Iter 1500 / 4558 3.15830435404
Iter 1550 / 4558 2.73983898628
Iter 1600 / 4558 2.90715273148
Iter 1650 / 4558 2.52508857033
Iter 1700 / 4558 4.22635463499
Iter 1750 / 4558 3.56274529223
Iter 1800 / 4558 2.56985832663
Iter 1850 / 4558 2.77322663201
Iter 1900 / 4558 2.64417464645
Iter 1950 / 4558 3.39981407752
Iter 2000 / 4558 1.80141652425
Iter 2050 / 4558 2.410200557
Iter 2100 / 4558 3.21337628108
Iter 2150 / 4558 3.04618016685
Iter 2200 / 4558 2.69339493461
Iter 2250 / 4558 2.90526196473
Iter 2300 / 4558 2.55332619803
Iter 2350 / 4558 2.21853664943
Iter 2400 / 4558 4.38398524693
Iter 2450 / 4558 4.09743041992
Iter 2500 / 4558 2.24162991842
Iter 2550 / 4558 2.95462198304
Iter 2600 / 4558 2.85283437401
Iter 2650 / 4558 2.28781738281
Iter 2700 / 4558 2.76203427072
Iter 2750 / 4558 2.29699436311
Iter 2800 / 4558 2.96031980586
Iter 2850 / 4558 2.86994007656
Iter 2900 / 4558 2.59355364348
Iter 2950 / 4558 3.1323299408
Iter 3000 / 4558 2.57768848964
Iter 3050 / 4558 2.70551988555
Iter 3100 / 4558 3.39693794998
Iter 3150 / 4558 2.83024238918
Iter 3200 / 4558 2.6689097685
Iter 3250 / 4558 2.61342260573
Iter 3300 / 4558 2.45084950622
Iter 3350 / 4558 3.34924254125
Iter 3400 / 4558 4.46596647564
Iter 3450 / 4558 3.00960163155
Iter 3500 / 4558 2.06079888344
Iter 3550 / 4558 2.75445987017
Iter 3600 / 4558 2.98796670904
Iter 3650 / 4558 2.38143391927
Iter 3700 / 4558 2.65556886817
Iter 3750 / 4558 2.84495125236
Iter 3800 / 4558 2.76514449543
Iter 3850 / 4558 3.00811110602
Iter 3900 / 4558 2.8382192202
Iter 3950 / 4558 3.18534406026
Iter 4000 / 4558 3.25986405106
Iter 4050 / 4558 3.76460500864
Iter 4100 / 4558 2.53564108572
Iter 4150 / 4558 3.30372980291
Iter 4200 / 4558 3.10773417155
Iter 4250 / 4558 1.82009887695
Iter 4300 / 4558 3.12318699796
Iter 4350 / 4558 2.77499337924
Iter 4400 / 4558 3.22089250837
Iter 4450 / 4558 2.54244492271
Iter 4500 / 4558 2.16365105379
Iter 4550 / 4558 3.36983326503
Epoch 9 Valid 24.2782723422
Epoch 9 Test 23.6239127719
Epoch 10
Iter 50 / 4558 2.54136414367
Iter 100 / 4558 1.58149991717
Iter 150 / 4558 2.60760831833
Iter 200 / 4558 3.35036107113
Iter 250 / 4558 2.64686648182
Iter 300 / 4558 2.60270483398
Iter 350 / 4558 2.57590069978
Iter 400 / 4558 2.81371226209
Iter 450 / 4558 2.71552440788
Iter 500 / 4558 2.59326585673
Iter 550 / 4558 2.78429397695
Iter 600 / 4558 2.44958702993
Iter 650 / 4558 3.2970712596
Iter 700 / 4558 4.19964551926
Iter 750 / 4558 2.74719422439
Iter 800 / 4558 2.95731544135
Iter 850 / 4558 2.75615910121
Iter 900 / 4558 2.83201497396
Iter 950 / 4558 2.51013851166
Iter 1000 / 4558 2.62822628809
Iter 1050 / 4558 2.79696264022
Iter 1100 / 4558 2.60041947798
Iter 1150 / 4558 2.9401117925
Iter 1200 / 4558 2.69551060268
Iter 1250 / 4558 3.08311593192
Iter 1300 / 4558 2.92765092261
Iter 1350 / 4558 2.27126584734
Iter 1400 / 4558 2.69621723973
Iter 1450 / 4558 3.99870219984
Iter 1500 / 4558 2.47467899323
Iter 1550 / 4558 3.40922482808
Iter 1600 / 4558 2.48448613211
Iter 1650 / 4558 2.49205284788
Iter 1700 / 4558 2.87563877005
Iter 1750 / 4558 3.92786044166
Iter 1800 / 4558 3.97679819959
Iter 1850 / 4558 2.72281381358
Iter 1900 / 4558 3.03484863281
Iter 1950 / 4558 3.25076460027
Iter 2000 / 4558 1.37771883011
Iter 2050 / 4558 1.94127962882
Iter 2100 / 4558 2.56061741091
Iter 2150 / 4558 2.39879789807
Iter 2200 / 4558 2.45598547799
Iter 2250 / 4558 1.9666238536
Iter 2300 / 4558 3.0627339681
Iter 2350 / 4558 2.61545660141
Iter 2400 / 4558 3.19003839362
Iter 2450 / 4558 2.88828542281
Iter 2500 / 4558 3.01324332474
Iter 2550 / 4558 3.78288102583
Iter 2600 / 4558 2.97917148985
Iter 2650 / 4558 2.43330039978
Iter 2700 / 4558 4.46789589906
Iter 2750 / 4558 2.34386176568
Iter 2800 / 4558 2.62305450439
Iter 2850 / 4558 2.70650281404
Iter 2900 / 4558 2.65537502891
Iter 2950 / 4558 2.26635909081
Iter 3000 / 4558 2.54538053625
Iter 3050 / 4558 2.85608394562
Iter 3100 / 4558 2.51475702922
Iter 3150 / 4558 3.55782291188
Iter 3200 / 4558 1.68440125205
Iter 3250 / 4558 3.00250645688
Iter 3300 / 4558 2.71772242955
Iter 3350 / 4558 3.69198735555
Iter 3400 / 4558 4.52095320418
Iter 3450 / 4558 2.85888084998
Iter 3500 / 4558 2.39896334135
Iter 3550 / 4558 2.84531792535
Iter 3600 / 4558 3.47415536349
Iter 3650 / 4558 2.95268383361
Iter 3700 / 4558 3.01998748779
Iter 3750 / 4558 2.90591469294
Iter 3800 / 4558 2.8753093851
Iter 3850 / 4558 2.23960853345
Iter 3900 / 4558 2.56520501499
Iter 3950 / 4558 3.0349592729
Iter 4000 / 4558 2.36585292892
Iter 4050 / 4558 4.46646118164
Iter 4100 / 4558 2.92188517253
Iter 4150 / 4558 3.38698323568
Iter 4200 / 4558 2.53086571944
Iter 4250 / 4558 3.93004132261
Iter 4300 / 4558 2.59217743647
Iter 4350 / 4558 2.37238730154
Iter 4400 / 4558 2.41875439598
Iter 4450 / 4558 2.77932177092
Iter 4500 / 4558 2.96722283092
Iter 4550 / 4558 2.2924681164
Epoch 10 Valid 24.5412810933
Epoch 10 Test 24.1053393291
Epoch 11
Iter 50 / 4558 2.69149575582
Iter 100 / 4558 2.42510187058
Iter 150 / 4558 2.3407166826
Iter 200 / 4558 1.91166998416
Iter 250 / 4558 2.92666520744
Iter 300 / 4558 1.66121074132
Iter 350 / 4558 2.70776748657
Iter 400 / 4558 2.49319558615
Iter 450 / 4558 2.13831223708
Iter 500 / 4558 2.97494150798
Iter 550 / 4558 2.31530558691
Iter 600 / 4558 3.62537137924
Iter 650 / 4558 2.78127898887
Iter 700 / 4558 2.64878929986
Iter 750 / 4558 2.63978073445
Iter 800 / 4558 2.40112104572
Iter 850 / 4558 2.90623524984
Iter 900 / 4558 3.04533228381
Iter 950 / 4558 2.47806546725
Iter 1000 / 4558 2.72062241184
Iter 1050 / 4558 2.60543863397
Iter 1100 / 4558 2.96930672958
Iter 1150 / 4558 2.69871902466
Iter 1200 / 4558 3.05479772383
Iter 1250 / 4558 3.15382657138
Iter 1300 / 4558 2.31519775391
Iter 1350 / 4558 2.77188363528
Iter 1400 / 4558 2.31917936906
Iter 1450 / 4558 3.12944136726
Iter 1500 / 4558 3.15766277313
Iter 1550 / 4558 3.05903686523
Iter 1600 / 4558 2.95506101666
Iter 1650 / 4558 1.73289242913
Iter 1700 / 4558 2.12838264234
Iter 1750 / 4558 2.09218255405
Iter 1800 / 4558 2.49517262777
Iter 1850 / 4558 2.43868973676
Iter 1900 / 4558 2.24423503876
Iter 1950 / 4558 2.44933961567
Iter 2000 / 4558 2.57181646885
Iter 2050 / 4558 1.65631055832
Iter 2100 / 4558 2.86611374565
Iter 2150 / 4558 3.16933966302
Iter 2200 / 4558 3.50799189976
Iter 2250 / 4558 2.25699549287
Iter 2300 / 4558 2.34528336158
Iter 2350 / 4558 2.47609601702
Iter 2400 / 4558 3.29869384766
Iter 2450 / 4558 2.26950683594
Iter 2500 / 4558 2.48701667786
Iter 2550 / 4558 2.46920490265
Iter 2600 / 4558 2.62216810747
Iter 2650 / 4558 2.8476229581
Iter 2700 / 4558 4.48629788999
Iter 2750 / 4558 2.59743113332
Iter 2800 / 4558 4.07607280344
Iter 2850 / 4558 4.05236261541
Iter 2900 / 4558 3.82275479082
Iter 2950 / 4558 2.31608666314
Iter 3000 / 4558 2.90022743627
Iter 3050 / 4558 2.54114023844
Iter 3100 / 4558 2.06641438802
Iter 3150 / 4558 3.56450406967
Iter 3200 / 4558 2.80727037702
Iter 3250 / 4558 1.54569196701
Iter 3300 / 4558 2.42626571655
Iter 3350 / 4558 2.94319522455
Iter 3400 / 4558 2.91816728965
Iter 3450 / 4558 1.91770882442
Iter 3500 / 4558 2.86108576457
Iter 3550 / 4558 2.41194433594
Iter 3600 / 4558 2.67246984666
Iter 3650 / 4558 3.46925239563
Iter 3700 / 4558 4.63119371202
Iter 3750 / 4558 2.37022290911
Iter 3800 / 4558 2.61806752874
Iter 3850 / 4558 2.74031099709
Iter 3900 / 4558 3.40231755575
Iter 3950 / 4558 2.49380608761
Iter 4000 / 4558 2.57086181641
Iter 4050 / 4558 1.84755749649
Iter 4100 / 4558 2.75464810726
Iter 4150 / 4558 2.80424660131
Iter 4200 / 4558 5.72023752938
Iter 4250 / 4558 2.71011201835
Iter 4300 / 4558 2.97569331416
Iter 4350 / 4558 2.63687780979
Iter 4400 / 4558 3.42563992455
Iter 4450 / 4558 2.99774678548
Iter 4500 / 4558 3.68491254534
Iter 4550 / 4558 2.57485409059
Epoch 11 Valid 24.3314385874
Epoch 11 Test 23.6838398399
Epoch 12
Iter 50 / 4558 2.25899306289
Iter 100 / 4558 2.32620055264
Iter 150 / 4558 2.70581383799
Iter 200 / 4558 2.95563032172
Iter 250 / 4558 2.61566100458
Iter 300 / 4558 3.00518493652
Iter 350 / 4558 2.56918633502
Iter 400 / 4558 1.62766952515
Iter 450 / 4558 2.61880762437
Iter 500 / 4558 3.25416952466
Iter 550 / 4558 2.8781375885
Iter 600 / 4558 3.26581782588
Iter 650 / 4558 2.62937972272
Iter 700 / 4558 2.15782092866
Iter 750 / 4558 1.90037982647
Iter 800 / 4558 2.90675566702
Iter 850 / 4558 2.88598265433
Iter 900 / 4558 2.74535228588
Iter 950 / 4558 3.13913361923
Iter 1000 / 4558 2.38472916544
Iter 1050 / 4558 2.23330797468
Iter 1100 / 4558 2.77097511292
Iter 1150 / 4558 2.77870561649
Iter 1200 / 4558 3.15504464286
Iter 1250 / 4558 3.48092081706
Iter 1300 / 4558 3.0266176166
Iter 1350 / 4558 2.73908784654
Iter 1400 / 4558 2.60785675049
Iter 1450 / 4558 2.34845256805
Iter 1500 / 4558 2.52804357355
Iter 1550 / 4558 2.48501059166
Iter 1600 / 4558 2.37668754941
Iter 1650 / 4558 2.41425158931
Iter 1700 / 4558 1.79398435705
Iter 1750 / 4558 2.40878589337
Iter 1800 / 4558 2.18546761407
Iter 1850 / 4558 2.70942583105
Iter 1900 / 4558 2.03030217736
Iter 1950 / 4558 2.85340249198
Iter 2000 / 4558 2.98157018903
Iter 2050 / 4558 3.45167951913
Iter 2100 / 4558 2.55958818708
Iter 2150 / 4558 2.55275870658
Iter 2200 / 4558 2.350709614
Iter 2250 / 4558 2.7841485065
Iter 2300 / 4558 2.60720194941
Iter 2350 / 4558 2.42178095942
Iter 2400 / 4558 3.79372480579
Iter 2450 / 4558 3.72384558784
Iter 2500 / 4558 2.71656308855
Iter 2550 / 4558 2.95021339699
Iter 2600 / 4558 2.32134865018
Iter 2650 / 4558 2.6318729285
Iter 2700 / 4558 2.60888004303
Iter 2750 / 4558 2.78297445647
Iter 2800 / 4558 3.02423583984
Iter 2850 / 4558 2.83217163086
Iter 2900 / 4558 2.44235764541
Iter 2950 / 4558 3.55187573479
Iter 3000 / 4558 2.96379767524
Iter 3050 / 4558 1.69988458807
Iter 3100 / 4558 2.55908203125
Iter 3150 / 4558 2.41485181536
Iter 3200 / 4558 3.03732179341
Iter 3250 / 4558 2.95273173747
Iter 3300 / 4558 2.70881594144
Iter 3350 / 4558 1.79530174788
Iter 3400 / 4558 2.3979703463
Iter 3450 / 4558 3.88860103062
Iter 3500 / 4558 2.92769720615
Iter 3550 / 4558 2.90714395998
Iter 3600 / 4558 2.41901779175
Iter 3650 / 4558 2.19802693685
Iter 3700 / 4558 2.44382044474
Iter 3750 / 4558 2.2185648868
Iter 3800 / 4558 2.60891072591
Iter 3850 / 4558 1.83509785788
Iter 3900 / 4558 2.43656866891
Iter 3950 / 4558 2.90552171071
Iter 4000 / 4558 1.52297663689
Iter 4050 / 4558 2.44189860026
Iter 4100 / 4558 2.35716830983
Iter 4150 / 4558 2.90105065634
Iter 4200 / 4558 2.20934346517
Iter 4250 / 4558 2.49646868025
Iter 4300 / 4558 3.40003443476
Iter 4350 / 4558 3.37368238045
Iter 4400 / 4558 2.71282766057
Iter 4450 / 4558 3.20531005859
Iter 4500 / 4558 2.21901983964
Iter 4550 / 4558 2.28093852997
Epoch 12 Valid 24.6106436886
Epoch 12 Test 23.9901431944
Epoch 13
Iter 50 / 4558 2.52611456977
Iter 100 / 4558 2.25612350464
Iter 150 / 4558 2.64762982455
Iter 200 / 4558 4.23867496443
Iter 250 / 4558 2.87113101925
Iter 300 / 4558 2.36764287201
Iter 350 / 4558 2.77216593424
Iter 400 / 4558 2.53203054575
Iter 450 / 4558 2.34983355444
Iter 500 / 4558 2.80028134301
Iter 550 / 4558 2.77563259549
Iter 600 / 4558 1.98442776998
Iter 650 / 4558 2.32308998108
Iter 700 / 4558 3.04387384398
Iter 750 / 4558 3.02496679346
Iter 800 / 4558 2.94190257984
Iter 850 / 4558 2.51573668586
Iter 900 / 4558 1.92328262329
Iter 950 / 4558 1.94082387288
Iter 1000 / 4558 3.05954706101
Iter 1050 / 4558 2.67754067315
Iter 1100 / 4558 2.35894303095
Iter 1150 / 4558 2.83125345686
Iter 1200 / 4558 2.46185860267
Iter 1250 / 4558 2.79687519689
Iter 1300 / 4558 2.55668858119
Iter 1350 / 4558 2.17286300659
Iter 1400 / 4558 2.89713963595
Iter 1450 / 4558 2.58894550884
Iter 1500 / 4558 2.24871903432
Iter 1550 / 4558 2.74565887451
Iter 1600 / 4558 2.5059487986
Iter 1650 / 4558 2.66701606302
Iter 1700 / 4558 2.64782802037
Iter 1750 / 4558 2.86653900146
Iter 1800 / 4558 2.56350944156
Iter 1850 / 4558 3.0783478232
Iter 1900 / 4558 3.7920211792
Iter 1950 / 4558 2.63550158514
Iter 2000 / 4558 3.22052271226
Iter 2050 / 4558 2.80125111547
Iter 2100 / 4558 2.70573339421
Iter 2150 / 4558 2.74160659897
Iter 2200 / 4558 3.09448047985
Iter 2250 / 4558 2.4819897243
Iter 2300 / 4558 3.09174548967
Iter 2350 / 4558 3.26806472638
Iter 2400 / 4558 2.22373080254
Iter 2450 / 4558 2.65377933234
Iter 2500 / 4558 2.38451173927
Iter 2550 / 4558 2.5729261545
Iter 2600 / 4558 2.50371391232
Iter 2650 / 4558 2.52880792026
Iter 2700 / 4558 2.00149559975
Iter 2750 / 4558 3.22458496094
Iter 2800 / 4558 3.16338227925
Iter 2850 / 4558 2.3659367488
Iter 2900 / 4558 2.64325991544
Iter 2950 / 4558 2.79165462918
Iter 3000 / 4558 3.01416244507
Iter 3050 / 4558 3.51154181663
Iter 3100 / 4558 2.34882863363
Iter 3150 / 4558 2.83214272393
Iter 3200 / 4558 1.50320148468
Iter 3250 / 4558 2.45446446737
Iter 3300 / 4558 2.54000977547
Iter 3350 / 4558 2.25736836025
Iter 3400 / 4558 2.20817435287
Iter 3450 / 4558 2.43907430013
Iter 3500 / 4558 3.76522296408
Iter 3550 / 4558 2.8785707234
Iter 3600 / 4558 1.91086521855
Iter 3650 / 4558 2.84728463269
Iter 3700 / 4558 1.98668670654
Iter 3750 / 4558 1.416052905
Iter 3800 / 4558 2.34823245094
Iter 3850 / 4558 2.92608947754
Iter 3900 / 4558 3.00511894851
Iter 3950 / 4558 3.01745337771
Iter 4000 / 4558 2.97787753018
Iter 4050 / 4558 4.2499974331
Iter 4100 / 4558 2.82497591586
Iter 4150 / 4558 2.49014642504
Iter 4200 / 4558 2.61994870504
Iter 4250 / 4558 1.78245205349
Iter 4300 / 4558 2.346632142
Iter 4350 / 4558 2.85110871688
Iter 4400 / 4558 2.46828397115
Iter 4450 / 4558 3.88872097847
Iter 4500 / 4558 2.70178965518
Iter 4550 / 4558 2.45554719148
Epoch 13 Valid 25.2086755708
Epoch 13 Test 24.8599021745
Epoch 14
Iter 50 / 4558 2.09228006999
Iter 100 / 4558 2.26369386561
Iter 150 / 4558 2.32625062438
Iter 200 / 4558 3.80484822591
Iter 250 / 4558 1.97068786621
Iter 300 / 4558 2.77499620842
Iter 350 / 4558 2.581224823
Iter 400 / 4558 2.49758625922
Iter 450 / 4558 2.53464450588
Iter 500 / 4558 2.7941719504
Iter 550 / 4558 3.78323364258
Iter 600 / 4558 2.66657584054
Iter 650 / 4558 1.94511875962
Iter 700 / 4558 2.70770554315
Iter 750 / 4558 2.98221494297
Iter 800 / 4558 2.1250281561
Iter 850 / 4558 2.55510897899
Iter 900 / 4558 2.91182842451
Iter 950 / 4558 2.53279545455
Iter 1000 / 4558 2.70217372572
Iter 1050 / 4558 3.18300440692
Iter 1100 / 4558 2.12082068749
Iter 1150 / 4558 2.13046709696
Iter 1200 / 4558 2.62783508301
Iter 1250 / 4558 2.4241859173
Iter 1300 / 4558 2.63504698782
Iter 1350 / 4558 1.23710784912
Iter 1400 / 4558 2.68419439142
Iter 1450 / 4558 2.97711290632
Iter 1500 / 4558 2.866099482
Iter 1550 / 4558 2.40381712072
Iter 1600 / 4558 2.5353898112
Iter 1650 / 4558 2.41746950494
Iter 1700 / 4558 2.15709614754
Iter 1750 / 4558 2.12429281823
Iter 1800 / 4558 5.24115276337
Iter 1850 / 4558 2.63768370946
Iter 1900 / 4558 2.63223634917
Iter 1950 / 4558 3.3816257399
Iter 2000 / 4558 4.29938422309
Iter 2050 / 4558 2.41203199114
Iter 2100 / 4558 2.25355707804
Iter 2150 / 4558 2.72468610491
Iter 2200 / 4558 2.45451712608
Iter 2250 / 4558 2.74467667289
Iter 2300 / 4558 4.78468004164
Iter 2350 / 4558 2.85193576226
Iter 2400 / 4558 2.78818734976
Iter 2450 / 4558 2.59592007248
Iter 2500 / 4558 2.7337505634
Iter 2550 / 4558 2.15425005826
Iter 2600 / 4558 2.26205974155
Iter 2650 / 4558 2.49564490685
Iter 2700 / 4558 2.78484285795
Iter 2750 / 4558 2.42302507673
Iter 2800 / 4558 2.72279998647
Iter 2850 / 4558 2.3751231411
Iter 2900 / 4558 2.42372341814
Iter 2950 / 4558 2.21511622838
Iter 3000 / 4558 2.47701187134
Iter 3050 / 4558 2.47836284148
Iter 3100 / 4558 2.7792981829
Iter 3150 / 4558 3.77322071996
Iter 3200 / 4558 4.49961039225
Iter 3250 / 4558 2.39522797721
Iter 3300 / 4558 2.66443727728
Iter 3350 / 4558 2.49857108475
Iter 3400 / 4558 2.2197997103
Iter 3450 / 4558 2.53625526911
Iter 3500 / 4558 3.69773890608
Iter 3550 / 4558 3.32979813156
Iter 3600 / 4558 2.39946836584
Iter 3650 / 4558 2.75515057964
Iter 3700 / 4558 2.53701445636
Iter 3750 / 4558 2.27273108035
Iter 3800 / 4558 2.86383278587
Iter 3850 / 4558 2.95645321117
Iter 3900 / 4558 3.61741732374
Iter 3950 / 4558 2.89531549418
Iter 4000 / 4558 3.29124847412
Iter 4050 / 4558 2.71057164392
Iter 4100 / 4558 2.75414699978
Iter 4150 / 4558 3.48155839103
Iter 4200 / 4558 2.27665732889
Iter 4250 / 4558 2.46157405062
Iter 4300 / 4558 2.27780043658
Iter 4350 / 4558 2.62554165612
Iter 4400 / 4558 2.83927219598
Iter 4450 / 4558 3.16818502675
Iter 4500 / 4558 3.81973738237
Iter 4550 / 4558 2.15429950463
Epoch 14 Valid 25.4440473816
Epoch 14 Test 24.5782985586
Epoch 15
Iter 50 / 4558 1.5449605306
Iter 100 / 4558 1.8815234048
Iter 150 / 4558 2.66274294079
Iter 200 / 4558 1.79041850567
Iter 250 / 4558 2.82081914831
Iter 300 / 4558 4.24553118254
Iter 350 / 4558 2.49562603986
Iter 400 / 4558 1.9485509055
Iter 450 / 4558 2.96294129925
Iter 500 / 4558 2.77347363524
Iter 550 / 4558 2.44440113414
Iter 600 / 4558 2.59825840703
Iter 650 / 4558 2.81777699788
Iter 700 / 4558 2.77357621626
Iter 750 / 4558 2.55447249073
Iter 800 / 4558 3.44223831361
Iter 850 / 4558 2.78995090061
Iter 900 / 4558 2.35377219064
Iter 950 / 4558 1.15177454267
Iter 1000 / 4558 4.23457316081
Iter 1050 / 4558 2.94324239095
Iter 1100 / 4558 2.38911919845
Iter 1150 / 4558 2.97372880676
Iter 1200 / 4558 2.31581330911
Iter 1250 / 4558 2.63550646552
Iter 1300 / 4558 2.35681758996
Iter 1350 / 4558 2.45889478411
Iter 1400 / 4558 2.72511724524
Iter 1450 / 4558 2.26893116878
Iter 1500 / 4558 2.62672355244
Iter 1550 / 4558 2.33470480783
Iter 1600 / 4558 2.06112395552
Iter 1650 / 4558 2.78587595622
Iter 1700 / 4558 3.61237462362
Iter 1750 / 4558 2.54684746784
Iter 1800 / 4558 5.2299100054
Iter 1850 / 4558 2.3941192627
Iter 1900 / 4558 2.90862627727
Iter 1950 / 4558 1.96702422483
Iter 2000 / 4558 2.79832091155
Iter 2050 / 4558 2.81371635279
Iter 2100 / 4558 2.89808692932
Iter 2150 / 4558 2.40426288952
Iter 2200 / 4558 2.74936988467
Iter 2250 / 4558 2.83448682513
Iter 2300 / 4558 1.34876607259
Iter 2350 / 4558 2.87559410194
Iter 2400 / 4558 2.72597800361
Iter 2450 / 4558 2.17447745282
Iter 2500 / 4558 2.3688048052
Iter 2550 / 4558 2.64335765009
Iter 2600 / 4558 4.31227397919
Iter 2650 / 4558 2.61091813587
Iter 2700 / 4558 2.99769914169
Iter 2750 / 4558 3.11378938249
Iter 2800 / 4558 2.4451868627
Iter 2850 / 4558 2.84229327263
Iter 2900 / 4558 2.56606046716
Iter 2950 / 4558 2.92352235083
Iter 3000 / 4558 2.87379268523
Iter 3050 / 4558 2.47307902369
Iter 3100 / 4558 2.95639190674
Iter 3150 / 4558 1.59638273716
Iter 3200 / 4558 0.565193573634
Iter 3250 / 4558 2.54803788035
Iter 3300 / 4558 2.80693969727
Iter 3350 / 4558 2.39063982694
Iter 3400 / 4558 3.53666976403
Iter 3450 / 4558 2.97322788783
Iter 3500 / 4558 2.51783604092
Iter 3550 / 4558 3.1369241854
Iter 3600 / 4558 3.87268660905
Iter 3650 / 4558 2.98749536667
Iter 3700 / 4558 2.8175930447
Iter 3750 / 4558 2.11304473877
Iter 3800 / 4558 2.42751464844
Iter 3850 / 4558 2.68676277443
Iter 3900 / 4558 3.11409589979
Iter 3950 / 4558 2.26180858274
Iter 4000 / 4558 1.64390071233
Iter 4050 / 4558 3.0526045876
Iter 4100 / 4558 2.35896392822
Iter 4150 / 4558 2.41394715082
Iter 4200 / 4558 0.910774707794
Iter 4250 / 4558 2.42972338331
Iter 4300 / 4558 2.5093440566
Iter 4350 / 4558 2.343362233
Iter 4400 / 4558 2.74070131529
Iter 4450 / 4558 2.8192644272
Iter 4500 / 4558 2.76956875353
Iter 4550 / 4558 0.783507405976
Epoch 15 Valid 25.5438447323
Epoch 15 Test 24.6681757149
Epoch 16
Iter 50 / 4558 2.49259554955
Iter 100 / 4558 2.46240391451
Iter 150 / 4558 1.47462558746
Iter 200 / 4558 2.90076894208
Iter 250 / 4558 1.76909725483
Iter 300 / 4558 2.61962576139
Iter 350 / 4558 3.74563723194
Iter 400 / 4558 3.0970922934
Iter 450 / 4558 2.36844907488
Iter 500 / 4558 2.49862472534
Iter 550 / 4558 1.70658302307
Iter 600 / 4558 2.94931084769
Iter 650 / 4558 2.35619070016
Iter 700 / 4558 2.47142415365
Iter 750 / 4558 2.51500599097
Iter 800 / 4558 1.74754309654
Iter 850 / 4558 2.24595348652
Iter 900 / 4558 2.34843661042
Iter 950 / 4558 2.39078903198
Iter 1000 / 4558 3.06887505979
Iter 1050 / 4558 3.65662027995
Iter 1100 / 4558 2.68054869681
Iter 1150 / 4558 1.72705345154
Iter 1200 / 4558 3.28079787034
Iter 1250 / 4558 2.33617683786
Iter 1300 / 4558 1.74231656392
Iter 1350 / 4558 1.6634364578
Iter 1400 / 4558 3.45291055215
Iter 1450 / 4558 2.52788065816
Iter 1500 / 4558 2.45191490144
Iter 1550 / 4558 1.56211121877
Iter 1600 / 4558 2.30825069972
Iter 1650 / 4558 2.95167167232
Iter 1700 / 4558 2.2507351146
Iter 1750 / 4558 2.44410847615
Iter 1800 / 4558 2.59324035645
Iter 1850 / 4558 2.46779334027
Iter 1900 / 4558 2.66478568629
Iter 1950 / 4558 3.01505709243
Iter 2000 / 4558 3.02077336465
Iter 2050 / 4558 2.35630352314
Iter 2100 / 4558 2.41388350267
Iter 2150 / 4558 2.59904867916
Iter 2200 / 4558 2.51227518717
Iter 2250 / 4558 2.53228272332
Iter 2300 / 4558 2.57049952327
Iter 2350 / 4558 2.75248055709
Iter 2400 / 4558 2.72274576823
Iter 2450 / 4558 2.57363761344
Iter 2500 / 4558 2.65165770681
Iter 2550 / 4558 2.41517056917
Iter 2600 / 4558 3.88612651825
Iter 2650 / 4558 2.71132085174
Iter 2700 / 4558 2.04925791981
Iter 2750 / 4558 2.31481147535
Iter 2800 / 4558 2.35135785271
Iter 2850 / 4558 2.82054698711
Iter 2900 / 4558 2.1165311713
Iter 2950 / 4558 2.66139539083
Iter 3000 / 4558 0.729380471366
Iter 3050 / 4558 2.80035683768
Iter 3100 / 4558 3.02874733502
Iter 3150 / 4558 1.64838483598
Iter 3200 / 4558 2.80931266409
Iter 3250 / 4558 2.87442444918
Iter 3300 / 4558 2.38109822176
Iter 3350 / 4558 2.81637706757
Iter 3400 / 4558 2.73296001979
Iter 3450 / 4558 2.74221671896
Iter 3500 / 4558 2.39155859696
Iter 3550 / 4558 2.78531569843
Iter 3600 / 4558 2.22525428864
Iter 3650 / 4558 2.73669815063
Iter 3700 / 4558 4.46779174805
Iter 3750 / 4558 2.62149079641
Iter 3800 / 4558 4.05244282314
Iter 3850 / 4558 2.06186449969
Iter 3900 / 4558 2.47492031521
Iter 3950 / 4558 2.50967754017
Iter 4000 / 4558 3.79901278749
Iter 4050 / 4558 2.76699132243
Iter 4100 / 4558 2.33877643261
Iter 4150 / 4558 3.01994309984
Iter 4200 / 4558 2.45261587748
Iter 4250 / 4558 1.75882659561
Iter 4300 / 4558 2.54576251524
Iter 4350 / 4558 2.73138649031
Iter 4400 / 4558 2.33874389648
Iter 4450 / 4558 2.74680513211
Iter 4500 / 4558 2.95891549852
Iter 4550 / 4558 2.54426887708
Epoch 16 Valid 25.5774129908
Epoch 16 Test 25.1115978361
Epoch 17
Iter 50 / 4558 2.87473880543
Iter 100 / 4558 2.32894219293
Iter 150 / 4558 1.74276542664
Iter 200 / 4558 2.52818258185
Iter 250 / 4558 1.91160416603
Iter 300 / 4558 2.88120150404
Iter 350 / 4558 2.5214243571
Iter 400 / 4558 2.33747787476
Iter 450 / 4558 2.12354405721
Iter 500 / 4558 2.22455387622
Iter 550 / 4558 2.57348502604
Iter 600 / 4558 3.34431976318
Iter 650 / 4558 3.11583387587
Iter 700 / 4558 4.12358154297
Iter 750 / 4558 2.64460573698
Iter 800 / 4558 2.0709521645
Iter 850 / 4558 2.88335302635
Iter 900 / 4558 2.87424708775
Iter 950 / 4558 2.72291888613
Iter 1000 / 4558 2.06097333859
Iter 1050 / 4558 1.9589809433
Iter 1100 / 4558 2.64657266828
Iter 1150 / 4558 2.34474087419
Iter 1200 / 4558 5.35429157195
Iter 1250 / 4558 2.68598509055
Iter 1300 / 4558 3.89491780599
Iter 1350 / 4558 1.87955557582
Iter 1400 / 4558 2.03019865569
Iter 1450 / 4558 2.14853105091
Iter 1500 / 4558 2.38246962603
Iter 1550 / 4558 2.20287984212
Iter 1600 / 4558 2.78767330546
Iter 1650 / 4558 2.01666615804
Iter 1700 / 4558 2.37537576066
Iter 1750 / 4558 2.06999588013
Iter 1800 / 4558 2.39527843309
Iter 1850 / 4558 2.46318780808
Iter 1900 / 4558 3.19743786436
Iter 1950 / 4558 2.77969736867
Iter 2000 / 4558 2.63770856044
Iter 2050 / 4558 2.62983239215
Iter 2100 / 4558 2.31873657227
Iter 2150 / 4558 1.69025462383
Iter 2200 / 4558 2.75857504312
Iter 2250 / 4558 2.34492143903
Iter 2300 / 4558 1.92749259255
Iter 2350 / 4558 2.86099391308
Iter 2400 / 4558 2.52028983793
Iter 2450 / 4558 3.05325864396
Iter 2500 / 4558 2.2942956543
Iter 2550 / 4558 2.50813971625
Iter 2600 / 4558 3.06765183669
Iter 2650 / 4558 2.51994512649
Iter 2700 / 4558 2.4569317853
Iter 2750 / 4558 2.02929036758
Iter 2800 / 4558 2.75805664062
Iter 2850 / 4558 2.49003412156
Iter 2900 / 4558 2.29091082121
Iter 2950 / 4558 2.00328932868
Iter 3000 / 4558 1.9400152033
Iter 3050 / 4558 2.36188634237
Iter 3100 / 4558 3.11840630073
Iter 3150 / 4558 3.97795758929
Iter 3200 / 4558 2.81736986565
Iter 3250 / 4558 5.2987505042
Iter 3300 / 4558 4.36741781235
Iter 3350 / 4558 3.93398363837
Iter 3400 / 4558 2.99727727717
Iter 3450 / 4558 3.49001619709
Iter 3500 / 4558 2.85848474387
Iter 3550 / 4558 2.32153065999
Iter 3600 / 4558 3.15110331834
Iter 3650 / 4558 2.6804879072
Iter 3700 / 4558 2.41179765974
Iter 3750 / 4558 2.71625518799
Iter 3800 / 4558 2.97267134817
Iter 3850 / 4558 2.45124534324
Iter 3900 / 4558 2.47022140503
Iter 3950 / 4558 2.6416653438
Iter 4000 / 4558 2.94312042236
Iter 4050 / 4558 3.27195205036
Iter 4100 / 4558 2.84693977425
Iter 4150 / 4558 1.71320181182
Iter 4200 / 4558 2.67885645424
Iter 4250 / 4558 2.4799058244
Iter 4300 / 4558 2.33884865897
Iter 4350 / 4558 2.40179463437
Iter 4400 / 4558 2.30141523312
Iter 4450 / 4558 2.34117594073
Iter 4500 / 4558 2.19571702745
Iter 4550 / 4558 3.12714322408
Epoch 17 Valid 25.9290341426
Epoch 17 Test 25.1735590692
Epoch 18
Iter 50 / 4558 2.86479794082
Iter 100 / 4558 2.46339009603
Iter 150 / 4558 2.33860312568
Iter 200 / 4558 2.26209937202
Iter 250 / 4558 3.81155586243
Iter 300 / 4558 3.39323366605
Iter 350 / 4558 2.60091400146
Iter 400 / 4558 2.17532628377
Iter 450 / 4558 1.92974988152
Iter 500 / 4558 2.43627863704
Iter 550 / 4558 2.57266686887
Iter 600 / 4558 4.46128349304
Iter 650 / 4558 2.47403858326
Iter 700 / 4558 2.40395646937
Iter 750 / 4558 1.61532979469
Iter 800 / 4558 4.10632629395
Iter 850 / 4558 2.37782393293
Iter 900 / 4558 2.30280390872
Iter 950 / 4558 2.65891277607
Iter 1000 / 4558 2.27120201236
Iter 1050 / 4558 2.64136990634
Iter 1100 / 4558 3.84694165862
Iter 1150 / 4558 1.78075472514
Iter 1200 / 4558 3.01787215944
Iter 1250 / 4558 1.7281738991
Iter 1300 / 4558 2.44284839165
Iter 1350 / 4558 1.94172594794
Iter 1400 / 4558 3.81402401048
Iter 1450 / 4558 2.11875838463
Iter 1500 / 4558 2.76304401335
Iter 1550 / 4558 2.83484976632
Iter 1600 / 4558 3.24507745707
Iter 1650 / 4558 2.45909743536
Iter 1700 / 4558 3.23670166749
Iter 1750 / 4558 2.493309021
Iter 1800 / 4558 1.78343412611
Iter 1850 / 4558 2.54094221785
Iter 1900 / 4558 2.89488525391
Iter 1950 / 4558 2.64572700622
Iter 2000 / 4558 2.24125642597
Iter 2050 / 4558 2.42189224243
Iter 2100 / 4558 2.32345856561
Iter 2150 / 4558 3.15342539661
Iter 2200 / 4558 3.13986666697
Iter 2250 / 4558 2.63640996369
Iter 2300 / 4558 2.40065765381
Iter 2350 / 4558 1.1740175883
Iter 2400 / 4558 2.74005185082
Iter 2450 / 4558 2.52982290762
Iter 2500 / 4558 2.88018448626
Iter 2550 / 4558 2.65250390625
Iter 2600 / 4558 3.09681525868
Iter 2650 / 4558 2.64888663244
Iter 2700 / 4558 2.03485870361
Iter 2750 / 4558 2.30636498236
Iter 2800 / 4558 2.281410549
Iter 2850 / 4558 2.6702031316
Iter 2900 / 4558 2.53701124004
Iter 2950 / 4558 2.80558733259
Iter 3000 / 4558 1.79503801134
Iter 3050 / 4558 2.20415325256
Iter 3100 / 4558 3.25271367092
Iter 3150 / 4558 2.64070347377
Iter 3200 / 4558 2.5896654996
Iter 3250 / 4558 3.09616705712
Iter 3300 / 4558 2.66440483396
Iter 3350 / 4558 2.86784854743
Iter 3400 / 4558 2.20794391632
Iter 3450 / 4558 2.79421638767
Iter 3500 / 4558 2.90936656834
Iter 3550 / 4558 2.97711079915
Iter 3600 / 4558 2.32406790381
Iter 3650 / 4558 2.11971387676
Iter 3700 / 4558 2.84679412842
Iter 3750 / 4558 2.13462095994
Iter 3800 / 4558 2.61218370226
Iter 3850 / 4558 2.42901512884
Iter 3900 / 4558 3.6571399419
Iter 3950 / 4558 2.51197677693
Iter 4000 / 4558 2.24776472869
Iter 4050 / 4558 2.50173071659
Iter 4100 / 4558 2.30818966457
Iter 4150 / 4558 1.02571472168
Iter 4200 / 4558 3.37819697939
Iter 4250 / 4558 2.62936844785
Iter 4300 / 4558 2.59575157896
Iter 4350 / 4558 2.50271582225
Iter 4400 / 4558 2.31073602041
Iter 4450 / 4558 3.5336710612
Iter 4500 / 4558 1.62356806216
Iter 4550 / 4558 2.1935115141
Epoch 18 Valid 25.7892286529
Epoch 18 Test 25.3668094256
Epoch 19
Iter 50 / 4558 2.67292541504
Iter 100 / 4558 1.33013621966
Iter 150 / 4558 2.4197837428
Iter 200 / 4558 3.02367924709
Iter 250 / 4558 2.7305074056
Iter 300 / 4558 2.64612373939
Iter 350 / 4558 3.42169970135
Iter 400 / 4558 2.61665393995
Iter 450 / 4558 2.51064682007
Iter 500 / 4558 2.45401878357
Iter 550 / 4558 1.56773681641
Iter 600 / 4558 2.38080856736
Iter 650 / 4558 2.57280585106
Iter 700 / 4558 2.59764204489
Iter 750 / 4558 2.08855311076
Iter 800 / 4558 2.38202165302
Iter 850 / 4558 2.35760553034
Iter 900 / 4558 2.20705213045
Iter 950 / 4558 2.53272948983
Iter 1000 / 4558 2.74037370778
Iter 1050 / 4558 2.83887736003
Iter 1100 / 4558 1.96087169647
Iter 1150 / 4558 2.25494232178
Iter 1200 / 4558 2.10118473802
Iter 1250 / 4558 2.56278533936
Iter 1300 / 4558 2.42658961903
Iter 1350 / 4558 2.18745295207
Iter 1400 / 4558 2.52634620667
Iter 1450 / 4558 2.3103309319
Iter 1500 / 4558 2.41743969917
Iter 1550 / 4558 3.25850931803
Iter 1600 / 4558 2.63096382692
Iter 1650 / 4558 3.342741107
Iter 1700 / 4558 2.09508051638
Iter 1750 / 4558 1.95812606812
Iter 1800 / 4558 2.619980477
Iter 1850 / 4558 2.57711474101
Iter 1900 / 4558 1.65437351574
Iter 1950 / 4558 4.40525309245
Iter 2000 / 4558 3.05374359131
Iter 2050 / 4558 2.23409700394
Iter 2100 / 4558 1.92525277819
Iter 2150 / 4558 3.29675660098
Iter 2200 / 4558 2.91430373419
Iter 2250 / 4558 2.55174194336
Iter 2300 / 4558 1.60174289503
Iter 2350 / 4558 2.2166293335
Iter 2400 / 4558 2.43186055501
Iter 2450 / 4558 2.18793023151
Iter 2500 / 4558 3.52548277612
Iter 2550 / 4558 2.31408132915
Iter 2600 / 4558 2.57634569251
Iter 2650 / 4558 2.52835674286
Iter 2700 / 4558 2.28318736864
Iter 2750 / 4558 2.37155351185
Iter 2800 / 4558 2.45709816615
Iter 2850 / 4558 2.91414478847
Iter 2900 / 4558 2.57572428385
Iter 2950 / 4558 2.29142296833
Iter 3000 / 4558 2.43933821313
Iter 3050 / 4558 2.43376906375
Iter 3100 / 4558 2.49274167297
Iter 3150 / 4558 2.47068181531
Iter 3200 / 4558 1.41648161411
Iter 3250 / 4558 3.07574761664
Iter 3300 / 4558 2.67843337286
Iter 3350 / 4558 2.54082324054
Iter 3400 / 4558 1.8879083395
Iter 3450 / 4558 2.2491050489
Iter 3500 / 4558 2.17137947083
Iter 3550 / 4558 2.56132888794
Iter 3600 / 4558 3.51771343456
Iter 3650 / 4558 2.61857141767
Iter 3700 / 4558 2.41524052274
Iter 3750 / 4558 2.27058342525
Iter 3800 / 4558 2.55635910891
Iter 3850 / 4558 2.22925125541
Iter 3900 / 4558 2.75059346517
Iter 3950 / 4558 2.43370680376
Iter 4000 / 4558 2.9230078125
Iter 4050 / 4558 2.33889459681
Iter 4100 / 4558 2.65036298644
Iter 4150 / 4558 2.86545027063
Iter 4200 / 4558 2.6857601068
Iter 4250 / 4558 2.10546394723
Iter 4300 / 4558 1.95100270966
Iter 4350 / 4558 1.66091712316
Iter 4400 / 4558 2.49412715715
Iter 4450 / 4558 4.29971715024
Iter 4500 / 4558 2.03841716923
Iter 4550 / 4558 2.42319042652
Epoch 19 Valid 25.1482026958
Epoch 19 Test 24.7441187462
Epoch 20
Iter 50 / 4558 2.96564077402
Iter 100 / 4558 3.24863356687
Iter 150 / 4558 2.97420501709
Iter 200 / 4558 2.30794189858
Iter 250 / 4558 1.90150584345
Iter 300 / 4558 2.37005186081
Iter 350 / 4558 2.71097476569
Iter 400 / 4558 2.13551158905
Iter 450 / 4558 2.78835799114
Iter 500 / 4558 2.27748351166
Iter 550 / 4558 2.39100089906
Iter 600 / 4558 2.1839958994
Iter 650 / 4558 2.69189637382
Iter 700 / 4558 3.16784866996
Iter 750 / 4558 3.29834129697
Iter 800 / 4558 2.89946351568
Iter 850 / 4558 2.41330646716
Iter 900 / 4558 2.35762634277
Iter 950 / 4558 2.7743819689
Iter 1000 / 4558 2.33404458536
Iter 1050 / 4558 0.312476038933
Iter 1100 / 4558 2.11722517014
Iter 1150 / 4558 3.3413079398
Iter 1200 / 4558 2.36647859899
Iter 1250 / 4558 2.25481128693
Iter 1300 / 4558 2.87166063713
Iter 1350 / 4558 2.52705439815
Iter 1400 / 4558 2.19655111562
Iter 1450 / 4558 2.35984703802
Iter 1500 / 4558 2.40450962612
Iter 1550 / 4558 2.74605723324
Iter 1600 / 4558 2.71796287681
Iter 1650 / 4558 2.79428154126
Iter 1700 / 4558 2.72545511408
Iter 1750 / 4558 1.41902628581
Iter 1800 / 4558 2.15915985107
Iter 1850 / 4558 2.32221112932
Iter 1900 / 4558 2.29080530802
Iter 1950 / 4558 2.13338524955
Iter 2000 / 4558 4.07342529297
Iter 2050 / 4558 2.47078670673
Iter 2100 / 4558 2.51602513697
Iter 2150 / 4558 2.42456989904
Iter 2200 / 4558 2.79073775442
Iter 2250 / 4558 2.31785710653
Iter 2300 / 4558 1.52565844854
Iter 2350 / 4558 1.45737963044
Iter 2400 / 4558 2.27849434518
Iter 2450 / 4558 2.79548860438
Iter 2500 / 4558 2.66430713484
Iter 2550 / 4558 2.86152479384
Iter 2600 / 4558 2.55628761878
Iter 2650 / 4558 2.67566972897
Iter 2700 / 4558 2.4569422404
Iter 2750 / 4558 2.22181959555
Iter 2800 / 4558 2.96490665358
Iter 2850 / 4558 2.47120831542
Iter 2900 / 4558 1.40724607956
Iter 2950 / 4558 1.8584658759
Iter 3000 / 4558 2.4963571054
Iter 3050 / 4558 2.15957757982
Iter 3100 / 4558 2.28917378965
Iter 3150 / 4558 2.33544188507
Iter 3200 / 4558 2.2523863727
Iter 3250 / 4558 2.67603895399
Iter 3300 / 4558 1.23146820068
Iter 3350 / 4558 2.51821631128
Iter 3400 / 4558 3.14770431519
Iter 3450 / 4558 3.00696404775
Iter 3500 / 4558 2.38144607544
Iter 3550 / 4558 2.05411915499
Iter 3600 / 4558 2.65594113258
Iter 3650 / 4558 2.82924598871
Iter 3700 / 4558 2.51599569515
Iter 3750 / 4558 2.34828079578
Iter 3800 / 4558 2.44520202637
Iter 3850 / 4558 3.44040736446
Iter 3900 / 4558 2.52747404537
Iter 3950 / 4558 2.63471731022
Iter 4000 / 4558 2.568693722
Iter 4050 / 4558 3.09785826777
Iter 4100 / 4558 2.80434357493
Iter 4150 / 4558 2.43837601798
Iter 4200 / 4558 2.47649274554
Iter 4250 / 4558 1.10423912048
Iter 4300 / 4558 2.89209358647
Iter 4350 / 4558 2.85410508898
Iter 4400 / 4558 1.54594751994
Iter 4450 / 4558 2.45911218787
Iter 4500 / 4558 3.03930810694
Iter 4550 / 4558 3.15097153608
Epoch 20 Valid 25.7563529395
Epoch 20 Test 25.2914433825
Epoch 21
Iter 50 / 4558 2.50941335419
Iter 100 / 4558 2.48396821707
Iter 150 / 4558 2.34749908447
Iter 200 / 4558 3.5467813015
Iter 250 / 4558 2.45295245731
Iter 300 / 4558 3.70426551968
Iter 350 / 4558 1.81975566477
Iter 400 / 4558 2.92020399306
Iter 450 / 4558 3.5370849105
Iter 500 / 4558 2.18491911888
Iter 550 / 4558 2.35740629832
Iter 600 / 4558 2.87180269243
Iter 650 / 4558 2.37960760934
Iter 700 / 4558 2.36752475836
Iter 750 / 4558 1.21874270232
Iter 800 / 4558 2.15075128729
Iter 850 / 4558 2.5006196557
Iter 900 / 4558 2.50149315728
Iter 950 / 4558 1.79898198446
Iter 1000 / 4558 1.31172883407
Iter 1050 / 4558 2.4177275867
Iter 1100 / 4558 2.74139459783
Iter 1150 / 4558 1.77079709371
Iter 1200 / 4558 2.27052914518
Iter 1250 / 4558 2.38100091342
Iter 1300 / 4558 2.64768575033
Iter 1350 / 4558 1.74113775183
Iter 1400 / 4558 2.14966917875
Iter 1450 / 4558 2.98924976911
Iter 1500 / 4558 2.17127972557
Iter 1550 / 4558 1.95426249504
Iter 1600 / 4558 3.6276033463
Iter 1650 / 4558 2.48108558655
Iter 1700 / 4558 2.05037021637
Iter 1750 / 4558 1.62841234709
Iter 1800 / 4558 2.86720349782
Iter 1850 / 4558 2.35163943507
Iter 1900 / 4558 2.36183716821
Iter 1950 / 4558 2.05345074884
Iter 2000 / 4558 2.48347842568
Iter 2050 / 4558 2.91134815002
Iter 2100 / 4558 3.84607979103
Iter 2150 / 4558 3.51946350098
Iter 2200 / 4558 2.36935341195
Iter 2250 / 4558 2.77945327759
Iter 2300 / 4558 2.35993255131
Iter 2350 / 4558 3.36491189074
Iter 2400 / 4558 1.79300459896
Iter 2450 / 4558 1.88440086728
Iter 2500 / 4558 2.75041007996
Iter 2550 / 4558 2.36955871582
Iter 2600 / 4558 3.0430229187
Iter 2650 / 4558 2.4268161089
Iter 2700 / 4558 1.40470928616
Iter 2750 / 4558 2.70100069594
Iter 2800 / 4558 1.8290569999
Iter 2850 / 4558 2.14628064578
Iter 2900 / 4558 2.32423373136
Iter 2950 / 4558 2.40837478638
Iter 3000 / 4558 2.69082545541
Iter 3050 / 4558 2.57530728347
Iter 3100 / 4558 2.37869990422
Iter 3150 / 4558 2.5935380517
Iter 3200 / 4558 2.69950901858
Iter 3250 / 4558 1.27754898071
Iter 3300 / 4558 2.43786274303
Iter 3350 / 4558 2.97597370281
Iter 3400 / 4558 2.05144544748
Iter 3450 / 4558 2.20653842046
Iter 3500 / 4558 2.33290871421
Iter 3550 / 4558 2.44361558023
Iter 3600 / 4558 2.52731705635
Iter 3650 / 4558 0.201679542661
Iter 3700 / 4558 2.18096726029
Iter 3750 / 4558 1.95040632549
Iter 3800 / 4558 2.31182534354
Iter 3850 / 4558 2.80236166328
Iter 3900 / 4558 5.2160727761
Iter 3950 / 4558 2.61549115181
Iter 4000 / 4558 3.25552812595
Iter 4050 / 4558 2.27178921907
Iter 4100 / 4558 2.18201484055
Iter 4150 / 4558 2.34320057997
Iter 4200 / 4558 2.53413438305
Iter 4250 / 4558 2.68641272651
Iter 4300 / 4558 4.94788493281
Iter 4350 / 4558 3.67886352539
Iter 4400 / 4558 2.75796595982
Iter 4450 / 4558 2.87632212013
Iter 4500 / 4558 2.5791790302
Iter 4550 / 4558 3.22725886735
Epoch 21 Valid 25.1239361423
Epoch 21 Test 24.9485526294
Epoch 22
Iter 50 / 4558 2.40041357839
Iter 100 / 4558 2.42009862264
Iter 150 / 4558 1.0263945146
Iter 200 / 4558 2.58411865234
Iter 250 / 4558 2.42520035807
Iter 300 / 4558 2.1193830702
Iter 350 / 4558 2.37236050197
Iter 400 / 4558 2.22421361763
Iter 450 / 4558 1.92524706523
Iter 500 / 4558 2.39897980087
Iter 550 / 4558 2.3938936506
Iter 600 / 4558 2.31955286622
Iter 650 / 4558 2.78119487147
Iter 700 / 4558 2.28597498875
Iter 750 / 4558 2.88768909596
Iter 800 / 4558 2.21015490908
Iter 850 / 4558 2.70280608696
Iter 900 / 4558 2.999596732
Iter 950 / 4558 2.4114868346
Iter 1000 / 4558 3.93452230732
Iter 1050 / 4558 2.37404561694
Iter 1100 / 4558 2.45086999842
Iter 1150 / 4558 3.05899290055
Iter 1200 / 4558 2.59308185983
Iter 1250 / 4558 2.21092683525
Iter 1300 / 4558 2.92966543344
Iter 1350 / 4558 2.2730140686
Iter 1400 / 4558 2.82932007618
Iter 1450 / 4558 2.65302480292
Iter 1500 / 4558 1.64967750101
Iter 1550 / 4558 2.54977511491
Iter 1600 / 4558 2.35296548379
Iter 1650 / 4558 2.48065643311
Iter 1700 / 4558 3.35812048819
Iter 1750 / 4558 2.10026041667
Iter 1800 / 4558 3.03606113635
Iter 1850 / 4558 2.5794552977
Iter 1900 / 4558 2.74298220903
Iter 1950 / 4558 2.65034050918
Iter 2000 / 4558 1.99441480637
Iter 2050 / 4558 2.46105285815
Iter 2100 / 4558 1.7634562254
Iter 2150 / 4558 2.79115982894
Iter 2200 / 4558 2.57148408174
Iter 2250 / 4558 2.69901188937
Iter 2300 / 4558 2.99041211927
Iter 2350 / 4558 3.64218378067
Iter 2400 / 4558 2.488564704
Iter 2450 / 4558 2.24290709252
Iter 2500 / 4558 2.9217309302
Iter 2550 / 4558 2.58476098633
Iter 2600 / 4558 2.69680851064
Iter 2650 / 4558 1.43614490881
Iter 2700 / 4558 2.27285846074
Iter 2750 / 4558 1.67599814279
Iter 2800 / 4558 1.92530560237
Iter 2850 / 4558 2.37552854077
Iter 2900 / 4558 2.62282809696
Iter 2950 / 4558 2.72621445429
Iter 3000 / 4558 2.39642274146
Iter 3050 / 4558 2.63113208008
Iter 3100 / 4558 2.43980153402
Iter 3150 / 4558 2.90567000952
Iter 3200 / 4558 2.11137634277
Iter 3250 / 4558 1.96199963888
Iter 3300 / 4558 2.50074297317
Iter 3350 / 4558 2.60142430719
Iter 3400 / 4558 2.70479277451
Iter 3450 / 4558 2.64393187732
Iter 3500 / 4558 2.41505510379
Iter 3550 / 4558 2.16448090293
Iter 3600 / 4558 1.60618972778
Iter 3650 / 4558 1.7165440321
Iter 3700 / 4558 2.83631400175
Iter 3750 / 4558 2.54361992913
Iter 3800 / 4558 2.00709645888
Iter 3850 / 4558 2.50609179241
Iter 3900 / 4558 2.57282754867
Iter 3950 / 4558 2.3595102671
Iter 4000 / 4558 2.18437099457
Iter 4050 / 4558 2.39819248744
Iter 4100 / 4558 2.62873688405
Iter 4150 / 4558 3.06309410194
Iter 4200 / 4558 2.5389612898
Iter 4250 / 4558 2.64956318248
Iter 4300 / 4558 2.15578286307
Iter 4350 / 4558 2.10958504677
Iter 4400 / 4558 2.52275839047
Iter 4450 / 4558 3.39045279367
Iter 4500 / 4558 2.28832799738
Iter 4550 / 4558 2.73349845309
Epoch 22 Valid 25.3076911414
Epoch 22 Test 24.9877300125
Epoch 23
Iter 50 / 4558 2.19818273474
Iter 100 / 4558 2.57227325439
Iter 150 / 4558 2.18044825963
Iter 200 / 4558 2.53923735747
Iter 250 / 4558 2.54023927631
Iter 300 / 4558 2.40903254918
Iter 350 / 4558 3.74198764708
Iter 400 / 4558 2.68786980938
Iter 450 / 4558 2.58782274651
Iter 500 / 4558 2.42329164163
Iter 550 / 4558 2.48406860959
Iter 600 / 4558 2.16036023592
Iter 650 / 4558 2.03098477082
Iter 700 / 4558 2.32673313307
Iter 750 / 4558 2.26867789866
Iter 800 / 4558 2.61513328552
Iter 850 / 4558 2.73703885724
Iter 900 / 4558 1.96510786577
Iter 950 / 4558 1.98517717634
Iter 1000 / 4558 2.02938224174
Iter 1050 / 4558 2.31436377305
Iter 1100 / 4558 2.72474803095
Iter 1150 / 4558 2.54666666358
Iter 1200 / 4558 2.29956558228
Iter 1250 / 4558 1.17053767613
Iter 1300 / 4558 2.76100913924
Iter 1350 / 4558 1.50629713962
Iter 1400 / 4558 2.23871541023
Iter 1450 / 4558 1.98161555272
Iter 1500 / 4558 2.78749823816
Iter 1550 / 4558 3.76207304001
Iter 1600 / 4558 2.3034519164
Iter 1650 / 4558 2.55884552002
Iter 1700 / 4558 1.85380579631
Iter 1750 / 4558 2.78349352385
Iter 1800 / 4558 2.67995306162
Iter 1850 / 4558 1.24378351732
Iter 1900 / 4558 3.15658226013
Iter 1950 / 4558 2.93837683839
Iter 2000 / 4558 2.69642926489
Iter 2050 / 4558 2.30113684613
Iter 2100 / 4558 3.03305223253
Iter 2150 / 4558 3.10668526444
Iter 2200 / 4558 2.08970681215
Iter 2250 / 4558 2.19503502479
Iter 2300 / 4558 3.44060858365
Iter 2350 / 4558 2.36015483897
Iter 2400 / 4558 3.05755888156
Iter 2450 / 4558 2.26586608887
Iter 2500 / 4558 2.11711556571
Iter 2550 / 4558 2.40562057495
Iter 2600 / 4558 2.70262083289
Iter 2650 / 4558 2.05399481455
Iter 2700 / 4558 2.05672001839
Iter 2750 / 4558 2.39735166282
Iter 2800 / 4558 2.97119268671
Iter 2850 / 4558 2.7237233808
Iter 2900 / 4558 2.18680607722
Iter 2950 / 4558 2.98407531738
Iter 3000 / 4558 2.51401473336
Iter 3050 / 4558 2.31692862003
Iter 3100 / 4558 1.69552798387
Iter 3150 / 4558 2.35088643392
Iter 3200 / 4558 1.85701897565
Iter 3250 / 4558 2.39491130688
Iter 3300 / 4558 1.15413228748
Iter 3350 / 4558 3.4466325292
Iter 3400 / 4558 2.95569259129
Iter 3450 / 4558 1.99557050069
Iter 3500 / 4558 2.6303505411
Iter 3550 / 4558 2.71553632948
Iter 3600 / 4558 2.52555104306
Iter 3650 / 4558 1.60571937561
Iter 3700 / 4558 2.47079498291
Iter 3750 / 4558 2.38251465442
Iter 3800 / 4558 2.75479634603
Iter 3850 / 4558 3.22166914506
Iter 3900 / 4558 2.37162861071
Iter 3950 / 4558 2.16186014811
Iter 4000 / 4558 2.43844270706
Iter 4050 / 4558 2.47836667015
Iter 4100 / 4558 2.61540317535
Iter 4150 / 4558 2.31579208374
Iter 4200 / 4558 2.27621621352
Iter 4250 / 4558 3.35785420736
Iter 4300 / 4558 3.27081335159
Iter 4350 / 4558 3.7055276724
Iter 4400 / 4558 2.47277676329
Iter 4450 / 4558 2.33905297852
Iter 4500 / 4558 1.79700927734
Iter 4550 / 4558 2.28790005771
Epoch 23 Valid 25.8499008863
Epoch 23 Test 25.661187391
Epoch 24
Iter 50 / 4558 2.24900607405
Iter 100 / 4558 2.71775594076
Iter 150 / 4558 2.55299373215
Iter 200 / 4558 2.4703655917
Iter 250 / 4558 1.49291613586
Iter 300 / 4558 2.56518245308
Iter 350 / 4558 2.16056527032
Iter 400 / 4558 2.82970403035
Iter 450 / 4558 2.55703164298
Iter 500 / 4558 2.57778709813
Iter 550 / 4558 1.93903827667
Iter 600 / 4558 3.05292096819
Iter 650 / 4558 2.01171768852
Iter 700 / 4558 2.76282531738
Iter 750 / 4558 3.73481193421
Iter 800 / 4558 3.04312715076
Iter 850 / 4558 2.62813591235
Iter 900 / 4558 2.3310436048
Iter 950 / 4558 2.31960381402
Iter 1000 / 4558 2.15395259857
Iter 1050 / 4558 1.87201048596
Iter 1100 / 4558 2.30701446533
Iter 1150 / 4558 2.33446498326
Iter 1200 / 4558 2.38436838786
Iter 1250 / 4558 2.03051394199
Iter 1300 / 4558 2.7284254286
Iter 1350 / 4558 2.75045193759
Iter 1400 / 4558 2.10727490877
Iter 1450 / 4558 2.50101429332
Iter 1500 / 4558 2.08614460627
Iter 1550 / 4558 2.42195591251
Iter 1600 / 4558 2.10083577921
Iter 1650 / 4558 2.32347869873
Iter 1700 / 4558 3.12446470518
Iter 1750 / 4558 2.54046879138
Iter 1800 / 4558 2.80176941194
Iter 1850 / 4558 2.19020652771
Iter 1900 / 4558 1.39243646316
Iter 1950 / 4558 2.627978007
Iter 2000 / 4558 2.23971670645
Iter 2050 / 4558 3.48423304702
Iter 2100 / 4558 2.11012084961
Iter 2150 / 4558 2.15129558857
Iter 2200 / 4558 2.22092549006
Iter 2250 / 4558 2.45715947305
Iter 2300 / 4558 2.18294844194
Iter 2350 / 4558 2.42776832581
Iter 2400 / 4558 1.89271951024
Iter 2450 / 4558 2.32810893812
Iter 2500 / 4558 2.43242372285
Iter 2550 / 4558 3.23265911782
Iter 2600 / 4558 2.00464734844
Iter 2650 / 4558 2.16985579899
Iter 2700 / 4558 2.72457457125
Iter 2750 / 4558 2.35441647213
Iter 2800 / 4558 4.1625038147
Iter 2850 / 4558 1.41205449067
Iter 2900 / 4558 1.54865081787
Iter 2950 / 4558 4.58851850794
Iter 3000 / 4558 2.15846761068
Iter 3050 / 4558 2.83123977463
Iter 3100 / 4558 2.13796186447
Iter 3150 / 4558 4.04723941579
Iter 3200 / 4558 1.95030721029
Iter 3250 / 4558 2.22688934326
Iter 3300 / 4558 3.25591875159
Iter 3350 / 4558 1.99028935152
Iter 3400 / 4558 2.03263511658
Iter 3450 / 4558 2.75064167648
Iter 3500 / 4558 3.23356556892
Iter 3550 / 4558 2.23418468899
Iter 3600 / 4558 2.97899246216
Iter 3650 / 4558 2.65230368977
Iter 3700 / 4558 1.60414075851
Iter 3750 / 4558 2.61631307797
Iter 3800 / 4558 2.79544286988
Iter 3850 / 4558 2.42681743481
Iter 3900 / 4558 2.45317304457
Iter 3950 / 4558 3.27150749438
Iter 4000 / 4558 1.5567565918
Iter 4050 / 4558 1.86022872925
Iter 4100 / 4558 2.33832550049
Iter 4150 / 4558 1.91463593645
Iter 4200 / 4558 2.7130161548
Iter 4250 / 4558 2.86622184985
Iter 4300 / 4558 2.11958113961
Iter 4350 / 4558 4.17417399089
Iter 4400 / 4558 2.43672943115
Iter 4450 / 4558 1.00928707512
Iter 4500 / 4558 2.33549705712
Iter 4550 / 4558 3.09484481812
Epoch 24 Valid 26.2120721397
Epoch 24 Test 25.7532603948
Epoch 25
Iter 50 / 4558 2.89117850385
Iter 100 / 4558 2.91645449684
Iter 150 / 4558 1.94843673706
Iter 200 / 4558 2.56181954646
Iter 250 / 4558 1.77426586151
Iter 300 / 4558 2.33861838447
Iter 350 / 4558 2.9677090115
Iter 400 / 4558 1.19475454813
Iter 450 / 4558 2.73522898356
Iter 500 / 4558 2.84709452535
Iter 550 / 4558 2.77991712416
Iter 600 / 4558 1.97357050578
Iter 650 / 4558 2.74988031387
Iter 700 / 4558 3.23711639404
Iter 750 / 4558 2.327636484
Iter 800 / 4558 2.409183577
Iter 850 / 4558 1.59237322891
Iter 900 / 4558 2.32148774751
Iter 950 / 4558 2.35408910116
Iter 1000 / 4558 3.2300325407
Iter 1050 / 4558 2.07116763693
Iter 1100 / 4558 1.97374895707
Iter 1150 / 4558 1.85035127265
Iter 1200 / 4558 2.54824243411
Iter 1250 / 4558 2.63307722225
Iter 1300 / 4558 3.33560114322
Iter 1350 / 4558 2.651088018
Iter 1400 / 4558 2.18285068246
Iter 1450 / 4558 2.07489204407
Iter 1500 / 4558 2.25386229349
Iter 1550 / 4558 2.55738728841
Iter 1600 / 4558 3.39727347238
Iter 1650 / 4558 2.94791060228
Iter 1700 / 4558 2.45137656058
Iter 1750 / 4558 2.24184748952
Iter 1800 / 4558 2.2933078342
Iter 1850 / 4558 2.6787480583
Iter 1900 / 4558 2.34387588501
Iter 1950 / 4558 2.65604187721
Iter 2000 / 4558 2.53278292142
Iter 2050 / 4558 2.55544891357
Iter 2100 / 4558 2.02163155874
Iter 2150 / 4558 1.87241783142
Iter 2200 / 4558 2.80889557629
Iter 2250 / 4558 2.39643550265
Iter 2300 / 4558 3.63349955791
Iter 2350 / 4558 2.5820066664
Iter 2400 / 4558 1.81743097305
Iter 2450 / 4558 2.20219734737
Iter 2500 / 4558 2.71031732669
Iter 2550 / 4558 2.2087733405
Iter 2600 / 4558 3.68030548096
Iter 2650 / 4558 3.36272796631
Iter 2700 / 4558 2.62005391935
Iter 2750 / 4558 1.74434974307
Iter 2800 / 4558 2.32828489124
Iter 2850 / 4558 3.38083928748
Iter 2900 / 4558 2.64882880763
Iter 2950 / 4558 4.11028917101
Iter 3000 / 4558 2.62593904089
Iter 3050 / 4558 2.41882324219
Iter 3100 / 4558 2.29988562542
Iter 3150 / 4558 1.87290574822
Iter 3200 / 4558 2.47295731765
Iter 3250 / 4558 2.84679127889
Iter 3300 / 4558 2.05777732772
Iter 3350 / 4558 2.52291848924
Iter 3400 / 4558 2.47391057014
Iter 3450 / 4558 2.49151237338
Iter 3500 / 4558 2.75399356418
Iter 3550 / 4558 2.43696075125
Iter 3600 / 4558 2.16209227463
Iter 3650 / 4558 3.05140976679
Iter 3700 / 4558 1.07333262761
Iter 3750 / 4558 2.01305337386
Iter 3800 / 4558 2.06764289311
Iter 3850 / 4558 2.66854918237
Iter 3900 / 4558 2.0685046968
Iter 3950 / 4558 2.45771872031
Iter 4000 / 4558 2.42404665647
Iter 4050 / 4558 2.26439280992
Iter 4100 / 4558 2.37858373469
Iter 4150 / 4558 0.980020417942
Iter 4200 / 4558 2.24392926251
Iter 4250 / 4558 4.45360743746
Iter 4300 / 4558 1.78389472961
Iter 4350 / 4558 2.45841637436
Iter 4400 / 4558 2.45912740317
Iter 4450 / 4558 2.17238287278
Iter 4500 / 4558 2.07681941986
Iter 4550 / 4558 2.33648977569
Epoch 25 Valid 26.2877558763
Epoch 25 Test 25.9642681316
Epoch 26
Iter 50 / 4558 1.28155788845
Iter 100 / 4558 2.63763264974
Iter 150 / 4558 2.26775394786
Iter 200 / 4558 2.06600379944
Iter 250 / 4558 1.73435414632
Iter 300 / 4558 2.54291752407
Iter 350 / 4558 2.82255823472
Iter 400 / 4558 1.9091998987
Iter 450 / 4558 2.51938726963
Iter 500 / 4558 2.07958361567
Iter 550 / 4558 2.29193518297
Iter 600 / 4558 2.26660000836
Iter 650 / 4558 2.33981399536
Iter 700 / 4558 3.03542000907
Iter 750 / 4558 2.95783487956
Iter 800 / 4558 2.32268190384
Iter 850 / 4558 2.53819046329
Iter 900 / 4558 2.65230203566
Iter 950 / 4558 2.35677212802
Iter 1000 / 4558 2.21859954506
Iter 1050 / 4558 2.36961744197
Iter 1100 / 4558 2.35207924476
Iter 1150 / 4558 2.60897361626
Iter 1200 / 4558 2.5039360146
Iter 1250 / 4558 2.68426841064
Iter 1300 / 4558 2.57236417135
Iter 1350 / 4558 2.25842445775
Iter 1400 / 4558 2.4141803498
Iter 1450 / 4558 2.26858704666
Iter 1500 / 4558 2.80618417548
Iter 1550 / 4558 2.89842654497
Iter 1600 / 4558 3.21408184504
Iter 1650 / 4558 3.54654908412
Iter 1700 / 4558 1.84790635109
Iter 1750 / 4558 2.10184114473
Iter 1800 / 4558 2.56811028558
Iter 1850 / 4558 2.47733025802
Iter 1900 / 4558 2.82501135932
Iter 1950 / 4558 2.45938673753
Iter 2000 / 4558 2.43346002367
Iter 2050 / 4558 1.82619589626
Iter 2100 / 4558 2.25311491225
Iter 2150 / 4558 2.05588767642
Iter 2200 / 4558 2.74057122433
Iter 2250 / 4558 2.63215125979
Iter 2300 / 4558 2.55436421489
Iter 2350 / 4558 2.65063826243
Iter 2400 / 4558 2.58648273557
Iter 2450 / 4558 2.26680111716
Iter 2500 / 4558 1.92329840227
Iter 2550 / 4558 1.35080478616
Iter 2600 / 4558 2.80012262518
Iter 2650 / 4558 3.05433763777
Iter 2700 / 4558 2.14814683503
Iter 2750 / 4558 2.20271829745
Iter 2800 / 4558 2.44952159304
Iter 2850 / 4558 2.60300537109
Iter 2900 / 4558 4.61361592611
Iter 2950 / 4558 2.62444370303
Iter 3000 / 4558 2.39068232945
Iter 3050 / 4558 2.74880561829
Iter 3100 / 4558 2.74957021077
Iter 3150 / 4558 2.4973441882
Iter 3200 / 4558 2.80864784934
Iter 3250 / 4558 2.85316114454
Iter 3300 / 4558 2.55855210022
Iter 3350 / 4558 2.73324110243
Iter 3400 / 4558 2.2230314367
Iter 3450 / 4558 2.13626664685
Iter 3500 / 4558 2.38195242533
Iter 3550 / 4558 2.32723099713
Iter 3600 / 4558 3.32899983724
Iter 3650 / 4558 2.79038829803
Iter 3700 / 4558 2.04021760606
Iter 3750 / 4558 3.14636753627
Iter 3800 / 4558 2.49616053484
Iter 3850 / 4558 2.26696503468
Iter 3900 / 4558 2.39360502846
Iter 3950 / 4558 2.6940727262
Iter 4000 / 4558 2.76519081809
Iter 4050 / 4558 2.56642653302
Iter 4100 / 4558 2.05844238281
Iter 4150 / 4558 2.13607494732
Iter 4200 / 4558 2.26929684201
Iter 4250 / 4558 1.62919502258
Iter 4300 / 4558 2.68851069766
Iter 4350 / 4558 1.94161256154
Iter 4400 / 4558 2.32706256623
Iter 4450 / 4558 2.1645591259
Iter 4500 / 4558 1.96549664122
Iter 4550 / 4558 2.11817366803
Epoch 26 Valid 26.2444397848
Epoch 26 Test 25.532578945
Epoch 27
Iter 50 / 4558 2.33092805709
Iter 100 / 4558 1.73914766312
Iter 150 / 4558 2.47835773892
Iter 200 / 4558 3.77735979129
Iter 250 / 4558 2.54765025356
Iter 300 / 4558 2.35691812675
Iter 350 / 4558 2.73467829778
Iter 400 / 4558 2.35202217102
Iter 450 / 4558 2.5722178994
Iter 500 / 4558 2.9071890024
Iter 550 / 4558 3.01388663889
Iter 600 / 4558 2.50908851624
Iter 650 / 4558 2.63755372463
Iter 700 / 4558 2.3941418878
Iter 750 / 4558 2.98789577484
Iter 800 / 4558 2.3347826506
Iter 850 / 4558 2.9248846646
Iter 900 / 4558 2.37203463386
Iter 950 / 4558 2.45324837448
Iter 1000 / 4558 2.63217281371
Iter 1050 / 4558 4.34497404099
Iter 1100 / 4558 2.23386928013
Iter 1150 / 4558 1.3938151156
Iter 1200 / 4558 3.2038734436
Iter 1250 / 4558 2.5780545403
Iter 1300 / 4558 1.86242354544
Iter 1350 / 4558 2.12806206245
Iter 1400 / 4558 1.13224658966
Iter 1450 / 4558 2.348328767
Iter 1500 / 4558 2.50185073049
Iter 1550 / 4558 2.60625276111
Iter 1600 / 4558 2.02634662131
Iter 1650 / 4558 2.26600993763
Iter 1700 / 4558 2.47936449553
Iter 1750 / 4558 2.54008237777
Iter 1800 / 4558 3.11133899111
Iter 1850 / 4558 2.13896491311
Iter 1900 / 4558 2.16365472202
Iter 1950 / 4558 2.40690743583
Iter 2000 / 4558 2.49029815949
Iter 2050 / 4558 2.39793216179
Iter 2100 / 4558 2.53894144062
Iter 2150 / 4558 2.90183484113
Iter 2200 / 4558 3.03861501943
Iter 2250 / 4558 2.7331932331
Iter 2300 / 4558 1.98143140007
Iter 2350 / 4558 2.21516496308
Iter 2400 / 4558 1.40863267765
Iter 2450 / 4558 3.1328187536
Iter 2500 / 4558 3.3919158051
Iter 2550 / 4558 2.7463713301
Iter 2600 / 4558 1.80339129766
Iter 2650 / 4558 1.99375309664
Iter 2700 / 4558 2.21246565434
Iter 2750 / 4558 1.3352055166
Iter 2800 / 4558 2.22546157837
Iter 2850 / 4558 2.60584644991
Iter 2900 / 4558 1.51810868581
Iter 2950 / 4558 2.645271032
Iter 3000 / 4558 2.29000630098
Iter 3050 / 4558 1.35179750212
Iter 3100 / 4558 2.31654884075
Iter 3150 / 4558 3.7535349528
Iter 3200 / 4558 2.1968682829
Iter 3250 / 4558 2.17781575521
Iter 3300 / 4558 2.54809975138
Iter 3350 / 4558 2.00352176867
Iter 3400 / 4558 2.78915351734
Iter 3450 / 4558 1.95603488042
Iter 3500 / 4558 2.56386355602
Iter 3550 / 4558 3.0818769347
Iter 3600 / 4558 2.89353949653
Iter 3650 / 4558 2.18853673068
Iter 3700 / 4558 2.43129936097
Iter 3750 / 4558 2.29652823654
Iter 3800 / 4558 2.95424918941
Iter 3850 / 4558 1.579542266
Iter 3900 / 4558 1.62438363295
Iter 3950 / 4558 2.60251871745
Iter 4000 / 4558 2.36740585327
Iter 4050 / 4558 3.15515136719
Iter 4100 / 4558 2.92949585688
Iter 4150 / 4558 2.19693422318
Iter 4200 / 4558 2.87622002684
Iter 4250 / 4558 1.76949861315
Iter 4300 / 4558 2.67484368218
Iter 4350 / 4558 2.33631849289
Iter 4400 / 4558 1.89566408933
Iter 4450 / 4558 3.16029230754
Iter 4500 / 4558 3.1004734232
Iter 4550 / 4558 2.75612153553
Epoch 27 Valid 26.3949752554
Epoch 27 Test 25.3524214566
Epoch 28
Iter 50 / 4558 2.71286908318
Iter 100 / 4558 1.30960409982
Iter 150 / 4558 2.26574434553
Iter 200 / 4558 2.77792256673
Iter 250 / 4558 1.6950525022
Iter 300 / 4558 2.7569582761
Iter 350 / 4558 2.04227172852
Iter 400 / 4558 4.23327306799
Iter 450 / 4558 2.41389203312
Iter 500 / 4558 3.5263226079
Iter 550 / 4558 2.14411751883
Iter 600 / 4558 1.67455966777
Iter 650 / 4558 2.97562417866
Iter 700 / 4558 2.12852587019
Iter 750 / 4558 1.48386919498
Iter 800 / 4558 1.49519480387
Iter 850 / 4558 1.76746769541
Iter 900 / 4558 2.68418750948
Iter 950 / 4558 1.75829339027
Iter 1000 / 4558 2.2358590372
Iter 1050 / 4558 2.50729859905
Iter 1100 / 4558 1.13383731842
Iter 1150 / 4558 2.3095902337
Iter 1200 / 4558 2.30085023244
Iter 1250 / 4558 1.95811198308
Iter 1300 / 4558 2.07923243596
Iter 1350 / 4558 2.34554469332
Iter 1400 / 4558 1.94880231222
Iter 1450 / 4558 2.11817932129
Iter 1500 / 4558 3.0894876683
Iter 1550 / 4558 2.68574938093
Iter 1600 / 4558 2.34561633038
Iter 1650 / 4558 2.14112091064
Iter 1700 / 4558 2.47669444123
Iter 1750 / 4558 2.38393681427
Iter 1800 / 4558 2.91518034758
Iter 1850 / 4558 2.30858740646
Iter 1900 / 4558 2.72079685756
Iter 1950 / 4558 2.44519170125
Iter 2000 / 4558 2.46372307671
Iter 2050 / 4558 0.960531561224
Iter 2100 / 4558 2.18855548727
Iter 2150 / 4558 4.08071488601
Iter 2200 / 4558 1.96278133392
Iter 2250 / 4558 1.80951048198
Iter 2300 / 4558 2.126327333
Iter 2350 / 4558 2.62799200761
Iter 2400 / 4558 2.71554208731
Iter 2450 / 4558 1.56244986398
Iter 2500 / 4558 2.30908116754
Iter 2550 / 4558 2.2899197984
Iter 2600 / 4558 2.33019802955
Iter 2650 / 4558 3.908203125
Iter 2700 / 4558 2.34582427611
Iter 2750 / 4558 2.56163591657
Iter 2800 / 4558 3.76216749711
Iter 2850 / 4558 3.75440500474
Iter 2900 / 4558 2.51850814819
Iter 2950 / 4558 2.62176731655
Iter 3000 / 4558 3.0470871804
Iter 3050 / 4558 2.25645297181
Iter 3100 / 4558 2.42054020275
Iter 3150 / 4558 1.52923355979
Iter 3200 / 4558 2.64496628334
Iter 3250 / 4558 2.80200090681
Iter 3300 / 4558 2.93243824352
Iter 3350 / 4558 2.37258021037
Iter 3400 / 4558 2.5657041395
Iter 3450 / 4558 2.52474525647
Iter 3500 / 4558 2.52871772314
Iter 3550 / 4558 2.24730842058
Iter 3600 / 4558 2.14147172408
Iter 3650 / 4558 2.45675223214
Iter 3700 / 4558 3.28124694824
Iter 3750 / 4558 2.1018547766
Iter 3800 / 4558 2.50597220973
Iter 3850 / 4558 2.22233740489
Iter 3900 / 4558 3.51754226685
Iter 3950 / 4558 2.84906072931
Iter 4000 / 4558 2.27784542921
Iter 4050 / 4558 1.53158433097
Iter 4100 / 4558 2.33899027507
Iter 4150 / 4558 2.32126897828
Iter 4200 / 4558 2.74215423745
Iter 4250 / 4558 1.29375602104
Iter 4300 / 4558 3.09928477894
Iter 4350 / 4558 1.83235515248
Iter 4400 / 4558 2.67527023016
Iter 4450 / 4558 2.55004720052
Iter 4500 / 4558 0.917609214783
Iter 4550 / 4558 2.2783203125
Epoch 28 Valid 26.4718211786
Epoch 28 Test 25.671556702
Epoch 29
Iter 50 / 4558 2.11628345607
Iter 100 / 4558 2.47612823216
Iter 150 / 4558 1.46582153865
Iter 200 / 4558 2.03991297672
Iter 250 / 4558 2.19965267181
Iter 300 / 4558 2.35790125529
Iter 350 / 4558 2.09832255046
Iter 400 / 4558 3.06911419698
Iter 450 / 4558 2.64031055995
Iter 500 / 4558 2.34226693912
Iter 550 / 4558 2.47138824463
Iter 600 / 4558 2.49295814092
Iter 650 / 4558 2.34013409884
Iter 700 / 4558 3.0493267744
Iter 750 / 4558 2.53163450529
Iter 800 / 4558 1.32107934498
Iter 850 / 4558 2.63478805672
Iter 900 / 4558 2.71715252216
Iter 950 / 4558 2.43707670014
Iter 1000 / 4558 2.42954310367
Iter 1050 / 4558 2.41213622422
Iter 1100 / 4558 2.75202148438
Iter 1150 / 4558 2.16736340523
Iter 1200 / 4558 2.32275259835
Iter 1250 / 4558 2.10764278377
Iter 1300 / 4558 2.69405221939
Iter 1350 / 4558 2.20274397906
Iter 1400 / 4558 2.44480632914
Iter 1450 / 4558 2.50662358602
Iter 1500 / 4558 2.65813931552
Iter 1550 / 4558 1.24486207962
Iter 1600 / 4558 2.49737657819
Iter 1650 / 4558 2.4083606175
Iter 1700 / 4558 2.43610254924
Iter 1750 / 4558 2.53172703432
Iter 1800 / 4558 2.19280668977
Iter 1850 / 4558 2.57093415437
Iter 1900 / 4558 2.22398023013
Iter 1950 / 4558 1.89377888766
Iter 2000 / 4558 2.33725514482
Iter 2050 / 4558 2.2174337932
Iter 2100 / 4558 2.72433146159
Iter 2150 / 4558 2.53674150324
Iter 2200 / 4558 2.477636296
Iter 2250 / 4558 2.67137866074
Iter 2300 / 4558 1.78937721252
Iter 2350 / 4558 2.11793592138
Iter 2400 / 4558 5.18688613562
Iter 2450 / 4558 2.32074077709
Iter 2500 / 4558 2.30649312337
Iter 2550 / 4558 1.14466552734
Iter 2600 / 4558 2.196424606
Iter 2650 / 4558 2.25441715635
Iter 2700 / 4558 1.77664063194
Iter 2750 / 4558 2.29988902699
Iter 2800 / 4558 1.88206212661
Iter 2850 / 4558 2.45497940147
Iter 2900 / 4558 2.71464784684
Iter 2950 / 4558 2.63205315085
Iter 3000 / 4558 2.25215889204
Iter 3050 / 4558 2.29588763897
Iter 3100 / 4558 2.92363907806
Iter 3150 / 4558 3.00582197601
Iter 3200 / 4558 2.61566994407
Iter 3250 / 4558 2.29371371799
Iter 3300 / 4558 2.37575642114
Iter 3350 / 4558 2.21305683095
Iter 3400 / 4558 2.28824222449
Iter 3450 / 4558 2.83418526786
Iter 3500 / 4558 2.16822417577
Iter 3550 / 4558 2.90846896701
Iter 3600 / 4558 2.35019599067
Iter 3650 / 4558 2.1455778039
Iter 3700 / 4558 1.823521394
Iter 3750 / 4558 2.13503961002
Iter 3800 / 4558 3.20511364115
Iter 3850 / 4558 2.45646122524
Iter 3900 / 4558 3.84574848897
Iter 3950 / 4558 2.01182181375
Iter 4000 / 4558 2.36051559448
Iter 4050 / 4558 2.50914977477
Iter 4100 / 4558 2.08418046667
Iter 4150 / 4558 2.43343723842
Iter 4200 / 4558 2.05748176575
Iter 4250 / 4558 1.92934176796
Iter 4300 / 4558 2.04479357402
Iter 4350 / 4558 2.12422813364
Iter 4400 / 4558 2.21581322256
Iter 4450 / 4558 2.6422539719
Iter 4500 / 4558 2.13011550903
Iter 4550 / 4558 2.3628590611
Epoch 29 Valid 26.3200277455
Epoch 29 Test 25.5702590385
Epoch 30
Iter 50 / 4558 2.08556856428
Iter 100 / 4558 2.28477153778
Iter 150 / 4558 2.94903996986
Iter 200 / 4558 2.48514587881
Iter 250 / 4558 2.46150970459
Iter 300 / 4558 2.35669368822
Iter 350 / 4558 2.20821380615
Iter 400 / 4558 2.49717532585
Iter 450 / 4558 2.25666023703
Iter 500 / 4558 2.60643822455
Iter 550 / 4558 2.78537161691
Iter 600 / 4558 2.44185756421
Iter 650 / 4558 2.271369835
Iter 700 / 4558 2.36559749785
Iter 750 / 4558 2.31194749519
Iter 800 / 4558 1.81297329016
Iter 850 / 4558 2.09254353841
Iter 900 / 4558 2.1101764679
Iter 950 / 4558 2.42867385509
Iter 1000 / 4558 2.20644385296
Iter 1050 / 4558 2.44623480903
Iter 1100 / 4558 4.11660376527
Iter 1150 / 4558 2.73085914468
Iter 1200 / 4558 1.81060006883
Iter 1250 / 4558 1.8749180483
Iter 1300 / 4558 2.35818041288
Iter 1350 / 4558 2.28712374493
Iter 1400 / 4558 2.48877096737
Iter 1450 / 4558 2.36249494553
Iter 1500 / 4558 2.52519266796
Iter 1550 / 4558 2.99432583513
Iter 1600 / 4558 2.11201329385
Iter 1650 / 4558 2.22146041305
Iter 1700 / 4558 2.55172461709
Iter 1750 / 4558 2.26288630687
Iter 1800 / 4558 2.00973447164
Iter 1850 / 4558 2.76475133123
Iter 1900 / 4558 2.21968579973
Iter 1950 / 4558 1.78712198009
Iter 2000 / 4558 2.09974594116
Iter 2050 / 4558 2.14961976271
Iter 2100 / 4558 2.26553538253
Iter 2150 / 4558 2.18804291756
Iter 2200 / 4558 2.1119209185
Iter 2250 / 4558 2.57792428824
Iter 2300 / 4558 2.28921961784
Iter 2350 / 4558 1.81629371643
Iter 2400 / 4558 2.51938738142
Iter 2450 / 4558 1.30760945772
Iter 2500 / 4558 1.97558749164
Iter 2550 / 4558 2.74893309899
Iter 2600 / 4558 2.46144520153
Iter 2650 / 4558 1.59649309431
Iter 2700 / 4558 2.12709659079
Iter 2750 / 4558 2.09847404843
Iter 2800 / 4558 2.26466383376
Iter 2850 / 4558 2.4151680725
Iter 2900 / 4558 2.8557045229
Iter 2950 / 4558 2.40819475446
Iter 3000 / 4558 2.88723128881
Iter 3050 / 4558 2.34832224032
Iter 3100 / 4558 2.47449363426
Iter 3150 / 4558 2.26100857205
Iter 3200 / 4558 2.19277174576
Iter 3250 / 4558 3.28712505764
Iter 3300 / 4558 2.29147192772
Iter 3350 / 4558 2.59462849299
Iter 3400 / 4558 2.03239606774
Iter 3450 / 4558 2.25321518747
Iter 3500 / 4558 2.32838161188
Iter 3550 / 4558 2.17982925907
Iter 3600 / 4558 2.39563189055
Iter 3650 / 4558 2.27404951013
Iter 3700 / 4558 3.04849299678
Iter 3750 / 4558 2.3833782959
Iter 3800 / 4558 1.65961945732
Iter 3850 / 4558 2.43713850145
Iter 3900 / 4558 2.3610329628
Iter 3950 / 4558 2.77255889516
Iter 4000 / 4558 2.96866593794
Iter 4050 / 4558 1.68472988806
Iter 4100 / 4558 2.19975711988
Iter 4150 / 4558 2.60310963222
Iter 4200 / 4558 2.41509316184
Iter 4250 / 4558 2.97600097656
Iter 4300 / 4558 2.53262246622
Iter 4350 / 4558 2.19565374201
Iter 4400 / 4558 2.55758099472
Iter 4450 / 4558 2.24574298859
Iter 4500 / 4558 2.42459695381
Iter 4550 / 4558 3.90726542473
Epoch 30 Valid 26.562637766
Epoch 30 Test 25.7902155683
