nohup: ignoring input
[dynet] initializing CUDA
[dynet] Request for 1 specific GPU ...
[dynet] Device Number: 3
[dynet]   Device name: GeForce GTX TITAN X
[dynet]   Memory Clock Rate (KHz): 3505000
[dynet]   Memory Bus Width (bits): 384
[dynet]   Peak Memory Bandwidth (GB/s): 336.48
[dynet]   Memory Free (GB): 7.3108/12.7996
[dynet]
[dynet] Device(s) selected: 3
[dynet] random seed: 1814391774
[dynet] allocating memory: 5000MB
[dynet] memory allocation done.
Epoch 1
Iter 50 / 4548 6.83855438232
Iter 100 / 4548 7.05119655443
Iter 150 / 4548 6.51285443987
Iter 200 / 4548 6.09477297465
Iter 250 / 4548 6.39228583916
Iter 300 / 4548 5.98700367647
Iter 350 / 4548 6.71176220122
Iter 400 / 4548 6.51447763751
Iter 450 / 4548 6.05546584356
Iter 500 / 4548 4.64050373278
Iter 550 / 4548 5.8761883904
Iter 600 / 4548 5.68342756305
Iter 650 / 4548 5.48513500507
Iter 700 / 4548 6.09878861277
Iter 750 / 4548 5.10348739624
Iter 800 / 4548 5.95348011364
Iter 850 / 4548 5.33335571289
Iter 900 / 4548 5.26838014012
Iter 950 / 4548 5.32211032444
Iter 1000 / 4548 5.5347035167
Iter 1050 / 4548 5.92651297829
Iter 1100 / 4548 5.39999462309
Iter 1150 / 4548 4.24344500373
Iter 1200 / 4548 4.97391240004
Iter 1250 / 4548 4.77929392169
Iter 1300 / 4548 5.12939615885
Iter 1350 / 4548 4.89522705078
Iter 1400 / 4548 3.92966924395
Iter 1450 / 4548 4.97558877634
Iter 1500 / 4548 5.62849852096
Iter 1550 / 4548 4.53486355868
Iter 1600 / 4548 4.60641601563
Iter 1650 / 4548 4.74564453125
Iter 1700 / 4548 4.67351096017
Iter 1750 / 4548 4.94912879398
Iter 1800 / 4548 4.34193938119
Iter 1850 / 4548 5.72329059469
Iter 1900 / 4548 5.19867917456
Iter 1950 / 4548 6.5163303722
Iter 2000 / 4548 4.97125869199
Iter 2050 / 4548 5.08149787972
Iter 2100 / 4548 4.58778298118
Iter 2150 / 4548 4.53644678148
Iter 2200 / 4548 3.80826443009
Iter 2250 / 4548 5.42724844126
Iter 2300 / 4548 2.72175331116
Iter 2350 / 4548 5.26967353325
Iter 2400 / 4548 4.44931030273
Iter 2450 / 4548 4.8825743539
Iter 2500 / 4548 4.7818422379
Iter 2550 / 4548 4.54741516113
Iter 2600 / 4548 5.35980668501
Iter 2650 / 4548 5.20508388303
Iter 2700 / 4548 5.43835830688
Iter 2750 / 4548 4.96626238142
Iter 2800 / 4548 4.61741541934
Iter 2850 / 4548 4.71765302575
Iter 2900 / 4548 4.79516880262
Iter 2950 / 4548 4.49328247229
Iter 3000 / 4548 5.5611138916
Iter 3050 / 4548 4.76976998245
Iter 3100 / 4548 4.62692951706
Iter 3150 / 4548 4.63008441347
Iter 3200 / 4548 4.29498853182
Iter 3250 / 4548 4.63492307079
Iter 3300 / 4548 4.15893798828
Iter 3350 / 4548 6.34267025902
Iter 3400 / 4548 4.77006921485
Iter 3450 / 4548 4.63061199644
Iter 3500 / 4548 4.99280489408
Iter 3550 / 4548 4.67211444561
Iter 3600 / 4548 4.19878807068
Iter 3650 / 4548 5.11159236257
Iter 3700 / 4548 4.40920042273
Iter 3750 / 4548 4.46125828442
Iter 3800 / 4548 3.87992763519
Iter 3850 / 4548 4.36045920632
Iter 3900 / 4548 3.82376749674
Iter 3950 / 4548 4.38559672038
Iter 4000 / 4548 4.29309804816
Iter 4050 / 4548 5.12986869243
Iter 4100 / 4548 4.38040713356
Iter 4150 / 4548 4.34040366279
Iter 4200 / 4548 5.8155553248
Iter 4250 / 4548 4.92537024713
Iter 4300 / 4548 5.43967541353
Iter 4350 / 4548 5.60042136863
Iter 4400 / 4548 4.49858370694
Iter 4450 / 4548 5.2068311474
Iter 4500 / 4548 3.94760253906
Epoch 1 Valid 8.34365996749
Epoch 1 Test 9.24097292817
Epoch 2
Iter 50 / 4548 3.62900095137
Iter 100 / 4548 4.31176795489
Iter 150 / 4548 4.58401275099
Iter 200 / 4548 4.36611694336
Iter 250 / 4548 4.7335804627
Iter 300 / 4548 4.04596825169
Iter 350 / 4548 4.84598727756
Iter 400 / 4548 4.03675166263
Iter 450 / 4548 3.85428841909
Iter 500 / 4548 3.92048136393
Iter 550 / 4548 3.66124784029
Iter 600 / 4548 4.19745417805
Iter 650 / 4548 4.74550525562
Iter 700 / 4548 5.19342592027
Iter 750 / 4548 4.46680107319
Iter 800 / 4548 4.11974881904
Iter 850 / 4548 4.46359350326
Iter 900 / 4548 4.23155133478
Iter 950 / 4548 4.4891803448
Iter 1000 / 4548 5.0782453429
Iter 1050 / 4548 3.97540147569
Iter 1100 / 4548 4.39164524452
Iter 1150 / 4548 3.03378934638
Iter 1200 / 4548 3.72275373671
Iter 1250 / 4548 3.70237609863
Iter 1300 / 4548 4.82516089151
Iter 1350 / 4548 3.98822056362
Iter 1400 / 4548 3.92158835275
Iter 1450 / 4548 4.90850529201
Iter 1500 / 4548 3.50726869371
Iter 1550 / 4548 3.05395088196
Iter 1600 / 4548 3.78298732213
Iter 1650 / 4548 4.05872116089
Iter 1700 / 4548 4.98975965712
Iter 1750 / 4548 3.77124710278
Iter 1800 / 4548 4.70451660156
Iter 1850 / 4548 3.7734375
Iter 1900 / 4548 3.88532409668
Iter 1950 / 4548 4.75703759766
Iter 2000 / 4548 3.54563713074
Iter 2050 / 4548 4.10587375848
Iter 2100 / 4548 4.33071551407
Iter 2150 / 4548 4.16079319945
Iter 2200 / 4548 4.16932703355
Iter 2250 / 4548 3.28726708628
Iter 2300 / 4548 3.99030085972
Iter 2350 / 4548 3.79822867257
Iter 2400 / 4548 3.20248325054
Iter 2450 / 4548 4.30201700846
Iter 2500 / 4548 4.42368445763
Iter 2550 / 4548 4.27243932088
Iter 2600 / 4548 4.28315330038
Iter 2650 / 4548 3.19404706088
Iter 2700 / 4548 2.67095178319
Iter 2750 / 4548 3.9378844246
Iter 2800 / 4548 4.41601816813
Iter 2850 / 4548 3.55164248444
Iter 2900 / 4548 4.61121695382
Iter 2950 / 4548 4.01400708395
Iter 3000 / 4548 4.01633522727
Iter 3050 / 4548 3.68800247547
Iter 3100 / 4548 4.20367452191
Iter 3150 / 4548 4.53611263152
Iter 3200 / 4548 3.60684712728
Iter 3250 / 4548 4.26762204054
Iter 3300 / 4548 2.7816756981
Iter 3350 / 4548 3.49809382512
Iter 3400 / 4548 3.43504964193
Iter 3450 / 4548 3.91248464584
Iter 3500 / 4548 5.16284818428
Iter 3550 / 4548 6.10074202741
Iter 3600 / 4548 3.85658531858
Iter 3650 / 4548 3.7098867243
Iter 3700 / 4548 3.99636324369
Iter 3750 / 4548 5.25204504104
Iter 3800 / 4548 3.9216262355
Iter 3850 / 4548 4.15529378255
Iter 3900 / 4548 3.75175333069
Iter 3950 / 4548 4.00476487478
Iter 4000 / 4548 3.44611299955
Iter 4050 / 4548 4.77726037162
Iter 4100 / 4548 3.85564152644
Iter 4150 / 4548 3.45701105454
Iter 4200 / 4548 3.5887298584
Iter 4250 / 4548 4.16449248485
Iter 4300 / 4548 3.58059310913
Iter 4350 / 4548 4.0596693172
Iter 4400 / 4548 3.25134981596
Iter 4450 / 4548 3.99532535571
Iter 4500 / 4548 3.63948896692
Epoch 2 Valid 13.415230691
Epoch 2 Test 14.175189758
Epoch 3
Iter 50 / 4548 3.97560161073
Iter 100 / 4548 3.44659339057
Iter 150 / 4548 3.45776964271
Iter 200 / 4548 3.63681862571
Iter 250 / 4548 3.76480231487
Iter 300 / 4548 4.01556955414
Iter 350 / 4548 3.52475738525
Iter 400 / 4548 3.97117524989
Iter 450 / 4548 4.60547610363
Iter 500 / 4548 5.45183875344
Iter 550 / 4548 3.61885172526
Iter 600 / 4548 3.58111963517
Iter 650 / 4548 3.1292368571
Iter 700 / 4548 3.07486861093
Iter 750 / 4548 3.49858419241
Iter 800 / 4548 3.66420054436
Iter 850 / 4548 3.91413238525
Iter 900 / 4548 3.71035766602
Iter 950 / 4548 3.63826112489
Iter 1000 / 4548 3.4208114624
Iter 1050 / 4548 3.44172115984
Iter 1100 / 4548 3.95193786621
Iter 1150 / 4548 3.67771073115
Iter 1200 / 4548 3.72966846068
Iter 1250 / 4548 3.43431260851
Iter 1300 / 4548 3.16404686289
Iter 1350 / 4548 3.54220621209
Iter 1400 / 4548 2.42122413838
Iter 1450 / 4548 3.77045273199
Iter 1500 / 4548 4.3767409148
Iter 1550 / 4548 3.41994476318
Iter 1600 / 4548 3.10493558996
Iter 1650 / 4548 4.56993015834
Iter 1700 / 4548 3.78274248231
Iter 1750 / 4548 3.99193396935
Iter 1800 / 4548 3.72173911647
Iter 1850 / 4548 3.40473403931
Iter 1900 / 4548 4.39873092086
Iter 1950 / 4548 4.37497307273
Iter 2000 / 4548 2.99735081991
Iter 2050 / 4548 3.38641858101
Iter 2100 / 4548 4.16096943557
Iter 2150 / 4548 3.55415638706
Iter 2200 / 4548 3.90520363242
Iter 2250 / 4548 3.5917425821
Iter 2300 / 4548 3.82836623419
Iter 2350 / 4548 3.0837281545
Iter 2400 / 4548 5.63571275984
Iter 2450 / 4548 4.06329923063
Iter 2500 / 4548 3.50288843226
Iter 2550 / 4548 3.21237933819
Iter 2600 / 4548 3.63133646647
Iter 2650 / 4548 3.38932609558
Iter 2700 / 4548 3.65800045698
Iter 2750 / 4548 3.61789568569
Iter 2800 / 4548 4.42148758436
Iter 2850 / 4548 3.57142803486
Iter 2900 / 4548 4.76054454985
Iter 2950 / 4548 3.18997258725
Iter 3000 / 4548 3.63337553749
Iter 3050 / 4548 3.72840296665
Iter 3100 / 4548 3.54643859863
Iter 3150 / 4548 3.98316802979
Iter 3200 / 4548 4.90444100003
Iter 3250 / 4548 3.46210414342
Iter 3300 / 4548 3.30992757863
Iter 3350 / 4548 2.41299247742
Iter 3400 / 4548 3.4726935658
Iter 3450 / 4548 3.85184383392
Iter 3500 / 4548 3.7491958053
Iter 3550 / 4548 4.53339621106
Iter 3600 / 4548 3.62353022649
Iter 3650 / 4548 3.93767361111
Iter 3700 / 4548 3.31860323305
Iter 3750 / 4548 3.64838407212
Iter 3800 / 4548 3.72857781176
Iter 3850 / 4548 3.49536031087
Iter 3900 / 4548 4.03348013071
Iter 3950 / 4548 3.9176260489
Iter 4000 / 4548 3.96593789493
Iter 4050 / 4548 3.46324798584
Iter 4100 / 4548 2.78903420998
Iter 4150 / 4548 4.96264512804
Iter 4200 / 4548 3.17961220119
Iter 4250 / 4548 4.08987935384
Iter 4300 / 4548 3.65435103219
Iter 4350 / 4548 2.66660933061
Iter 4400 / 4548 4.51629162511
Iter 4450 / 4548 4.24189178467
Iter 4500 / 4548 4.00301640828
Epoch 3 Valid 15.9640765894
Epoch 3 Test 16.2774991961
Epoch 4
Iter 50 / 4548 4.03309726176
Iter 100 / 4548 3.2195602417
Iter 150 / 4548 3.31316669171
Iter 200 / 4548 3.5668352235
Iter 250 / 4548 1.81084251404
Iter 300 / 4548 3.75905322003
Iter 350 / 4548 3.05915691978
Iter 400 / 4548 3.7560783835
Iter 450 / 4548 3.37823289878
Iter 500 / 4548 2.63912200928
Iter 550 / 4548 4.51002443754
Iter 600 / 4548 2.30436134338
Iter 650 / 4548 2.39815575736
Iter 700 / 4548 2.656607896
Iter 750 / 4548 4.44495456502
Iter 800 / 4548 3.67351597377
Iter 850 / 4548 5.06577030305
Iter 900 / 4548 3.08111073421
Iter 950 / 4548 2.92733404371
Iter 1000 / 4548 3.40381648623
Iter 1050 / 4548 3.56436191906
Iter 1100 / 4548 3.39192057292
Iter 1150 / 4548 6.2875617981
Iter 1200 / 4548 3.0070498959
Iter 1250 / 4548 3.01494598389
Iter 1300 / 4548 3.46796700614
Iter 1350 / 4548 2.72136497498
Iter 1400 / 4548 4.01068752915
Iter 1450 / 4548 3.11968612671
Iter 1500 / 4548 3.29254560711
Iter 1550 / 4548 3.40403442383
Iter 1600 / 4548 2.27185742608
Iter 1650 / 4548 2.44598087045
Iter 1700 / 4548 3.35878249116
Iter 1750 / 4548 4.22337310168
Iter 1800 / 4548 3.237539741
Iter 1850 / 4548 3.04074559067
Iter 1900 / 4548 3.29620103102
Iter 1950 / 4548 1.79428760425
Iter 2000 / 4548 3.16172611297
Iter 2050 / 4548 2.99269618758
Iter 2100 / 4548 3.70141995338
Iter 2150 / 4548 3.52328368156
Iter 2200 / 4548 3.48015555082
Iter 2250 / 4548 3.47486337026
Iter 2300 / 4548 3.41251880787
Iter 2350 / 4548 3.42787439683
Iter 2400 / 4548 3.33106651602
Iter 2450 / 4548 3.46305787718
Iter 2500 / 4548 3.59809875488
Iter 2550 / 4548 3.1884399156
Iter 2600 / 4548 3.14059448242
Iter 2650 / 4548 5.24377163974
Iter 2700 / 4548 2.25061626434
Iter 2750 / 4548 3.54764257503
Iter 2800 / 4548 3.09099438316
Iter 2850 / 4548 3.49178292411
Iter 2900 / 4548 4.57304023294
Iter 2950 / 4548 3.24738658558
Iter 3000 / 4548 3.26167882583
Iter 3050 / 4548 3.13610809326
Iter 3100 / 4548 3.1072063446
Iter 3150 / 4548 2.89803380552
Iter 3200 / 4548 3.02236284528
Iter 3250 / 4548 3.73183888402
Iter 3300 / 4548 3.36086212158
Iter 3350 / 4548 4.24134794195
Iter 3400 / 4548 5.28431974139
Iter 3450 / 4548 3.62389238862
Iter 3500 / 4548 4.14208421429
Iter 3550 / 4548 3.39542566455
Iter 3600 / 4548 4.32262390137
Iter 3650 / 4548 2.8692408475
Iter 3700 / 4548 3.3873620194
Iter 3750 / 4548 3.32267252604
Iter 3800 / 4548 3.05872990535
Iter 3850 / 4548 3.53036171837
Iter 3900 / 4548 3.33600082397
Iter 3950 / 4548 3.62053934733
Iter 4000 / 4548 2.97363604921
Iter 4050 / 4548 2.92394866943
Iter 4100 / 4548 2.82730413943
Iter 4150 / 4548 3.76621154785
Iter 4200 / 4548 3.16384887695
Iter 4250 / 4548 3.23671134574
Iter 4300 / 4548 3.89624786377
Iter 4350 / 4548 3.23702139806
Iter 4400 / 4548 3.32355516222
Iter 4450 / 4548 4.00041453044
Iter 4500 / 4548 4.38031827486
Epoch 4 Valid 17.7789197067
Epoch 4 Test 18.3272286765
Epoch 5
Iter 50 / 4548 3.08924763997
Iter 100 / 4548 2.90885750907
Iter 150 / 4548 3.54475727697
Iter 200 / 4548 2.93099594116
Iter 250 / 4548 2.6900206148
Iter 300 / 4548 3.07968808894
Iter 350 / 4548 2.7464121305
Iter 400 / 4548 3.8916304568
Iter 450 / 4548 3.30398262872
Iter 500 / 4548 3.14448464134
Iter 550 / 4548 4.56295663339
Iter 600 / 4548 3.62258834839
Iter 650 / 4548 3.59615079094
Iter 700 / 4548 3.0415687561
Iter 750 / 4548 3.85332201886
Iter 800 / 4548 4.42278868894
Iter 850 / 4548 3.00451593268
Iter 900 / 4548 3.06713938783
Iter 950 / 4548 2.84597899819
Iter 1000 / 4548 3.34693603516
Iter 1050 / 4548 3.45520782471
Iter 1100 / 4548 3.39874069412
Iter 1150 / 4548 3.45281700721
Iter 1200 / 4548 4.12590830813
Iter 1250 / 4548 3.24352358099
Iter 1300 / 4548 3.27376406417
Iter 1350 / 4548 2.989324646
Iter 1400 / 4548 2.77174377441
Iter 1450 / 4548 2.73354263306
Iter 1500 / 4548 3.0380632673
Iter 1550 / 4548 3.59600753784
Iter 1600 / 4548 3.52699279785
Iter 1650 / 4548 3.44569775927
Iter 1700 / 4548 3.03901073315
Iter 1750 / 4548 3.56846083256
Iter 1800 / 4548 2.68313550949
Iter 1850 / 4548 2.84164374215
Iter 1900 / 4548 3.45409261617
Iter 1950 / 4548 3.4598614982
Iter 2000 / 4548 3.14557084064
Iter 2050 / 4548 3.02180113616
Iter 2100 / 4548 3.69505343967
Iter 2150 / 4548 3.78718406276
Iter 2200 / 4548 3.83884831479
Iter 2250 / 4548 3.32432454427
Iter 2300 / 4548 3.61269894162
Iter 2350 / 4548 3.68161135535
Iter 2400 / 4548 1.69596665326
Iter 2450 / 4548 2.87631657918
Iter 2500 / 4548 3.46555909656
Iter 2550 / 4548 3.00077291635
Iter 2600 / 4548 3.52320454915
Iter 2650 / 4548 3.46447618273
Iter 2700 / 4548 2.49952554703
Iter 2750 / 4548 4.46502380371
Iter 2800 / 4548 3.44229303592
Iter 2850 / 4548 3.42552789652
Iter 2900 / 4548 3.79908905029
Iter 2950 / 4548 3.90745015047
Iter 3000 / 4548 3.22623136674
Iter 3050 / 4548 3.36170825624
Iter 3100 / 4548 4.35098712364
Iter 3150 / 4548 3.91171020508
Iter 3200 / 4548 3.2117595404
Iter 3250 / 4548 2.62168341743
Iter 3300 / 4548 2.81386947632
Iter 3350 / 4548 3.3465802228
Iter 3400 / 4548 2.53876953125
Iter 3450 / 4548 3.03117671157
Iter 3500 / 4548 3.61846738873
Iter 3550 / 4548 3.59260457357
Iter 3600 / 4548 3.74303397042
Iter 3650 / 4548 4.09369740588
Iter 3700 / 4548 3.28401102702
Iter 3750 / 4548 3.81542663574
Iter 3800 / 4548 3.25278497511
Iter 3850 / 4548 4.35704950926
Iter 3900 / 4548 3.38846267479
Iter 3950 / 4548 3.32305359771
Iter 4000 / 4548 3.52524727269
Iter 4050 / 4548 3.44901899858
Iter 4100 / 4548 3.61099967155
Iter 4150 / 4548 3.47019103079
Iter 4200 / 4548 2.44728711187
Iter 4250 / 4548 3.57497647496
Iter 4300 / 4548 2.71241645813
Iter 4350 / 4548 3.45644362148
Iter 4400 / 4548 3.37161406886
Iter 4450 / 4548 3.87766458263
Iter 4500 / 4548 3.72326627691
Epoch 5 Valid 19.2272859501
Epoch 5 Test 19.5595821712
Epoch 6
Iter 50 / 4548 2.64958366981
Iter 100 / 4548 2.97826809353
Iter 150 / 4548 3.9128137099
Iter 200 / 4548 3.37269487331
Iter 250 / 4548 2.5707375372
Iter 300 / 4548 2.76422691345
Iter 350 / 4548 2.41935348511
Iter 400 / 4548 3.10158411662
Iter 450 / 4548 3.62066114995
Iter 500 / 4548 2.27535302298
Iter 550 / 4548 2.86183598836
Iter 600 / 4548 4.63815761257
Iter 650 / 4548 2.72300181669
Iter 700 / 4548 3.07868146896
Iter 750 / 4548 2.86356959623
Iter 800 / 4548 3.13831520081
Iter 850 / 4548 3.07214904099
Iter 900 / 4548 3.78255803035
Iter 950 / 4548 3.41123777447
Iter 1000 / 4548 3.03746153179
Iter 1050 / 4548 2.00968265533
Iter 1100 / 4548 3.23781567085
Iter 1150 / 4548 3.23116774786
Iter 1200 / 4548 3.023652857
Iter 1250 / 4548 2.94805848946
Iter 1300 / 4548 3.48566016998
Iter 1350 / 4548 3.36390551271
Iter 1400 / 4548 3.50570835658
Iter 1450 / 4548 3.14929636005
Iter 1500 / 4548 2.95850463867
Iter 1550 / 4548 3.7802585178
Iter 1600 / 4548 3.12312914874
Iter 1650 / 4548 2.90284220378
Iter 1700 / 4548 2.93462949811
Iter 1750 / 4548 3.28331841363
Iter 1800 / 4548 3.21959322416
Iter 1850 / 4548 4.30459677207
Iter 1900 / 4548 3.93119162702
Iter 1950 / 4548 2.7314049857
Iter 2000 / 4548 2.28843168371
Iter 2050 / 4548 3.24437495169
Iter 2100 / 4548 3.5644971786
Iter 2150 / 4548 3.99518603813
Iter 2200 / 4548 3.04609008789
Iter 2250 / 4548 2.42788717192
Iter 2300 / 4548 3.81542670208
Iter 2350 / 4548 3.5215208871
Iter 2400 / 4548 2.96445480047
Iter 2450 / 4548 3.66448554993
Iter 2500 / 4548 5.20144871303
Iter 2550 / 4548 2.84224074227
Iter 2600 / 4548 1.64515419893
Iter 2650 / 4548 2.77508544922
Iter 2700 / 4548 3.23476409912
Iter 2750 / 4548 3.55233224572
Iter 2800 / 4548 3.05769926926
Iter 2850 / 4548 2.8464955297
Iter 2900 / 4548 3.80768479567
Iter 2950 / 4548 3.4906582919
Iter 3000 / 4548 2.92393684387
Iter 3050 / 4548 3.15048182288
Iter 3100 / 4548 3.30545737056
Iter 3150 / 4548 2.96529808656
Iter 3200 / 4548 3.14002245526
Iter 3250 / 4548 3.21774758732
Iter 3300 / 4548 3.05579609774
Iter 3350 / 4548 3.73522798515
Iter 3400 / 4548 2.92786962336
Iter 3450 / 4548 3.79146706186
Iter 3500 / 4548 2.46219444275
Iter 3550 / 4548 3.87136011948
Iter 3600 / 4548 3.10935306549
Iter 3650 / 4548 3.02404996142
Iter 3700 / 4548 3.18729223386
Iter 3750 / 4548 4.28348664315
Iter 3800 / 4548 4.70307882558
Iter 3850 / 4548 3.44434606315
Iter 3900 / 4548 3.44462692528
Iter 3950 / 4548 3.5637811514
Iter 4000 / 4548 3.041621433
Iter 4050 / 4548 3.51980656686
Iter 4100 / 4548 3.78023245675
Iter 4150 / 4548 3.06208352482
Iter 4200 / 4548 6.54066814076
Iter 4250 / 4548 3.36568917411
Iter 4300 / 4548 3.74639211255
Iter 4350 / 4548 3.46696624756
Iter 4400 / 4548 3.3329212313
Iter 4450 / 4548 1.64767925556
Iter 4500 / 4548 3.05713355655
Epoch 6 Valid 19.0625244481
Epoch 6 Test 19.8218063876
Epoch 7
Iter 50 / 4548 2.91344056995
Iter 100 / 4548 1.85210208893
Iter 150 / 4548 2.88969345093
Iter 200 / 4548 2.96621704102
Iter 250 / 4548 2.6759482297
Iter 300 / 4548 3.33986255101
Iter 350 / 4548 2.69939967564
Iter 400 / 4548 2.94506319108
Iter 450 / 4548 2.85495128771
Iter 500 / 4548 2.35241031647
Iter 550 / 4548 1.41651582718
Iter 600 / 4548 3.22137344093
Iter 650 / 4548 2.77363492627
Iter 700 / 4548 3.80269954906
Iter 750 / 4548 3.11813063912
Iter 800 / 4548 2.15460343794
Iter 850 / 4548 2.85530223017
Iter 900 / 4548 3.10965428208
Iter 950 / 4548 3.85457408671
Iter 1000 / 4548 2.94072151184
Iter 1050 / 4548 3.17836569155
Iter 1100 / 4548 2.58605675948
Iter 1150 / 4548 3.13558574476
Iter 1200 / 4548 2.78293697651
Iter 1250 / 4548 2.81367323134
Iter 1300 / 4548 2.05310842726
Iter 1350 / 4548 3.11349899704
Iter 1400 / 4548 2.86962629046
Iter 1450 / 4548 3.77483023584
Iter 1500 / 4548 3.87554865298
Iter 1550 / 4548 3.70622317892
Iter 1600 / 4548 2.37232535226
Iter 1650 / 4548 3.32377275214
Iter 1700 / 4548 3.287984406
Iter 1750 / 4548 3.44097811071
Iter 1800 / 4548 2.89598517167
Iter 1850 / 4548 2.99909210205
Iter 1900 / 4548 4.62587870722
Iter 1950 / 4548 2.99630541679
Iter 2000 / 4548 2.65686878878
Iter 2050 / 4548 3.07030073178
Iter 2100 / 4548 3.52485703688
Iter 2150 / 4548 2.78171461907
Iter 2200 / 4548 3.60714032573
Iter 2250 / 4548 3.01437678482
Iter 2300 / 4548 3.11350674099
Iter 2350 / 4548 2.96766333487
Iter 2400 / 4548 2.43281532736
Iter 2450 / 4548 3.92036203238
Iter 2500 / 4548 3.44945853097
Iter 2550 / 4548 3.23792363947
Iter 2600 / 4548 2.90515582481
Iter 2650 / 4548 4.1805859734
Iter 2700 / 4548 2.75011269706
Iter 2750 / 4548 3.22620685284
Iter 2800 / 4548 3.31628417969
Iter 2850 / 4548 3.06288234166
Iter 2900 / 4548 5.64715627897
Iter 2950 / 4548 3.41427440858
Iter 3000 / 4548 2.81080520985
Iter 3050 / 4548 3.00233620091
Iter 3100 / 4548 2.21317519151
Iter 3150 / 4548 3.48527044999
Iter 3200 / 4548 3.34777999251
Iter 3250 / 4548 3.44344694718
Iter 3300 / 4548 4.30491485596
Iter 3350 / 4548 2.37247695923
Iter 3400 / 4548 3.01100889842
Iter 3450 / 4548 1.95288407803
Iter 3500 / 4548 3.16594529642
Iter 3550 / 4548 2.64214324951
Iter 3600 / 4548 3.14452305913
Iter 3650 / 4548 2.53390938895
Iter 3700 / 4548 5.58112589518
Iter 3750 / 4548 3.56759432047
Iter 3800 / 4548 3.90231947465
Iter 3850 / 4548 5.27081031799
Iter 3900 / 4548 3.35251057943
Iter 3950 / 4548 3.82830461775
Iter 4000 / 4548 3.15710344527
Iter 4050 / 4548 3.52816973143
Iter 4100 / 4548 3.28329325831
Iter 4150 / 4548 3.86453209854
Iter 4200 / 4548 3.489451873
Iter 4250 / 4548 3.06789465512
Iter 4300 / 4548 2.69425725937
Iter 4350 / 4548 2.93799686432
Iter 4400 / 4548 3.5797879658
Iter 4450 / 4548 2.83037004017
Iter 4500 / 4548 3.27032611014
Epoch 7 Valid 19.8201151351
Epoch 7 Test 20.4800130918
Epoch 8
Iter 50 / 4548 3.11300262848
Iter 100 / 4548 3.51350911458
Iter 150 / 4548 3.0307939731
Iter 200 / 4548 2.86940574646
Iter 250 / 4548 2.53748945756
Iter 300 / 4548 2.91615639963
Iter 350 / 4548 2.36308072793
Iter 400 / 4548 2.45560412937
Iter 450 / 4548 2.16094225103
Iter 500 / 4548 2.9738881704
Iter 550 / 4548 2.93715629192
Iter 600 / 4548 2.91361400059
Iter 650 / 4548 2.90831311544
Iter 700 / 4548 3.19016925554
Iter 750 / 4548 3.37286911011
Iter 800 / 4548 3.20228152805
Iter 850 / 4548 3.06434066207
Iter 900 / 4548 3.30970684894
Iter 950 / 4548 2.60540902743
Iter 1000 / 4548 2.56856312471
Iter 1050 / 4548 2.04259000506
Iter 1100 / 4548 2.74589702647
Iter 1150 / 4548 2.80843042444
Iter 1200 / 4548 3.58832804362
Iter 1250 / 4548 3.28561213567
Iter 1300 / 4548 2.83291727702
Iter 1350 / 4548 2.96120597221
Iter 1400 / 4548 3.87156778971
Iter 1450 / 4548 3.41605122884
Iter 1500 / 4548 2.63717922065
Iter 1550 / 4548 3.0862509611
Iter 1600 / 4548 3.67670440674
Iter 1650 / 4548 3.25138185735
Iter 1700 / 4548 3.12973175049
Iter 1750 / 4548 4.16027267841
Iter 1800 / 4548 3.14643660836
Iter 1850 / 4548 2.60044028542
Iter 1900 / 4548 2.75243759155
Iter 1950 / 4548 2.82581671353
Iter 2000 / 4548 2.80674258961
Iter 2050 / 4548 4.07698974609
Iter 2100 / 4548 3.41899401521
Iter 2150 / 4548 3.08409407332
Iter 2200 / 4548 2.25513458252
Iter 2250 / 4548 3.2515034685
Iter 2300 / 4548 2.66802014803
Iter 2350 / 4548 2.8924119016
Iter 2400 / 4548 2.97715527441
Iter 2450 / 4548 2.99288895551
Iter 2500 / 4548 2.91475335537
Iter 2550 / 4548 2.8915435791
Iter 2600 / 4548 2.44252115885
Iter 2650 / 4548 2.7201016744
Iter 2700 / 4548 3.45435833109
Iter 2750 / 4548 4.17356132739
Iter 2800 / 4548 3.12956298025
Iter 2850 / 4548 2.99208537582
Iter 2900 / 4548 3.06776021924
Iter 2950 / 4548 2.99783874512
Iter 3000 / 4548 2.37778139114
Iter 3050 / 4548 2.87205343178
Iter 3100 / 4548 3.38578896728
Iter 3150 / 4548 2.66955608792
Iter 3200 / 4548 3.23356628418
Iter 3250 / 4548 3.00436495995
Iter 3300 / 4548 3.14348683077
Iter 3350 / 4548 3.7463145256
Iter 3400 / 4548 3.61032828105
Iter 3450 / 4548 3.80012272853
Iter 3500 / 4548 3.06889123072
Iter 3550 / 4548 2.2667787679
Iter 3600 / 4548 2.70317475692
Iter 3650 / 4548 2.64363037109
Iter 3700 / 4548 2.99846506119
Iter 3750 / 4548 2.58555276053
Iter 3800 / 4548 3.26173471929
Iter 3850 / 4548 2.70863883726
Iter 3900 / 4548 4.58309863863
Iter 3950 / 4548 2.62821379952
Iter 4000 / 4548 2.69037673053
Iter 4050 / 4548 3.16966590586
Iter 4100 / 4548 3.96565936861
Iter 4150 / 4548 2.83123411309
Iter 4200 / 4548 2.83177361122
Iter 4250 / 4548 2.80625271267
Iter 4300 / 4548 2.48066234589
Iter 4350 / 4548 3.63939108777
Iter 4400 / 4548 3.24093390571
Iter 4450 / 4548 3.3405703896
Iter 4500 / 4548 3.33322642208
Epoch 8 Valid 19.7112773165
Epoch 8 Test 20.8133837306
Epoch 9
Iter 50 / 4548 4.02559209274
Iter 100 / 4548 2.38773964936
Iter 150 / 4548 2.94746638279
Iter 200 / 4548 2.68900973738
Iter 250 / 4548 2.67789551706
Iter 300 / 4548 2.59350950822
Iter 350 / 4548 2.85338066949
Iter 400 / 4548 3.02887373704
Iter 450 / 4548 3.10956538274
Iter 500 / 4548 2.36077467601
Iter 550 / 4548 2.59245736258
Iter 600 / 4548 2.9458934239
Iter 650 / 4548 2.80664792268
Iter 700 / 4548 2.81814346313
Iter 750 / 4548 3.06513811135
Iter 800 / 4548 2.34477206639
Iter 850 / 4548 3.62816874186
Iter 900 / 4548 2.71858172947
Iter 950 / 4548 3.52406846084
Iter 1000 / 4548 3.32385847304
Iter 1050 / 4548 3.12103101942
Iter 1100 / 4548 2.87441375732
Iter 1150 / 4548 3.47576770154
Iter 1200 / 4548 3.69786467376
Iter 1250 / 4548 2.77348908134
Iter 1300 / 4548 4.41373963287
Iter 1350 / 4548 2.99757149759
Iter 1400 / 4548 2.87849535261
Iter 1450 / 4548 3.06755065918
Iter 1500 / 4548 2.93501568419
Iter 1550 / 4548 4.03455607096
Iter 1600 / 4548 3.91044499324
Iter 1650 / 4548 3.54601355444
Iter 1700 / 4548 2.85677364894
Iter 1750 / 4548 3.39836968316
Iter 1800 / 4548 2.51370974621
Iter 1850 / 4548 2.37624875237
Iter 1900 / 4548 3.06945518686
Iter 1950 / 4548 3.13932269552
Iter 2000 / 4548 2.91400054932
Iter 2050 / 4548 2.88518590856
Iter 2100 / 4548 2.25484103443
Iter 2150 / 4548 2.88493323326
Iter 2200 / 4548 2.61022104536
Iter 2250 / 4548 3.24224695666
Iter 2300 / 4548 2.71762302944
Iter 2350 / 4548 2.94471312406
Iter 2400 / 4548 3.23306020101
Iter 2450 / 4548 3.39572143555
Iter 2500 / 4548 2.73281478882
Iter 2550 / 4548 2.96149995592
Iter 2600 / 4548 2.78695369112
Iter 2650 / 4548 3.25832052792
Iter 2700 / 4548 3.61969965154
Iter 2750 / 4548 2.77265290956
Iter 2800 / 4548 2.82709747
Iter 2850 / 4548 2.90028029222
Iter 2900 / 4548 3.27837197298
Iter 2950 / 4548 2.83382423975
Iter 3000 / 4548 3.83241739078
Iter 3050 / 4548 3.16802978516
Iter 3100 / 4548 2.74773932563
Iter 3150 / 4548 2.98148007478
Iter 3200 / 4548 2.57280604045
Iter 3250 / 4548 3.08472424019
Iter 3300 / 4548 4.02556482951
Iter 3350 / 4548 3.05717750832
Iter 3400 / 4548 4.96869977315
Iter 3450 / 4548 3.17489917462
Iter 3500 / 4548 4.26723455614
Iter 3550 / 4548 2.85338679722
Iter 3600 / 4548 2.8540506328
Iter 3650 / 4548 2.41164076956
Iter 3700 / 4548 2.9862663006
Iter 3750 / 4548 2.44138560576
Iter 3800 / 4548 4.00461472731
Iter 3850 / 4548 3.06275931693
Iter 3900 / 4548 3.60257463266
Iter 3950 / 4548 2.75759677887
Iter 4000 / 4548 2.67648005081
Iter 4050 / 4548 3.54687000621
Iter 4100 / 4548 2.83847825352
Iter 4150 / 4548 3.59450863569
Iter 4200 / 4548 4.42447325241
Iter 4250 / 4548 3.20375955147
Iter 4300 / 4548 3.00390942891
Iter 4350 / 4548 2.86927096049
Iter 4400 / 4548 3.29977042215
Iter 4450 / 4548 3.48353773548
Iter 4500 / 4548 3.31858867707
Epoch 9 Valid 19.5895068206
Epoch 9 Test 20.7442228796
Epoch 10
Iter 50 / 4548 4.51459285191
Iter 100 / 4548 3.92711552487
Iter 150 / 4548 2.90066902079
Iter 200 / 4548 3.01921325171
Iter 250 / 4548 2.73955993652
Iter 300 / 4548 3.33371404012
Iter 350 / 4548 3.67441506988
Iter 400 / 4548 3.56821390788
Iter 450 / 4548 3.92097297082
Iter 500 / 4548 2.85797626342
Iter 550 / 4548 3.48498351867
Iter 600 / 4548 2.71184156013
Iter 650 / 4548 2.77426738739
Iter 700 / 4548 2.81359423124
Iter 750 / 4548 2.91126161463
Iter 800 / 4548 3.29153161951
Iter 850 / 4548 2.95934440976
Iter 900 / 4548 3.32883589895
Iter 950 / 4548 2.99947375786
Iter 1000 / 4548 3.55853634789
Iter 1050 / 4548 2.9299050608
Iter 1100 / 4548 2.47990587023
Iter 1150 / 4548 2.96426112137
Iter 1200 / 4548 2.15361216712
Iter 1250 / 4548 2.49869354678
Iter 1300 / 4548 3.22047360738
Iter 1350 / 4548 2.40438694424
Iter 1400 / 4548 2.74500499819
Iter 1450 / 4548 2.72833837644
Iter 1500 / 4548 2.84973435175
Iter 1550 / 4548 2.90245346796
Iter 1600 / 4548 2.73662166272
Iter 1650 / 4548 2.74464294434
Iter 1700 / 4548 2.89877253606
Iter 1750 / 4548 3.0850762729
Iter 1800 / 4548 3.02214286441
Iter 1850 / 4548 2.79036738955
Iter 1900 / 4548 2.99987543846
Iter 1950 / 4548 2.14711159926
Iter 2000 / 4548 3.81150378603
Iter 2050 / 4548 2.53479003906
Iter 2100 / 4548 3.32250592267
Iter 2150 / 4548 1.8310463315
Iter 2200 / 4548 4.68443714489
Iter 2250 / 4548 3.08418397067
Iter 2300 / 4548 3.28380911691
Iter 2350 / 4548 2.53420815101
Iter 2400 / 4548 3.48757595486
Iter 2450 / 4548 3.30684501452
Iter 2500 / 4548 2.70869651208
Iter 2550 / 4548 3.14777323405
Iter 2600 / 4548 2.91928751328
Iter 2650 / 4548 3.40435562972
Iter 2700 / 4548 2.87934032239
Iter 2750 / 4548 2.6130336893
Iter 2800 / 4548 3.80555979411
Iter 2850 / 4548 3.07969268799
Iter 2900 / 4548 2.41967733414
Iter 2950 / 4548 2.52281697591
Iter 3000 / 4548 3.0325361553
Iter 3050 / 4548 2.44338989258
Iter 3100 / 4548 3.02653694153
Iter 3150 / 4548 3.37541648894
Iter 3200 / 4548 0.738708496094
Iter 3250 / 4548 3.0215637207
Iter 3300 / 4548 2.9961317831
Iter 3350 / 4548 3.89355293739
Iter 3400 / 4548 2.95931625366
Iter 3450 / 4548 2.96075090282
Iter 3500 / 4548 3.11923758865
Iter 3550 / 4548 1.9738483429
Iter 3600 / 4548 3.16620763143
Iter 3650 / 4548 2.84889776056
Iter 3700 / 4548 2.41387854682
Iter 3750 / 4548 4.48105805496
Iter 3800 / 4548 2.81198294287
Iter 3850 / 4548 3.47024108058
Iter 3900 / 4548 2.97373471941
Iter 3950 / 4548 2.71676371648
Iter 4000 / 4548 3.30090533246
Iter 4050 / 4548 2.62200630485
Iter 4100 / 4548 3.79200627254
Iter 4150 / 4548 2.62110741025
Iter 4200 / 4548 2.89856211344
Iter 4250 / 4548 3.1571078674
Iter 4300 / 4548 2.71406555176
Iter 4350 / 4548 2.38765267765
Iter 4400 / 4548 3.35807323833
Iter 4450 / 4548 2.14543329875
Iter 4500 / 4548 2.32745202382
Epoch 10 Valid 20.5432895458
Epoch 10 Test 21.4767760448
Epoch 11
Iter 50 / 4548 2.83415487538
Iter 100 / 4548 2.4026119398
Iter 150 / 4548 3.25432318326
Iter 200 / 4548 3.36680525595
Iter 250 / 4548 1.98205343882
Iter 300 / 4548 4.25128827776
Iter 350 / 4548 2.90695868598
Iter 400 / 4548 3.31359083388
Iter 450 / 4548 2.12933953603
Iter 500 / 4548 1.68006275975
Iter 550 / 4548 2.99159687321
Iter 600 / 4548 2.64372498649
Iter 650 / 4548 2.68744001717
Iter 700 / 4548 2.23856645472
Iter 750 / 4548 3.0965679153
Iter 800 / 4548 2.73595601862
Iter 850 / 4548 3.1044837473
Iter 900 / 4548 3.13197356117
Iter 950 / 4548 2.9753320997
Iter 1000 / 4548 2.8878394462
Iter 1050 / 4548 3.42107202673
Iter 1100 / 4548 1.87655715942
Iter 1150 / 4548 2.717228401
Iter 1200 / 4548 2.47440056179
Iter 1250 / 4548 3.19822971795
Iter 1300 / 4548 3.28888165509
Iter 1350 / 4548 2.49362095424
Iter 1400 / 4548 2.04600597563
Iter 1450 / 4548 2.94482963908
Iter 1500 / 4548 2.53081675938
Iter 1550 / 4548 3.02140569225
Iter 1600 / 4548 3.53890873836
Iter 1650 / 4548 3.14126174514
Iter 1700 / 4548 3.11829190173
Iter 1750 / 4548 2.49268925985
Iter 1800 / 4548 2.54418535375
Iter 1850 / 4548 4.00302490234
Iter 1900 / 4548 2.05884933472
Iter 1950 / 4548 2.22168704442
Iter 2000 / 4548 4.05406891354
Iter 2050 / 4548 0.847989559174
Iter 2100 / 4548 2.98932323976
Iter 2150 / 4548 2.84773577177
Iter 2200 / 4548 3.12204842403
Iter 2250 / 4548 2.89013391612
Iter 2300 / 4548 2.62452575684
Iter 2350 / 4548 3.14440081196
Iter 2400 / 4548 2.5306447347
Iter 2450 / 4548 3.14062754313
Iter 2500 / 4548 3.07116054959
Iter 2550 / 4548 2.9919921875
Iter 2600 / 4548 4.36783355137
Iter 2650 / 4548 2.30789274328
Iter 2700 / 4548 3.06743795956
Iter 2750 / 4548 2.49009097915
Iter 2800 / 4548 2.52994623599
Iter 2850 / 4548 3.3365141369
Iter 2900 / 4548 2.45100177702
Iter 2950 / 4548 2.88097521054
Iter 3000 / 4548 4.31661193848
Iter 3050 / 4548 3.18432440274
Iter 3100 / 4548 2.83881777809
Iter 3150 / 4548 3.08407744777
Iter 3200 / 4548 4.34360518022
Iter 3250 / 4548 3.56026312645
Iter 3300 / 4548 3.11483474005
Iter 3350 / 4548 2.90516633366
Iter 3400 / 4548 2.56438504733
Iter 3450 / 4548 2.73589993701
Iter 3500 / 4548 3.32251499124
Iter 3550 / 4548 2.82224779005
Iter 3600 / 4548 2.80399558738
Iter 3650 / 4548 2.80618167233
Iter 3700 / 4548 3.21455346084
Iter 3750 / 4548 2.9954454422
Iter 3800 / 4548 2.60517038199
Iter 3850 / 4548 3.67709651463
Iter 3900 / 4548 2.9807007672
Iter 3950 / 4548 2.5218132506
Iter 4000 / 4548 2.79161051432
Iter 4050 / 4548 2.82897590188
Iter 4100 / 4548 3.77552992877
Iter 4150 / 4548 3.0662167867
Iter 4200 / 4548 2.93658209829
Iter 4250 / 4548 3.07493021402
Iter 4300 / 4548 2.80841354351
Iter 4350 / 4548 3.13560783617
Iter 4400 / 4548 3.02011759688
Iter 4450 / 4548 4.0220673879
Iter 4500 / 4548 3.55938066755
Epoch 11 Valid 20.9418417982
Epoch 11 Test 21.9593349764
Epoch 12
Iter 50 / 4548 2.66866895888
Iter 100 / 4548 2.54080253405
Iter 150 / 4548 2.96056350876
Iter 200 / 4548 2.74310997857
Iter 250 / 4548 2.84404279921
Iter 300 / 4548 2.70046561105
Iter 350 / 4548 2.49098952997
Iter 400 / 4548 2.39548327472
Iter 450 / 4548 2.52678817358
Iter 500 / 4548 2.59699394589
Iter 550 / 4548 2.59259694417
Iter 600 / 4548 2.44851222183
Iter 650 / 4548 2.86535205841
Iter 700 / 4548 2.94850219471
Iter 750 / 4548 2.79155067345
Iter 800 / 4548 2.28392807643
Iter 850 / 4548 2.74986995775
Iter 900 / 4548 2.97191415182
Iter 950 / 4548 2.60506432575
Iter 1000 / 4548 2.06697728084
Iter 1050 / 4548 3.72649588952
Iter 1100 / 4548 3.09266118894
Iter 1150 / 4548 2.70377080879
Iter 1200 / 4548 3.33415923247
Iter 1250 / 4548 2.84475665622
Iter 1300 / 4548 2.6830666282
Iter 1350 / 4548 2.31981143043
Iter 1400 / 4548 2.23578135173
Iter 1450 / 4548 2.61095479626
Iter 1500 / 4548 2.71491893877
Iter 1550 / 4548 3.45377569684
Iter 1600 / 4548 3.15267613729
Iter 1650 / 4548 3.00625610352
Iter 1700 / 4548 2.7855452572
Iter 1750 / 4548 1.86896514893
Iter 1800 / 4548 3.4943045284
Iter 1850 / 4548 4.04581818757
Iter 1900 / 4548 2.36614763244
Iter 1950 / 4548 2.87945485115
Iter 2000 / 4548 2.61602135861
Iter 2050 / 4548 2.73732608702
Iter 2100 / 4548 2.93919908678
Iter 2150 / 4548 2.75934232272
Iter 2200 / 4548 3.07964999434
Iter 2250 / 4548 4.56617469788
Iter 2300 / 4548 2.68878889084
Iter 2350 / 4548 2.87695584978
Iter 2400 / 4548 2.86110583752
Iter 2450 / 4548 3.04798247849
Iter 2500 / 4548 2.43909962972
Iter 2550 / 4548 2.45942506336
Iter 2600 / 4548 2.6782176678
Iter 2650 / 4548 3.07636315482
Iter 2700 / 4548 3.1797452601
Iter 2750 / 4548 2.62452043806
Iter 2800 / 4548 2.75321819164
Iter 2850 / 4548 2.69859426993
Iter 2900 / 4548 2.36571677526
Iter 2950 / 4548 1.94119349393
Iter 3000 / 4548 2.76882641464
Iter 3050 / 4548 3.50826099537
Iter 3100 / 4548 2.74042848681
Iter 3150 / 4548 2.16999326433
Iter 3200 / 4548 4.96267986298
Iter 3250 / 4548 2.92774028596
Iter 3300 / 4548 3.18725536815
Iter 3350 / 4548 3.35656034029
Iter 3400 / 4548 2.90058495916
Iter 3450 / 4548 2.92553369482
Iter 3500 / 4548 2.95077886337
Iter 3550 / 4548 3.15330558911
Iter 3600 / 4548 3.28434313261
Iter 3650 / 4548 3.08277747745
Iter 3700 / 4548 2.74666955649
Iter 3750 / 4548 1.53495874405
Iter 3800 / 4548 3.28273132324
Iter 3850 / 4548 3.10387903432
Iter 3900 / 4548 3.94950625771
Iter 3950 / 4548 2.49059677124
Iter 4000 / 4548 1.71281183177
Iter 4050 / 4548 2.56701419228
Iter 4100 / 4548 3.01947979267
Iter 4150 / 4548 4.30195993617
Iter 4200 / 4548 2.90623016357
Iter 4250 / 4548 3.14715972504
Iter 4300 / 4548 3.2022606512
Iter 4350 / 4548 3.3929880778
Iter 4400 / 4548 3.26015010633
Iter 4450 / 4548 3.05135672433
Iter 4500 / 4548 3.57750988007
Epoch 12 Valid 21.127450739
Epoch 12 Test 22.2270322788
Epoch 13
Iter 50 / 4548 3.61990098336
Iter 100 / 4548 2.79288530281
Iter 150 / 4548 3.14292648603
Iter 200 / 4548 2.77211678995
Iter 250 / 4548 2.4674021403
Iter 300 / 4548 2.48270816803
Iter 350 / 4548 2.89635318449
Iter 400 / 4548 2.50418271586
Iter 450 / 4548 3.5173061273
Iter 500 / 4548 2.88423343581
Iter 550 / 4548 2.7424755576
Iter 600 / 4548 2.17891604624
Iter 650 / 4548 2.5827574371
Iter 700 / 4548 2.79570565573
Iter 750 / 4548 3.28404862253
Iter 800 / 4548 2.62490208944
Iter 850 / 4548 3.21858446526
Iter 900 / 4548 3.15043743837
Iter 950 / 4548 2.63451048385
Iter 1000 / 4548 3.03630845812
Iter 1050 / 4548 2.86376021061
Iter 1100 / 4548 2.61952771173
Iter 1150 / 4548 2.82802877119
Iter 1200 / 4548 4.19561018024
Iter 1250 / 4548 1.96365483602
Iter 1300 / 4548 2.40938208008
Iter 1350 / 4548 2.57249641418
Iter 1400 / 4548 2.67390473684
Iter 1450 / 4548 2.99162051552
Iter 1500 / 4548 2.88835066978
Iter 1550 / 4548 3.35580687592
Iter 1600 / 4548 2.6224025138
Iter 1650 / 4548 2.11431092482
Iter 1700 / 4548 3.19384696267
Iter 1750 / 4548 2.60951835231
Iter 1800 / 4548 3.00646025989
Iter 1850 / 4548 2.98840962072
Iter 1900 / 4548 2.68561189825
Iter 1950 / 4548 4.97522150084
Iter 2000 / 4548 2.99925496866
Iter 2050 / 4548 3.02406051071
Iter 2100 / 4548 2.72143878937
Iter 2150 / 4548 2.67772075108
Iter 2200 / 4548 3.24639994303
Iter 2250 / 4548 1.63448808
Iter 2300 / 4548 2.80269123958
Iter 2350 / 4548 2.73069224638
Iter 2400 / 4548 2.60610446682
Iter 2450 / 4548 3.14407174956
Iter 2500 / 4548 2.79152356433
Iter 2550 / 4548 2.48281900506
Iter 2600 / 4548 3.41801482556
Iter 2650 / 4548 1.80436592102
Iter 2700 / 4548 2.88672351372
Iter 2750 / 4548 1.34675829338
Iter 2800 / 4548 3.43141910329
Iter 2850 / 4548 3.12343419487
Iter 2900 / 4548 3.38887411089
Iter 2950 / 4548 2.85161850873
Iter 3000 / 4548 2.43260097504
Iter 3050 / 4548 2.50167694092
Iter 3100 / 4548 2.48426176372
Iter 3150 / 4548 2.6912865775
Iter 3200 / 4548 2.12376417433
Iter 3250 / 4548 3.21433993253
Iter 3300 / 4548 2.76722601186
Iter 3350 / 4548 3.31160322202
Iter 3400 / 4548 2.9325637405
Iter 3450 / 4548 3.41400824653
Iter 3500 / 4548 2.84431559245
Iter 3550 / 4548 2.20994771322
Iter 3600 / 4548 2.7311567034
Iter 3650 / 4548 2.56197013855
Iter 3700 / 4548 2.74692063105
Iter 3750 / 4548 3.22901486128
Iter 3800 / 4548 2.46897933062
Iter 3850 / 4548 3.03412605054
Iter 3900 / 4548 2.97197799683
Iter 3950 / 4548 2.9393724714
Iter 4000 / 4548 4.56253967285
Iter 4050 / 4548 2.94548688616
Iter 4100 / 4548 2.59312438965
Iter 4150 / 4548 1.61892335605
Iter 4200 / 4548 2.58800663723
Iter 4250 / 4548 2.50588099162
Iter 4300 / 4548 3.13744478252
Iter 4350 / 4548 2.97746373737
Iter 4400 / 4548 3.6357460022
Iter 4450 / 4548 2.56750619071
Iter 4500 / 4548 2.8844486705
Epoch 13 Valid 20.4501397192
Epoch 13 Test 21.5823629962
Epoch 14
Iter 50 / 4548 2.79486585345
Iter 100 / 4548 2.5240354036
Iter 150 / 4548 2.64628181119
Iter 200 / 4548 2.82450982102
Iter 250 / 4548 2.70195185885
Iter 300 / 4548 2.25081746718
Iter 350 / 4548 2.62462179826
Iter 400 / 4548 2.78148097772
Iter 450 / 4548 2.70262023224
Iter 500 / 4548 2.78123706263
Iter 550 / 4548 2.65395596496
Iter 600 / 4548 1.29188213517
Iter 650 / 4548 2.511828598
Iter 700 / 4548 2.67056718567
Iter 750 / 4548 2.33327579498
Iter 800 / 4548 3.08081175152
Iter 850 / 4548 2.66528019152
Iter 900 / 4548 2.26357724116
Iter 950 / 4548 2.60043720975
Iter 1000 / 4548 2.89152307724
Iter 1050 / 4548 3.30717516447
Iter 1100 / 4548 2.61476204612
Iter 1150 / 4548 3.68053540316
Iter 1200 / 4548 2.67168627287
Iter 1250 / 4548 2.68334171071
Iter 1300 / 4548 2.20771336817
Iter 1350 / 4548 2.70431704637
Iter 1400 / 4548 2.97494000173
Iter 1450 / 4548 3.35407656715
Iter 1500 / 4548 2.92661523872
Iter 1550 / 4548 3.04933405857
Iter 1600 / 4548 2.69085570305
Iter 1650 / 4548 2.983630756
Iter 1700 / 4548 3.93136901855
Iter 1750 / 4548 2.64923031229
Iter 1800 / 4548 3.23707049826
Iter 1850 / 4548 2.67524773734
Iter 1900 / 4548 2.19698224749
Iter 1950 / 4548 1.45694899285
Iter 2000 / 4548 3.2944970025
Iter 2050 / 4548 2.83079221121
Iter 2100 / 4548 2.65779399872
Iter 2150 / 4548 2.95588485054
Iter 2200 / 4548 2.91752741887
Iter 2250 / 4548 2.93749732971
Iter 2300 / 4548 2.5206079985
Iter 2350 / 4548 3.52560119629
Iter 2400 / 4548 4.03022846423
Iter 2450 / 4548 2.4521124098
Iter 2500 / 4548 2.62696564503
Iter 2550 / 4548 2.62838130527
Iter 2600 / 4548 2.57137060306
Iter 2650 / 4548 2.4711920166
Iter 2700 / 4548 2.13316969438
Iter 2750 / 4548 2.7711988604
Iter 2800 / 4548 2.47434367831
Iter 2850 / 4548 2.61827674279
Iter 2900 / 4548 2.55227614894
Iter 2950 / 4548 2.77538986206
Iter 3000 / 4548 2.9726163489
Iter 3050 / 4548 4.37039804459
Iter 3100 / 4548 2.92556903237
Iter 3150 / 4548 2.77060666384
Iter 3200 / 4548 2.8350604022
Iter 3250 / 4548 3.18387337618
Iter 3300 / 4548 2.40580858503
Iter 3350 / 4548 2.93660909362
Iter 3400 / 4548 2.87169614711
Iter 3450 / 4548 1.87042922974
Iter 3500 / 4548 2.98266648877
Iter 3550 / 4548 2.49779645134
Iter 3600 / 4548 2.72921822288
Iter 3650 / 4548 1.81560434614
Iter 3700 / 4548 2.14274035002
Iter 3750 / 4548 4.4478337905
Iter 3800 / 4548 3.00173335112
Iter 3850 / 4548 2.82204497488
Iter 3900 / 4548 2.12468070415
Iter 3950 / 4548 3.24347334642
Iter 4000 / 4548 2.576436506
Iter 4050 / 4548 2.5739046086
Iter 4100 / 4548 1.76315731472
Iter 4150 / 4548 2.92526602745
Iter 4200 / 4548 3.05645315988
Iter 4250 / 4548 3.25675515568
Iter 4300 / 4548 2.89911397298
Iter 4350 / 4548 2.84840412883
Iter 4400 / 4548 3.09126109808
Iter 4450 / 4548 2.66040856498
Iter 4500 / 4548 2.74938940133
Epoch 14 Valid 20.8782866761
Epoch 14 Test 22.1168090999
Epoch 15
Iter 50 / 4548 2.59696143898
Iter 100 / 4548 2.63324777305
Iter 150 / 4548 2.36917794269
Iter 200 / 4548 2.57698478699
Iter 250 / 4548 2.78731103846
Iter 300 / 4548 3.04105699327
Iter 350 / 4548 2.71803415233
Iter 400 / 4548 2.71914320726
Iter 450 / 4548 2.55265995906
Iter 500 / 4548 2.70713439941
Iter 550 / 4548 2.39859058411
Iter 600 / 4548 2.59258846361
Iter 650 / 4548 2.38655372902
Iter 700 / 4548 2.9695249285
Iter 750 / 4548 1.91593053481
Iter 800 / 4548 2.49236669296
Iter 850 / 4548 2.95508021763
Iter 900 / 4548 3.27993493331
Iter 950 / 4548 2.75696055094
Iter 1000 / 4548 4.29108528469
Iter 1050 / 4548 2.99031663978
Iter 1100 / 4548 3.92353302002
Iter 1150 / 4548 2.93270011113
Iter 1200 / 4548 2.65595075921
Iter 1250 / 4548 2.97521942139
Iter 1300 / 4548 2.72460866529
Iter 1350 / 4548 2.27544342041
Iter 1400 / 4548 3.03721076498
Iter 1450 / 4548 2.53195651372
Iter 1500 / 4548 2.24011230469
Iter 1550 / 4548 2.76197889138
Iter 1600 / 4548 2.87125426453
Iter 1650 / 4548 0.519706964493
Iter 1700 / 4548 2.0815709432
Iter 1750 / 4548 3.29995924427
Iter 1800 / 4548 2.87522243924
Iter 1850 / 4548 2.56167657035
Iter 1900 / 4548 3.14657193911
Iter 1950 / 4548 2.74059175037
Iter 2000 / 4548 3.19196072747
Iter 2050 / 4548 3.70768404874
Iter 2100 / 4548 2.36653564453
Iter 2150 / 4548 3.12707678064
Iter 2200 / 4548 3.80371975369
Iter 2250 / 4548 2.00049729781
Iter 2300 / 4548 2.85743645056
Iter 2350 / 4548 2.20054292225
Iter 2400 / 4548 2.08200556437
Iter 2450 / 4548 3.15167999268
Iter 2500 / 4548 3.00466918945
Iter 2550 / 4548 2.56397819845
Iter 2600 / 4548 2.79370615434
Iter 2650 / 4548 2.94206211931
Iter 2700 / 4548 2.4391228069
Iter 2750 / 4548 2.02315673828
Iter 2800 / 4548 1.47992065975
Iter 2850 / 4548 2.74300091083
Iter 2900 / 4548 3.18057314555
Iter 2950 / 4548 2.66507965928
Iter 3000 / 4548 2.61709751227
Iter 3050 / 4548 2.90728790591
Iter 3100 / 4548 3.19709146531
Iter 3150 / 4548 2.29271336606
Iter 3200 / 4548 3.92301316695
Iter 3250 / 4548 2.69473413321
Iter 3300 / 4548 2.73455572748
Iter 3350 / 4548 2.90442752838
Iter 3400 / 4548 2.83804633247
Iter 3450 / 4548 3.0485386704
Iter 3500 / 4548 2.90335160268
Iter 3550 / 4548 2.51769760594
Iter 3600 / 4548 3.4071600754
Iter 3650 / 4548 2.88631257557
Iter 3700 / 4548 2.47440921559
Iter 3750 / 4548 2.01660611022
Iter 3800 / 4548 3.76886978149
Iter 3850 / 4548 2.9885559082
Iter 3900 / 4548 3.3097398546
Iter 3950 / 4548 2.71595658927
Iter 4000 / 4548 2.71163628472
Iter 4050 / 4548 2.69909934627
Iter 4100 / 4548 3.26485216482
Iter 4150 / 4548 2.80461219689
Iter 4200 / 4548 2.71258726574
Iter 4250 / 4548 2.91566903251
Iter 4300 / 4548 2.54003167326
Iter 4350 / 4548 3.10013307074
Iter 4400 / 4548 2.5822399172
Iter 4450 / 4548 2.28513938502
Iter 4500 / 4548 2.85813265714
Epoch 15 Valid 20.9692738351
Epoch 15 Test 21.9873744708
Epoch 16
Iter 50 / 4548 2.8569905599
Iter 100 / 4548 2.2308727956
Iter 150 / 4548 2.83557009229
Iter 200 / 4548 2.74660915799
Iter 250 / 4548 2.847624037
Iter 300 / 4548 2.41308517456
Iter 350 / 4548 2.93486779015
Iter 400 / 4548 0.436181724072
Iter 450 / 4548 2.6978350927
Iter 500 / 4548 2.90805358887
Iter 550 / 4548 2.28183511587
Iter 600 / 4548 2.68948898315
Iter 650 / 4548 2.89956283569
Iter 700 / 4548 2.57510953336
Iter 750 / 4548 3.35210466385
Iter 800 / 4548 2.95309508081
Iter 850 / 4548 2.56163863297
Iter 900 / 4548 2.13302612305
Iter 950 / 4548 2.87213669814
Iter 1000 / 4548 2.76023654938
Iter 1050 / 4548 3.17269722073
Iter 1100 / 4548 1.67747991225
Iter 1150 / 4548 2.68622807094
Iter 1200 / 4548 2.11476885262
Iter 1250 / 4548 2.09580294291
Iter 1300 / 4548 2.5582711593
Iter 1350 / 4548 3.33766075518
Iter 1400 / 4548 3.70691135951
Iter 1450 / 4548 2.62736151192
Iter 1500 / 4548 3.29542191823
Iter 1550 / 4548 2.66607333452
Iter 1600 / 4548 2.73729729652
Iter 1650 / 4548 2.88702663845
Iter 1700 / 4548 1.97985280355
Iter 1750 / 4548 3.33028178312
Iter 1800 / 4548 4.03051757812
Iter 1850 / 4548 2.80759853459
Iter 1900 / 4548 2.61601231893
Iter 1950 / 4548 2.90348064366
Iter 2000 / 4548 2.935032885
Iter 2050 / 4548 2.70434523587
Iter 2100 / 4548 2.4442806449
Iter 2150 / 4548 2.75795848467
Iter 2200 / 4548 2.23961486816
Iter 2250 / 4548 2.82885742188
Iter 2300 / 4548 3.45713370187
Iter 2350 / 4548 2.84921442076
Iter 2400 / 4548 2.99541415963
Iter 2450 / 4548 2.25170458184
Iter 2500 / 4548 2.99868963068
Iter 2550 / 4548 2.75553131104
Iter 2600 / 4548 3.72173490978
Iter 2650 / 4548 2.88833476879
Iter 2700 / 4548 2.89023038489
Iter 2750 / 4548 3.06458030523
Iter 2800 / 4548 2.63847351074
Iter 2850 / 4548 2.79326203999
Iter 2900 / 4548 2.38550141278
Iter 2950 / 4548 2.44037400283
Iter 3000 / 4548 2.44113341622
Iter 3050 / 4548 2.76268127441
Iter 3100 / 4548 2.52979278564
Iter 3150 / 4548 1.94085550308
Iter 3200 / 4548 2.48999354771
Iter 3250 / 4548 3.56174489614
Iter 3300 / 4548 2.34950055574
Iter 3350 / 4548 1.88633889145
Iter 3400 / 4548 2.55455698286
Iter 3450 / 4548 2.277247111
Iter 3500 / 4548 3.04656300731
Iter 3550 / 4548 3.66189540516
Iter 3600 / 4548 1.72200317383
Iter 3650 / 4548 2.61049300633
Iter 3700 / 4548 2.63680594308
Iter 3750 / 4548 2.84101883089
Iter 3800 / 4548 3.14931109885
Iter 3850 / 4548 1.86532008648
Iter 3900 / 4548 2.63714781746
Iter 3950 / 4548 2.73520551409
Iter 4000 / 4548 3.29867172241
Iter 4050 / 4548 3.06693784652
Iter 4100 / 4548 3.1697605678
Iter 4150 / 4548 2.93920597029
Iter 4200 / 4548 2.29041995859
Iter 4250 / 4548 2.56172849779
Iter 4300 / 4548 2.64330947231
Iter 4350 / 4548 2.94724759615
Iter 4400 / 4548 1.32570446239
Iter 4450 / 4548 2.65565636044
Iter 4500 / 4548 4.65535899571
Epoch 16 Valid 21.2222776844
Epoch 16 Test 22.2403428714
Epoch 17
Iter 50 / 4548 2.99168701172
Iter 100 / 4548 2.7657647902
Iter 150 / 4548 2.5291842812
Iter 200 / 4548 2.49673014674
Iter 250 / 4548 3.05752272833
Iter 300 / 4548 2.55612665812
Iter 350 / 4548 2.58122713956
Iter 400 / 4548 2.45802612305
Iter 450 / 4548 1.61418830024
Iter 500 / 4548 2.4863915279
Iter 550 / 4548 2.67813503152
Iter 600 / 4548 2.81728853498
Iter 650 / 4548 2.54631643584
Iter 700 / 4548 2.30758981144
Iter 750 / 4548 2.70238892928
Iter 800 / 4548 2.33761923654
Iter 850 / 4548 2.48265062415
Iter 900 / 4548 2.62863090827
Iter 950 / 4548 3.12819451226
Iter 1000 / 4548 2.53566286415
Iter 1050 / 4548 3.82591906461
Iter 1100 / 4548 2.79406484629
Iter 1150 / 4548 3.40585218157
Iter 1200 / 4548 2.75532143333
Iter 1250 / 4548 2.34724768277
Iter 1300 / 4548 3.89240410214
Iter 1350 / 4548 3.22803542193
Iter 1400 / 4548 2.97004963581
Iter 1450 / 4548 2.03973873363
Iter 1500 / 4548 2.57116904626
Iter 1550 / 4548 2.64191128345
Iter 1600 / 4548 2.62241583001
Iter 1650 / 4548 2.84257881134
Iter 1700 / 4548 2.80915560041
Iter 1750 / 4548 4.28984276024
Iter 1800 / 4548 2.37831457889
Iter 1850 / 4548 0.993383680071
Iter 1900 / 4548 2.36443735758
Iter 1950 / 4548 3.03459851757
Iter 2000 / 4548 2.52019930287
Iter 2050 / 4548 2.8046316667
Iter 2100 / 4548 2.30177667406
Iter 2150 / 4548 1.649707274
Iter 2200 / 4548 2.72100026984
Iter 2250 / 4548 2.66778433664
Iter 2300 / 4548 1.40423883711
Iter 2350 / 4548 3.37931410846
Iter 2400 / 4548 2.59847666423
Iter 2450 / 4548 3.30169444614
Iter 2500 / 4548 2.10704867045
Iter 2550 / 4548 3.29845732002
Iter 2600 / 4548 2.16528428203
Iter 2650 / 4548 3.74902308264
Iter 2700 / 4548 2.84881850023
Iter 2750 / 4548 2.90737546145
Iter 2800 / 4548 2.66348075867
Iter 2850 / 4548 2.84605334179
Iter 2900 / 4548 2.463281876
Iter 2950 / 4548 2.20757102966
Iter 3000 / 4548 1.02671842575
Iter 3050 / 4548 2.61516221364
Iter 3100 / 4548 2.57070414225
Iter 3150 / 4548 2.75011175451
Iter 3200 / 4548 2.53422606225
Iter 3250 / 4548 3.71402909128
Iter 3300 / 4548 2.74814176559
Iter 3350 / 4548 2.7841110026
Iter 3400 / 4548 2.69232888468
Iter 3450 / 4548 2.43954390709
Iter 3500 / 4548 2.58024260472
Iter 3550 / 4548 2.04414914153
Iter 3600 / 4548 2.79227888475
Iter 3650 / 4548 3.22109331403
Iter 3700 / 4548 2.90774517295
Iter 3750 / 4548 2.71866358197
Iter 3800 / 4548 3.46119014552
Iter 3850 / 4548 2.40644299542
Iter 3900 / 4548 2.65791260569
Iter 3950 / 4548 3.09658413842
Iter 4000 / 4548 2.34580160371
Iter 4050 / 4548 2.97603981712
Iter 4100 / 4548 2.98873490897
Iter 4150 / 4548 2.18525662265
Iter 4200 / 4548 2.70752181769
Iter 4250 / 4548 3.41742579142
Iter 4300 / 4548 2.68904318461
Iter 4350 / 4548 3.98729705811
Iter 4400 / 4548 2.14133644104
Iter 4450 / 4548 2.30927162982
Iter 4500 / 4548 3.32077148437
Epoch 17 Valid 21.6823718574
Epoch 17 Test 22.7096338397
Epoch 18
Iter 50 / 4548 2.75512695312
Iter 100 / 4548 2.62422492287
Iter 150 / 4548 2.47969208571
Iter 200 / 4548 1.6226922012
Iter 250 / 4548 2.88008096823
Iter 300 / 4548 2.82165073213
Iter 350 / 4548 2.58770345052
Iter 400 / 4548 2.21247055951
Iter 450 / 4548 2.34943135579
Iter 500 / 4548 3.00049509901
Iter 550 / 4548 2.70639012655
Iter 600 / 4548 2.23447656631
Iter 650 / 4548 3.16215692299
Iter 700 / 4548 3.02965164185
Iter 750 / 4548 2.12109240364
Iter 800 / 4548 2.44374932183
Iter 850 / 4548 3.3722092912
Iter 900 / 4548 2.58441445487
Iter 950 / 4548 2.87988950128
Iter 1000 / 4548 2.0083770752
Iter 1050 / 4548 2.67832309597
Iter 1100 / 4548 2.67918453941
Iter 1150 / 4548 2.66404871029
Iter 1200 / 4548 2.95921231783
Iter 1250 / 4548 2.89408376593
Iter 1300 / 4548 2.29665279388
Iter 1350 / 4548 4.18345133464
Iter 1400 / 4548 2.12664829211
Iter 1450 / 4548 3.00496031746
Iter 1500 / 4548 2.5360622406
Iter 1550 / 4548 3.38039194743
Iter 1600 / 4548 2.05621786679
Iter 1650 / 4548 2.45033622242
Iter 1700 / 4548 2.79043257864
Iter 1750 / 4548 2.91793724798
Iter 1800 / 4548 2.87278917101
Iter 1850 / 4548 1.80473751492
Iter 1900 / 4548 2.35756565974
Iter 1950 / 4548 2.05506919412
Iter 2000 / 4548 1.52552463162
Iter 2050 / 4548 2.89304417039
Iter 2100 / 4548 1.31817190988
Iter 2150 / 4548 2.93343177209
Iter 2200 / 4548 2.65829034285
Iter 2250 / 4548 2.37103954114
Iter 2300 / 4548 2.95558988131
Iter 2350 / 4548 2.94617228936
Iter 2400 / 4548 2.96824421254
Iter 2450 / 4548 2.7808408297
Iter 2500 / 4548 2.09220927102
Iter 2550 / 4548 0.888837718964
Iter 2600 / 4548 2.76073969627
Iter 2650 / 4548 2.6346749442
Iter 2700 / 4548 3.11871095367
Iter 2750 / 4548 2.00822176252
Iter 2800 / 4548 3.28486675686
Iter 2850 / 4548 2.63722575795
Iter 2900 / 4548 2.97543853184
Iter 2950 / 4548 2.5962502836
Iter 3000 / 4548 3.42259114583
Iter 3050 / 4548 1.82110942494
Iter 3100 / 4548 2.79502893817
Iter 3150 / 4548 2.56709911205
Iter 3200 / 4548 2.74603691101
Iter 3250 / 4548 2.67350569009
Iter 3300 / 4548 2.53504235404
Iter 3350 / 4548 1.74269104004
Iter 3400 / 4548 2.85826058436
Iter 3450 / 4548 2.28045289413
Iter 3500 / 4548 2.46550996842
Iter 3550 / 4548 2.29792912801
Iter 3600 / 4548 2.53935828576
Iter 3650 / 4548 2.77135742187
Iter 3700 / 4548 4.50015684616
Iter 3750 / 4548 2.65438513662
Iter 3800 / 4548 2.29735686473
Iter 3850 / 4548 3.14824886322
Iter 3900 / 4548 3.29968234471
Iter 3950 / 4548 2.39625282893
Iter 4000 / 4548 1.99840846206
Iter 4050 / 4548 2.47538079156
Iter 4100 / 4548 2.90846206893
Iter 4150 / 4548 3.25144262875
Iter 4200 / 4548 3.0408581371
Iter 4250 / 4548 2.37818020907
Iter 4300 / 4548 3.22635054915
Iter 4350 / 4548 2.92847713616
Iter 4400 / 4548 2.15007708623
Iter 4450 / 4548 3.41504305885
Iter 4500 / 4548 3.01445838186
Epoch 18 Valid 21.6785043077
Epoch 18 Test 22.3679244415
Epoch 19
Iter 50 / 4548 2.86655670166
Iter 100 / 4548 2.5354671224
Iter 150 / 4548 2.80314615226
Iter 200 / 4548 3.40900735294
Iter 250 / 4548 0.684045155843
Iter 300 / 4548 2.15656217982
Iter 350 / 4548 3.07544909025
Iter 400 / 4548 3.75759700853
Iter 450 / 4548 2.54007693699
Iter 500 / 4548 3.47093582153
Iter 550 / 4548 3.43675321691
Iter 600 / 4548 1.79561023712
Iter 650 / 4548 3.08768884668
Iter 700 / 4548 2.32495117188
Iter 750 / 4548 1.66373430525
Iter 800 / 4548 2.61760622956
Iter 850 / 4548 2.70789081524
Iter 900 / 4548 2.72679307726
Iter 950 / 4548 3.35488493546
Iter 1000 / 4548 2.55641682943
Iter 1050 / 4548 3.57662722939
Iter 1100 / 4548 2.73314981887
Iter 1150 / 4548 2.85064520352
Iter 1200 / 4548 2.8928602594
Iter 1250 / 4548 2.39057360197
Iter 1300 / 4548 3.94471812248
Iter 1350 / 4548 2.84167943494
Iter 1400 / 4548 3.81972327599
Iter 1450 / 4548 2.87880345395
Iter 1500 / 4548 2.44090703328
Iter 1550 / 4548 2.90897665585
Iter 1600 / 4548 2.04565191269
Iter 1650 / 4548 2.58159874225
Iter 1700 / 4548 2.51965416025
Iter 1750 / 4548 2.40359136626
Iter 1800 / 4548 2.04034874656
Iter 1850 / 4548 1.7077094184
Iter 1900 / 4548 3.2925343233
Iter 1950 / 4548 2.8358311971
Iter 2000 / 4548 2.85811979874
Iter 2050 / 4548 2.3158614749
Iter 2100 / 4548 2.65832557678
Iter 2150 / 4548 2.51726370147
Iter 2200 / 4548 1.09029779679
Iter 2250 / 4548 2.54000692321
Iter 2300 / 4548 2.19508425395
Iter 2350 / 4548 2.88623571909
Iter 2400 / 4548 1.46707868576
Iter 2450 / 4548 2.42878962926
Iter 2500 / 4548 2.67835688682
Iter 2550 / 4548 3.80818049113
Iter 2600 / 4548 2.66750365037
Iter 2650 / 4548 3.20059543186
Iter 2700 / 4548 2.09029331492
Iter 2750 / 4548 2.70933297964
Iter 2800 / 4548 2.42087496244
Iter 2850 / 4548 3.25115250422
Iter 2900 / 4548 2.67790138938
Iter 2950 / 4548 2.3857655711
Iter 3000 / 4548 2.88433622134
Iter 3050 / 4548 3.09793654732
Iter 3100 / 4548 2.40804462433
Iter 3150 / 4548 3.26650789849
Iter 3200 / 4548 3.42039048937
Iter 3250 / 4548 2.75884785372
Iter 3300 / 4548 2.60586547852
Iter 3350 / 4548 2.53656655771
Iter 3400 / 4548 2.56466529483
Iter 3450 / 4548 2.46730921649
Iter 3500 / 4548 2.76567133524
Iter 3550 / 4548 2.67930433485
Iter 3600 / 4548 3.14502292209
Iter 3650 / 4548 2.85898405881
Iter 3700 / 4548 2.41149030413
Iter 3750 / 4548 2.18211416765
Iter 3800 / 4548 4.18956059995
Iter 3850 / 4548 2.90730414497
Iter 3900 / 4548 2.8984135495
Iter 3950 / 4548 2.62469651964
Iter 4000 / 4548 2.85976528114
Iter 4050 / 4548 2.44195275558
Iter 4100 / 4548 2.85734268715
Iter 4150 / 4548 3.15592206111
Iter 4200 / 4548 3.46920481036
Iter 4250 / 4548 2.80862945764
Iter 4300 / 4548 2.77290163758
Iter 4350 / 4548 2.31831988166
Iter 4400 / 4548 3.27639096743
Iter 4450 / 4548 2.57043021066
Iter 4500 / 4548 3.31597084223
Epoch 19 Valid 21.3012174301
Epoch 19 Test 22.3085081897
Epoch 20
Iter 50 / 4548 1.99419719417
Iter 100 / 4548 2.56544731403
Iter 150 / 4548 3.17076868727
Iter 200 / 4548 2.6706460317
Iter 250 / 4548 2.08447869619
Iter 300 / 4548 4.14252853394
Iter 350 / 4548 2.97028675299
Iter 400 / 4548 1.71842912946
Iter 450 / 4548 3.18573506673
Iter 500 / 4548 2.701656108
Iter 550 / 4548 2.30980436467
Iter 600 / 4548 2.31304886762
Iter 650 / 4548 1.8250095601
Iter 700 / 4548 3.31693793403
Iter 750 / 4548 3.06700051797
Iter 800 / 4548 2.26018538042
Iter 850 / 4548 2.97611012178
Iter 900 / 4548 3.24790875323
Iter 950 / 4548 2.69367796002
Iter 1000 / 4548 1.55995877584
Iter 1050 / 4548 1.25035313198
Iter 1100 / 4548 2.31337928772
Iter 1150 / 4548 1.8108039856
Iter 1200 / 4548 3.01396721734
Iter 1250 / 4548 2.43640289307
Iter 1300 / 4548 2.20127060834
Iter 1350 / 4548 2.98665228123
Iter 1400 / 4548 2.81078643799
Iter 1450 / 4548 2.56019070782
Iter 1500 / 4548 2.68191234882
Iter 1550 / 4548 3.28892942335
Iter 1600 / 4548 3.65314771864
Iter 1650 / 4548 2.71354094006
Iter 1700 / 4548 2.29283490097
Iter 1750 / 4548 2.61475939069
Iter 1800 / 4548 1.19287201853
Iter 1850 / 4548 2.48820944393
Iter 1900 / 4548 2.79485226466
Iter 1950 / 4548 2.96442826589
Iter 2000 / 4548 2.23192443848
Iter 2050 / 4548 2.03325099571
Iter 2100 / 4548 2.38962155297
Iter 2150 / 4548 2.84136703954
Iter 2200 / 4548 2.49649605384
Iter 2250 / 4548 3.34401579826
Iter 2300 / 4548 2.744440807
Iter 2350 / 4548 2.0483194987
Iter 2400 / 4548 2.35631672134
Iter 2450 / 4548 2.89586648823
Iter 2500 / 4548 2.79393376531
Iter 2550 / 4548 2.65597388858
Iter 2600 / 4548 2.73274629012
Iter 2650 / 4548 2.41864600548
Iter 2700 / 4548 2.46140926585
Iter 2750 / 4548 2.46600097656
Iter 2800 / 4548 2.41528667103
Iter 2850 / 4548 2.5319304833
Iter 2900 / 4548 2.80908236028
Iter 2950 / 4548 2.27416924869
Iter 3000 / 4548 2.61169727467
Iter 3050 / 4548 3.38146799261
Iter 3100 / 4548 3.03579817147
Iter 3150 / 4548 2.18591219976
Iter 3200 / 4548 2.57266882694
Iter 3250 / 4548 2.46660914566
Iter 3300 / 4548 2.5317903716
Iter 3350 / 4548 2.55504289458
Iter 3400 / 4548 2.56552354601
Iter 3450 / 4548 2.56679280599
Iter 3500 / 4548 3.278150177
Iter 3550 / 4548 2.63425001987
Iter 3600 / 4548 2.62412915911
Iter 3650 / 4548 2.36905108
Iter 3700 / 4548 2.95639204545
Iter 3750 / 4548 1.93392072405
Iter 3800 / 4548 2.64638049786
Iter 3850 / 4548 2.65227105644
Iter 3900 / 4548 2.40097417058
Iter 3950 / 4548 3.01945168631
Iter 4000 / 4548 2.5778503418
Iter 4050 / 4548 3.60921322721
Iter 4100 / 4548 2.56416899582
Iter 4150 / 4548 5.03542159776
Iter 4200 / 4548 2.60858287493
Iter 4250 / 4548 2.79524712547
Iter 4300 / 4548 2.73798141063
Iter 4350 / 4548 2.03183610099
Iter 4400 / 4548 2.44022750854
Iter 4450 / 4548 2.95226530187
Iter 4500 / 4548 4.13820517184
Epoch 20 Valid 21.6831879719
Epoch 20 Test 22.7518524701
Epoch 21
Iter 50 / 4548 2.49841354833
Iter 100 / 4548 2.033396016
Iter 150 / 4548 2.63580025567
Iter 200 / 4548 3.53977447806
Iter 250 / 4548 2.17575321904
Iter 300 / 4548 2.90542579933
Iter 350 / 4548 2.78275470344
Iter 400 / 4548 2.78871730589
Iter 450 / 4548 1.75237607956
Iter 500 / 4548 2.28710577223
Iter 550 / 4548 2.5691347344
Iter 600 / 4548 2.59687050267
Iter 650 / 4548 2.06634400021
Iter 700 / 4548 2.6256794649
Iter 750 / 4548 2.23043598113
Iter 800 / 4548 2.20139524672
Iter 850 / 4548 2.08113319643
Iter 900 / 4548 2.15498328576
Iter 950 / 4548 2.56954345703
Iter 1000 / 4548 1.84847752253
Iter 1050 / 4548 2.20708821615
Iter 1100 / 4548 2.12295041765
Iter 1150 / 4548 2.61700369619
Iter 1200 / 4548 3.54662561417
Iter 1250 / 4548 2.04984444632
Iter 1300 / 4548 2.41185919793
Iter 1350 / 4548 2.53458120657
Iter 1400 / 4548 2.32184302289
Iter 1450 / 4548 2.53587069425
Iter 1500 / 4548 2.54892049532
Iter 1550 / 4548 2.63800791148
Iter 1600 / 4548 2.0044131279
Iter 1650 / 4548 2.3587172372
Iter 1700 / 4548 2.95200897069
Iter 1750 / 4548 2.38721390101
Iter 1800 / 4548 2.66217623259
Iter 1850 / 4548 3.65379056064
Iter 1900 / 4548 2.15896563763
Iter 1950 / 4548 1.99680558859
Iter 2000 / 4548 2.73918394609
Iter 2050 / 4548 2.5537408682
Iter 2100 / 4548 3.21976189864
Iter 2150 / 4548 2.89181973072
Iter 2200 / 4548 2.43115904837
Iter 2250 / 4548 2.75581971503
Iter 2300 / 4548 2.1933152532
Iter 2350 / 4548 1.77471462886
Iter 2400 / 4548 1.71906161308
Iter 2450 / 4548 2.75352082429
Iter 2500 / 4548 1.899068659
Iter 2550 / 4548 2.54160220806
Iter 2600 / 4548 3.22676540065
Iter 2650 / 4548 2.39341616423
Iter 2700 / 4548 2.50776999337
Iter 2750 / 4548 2.34543948703
Iter 2800 / 4548 3.46810820608
Iter 2850 / 4548 2.3091946129
Iter 2900 / 4548 1.93916025469
Iter 2950 / 4548 1.61353793674
Iter 3000 / 4548 1.8189354921
Iter 3050 / 4548 2.43227665241
Iter 3100 / 4548 1.97369986097
Iter 3150 / 4548 2.8026881218
Iter 3200 / 4548 2.84995896069
Iter 3250 / 4548 2.74493872601
Iter 3300 / 4548 3.1821085612
Iter 3350 / 4548 0.366111069918
Iter 3400 / 4548 2.55264137962
Iter 3450 / 4548 2.18236179217
Iter 3500 / 4548 3.13183513965
Iter 3550 / 4548 2.64904066112
Iter 3600 / 4548 2.2049880709
Iter 3650 / 4548 3.77543310217
Iter 3700 / 4548 2.47619374593
Iter 3750 / 4548 2.94493684315
Iter 3800 / 4548 2.96898683727
Iter 3850 / 4548 2.7048614502
Iter 3900 / 4548 0.936429977417
Iter 3950 / 4548 2.87520912366
Iter 4000 / 4548 2.65853093634
Iter 4050 / 4548 2.45727653503
Iter 4100 / 4548 2.58648050242
Iter 4150 / 4548 2.65898089939
Iter 4200 / 4548 3.29364733574
Iter 4250 / 4548 2.41740218453
Iter 4300 / 4548 2.20556237963
Iter 4350 / 4548 2.23120222421
Iter 4400 / 4548 2.66119802815
Iter 4450 / 4548 2.6807359096
Iter 4500 / 4548 2.36269675361
Epoch 21 Valid 21.6078638388
Epoch 21 Test 22.9291404497
Epoch 22
Iter 50 / 4548 2.91016689051
Iter 100 / 4548 2.10425211589
Iter 150 / 4548 2.76790400752
Iter 200 / 4548 2.4351309982
Iter 250 / 4548 2.12208311898
Iter 300 / 4548 2.81536304707
Iter 350 / 4548 2.24588040952
Iter 400 / 4548 2.31823449386
Iter 450 / 4548 2.81629863538
Iter 500 / 4548 2.61462905559
Iter 550 / 4548 3.08065655048
Iter 600 / 4548 2.06970321655
Iter 650 / 4548 3.49698865736
Iter 700 / 4548 2.59908227539
Iter 750 / 4548 2.75705083211
Iter 800 / 4548 2.73438580831
Iter 850 / 4548 2.37490764417
Iter 900 / 4548 2.14609425863
Iter 950 / 4548 2.73821791557
Iter 1000 / 4548 3.7811502891
Iter 1050 / 4548 3.23057499638
Iter 1100 / 4548 2.29104660149
Iter 1150 / 4548 2.96556945801
Iter 1200 / 4548 2.54313675238
Iter 1250 / 4548 2.93046049638
Iter 1300 / 4548 3.70650831858
Iter 1350 / 4548 2.39754129918
Iter 1400 / 4548 2.95384550095
Iter 1450 / 4548 2.49987230803
Iter 1500 / 4548 2.73456506562
Iter 1550 / 4548 2.31084406926
Iter 1600 / 4548 2.79905609527
Iter 1650 / 4548 2.36645298549
Iter 1700 / 4548 2.57403428214
Iter 1750 / 4548 2.54092431447
Iter 1800 / 4548 2.77271400504
Iter 1850 / 4548 2.64654596502
Iter 1900 / 4548 2.75787155717
Iter 1950 / 4548 3.28480466622
Iter 2000 / 4548 2.66511350102
Iter 2050 / 4548 3.41369074041
Iter 2100 / 4548 2.49095916748
Iter 2150 / 4548 3.23388051178
Iter 2200 / 4548 3.23199081421
Iter 2250 / 4548 2.58457108619
Iter 2300 / 4548 2.55682934032
Iter 2350 / 4548 2.51379629282
Iter 2400 / 4548 2.54715474447
Iter 2450 / 4548 2.78186557529
Iter 2500 / 4548 3.52633114769
Iter 2550 / 4548 2.62555917104
Iter 2600 / 4548 2.54213788432
Iter 2650 / 4548 3.03485702256
Iter 2700 / 4548 2.00733062199
Iter 2750 / 4548 2.5613963915
Iter 2800 / 4548 3.14768553617
Iter 2850 / 4548 2.69443142799
Iter 2900 / 4548 2.86756584658
Iter 2950 / 4548 1.9308302859
Iter 3000 / 4548 2.10844826698
Iter 3050 / 4548 2.56028513865
Iter 3100 / 4548 2.61928283691
Iter 3150 / 4548 2.64608295147
Iter 3200 / 4548 2.41277974447
Iter 3250 / 4548 2.54010369941
Iter 3300 / 4548 2.68250735481
Iter 3350 / 4548 2.56786990166
Iter 3400 / 4548 2.13095341435
Iter 3450 / 4548 2.69379645454
Iter 3500 / 4548 2.85472167969
Iter 3550 / 4548 3.38721961975
Iter 3600 / 4548 3.72268867493
Iter 3650 / 4548 2.90055820398
Iter 3700 / 4548 2.88977879116
Iter 3750 / 4548 2.8949456984
Iter 3800 / 4548 2.89218935759
Iter 3850 / 4548 2.32213055004
Iter 3900 / 4548 2.49684201754
Iter 3950 / 4548 2.22143141889
Iter 4000 / 4548 3.02233140734
Iter 4050 / 4548 3.82561691948
Iter 4100 / 4548 3.21608981838
Iter 4150 / 4548 2.39293180673
Iter 4200 / 4548 2.2040256701
Iter 4250 / 4548 2.47950487458
Iter 4300 / 4548 2.30096467336
Iter 4350 / 4548 4.70326210796
Iter 4400 / 4548 2.54056697697
Iter 4450 / 4548 2.64171854655
Iter 4500 / 4548 2.4067163882
Epoch 22 Valid 22.0361090743
Epoch 22 Test 23.1006838865
Epoch 23
Iter 50 / 4548 2.47934924597
Iter 100 / 4548 3.45519948006
Iter 150 / 4548 2.44077227666
Iter 200 / 4548 3.12084218075
Iter 250 / 4548 2.10741170247
Iter 300 / 4548 3.01882716588
Iter 350 / 4548 2.70743560791
Iter 400 / 4548 2.14119826423
Iter 450 / 4548 2.46500733522
Iter 500 / 4548 2.45420135014
Iter 550 / 4548 2.51874364217
Iter 600 / 4548 2.02784196157
Iter 650 / 4548 2.67759126605
Iter 700 / 4548 2.4758755077
Iter 750 / 4548 2.74355904977
Iter 800 / 4548 1.53825044632
Iter 850 / 4548 2.2019342695
Iter 900 / 4548 2.07518592248
Iter 950 / 4548 2.31466365448
Iter 1000 / 4548 1.68358764648
Iter 1050 / 4548 2.52309555605
Iter 1100 / 4548 2.58183786143
Iter 1150 / 4548 1.60989622636
Iter 1200 / 4548 1.90860699593
Iter 1250 / 4548 2.53931971959
Iter 1300 / 4548 2.55350101355
Iter 1350 / 4548 2.3771330985
Iter 1400 / 4548 3.12710296131
Iter 1450 / 4548 2.35663153908
Iter 1500 / 4548 2.22026705742
Iter 1550 / 4548 2.84816074371
Iter 1600 / 4548 3.07897396088
Iter 1650 / 4548 2.66804782472
Iter 1700 / 4548 2.64500839646
Iter 1750 / 4548 2.48752917005
Iter 1800 / 4548 2.45836313454
Iter 1850 / 4548 2.68968983186
Iter 1900 / 4548 2.65860964928
Iter 1950 / 4548 2.63642883301
Iter 2000 / 4548 2.51522020266
Iter 2050 / 4548 3.03840795057
Iter 2100 / 4548 2.57000748316
Iter 2150 / 4548 1.97283303738
Iter 2200 / 4548 2.49529640891
Iter 2250 / 4548 1.56310490199
Iter 2300 / 4548 2.28636616674
Iter 2350 / 4548 3.06015930176
Iter 2400 / 4548 2.66496100793
Iter 2450 / 4548 2.36822232333
Iter 2500 / 4548 2.23542961033
Iter 2550 / 4548 2.84574308255
Iter 2600 / 4548 2.40843823082
Iter 2650 / 4548 3.30119590759
Iter 2700 / 4548 2.8962172905
Iter 2750 / 4548 1.74754199982
Iter 2800 / 4548 2.6546875
Iter 2850 / 4548 1.93047366087
Iter 2900 / 4548 2.93136914283
Iter 2950 / 4548 1.17414868673
Iter 3000 / 4548 2.32978527363
Iter 3050 / 4548 2.62118966239
Iter 3100 / 4548 2.83075676517
Iter 3150 / 4548 2.70190563098
Iter 3200 / 4548 2.89155000629
Iter 3250 / 4548 1.73441330592
Iter 3300 / 4548 2.66516726862
Iter 3350 / 4548 1.49039940467
Iter 3400 / 4548 2.46795669556
Iter 3450 / 4548 2.98168241061
Iter 3500 / 4548 2.49055616161
Iter 3550 / 4548 1.41569464547
Iter 3600 / 4548 6.24623761858
Iter 3650 / 4548 2.41989119157
Iter 3700 / 4548 2.81691572401
Iter 3750 / 4548 2.81041563824
Iter 3800 / 4548 1.89740109911
Iter 3850 / 4548 1.97589675903
Iter 3900 / 4548 1.9744126002
Iter 3950 / 4548 2.37884214389
Iter 4000 / 4548 2.41081268933
Iter 4050 / 4548 3.89995129903
Iter 4100 / 4548 2.96923250765
Iter 4150 / 4548 2.24670017787
Iter 4200 / 4548 2.60739504058
Iter 4250 / 4548 2.44625513177
Iter 4300 / 4548 2.8729897239
Iter 4350 / 4548 2.3493012459
Iter 4400 / 4548 1.54381534971
Iter 4450 / 4548 2.89977232037
Iter 4500 / 4548 2.51094129079
Epoch 23 Valid 21.5071316483
Epoch 23 Test 22.6843748779
Epoch 24
Iter 50 / 4548 2.19164932914
Iter 100 / 4548 2.20884656906
Iter 150 / 4548 2.43897410801
Iter 200 / 4548 2.81730997337
Iter 250 / 4548 2.10153238397
Iter 300 / 4548 2.00510425524
Iter 350 / 4548 2.3933199369
Iter 400 / 4548 2.57970690853
Iter 450 / 4548 2.49008402507
Iter 500 / 4548 2.41592179968
Iter 550 / 4548 3.05645394833
Iter 600 / 4548 2.7135119968
Iter 650 / 4548 2.81727995031
Iter 700 / 4548 3.05219308036
Iter 750 / 4548 3.27935889459
Iter 800 / 4548 2.19131333487
Iter 850 / 4548 2.54675165812
Iter 900 / 4548 2.5425990178
Iter 950 / 4548 2.87727050781
Iter 1000 / 4548 2.55540093316
Iter 1050 / 4548 2.93427930559
Iter 1100 / 4548 3.28627950495
Iter 1150 / 4548 3.12115650931
Iter 1200 / 4548 2.67185737782
Iter 1250 / 4548 1.82546310425
Iter 1300 / 4548 3.32356698172
Iter 1350 / 4548 2.45524617245
Iter 1400 / 4548 2.23162670135
Iter 1450 / 4548 2.92697270711
Iter 1500 / 4548 2.16396697362
Iter 1550 / 4548 3.23491650093
Iter 1600 / 4548 2.89187113444
Iter 1650 / 4548 2.37569702996
Iter 1700 / 4548 2.68024283578
Iter 1750 / 4548 2.72151692708
Iter 1800 / 4548 2.60605764678
Iter 1850 / 4548 3.3124042634
Iter 1900 / 4548 2.38738799095
Iter 1950 / 4548 2.93341918945
Iter 2000 / 4548 2.83548431396
Iter 2050 / 4548 2.85759277344
Iter 2100 / 4548 2.6043687548
Iter 2150 / 4548 2.89819914719
Iter 2200 / 4548 2.21142610764
Iter 2250 / 4548 2.3170409026
Iter 2300 / 4548 1.89517294077
Iter 2350 / 4548 2.61354092685
Iter 2400 / 4548 1.38586589268
Iter 2450 / 4548 2.91200409503
Iter 2500 / 4548 2.52418721517
Iter 2550 / 4548 2.29879023234
Iter 2600 / 4548 3.10506656044
Iter 2650 / 4548 2.35767281574
Iter 2700 / 4548 2.4315300219
Iter 2750 / 4548 2.15254939686
Iter 2800 / 4548 2.65626977991
Iter 2850 / 4548 0.989384233952
Iter 2900 / 4548 2.10218545665
Iter 2950 / 4548 2.50536570621
Iter 3000 / 4548 2.47000961304
Iter 3050 / 4548 1.64145965576
Iter 3100 / 4548 2.613475667
Iter 3150 / 4548 2.63660983513
Iter 3200 / 4548 2.55827991382
Iter 3250 / 4548 2.90058003301
Iter 3300 / 4548 2.54310087724
Iter 3350 / 4548 2.31255756725
Iter 3400 / 4548 2.37516893659
Iter 3450 / 4548 2.55427024148
Iter 3500 / 4548 2.79963472154
Iter 3550 / 4548 4.05344127308
Iter 3600 / 4548 2.64966627071
Iter 3650 / 4548 2.66567099967
Iter 3700 / 4548 2.61959175442
Iter 3750 / 4548 2.87777257308
Iter 3800 / 4548 1.70945125156
Iter 3850 / 4548 2.63922288683
Iter 3900 / 4548 2.58812482967
Iter 3950 / 4548 2.8011440701
Iter 4000 / 4548 2.9706562117
Iter 4050 / 4548 2.44028727214
Iter 4100 / 4548 2.71388350593
Iter 4150 / 4548 2.71416719877
Iter 4200 / 4548 2.1450088501
Iter 4250 / 4548 2.68642750192
Iter 4300 / 4548 3.41365479586
Iter 4350 / 4548 3.29464939662
Iter 4400 / 4548 2.02390081232
Iter 4450 / 4548 2.73380938443
Iter 4500 / 4548 2.43418857969
Epoch 24 Valid 22.0403401422
Epoch 24 Test 23.1797981158
Epoch 25
Iter 50 / 4548 3.22858924866
Iter 100 / 4548 2.92276367187
Iter 150 / 4548 2.37583682412
Iter 200 / 4548 2.51121110587
Iter 250 / 4548 2.7155855619
Iter 300 / 4548 1.41467978738
Iter 350 / 4548 2.71248799642
Iter 400 / 4548 2.84491261449
Iter 450 / 4548 2.50337784379
Iter 500 / 4548 2.81015877772
Iter 550 / 4548 2.67500896004
Iter 600 / 4548 2.5281833958
Iter 650 / 4548 2.34762128194
Iter 700 / 4548 2.1247625351
Iter 750 / 4548 2.48809030596
Iter 800 / 4548 2.49951581257
Iter 850 / 4548 2.49554657936
Iter 900 / 4548 2.81852223727
Iter 950 / 4548 1.78132263184
Iter 1000 / 4548 1.52134695053
Iter 1050 / 4548 2.47420561941
Iter 1100 / 4548 2.42159973145
Iter 1150 / 4548 2.65390846946
Iter 1200 / 4548 3.39374465942
Iter 1250 / 4548 2.4412790026
Iter 1300 / 4548 2.60848508349
Iter 1350 / 4548 2.60245834778
Iter 1400 / 4548 2.67504965292
Iter 1450 / 4548 2.64140172159
Iter 1500 / 4548 0.734624059577
Iter 1550 / 4548 2.89341485109
Iter 1600 / 4548 2.53486616893
Iter 1650 / 4548 2.69045425674
Iter 1700 / 4548 3.48655509949
Iter 1750 / 4548 2.31483442887
Iter 1800 / 4548 3.21380652225
Iter 1850 / 4548 2.71532727526
Iter 1900 / 4548 2.86321164851
Iter 1950 / 4548 1.99747494289
Iter 2000 / 4548 2.56092491041
Iter 2050 / 4548 2.60085691001
Iter 2100 / 4548 2.85753690077
Iter 2150 / 4548 2.32203178698
Iter 2200 / 4548 1.89219758005
Iter 2250 / 4548 2.38011614482
Iter 2300 / 4548 2.46002159119
Iter 2350 / 4548 3.18528889135
Iter 2400 / 4548 2.60428394991
Iter 2450 / 4548 2.81625798543
Iter 2500 / 4548 2.97692322463
Iter 2550 / 4548 2.99889891966
Iter 2600 / 4548 2.05795288086
Iter 2650 / 4548 2.74801955685
Iter 2700 / 4548 2.7308413551
Iter 2750 / 4548 2.79421325684
Iter 2800 / 4548 2.46354166667
Iter 2850 / 4548 2.79096341484
Iter 2900 / 4548 2.5417332803
Iter 2950 / 4548 2.36754135088
Iter 3000 / 4548 3.10035495758
Iter 3050 / 4548 2.36627641158
Iter 3100 / 4548 1.88914916992
Iter 3150 / 4548 2.43954682221
Iter 3200 / 4548 2.52187278557
Iter 3250 / 4548 2.37889982525
Iter 3300 / 4548 2.4191851298
Iter 3350 / 4548 3.3348262621
Iter 3400 / 4548 2.04717712402
Iter 3450 / 4548 2.45023571605
Iter 3500 / 4548 2.41405269078
Iter 3550 / 4548 4.02538962986
Iter 3600 / 4548 2.64166259766
Iter 3650 / 4548 2.78756393862
Iter 3700 / 4548 3.80665164524
Iter 3750 / 4548 2.75039850905
Iter 3800 / 4548 1.98671164441
Iter 3850 / 4548 1.23584981398
Iter 3900 / 4548 3.46426365739
Iter 3950 / 4548 4.99020195007
Iter 4000 / 4548 3.01484883626
Iter 4050 / 4548 3.12431983698
Iter 4100 / 4548 2.63666314948
Iter 4150 / 4548 2.64809010824
Iter 4200 / 4548 2.72145504422
Iter 4250 / 4548 3.16214015341
Iter 4300 / 4548 4.75658243353
Iter 4350 / 4548 2.93113678577
Iter 4400 / 4548 2.94186564128
Iter 4450 / 4548 2.69270776819
Iter 4500 / 4548 1.68975150067
Epoch 25 Valid 21.9479137433
Epoch 25 Test 22.9125042026
Epoch 26
Iter 50 / 4548 2.91743155702
Iter 100 / 4548 0.973291714986
Iter 150 / 4548 2.3005212148
Iter 200 / 4548 2.49385238647
Iter 250 / 4548 2.69200938457
Iter 300 / 4548 2.23775183636
Iter 350 / 4548 2.33290887648
Iter 400 / 4548 2.29948712777
Iter 450 / 4548 2.56188052634
Iter 500 / 4548 2.99209766877
Iter 550 / 4548 2.48295947484
Iter 600 / 4548 2.57224709647
Iter 650 / 4548 1.98407586416
Iter 700 / 4548 2.83918502242
Iter 750 / 4548 2.32704162598
Iter 800 / 4548 1.93159902472
Iter 850 / 4548 2.44718860445
Iter 900 / 4548 1.87168693542
Iter 950 / 4548 2.66538070084
Iter 1000 / 4548 2.77018981049
Iter 1050 / 4548 2.29429986504
Iter 1100 / 4548 2.80164114816
Iter 1150 / 4548 2.61428886547
Iter 1200 / 4548 2.61273000617
Iter 1250 / 4548 2.45600941976
Iter 1300 / 4548 2.77513391831
Iter 1350 / 4548 2.52215046175
Iter 1400 / 4548 3.30707077753
Iter 1450 / 4548 2.6904484006
Iter 1500 / 4548 2.91670735677
Iter 1550 / 4548 2.61452742268
Iter 1600 / 4548 2.64552504017
Iter 1650 / 4548 2.56712753968
Iter 1700 / 4548 1.75009778081
Iter 1750 / 4548 2.57818310409
Iter 1800 / 4548 2.50519822399
Iter 1850 / 4548 3.0001065996
Iter 1900 / 4548 2.97248124103
Iter 1950 / 4548 2.36736559378
Iter 2000 / 4548 3.24957399952
Iter 2050 / 4548 2.84618560653
Iter 2100 / 4548 3.25102038261
Iter 2150 / 4548 2.37014951204
Iter 2200 / 4548 2.57931009928
Iter 2250 / 4548 2.64852059854
Iter 2300 / 4548 3.03500341991
Iter 2350 / 4548 3.05005014071
Iter 2400 / 4548 2.11156717936
Iter 2450 / 4548 3.30846322867
Iter 2500 / 4548 2.4372493426
Iter 2550 / 4548 2.83191063291
Iter 2600 / 4548 3.42236906353
Iter 2650 / 4548 2.20409566706
Iter 2700 / 4548 2.43181300808
Iter 2750 / 4548 2.01689361244
Iter 2800 / 4548 2.68831180391
Iter 2850 / 4548 2.2699987992
Iter 2900 / 4548 3.51331926429
Iter 2950 / 4548 2.46954773694
Iter 3000 / 4548 2.7052154541
Iter 3050 / 4548 1.706262008
Iter 3100 / 4548 2.91020584106
Iter 3150 / 4548 2.73885897616
Iter 3200 / 4548 2.88696513456
Iter 3250 / 4548 1.54858577251
Iter 3300 / 4548 2.36315177469
Iter 3350 / 4548 2.45557761679
Iter 3400 / 4548 2.22697533502
Iter 3450 / 4548 2.29484513489
Iter 3500 / 4548 2.38369808197
Iter 3550 / 4548 2.49606779024
Iter 3600 / 4548 2.34806226647
Iter 3650 / 4548 2.3005323223
Iter 3700 / 4548 2.88018883599
Iter 3750 / 4548 2.44125575235
Iter 3800 / 4548 2.93881375672
Iter 3850 / 4548 2.80616369003
Iter 3900 / 4548 2.05155334473
Iter 3950 / 4548 2.29057548786
Iter 4000 / 4548 2.24693832397
Iter 4050 / 4548 2.88710801145
Iter 4100 / 4548 2.35083182199
Iter 4150 / 4548 2.73812284924
Iter 4200 / 4548 2.65368533628
Iter 4250 / 4548 2.62817430496
Iter 4300 / 4548 2.25868337295
Iter 4350 / 4548 2.65519734975
Iter 4400 / 4548 2.62626974923
Iter 4450 / 4548 3.04801432292
Iter 4500 / 4548 4.59586572647
Epoch 26 Valid 21.8254128118
Epoch 26 Test 22.9961788939
Epoch 27
Iter 50 / 4548 2.91440296173
Iter 100 / 4548 2.33182479396
Iter 150 / 4548 2.29821806688
Iter 200 / 4548 3.15139818192
Iter 250 / 4548 2.9113667806
Iter 300 / 4548 2.55166225241
Iter 350 / 4548 2.53169741268
Iter 400 / 4548 2.53634468454
Iter 450 / 4548 2.44606385338
Iter 500 / 4548 1.30685179574
Iter 550 / 4548 2.14219360352
Iter 600 / 4548 3.13437361944
Iter 650 / 4548 2.64500263759
Iter 700 / 4548 2.41961097717
Iter 750 / 4548 1.21025623561
Iter 800 / 4548 2.05393867752
Iter 850 / 4548 1.99775223505
Iter 900 / 4548 1.2526550293
Iter 950 / 4548 3.78508550471
Iter 1000 / 4548 1.5686478085
Iter 1050 / 4548 2.53594991323
Iter 1100 / 4548 1.75146484375
Iter 1150 / 4548 4.03018624442
Iter 1200 / 4548 2.15176645915
Iter 1250 / 4548 2.17005641644
Iter 1300 / 4548 2.74714095949
Iter 1350 / 4548 2.20315590883
Iter 1400 / 4548 2.26583353678
Iter 1450 / 4548 3.50551681519
Iter 1500 / 4548 2.36535400391
Iter 1550 / 4548 2.93365902371
Iter 1600 / 4548 2.94814933615
Iter 1650 / 4548 2.59906866612
Iter 1700 / 4548 2.68603832691
Iter 1750 / 4548 2.64143107611
Iter 1800 / 4548 2.77248755922
Iter 1850 / 4548 2.03751582725
Iter 1900 / 4548 3.578956604
Iter 1950 / 4548 2.87888610247
Iter 2000 / 4548 2.08428810521
Iter 2050 / 4548 3.0796501692
Iter 2100 / 4548 3.16765788182
Iter 2150 / 4548 2.45074707031
Iter 2200 / 4548 2.59825616134
Iter 2250 / 4548 4.1352726863
Iter 2300 / 4548 2.6108304897
Iter 2350 / 4548 2.16911856333
Iter 2400 / 4548 3.38395750368
Iter 2450 / 4548 3.58943994494
Iter 2500 / 4548 2.93765172997
Iter 2550 / 4548 2.43159188165
Iter 2600 / 4548 2.6919371407
Iter 2650 / 4548 2.46725194938
Iter 2700 / 4548 2.57319621798
Iter 2750 / 4548 2.48477055476
Iter 2800 / 4548 2.57965861576
Iter 2850 / 4548 2.82783143579
Iter 2900 / 4548 2.7799528488
Iter 2950 / 4548 4.23273499807
Iter 3000 / 4548 2.48175569014
Iter 3050 / 4548 2.50468444824
Iter 3100 / 4548 2.68308362774
Iter 3150 / 4548 2.09129333496
Iter 3200 / 4548 4.15339406331
Iter 3250 / 4548 2.6119544396
Iter 3300 / 4548 2.73550360543
Iter 3350 / 4548 2.70081762834
Iter 3400 / 4548 2.59320528105
Iter 3450 / 4548 2.86054369429
Iter 3500 / 4548 3.29807809683
Iter 3550 / 4548 2.15712612899
Iter 3600 / 4548 2.98381496416
Iter 3650 / 4548 2.57790254667
Iter 3700 / 4548 2.85687816844
Iter 3750 / 4548 2.58081978614
Iter 3800 / 4548 2.5421576249
Iter 3850 / 4548 2.57812431677
Iter 3900 / 4548 2.45193090194
Iter 3950 / 4548 2.659119365
Iter 4000 / 4548 3.70709443934
Iter 4050 / 4548 2.9892707493
Iter 4100 / 4548 1.69788592202
Iter 4150 / 4548 1.85463862836
Iter 4200 / 4548 2.84158654751
Iter 4250 / 4548 3.47924882938
Iter 4300 / 4548 2.04899038587
Iter 4350 / 4548 2.5734681721
Iter 4400 / 4548 2.58220447616
Iter 4450 / 4548 2.10564404865
Iter 4500 / 4548 2.74266978762
Epoch 27 Valid 21.8771714906
Epoch 27 Test 23.2772246191
Epoch 28
Iter 50 / 4548 3.56006827721
Iter 100 / 4548 2.16701907203
Iter 150 / 4548 1.82047895952
Iter 200 / 4548 2.67682960706
Iter 250 / 4548 1.16237370173
Iter 300 / 4548 2.55162424281
Iter 350 / 4548 2.80278669085
Iter 400 / 4548 4.47545066247
Iter 450 / 4548 1.04475267798
Iter 500 / 4548 3.42013150729
Iter 550 / 4548 2.53173101849
Iter 600 / 4548 4.14552001953
Iter 650 / 4548 2.46670010215
Iter 700 / 4548 3.31769249656
Iter 750 / 4548 2.67860851753
Iter 800 / 4548 2.41746985394
Iter 850 / 4548 2.49298003226
Iter 900 / 4548 2.61100372314
Iter 950 / 4548 1.67584053675
Iter 1000 / 4548 2.08366675283
Iter 1050 / 4548 2.60178980334
Iter 1100 / 4548 2.48048524599
Iter 1150 / 4548 3.06151253362
Iter 1200 / 4548 2.77423809944
Iter 1250 / 4548 2.9909803207
Iter 1300 / 4548 2.64232998207
Iter 1350 / 4548 2.05494300992
Iter 1400 / 4548 2.90680794764
Iter 1450 / 4548 2.44085911342
Iter 1500 / 4548 3.01231568724
Iter 1550 / 4548 1.9322534449
Iter 1600 / 4548 2.4767292164
Iter 1650 / 4548 2.21098648874
Iter 1700 / 4548 2.45671759711
Iter 1750 / 4548 2.65377126581
Iter 1800 / 4548 2.14699486627
Iter 1850 / 4548 2.19370524089
Iter 1900 / 4548 2.62014990113
Iter 1950 / 4548 2.730821299
Iter 2000 / 4548 2.7363716599
Iter 2050 / 4548 2.70177459717
Iter 2100 / 4548 2.45020362006
Iter 2150 / 4548 1.5729722023
Iter 2200 / 4548 3.09900559865
Iter 2250 / 4548 2.64152018229
Iter 2300 / 4548 2.86394469031
Iter 2350 / 4548 2.06604143778
Iter 2400 / 4548 1.87837219238
Iter 2450 / 4548 2.49024369982
Iter 2500 / 4548 2.61766457071
Iter 2550 / 4548 2.79828151394
Iter 2600 / 4548 2.35964080678
Iter 2650 / 4548 2.67624627976
Iter 2700 / 4548 2.29261873413
Iter 2750 / 4548 2.40775920909
Iter 2800 / 4548 2.64911254883
Iter 2850 / 4548 2.46018981934
Iter 2900 / 4548 2.81721940474
Iter 2950 / 4548 2.78877896396
Iter 3000 / 4548 2.12664089073
Iter 3050 / 4548 2.99151970358
Iter 3100 / 4548 2.40326446533
Iter 3150 / 4548 2.97657116549
Iter 3200 / 4548 2.22036025103
Iter 3250 / 4548 3.57373762131
Iter 3300 / 4548 3.28856170654
Iter 3350 / 4548 2.5594551984
Iter 3400 / 4548 2.67624029115
Iter 3450 / 4548 2.60545121863
Iter 3500 / 4548 2.5974557977
Iter 3550 / 4548 2.88477233216
Iter 3600 / 4548 2.58573303223
Iter 3650 / 4548 1.87194980355
Iter 3700 / 4548 2.75168591758
Iter 3750 / 4548 2.95175959555
Iter 3800 / 4548 1.74151778221
Iter 3850 / 4548 2.53751410508
Iter 3900 / 4548 2.430441932
Iter 3950 / 4548 2.26914068369
Iter 4000 / 4548 2.08344342632
Iter 4050 / 4548 2.14827021846
Iter 4100 / 4548 1.676125649
Iter 4150 / 4548 2.96787618001
Iter 4200 / 4548 1.98998830695
Iter 4250 / 4548 2.12217262464
Iter 4300 / 4548 3.75306686552
Iter 4350 / 4548 3.31694343291
Iter 4400 / 4548 2.55243232923
Iter 4450 / 4548 2.06350021626
Iter 4500 / 4548 2.6123369005
Epoch 28 Valid 21.8730476464
Epoch 28 Test 23.2044484604
Epoch 29
Iter 50 / 4548 2.44510665266
Iter 100 / 4548 1.69683756147
Iter 150 / 4548 2.112046378
Iter 200 / 4548 2.20532139865
Iter 250 / 4548 2.63746337891
Iter 300 / 4548 2.65807456159
Iter 350 / 4548 2.12069476092
Iter 400 / 4548 2.63186341653
Iter 450 / 4548 2.59073324548
Iter 500 / 4548 2.75091039355
Iter 550 / 4548 1.6528570652
Iter 600 / 4548 2.69387256023
Iter 650 / 4548 2.24278636038
Iter 700 / 4548 2.14662594265
Iter 750 / 4548 1.89697602216
Iter 800 / 4548 2.58570019805
Iter 850 / 4548 2.61991178072
Iter 900 / 4548 2.4405536455
Iter 950 / 4548 1.50864676542
Iter 1000 / 4548 3.37527503967
Iter 1050 / 4548 2.84877353244
Iter 1100 / 4548 2.25119108312
Iter 1150 / 4548 2.78571688744
Iter 1200 / 4548 2.40051015218
Iter 1250 / 4548 2.2488518048
Iter 1300 / 4548 2.52568631559
Iter 1350 / 4548 2.50914412278
Iter 1400 / 4548 2.45187576957
Iter 1450 / 4548 2.54978304776
Iter 1500 / 4548 3.18958536784
Iter 1550 / 4548 2.50320145891
Iter 1600 / 4548 2.4419035735
Iter 1650 / 4548 2.58485251979
Iter 1700 / 4548 3.31491148317
Iter 1750 / 4548 2.2932086813
Iter 1800 / 4548 1.84997653961
Iter 1850 / 4548 2.68378881265
Iter 1900 / 4548 3.07943394979
Iter 1950 / 4548 3.2549216978
Iter 2000 / 4548 2.89648626756
Iter 2050 / 4548 2.29483340945
Iter 2100 / 4548 2.6271794637
Iter 2150 / 4548 2.66548532679
Iter 2200 / 4548 2.21503596932
Iter 2250 / 4548 2.25065013341
Iter 2300 / 4548 2.55393972686
Iter 2350 / 4548 2.07103258769
Iter 2400 / 4548 2.25656807639
Iter 2450 / 4548 2.91430454628
Iter 2500 / 4548 2.31029654021
Iter 2550 / 4548 2.30480480194
Iter 2600 / 4548 1.99438762665
Iter 2650 / 4548 1.91711081711
Iter 2700 / 4548 3.34173431396
Iter 2750 / 4548 2.79772531884
Iter 2800 / 4548 2.39929293119
Iter 2850 / 4548 2.79663163813
Iter 2900 / 4548 2.60200479868
Iter 2950 / 4548 2.55143946088
Iter 3000 / 4548 2.74808050085
Iter 3050 / 4548 2.69767719426
Iter 3100 / 4548 2.09515190125
Iter 3150 / 4548 2.4965367471
Iter 3200 / 4548 2.30466406686
Iter 3250 / 4548 2.86300467523
Iter 3300 / 4548 2.40554874828
Iter 3350 / 4548 2.46501022795
Iter 3400 / 4548 2.52785553142
Iter 3450 / 4548 1.89242485132
Iter 3500 / 4548 3.10635811942
Iter 3550 / 4548 2.69929705926
Iter 3600 / 4548 2.91265869141
Iter 3650 / 4548 2.44668095655
Iter 3700 / 4548 2.19836642218
Iter 3750 / 4548 2.03592300415
Iter 3800 / 4548 2.31904556274
Iter 3850 / 4548 3.42469420614
Iter 3900 / 4548 2.06074566311
Iter 3950 / 4548 2.74096087831
Iter 4000 / 4548 2.49231548887
Iter 4050 / 4548 2.35562528413
Iter 4100 / 4548 3.25603908963
Iter 4150 / 4548 3.07203855969
Iter 4200 / 4548 2.45242539443
Iter 4250 / 4548 2.44860040838
Iter 4300 / 4548 2.41648592004
Iter 4350 / 4548 2.55528048252
Iter 4400 / 4548 2.58477811073
Iter 4450 / 4548 2.30919841898
Iter 4500 / 4548 2.48825853924
Epoch 29 Valid 21.9327812555
Epoch 29 Test 23.2842215896
Epoch 30
Iter 50 / 4548 1.50951205167
Iter 100 / 4548 2.95092183893
Iter 150 / 4548 3.42261039261
Iter 200 / 4548 2.63433551788
Iter 250 / 4548 3.2420019725
Iter 300 / 4548 2.4630348073
Iter 350 / 4548 2.81175623422
Iter 400 / 4548 1.44360174452
Iter 450 / 4548 2.24072560956
Iter 500 / 4548 2.89815925149
Iter 550 / 4548 2.29619780382
Iter 600 / 4548 2.69445230673
Iter 650 / 4548 2.48575353622
Iter 700 / 4548 2.61189872836
Iter 750 / 4548 2.26645319802
Iter 800 / 4548 3.04662079393
Iter 850 / 4548 2.49881522886
Iter 900 / 4548 2.56824936269
Iter 950 / 4548 2.58547152006
Iter 1000 / 4548 3.37808070463
Iter 1050 / 4548 2.39355093973
Iter 1100 / 4548 2.53785281711
Iter 1150 / 4548 2.65538866092
Iter 1200 / 4548 3.06692606608
Iter 1250 / 4548 2.35909733019
Iter 1300 / 4548 3.05572265625
Iter 1350 / 4548 2.36452541351
Iter 1400 / 4548 3.44956306789
Iter 1450 / 4548 2.38909725267
Iter 1500 / 4548 4.45609680176
Iter 1550 / 4548 1.53507355721
Iter 1600 / 4548 2.56454467773
Iter 1650 / 4548 3.27891590556
Iter 1700 / 4548 2.48911260789
Iter 1750 / 4548 3.1576515756
Iter 1800 / 4548 2.77082676358
Iter 1850 / 4548 2.20156642369
Iter 1900 / 4548 1.91611715463
Iter 1950 / 4548 1.91436449687
Iter 2000 / 4548 2.70710407604
Iter 2050 / 4548 2.71271992153
Iter 2100 / 4548 2.52135819239
Iter 2150 / 4548 2.37852724861
Iter 2200 / 4548 2.20140163023
Iter 2250 / 4548 2.3635078879
Iter 2300 / 4548 1.60065812331
Iter 2350 / 4548 2.43332345145
Iter 2400 / 4548 2.44106433266
Iter 2450 / 4548 2.37819213867
Iter 2500 / 4548 2.22151096051
Iter 2550 / 4548 2.87986277806
Iter 2600 / 4548 1.87587778192
Iter 2650 / 4548 1.97885329148
Iter 2700 / 4548 1.62166086833
Iter 2750 / 4548 2.48060695103
Iter 2800 / 4548 2.63659667969
Iter 2850 / 4548 2.29680141395
Iter 2900 / 4548 2.43445658366
Iter 2950 / 4548 2.75877692483
Iter 3000 / 4548 3.87238578796
Iter 3050 / 4548 2.92248481617
Iter 3100 / 4548 2.4808344841
Iter 3150 / 4548 1.66531217098
Iter 3200 / 4548 1.70676918917
Iter 3250 / 4548 3.03322027297
Iter 3300 / 4548 2.32895928842
Iter 3350 / 4548 2.33055853844
Iter 3400 / 4548 2.32828674316
Iter 3450 / 4548 2.55115480776
Iter 3500 / 4548 2.21846135457
Iter 3550 / 4548 1.57592813592
Iter 3600 / 4548 4.54747009277
Iter 3650 / 4548 2.71559294113
Iter 3700 / 4548 2.61488927797
Iter 3750 / 4548 2.45715888341
Iter 3800 / 4548 2.92435352838
Iter 3850 / 4548 2.46330968345
Iter 3900 / 4548 2.42604650549
Iter 3950 / 4548 2.73328725962
Iter 4000 / 4548 2.84021144237
Iter 4050 / 4548 2.80866246253
Iter 4100 / 4548 2.42891004609
Iter 4150 / 4548 2.56809125628
Iter 4200 / 4548 2.73994975843
Iter 4250 / 4548 2.51806221756
Iter 4300 / 4548 3.18306535993
Iter 4350 / 4548 3.82091205876
Iter 4400 / 4548 2.63191901313
Iter 4450 / 4548 2.46050222296
Iter 4500 / 4548 1.98091506958
Epoch 30 Valid 22.6750100844
Epoch 30 Test 23.6620494646
