nohup: ignoring input
[dynet] initializing CUDA
[dynet] Request for 1 specific GPU ...
[dynet] Device Number: 3
[dynet]   Device name: GeForce GTX TITAN X
[dynet]   Memory Clock Rate (KHz): 3505000
[dynet]   Memory Bus Width (bits): 384
[dynet]   Peak Memory Bandwidth (GB/s): 336.48
[dynet]   Memory Free (GB): 12.6834/12.7996
[dynet]
[dynet] Device(s) selected: 3
[dynet] random seed: 4280911778
[dynet] allocating memory: 5000MB
[dynet] memory allocation done.
Epoch 1
Iter 50 / 3871 7.78079691019
Iter 100 / 3871 8.64075901197
Iter 150 / 3871 7.73846310985
Iter 200 / 3871 7.5328168002
Iter 250 / 3871 7.00205132378
Iter 300 / 3871 7.05694942151
Iter 350 / 3871 6.82531229655
Iter 400 / 3871 7.2679309845
Iter 450 / 3871 6.6411643211
Iter 500 / 3871 7.37581787109
Iter 550 / 3871 7.59986165365
Iter 600 / 3871 8.14961807042
Iter 650 / 3871 7.209231309
Iter 700 / 3871 6.87690298898
Iter 750 / 3871 6.80492485894
Iter 800 / 3871 6.43178442753
Iter 850 / 3871 6.58849504259
Iter 900 / 3871 7.21096357866
Iter 950 / 3871 6.41624854593
Iter 1000 / 3871 6.89364417514
Iter 1050 / 3871 6.55531107585
Iter 1100 / 3871 7.06135469324
Iter 1150 / 3871 4.864777565
Iter 1200 / 3871 7.24182274228
Iter 1250 / 3871 6.48929322796
Iter 1300 / 3871 7.40718657395
Iter 1350 / 3871 7.15308355516
Iter 1400 / 3871 7.11552780439
Iter 1450 / 3871 7.06086920116
Iter 1500 / 3871 6.84713527134
Iter 1550 / 3871 6.63849338564
Iter 1600 / 3871 6.64167022705
Iter 1650 / 3871 6.24213237147
Iter 1700 / 3871 6.70947310504
Iter 1750 / 3871 6.91853648634
Iter 1800 / 3871 6.504637037
Iter 1850 / 3871 6.89824840001
Iter 1900 / 3871 7.25934028625
Iter 1950 / 3871 7.18537049374
Iter 2000 / 3871 5.27927712833
Iter 2050 / 3871 6.5576673666
Iter 2100 / 3871 7.21562412807
Iter 2150 / 3871 6.82929872756
Iter 2200 / 3871 6.66401971726
Iter 2250 / 3871 6.76941040039
Iter 2300 / 3871 6.23188781738
Iter 2350 / 3871 7.00584629604
Iter 2400 / 3871 5.79368155343
Iter 2450 / 3871 5.16046831685
Iter 2500 / 3871 6.35118675232
Iter 2550 / 3871 6.23357623556
Iter 2600 / 3871 7.35588343003
Iter 2650 / 3871 6.4413840554
Iter 2700 / 3871 6.41779194079
Iter 2750 / 3871 6.54908691406
Iter 2800 / 3871 6.69034308667
Iter 2850 / 3871 6.64505295526
Iter 2900 / 3871 4.57570457458
Iter 2950 / 3871 6.33958911896
Iter 3000 / 3871 6.47281477186
Iter 3050 / 3871 6.77102122587
Iter 3100 / 3871 5.75467245919
Iter 3150 / 3871 6.24387292695
Iter 3200 / 3871 6.75712320079
Iter 3250 / 3871 6.62615356445
Iter 3300 / 3871 6.22697918232
Iter 3350 / 3871 5.94776717476
Iter 3400 / 3871 5.75586823494
Iter 3450 / 3871 6.5089550143
Iter 3500 / 3871 5.98542364211
Iter 3550 / 3871 8.32358485631
Iter 3600 / 3871 4.99698181152
Iter 3650 / 3871 7.05416611494
Iter 3700 / 3871 6.41369737898
Iter 3750 / 3871 6.26788657052
Iter 3800 / 3871 7.52883615801
Iter 3850 / 3871 6.45372314453
Epoch 1 Valid 0.661311420285
Epoch 1 Test 0.805462121788
Epoch 2
Iter 50 / 3871 6.07662037441
Iter 100 / 3871 6.32268748564
Iter 150 / 3871 6.13261925649
Iter 200 / 3871 6.40446614583
Iter 250 / 3871 5.92786618497
Iter 300 / 3871 6.51451555888
Iter 350 / 3871 5.52309608459
Iter 400 / 3871 6.15791102818
Iter 450 / 3871 6.07336527507
Iter 500 / 3871 6.23948160807
Iter 550 / 3871 6.16338487105
Iter 600 / 3871 6.42904564642
Iter 650 / 3871 6.28585424179
Iter 700 / 3871 6.46961770129
Iter 750 / 3871 5.88392944336
Iter 800 / 3871 6.57469431559
Iter 850 / 3871 6.23434082031
Iter 900 / 3871 6.01569842575
Iter 950 / 3871 6.26898148148
Iter 1000 / 3871 6.41688014439
Iter 1050 / 3871 6.17657078334
Iter 1100 / 3871 6.2780188055
Iter 1150 / 3871 5.6725692749
Iter 1200 / 3871 5.31640231225
Iter 1250 / 3871 5.62520001386
Iter 1300 / 3871 5.78019375271
Iter 1350 / 3871 5.56709289551
Iter 1400 / 3871 5.41676127116
Iter 1450 / 3871 5.65121120877
Iter 1500 / 3871 6.56518154457
Iter 1550 / 3871 5.91403259277
Iter 1600 / 3871 5.67348789404
Iter 1650 / 3871 5.55091433058
Iter 1700 / 3871 5.10731010437
Iter 1750 / 3871 6.30812790815
Iter 1800 / 3871 5.44039281209
Iter 1850 / 3871 6.01793370102
Iter 1900 / 3871 6.38748115406
Iter 1950 / 3871 5.77227640152
Iter 2000 / 3871 6.08376312256
Iter 2050 / 3871 5.85776123047
Iter 2100 / 3871 6.54816140069
Iter 2150 / 3871 6.51871582031
Iter 2200 / 3871 6.07066467285
Iter 2250 / 3871 6.0195636957
Iter 2300 / 3871 7.09376525879
Iter 2350 / 3871 5.86404892494
Iter 2400 / 3871 5.64406204224
Iter 2450 / 3871 5.98095024957
Iter 2500 / 3871 6.21105914349
Iter 2550 / 3871 6.08945683708
Iter 2600 / 3871 6.23488198353
Iter 2650 / 3871 5.65923015888
Iter 2700 / 3871 5.4517882104
Iter 2750 / 3871 5.41179770612
Iter 2800 / 3871 5.90874323769
Iter 2850 / 3871 6.28744875152
Iter 2900 / 3871 6.41346417051
Iter 2950 / 3871 6.17858807964
Iter 3000 / 3871 5.98725565926
Iter 3050 / 3871 5.36129710713
Iter 3100 / 3871 6.37723444796
Iter 3150 / 3871 5.1052733142
Iter 3200 / 3871 5.46169693744
Iter 3250 / 3871 6.00772298177
Iter 3300 / 3871 5.3955518018
Iter 3350 / 3871 5.89920699384
Iter 3400 / 3871 5.35876742276
Iter 3450 / 3871 6.44977242606
Iter 3500 / 3871 6.34069485135
Iter 3550 / 3871 5.31760475852
Iter 3600 / 3871 6.01178656684
Iter 3650 / 3871 6.00483116737
Iter 3700 / 3871 6.08570173675
Iter 3750 / 3871 4.84910096513
Iter 3800 / 3871 6.27487104367
Iter 3850 / 3871 5.71786281041
Epoch 2 Valid 1.1518908876
Epoch 2 Test 1.52847323886
Epoch 3
Iter 50 / 3871 6.82577151344
Iter 100 / 3871 5.45844930013
Iter 150 / 3871 6.12000140022
Iter 200 / 3871 6.48799815931
Iter 250 / 3871 6.11693954468
Iter 300 / 3871 6.48812052409
Iter 350 / 3871 5.96599578857
Iter 400 / 3871 5.89858069787
Iter 450 / 3871 4.85947627315
Iter 500 / 3871 5.21096256801
Iter 550 / 3871 5.76086669922
Iter 600 / 3871 5.81711390399
Iter 650 / 3871 5.47599029541
Iter 700 / 3871 5.50493763706
Iter 750 / 3871 5.73843056815
Iter 800 / 3871 5.60403060913
Iter 850 / 3871 5.84250071692
Iter 900 / 3871 5.32015713778
Iter 950 / 3871 5.08799176897
Iter 1000 / 3871 5.5644241333
Iter 1050 / 3871 6.09080227939
Iter 1100 / 3871 5.5114263916
Iter 1150 / 3871 5.26509306166
Iter 1200 / 3871 5.58264075385
Iter 1250 / 3871 4.94170125326
Iter 1300 / 3871 5.47820854187
Iter 1350 / 3871 5.66087387547
Iter 1400 / 3871 5.93564736187
Iter 1450 / 3871 5.37970088078
Iter 1500 / 3871 5.63195488477
Iter 1550 / 3871 5.87188034058
Iter 1600 / 3871 5.05041948954
Iter 1650 / 3871 6.13746839954
Iter 1700 / 3871 5.82619652381
Iter 1750 / 3871 4.94589063856
Iter 1800 / 3871 5.24289932251
Iter 1850 / 3871 4.89125165072
Iter 1900 / 3871 5.67688442798
Iter 1950 / 3871 5.9424050071
Iter 2000 / 3871 6.04503603335
Iter 2050 / 3871 5.92437174479
Iter 2100 / 3871 5.36704808285
Iter 2150 / 3871 5.73564197171
Iter 2200 / 3871 4.99593259577
Iter 2250 / 3871 4.63736572266
Iter 2300 / 3871 6.21688804626
Iter 2350 / 3871 5.42542772383
Iter 2400 / 3871 4.67311620712
Iter 2450 / 3871 6.08702341715
Iter 2500 / 3871 6.23046586076
Iter 2550 / 3871 6.13081943842
Iter 2600 / 3871 5.42436941046
Iter 2650 / 3871 6.1483576848
Iter 2700 / 3871 4.53793984271
Iter 2750 / 3871 5.4716153826
Iter 2800 / 3871 5.72300767249
Iter 2850 / 3871 5.68559229651
Iter 2900 / 3871 5.3306350708
Iter 2950 / 3871 5.13507516044
Iter 3000 / 3871 5.30157149465
Iter 3050 / 3871 5.17271232605
Iter 3100 / 3871 5.22797460937
Iter 3150 / 3871 6.13605553763
Iter 3200 / 3871 5.49445019531
Iter 3250 / 3871 5.57422060306
Iter 3300 / 3871 5.94297540838
Iter 3350 / 3871 5.74471641449
Iter 3400 / 3871 4.86339911099
Iter 3450 / 3871 5.41287002563
Iter 3500 / 3871 5.47965930757
Iter 3550 / 3871 5.67144975142
Iter 3600 / 3871 5.28062744141
Iter 3650 / 3871 5.99260415836
Iter 3700 / 3871 5.91231980435
Iter 3750 / 3871 5.45642811168
Iter 3800 / 3871 5.60528564453
Iter 3850 / 3871 5.13651396099
Epoch 3 Valid 1.58649238752
Epoch 3 Test 1.76459459481
Epoch 4
Iter 50 / 3871 4.68281936646
Iter 100 / 3871 4.57622375488
Iter 150 / 3871 5.04999582841
Iter 200 / 3871 4.90268560556
Iter 250 / 3871 5.19177545286
Iter 300 / 3871 5.35464396805
Iter 350 / 3871 5.46811943134
Iter 400 / 3871 3.65753984451
Iter 450 / 3871 3.78857421875
Iter 500 / 3871 5.22026027333
Iter 550 / 3871 4.66659461127
Iter 600 / 3871 5.20792378465
Iter 650 / 3871 5.45928779015
Iter 700 / 3871 4.94467894236
Iter 750 / 3871 5.20007084865
Iter 800 / 3871 4.76879344267
Iter 850 / 3871 5.337081565
Iter 900 / 3871 3.52447182792
Iter 950 / 3871 4.65900639553
Iter 1000 / 3871 5.54442530093
Iter 1050 / 3871 5.25468980944
Iter 1100 / 3871 4.96844308036
Iter 1150 / 3871 4.44246149063
Iter 1200 / 3871 5.23265874335
Iter 1250 / 3871 5.17624391828
Iter 1300 / 3871 4.10081325433
Iter 1350 / 3871 5.39219589233
Iter 1400 / 3871 4.83530976211
Iter 1450 / 3871 5.20777130127
Iter 1500 / 3871 5.3921664491
Iter 1550 / 3871 5.2115798752
Iter 1600 / 3871 5.67899431501
Iter 1650 / 3871 4.96439459385
Iter 1700 / 3871 6.02665886512
Iter 1750 / 3871 4.7074209849
Iter 1800 / 3871 5.56871708737
Iter 1850 / 3871 5.71142685204
Iter 1900 / 3871 5.1639451247
Iter 1950 / 3871 5.71953208774
Iter 2000 / 3871 5.41542794364
Iter 2050 / 3871 4.9297281901
Iter 2100 / 3871 5.23149078968
Iter 2150 / 3871 5.39335216175
Iter 2200 / 3871 4.9669477983
Iter 2250 / 3871 4.97425028483
Iter 2300 / 3871 5.44925468199
Iter 2350 / 3871 5.52776057546
Iter 2400 / 3871 5.25469411214
Iter 2450 / 3871 5.1521595922
Iter 2500 / 3871 4.22678411575
Iter 2550 / 3871 3.23954234404
Iter 2600 / 3871 5.06245727539
Iter 2650 / 3871 5.08164825439
Iter 2700 / 3871 5.64269895512
Iter 2750 / 3871 5.20377308239
Iter 2800 / 3871 5.82670847575
Iter 2850 / 3871 5.30886632746
Iter 2900 / 3871 5.39625705018
Iter 2950 / 3871 6.01687208273
Iter 3000 / 3871 5.54946409626
Iter 3050 / 3871 3.92559210459
Iter 3100 / 3871 5.37590422454
Iter 3150 / 3871 5.61004842122
Iter 3200 / 3871 5.25097457222
Iter 3250 / 3871 5.02855829361
Iter 3300 / 3871 5.16429138184
Iter 3350 / 3871 5.5599093967
Iter 3400 / 3871 5.70227315003
Iter 3450 / 3871 5.58968808427
Iter 3500 / 3871 4.80861155192
Iter 3550 / 3871 4.06046295166
Iter 3600 / 3871 5.81308074496
Iter 3650 / 3871 5.10116539001
Iter 3700 / 3871 5.19291759673
Iter 3750 / 3871 5.31276940787
Iter 3800 / 3871 5.48634338379
Iter 3850 / 3871 5.22334289551
Epoch 4 Valid 1.78177449676
Epoch 4 Test 2.22137990362
Epoch 5
Iter 50 / 3871 5.35340166092
Iter 100 / 3871 5.0398697626
Iter 150 / 3871 4.37261599586
Iter 200 / 3871 4.36975947513
Iter 250 / 3871 4.84975730048
Iter 300 / 3871 4.73219151651
Iter 350 / 3871 4.16781317669
Iter 400 / 3871 5.38247026716
Iter 450 / 3871 4.72137106871
Iter 500 / 3871 5.08627624512
Iter 550 / 3871 4.92149861654
Iter 600 / 3871 5.48346442145
Iter 650 / 3871 4.77976022116
Iter 700 / 3871 5.02372624324
Iter 750 / 3871 4.63900947571
Iter 800 / 3871 4.87058748518
Iter 850 / 3871 5.27604072972
Iter 900 / 3871 5.1867017559
Iter 950 / 3871 5.29139596445
Iter 1000 / 3871 5.15358395047
Iter 1050 / 3871 5.5723585649
Iter 1100 / 3871 5.56562416226
Iter 1150 / 3871 4.96403327355
Iter 1200 / 3871 4.74441303926
Iter 1250 / 3871 5.70457500882
Iter 1300 / 3871 5.10031541189
Iter 1350 / 3871 5.09097928779
Iter 1400 / 3871 5.12062509574
Iter 1450 / 3871 4.10498455593
Iter 1500 / 3871 5.10370159149
Iter 1550 / 3871 6.02881517597
Iter 1600 / 3871 5.11616298131
Iter 1650 / 3871 5.35744730632
Iter 1700 / 3871 4.33037867691
Iter 1750 / 3871 4.7352549235
Iter 1800 / 3871 5.02891496931
Iter 1850 / 3871 5.21750610352
Iter 1900 / 3871 4.60181318011
Iter 1950 / 3871 4.86541027493
Iter 2000 / 3871 4.02277145386
Iter 2050 / 3871 4.24159071181
Iter 2100 / 3871 5.90482969542
Iter 2150 / 3871 4.35426739284
Iter 2200 / 3871 4.96899414062
Iter 2250 / 3871 5.9617471134
Iter 2300 / 3871 5.22967761496
Iter 2350 / 3871 4.98765420914
Iter 2400 / 3871 5.46537155402
Iter 2450 / 3871 4.8340579871
Iter 2500 / 3871 5.5965246582
Iter 2550 / 3871 5.01346230674
Iter 2600 / 3871 5.44875634766
Iter 2650 / 3871 4.86815763775
Iter 2700 / 3871 4.66682840801
Iter 2750 / 3871 5.57867940267
Iter 2800 / 3871 5.20127587891
Iter 2850 / 3871 5.27042541249
Iter 2900 / 3871 5.69950990419
Iter 2950 / 3871 5.38055738366
Iter 3000 / 3871 4.69911871189
Iter 3050 / 3871 3.84891336006
Iter 3100 / 3871 5.09825713059
Iter 3150 / 3871 5.17014513518
Iter 3200 / 3871 4.94556603065
Iter 3250 / 3871 5.10422210693
Iter 3300 / 3871 4.64358612985
Iter 3350 / 3871 5.35743848015
Iter 3400 / 3871 5.59870361328
Iter 3450 / 3871 4.87734883626
Iter 3500 / 3871 4.94256118248
Iter 3550 / 3871 5.03405192747
Iter 3600 / 3871 5.2259930425
Iter 3650 / 3871 5.65190806287
Iter 3700 / 3871 4.65406625601
Iter 3750 / 3871 4.25536727905
Iter 3800 / 3871 5.00301326405
Iter 3850 / 3871 4.76383781433
Epoch 5 Valid 2.40195677475
Epoch 5 Test 2.4729706358
Epoch 6
Iter 50 / 3871 4.89607276917
Iter 100 / 3871 4.67944803043
Iter 150 / 3871 5.03108785377
Iter 200 / 3871 4.93455561731
Iter 250 / 3871 5.09554206
Iter 300 / 3871 4.93327017391
Iter 350 / 3871 4.66975229437
Iter 400 / 3871 4.49865880506
Iter 450 / 3871 1.52617263794
Iter 500 / 3871 4.74065638951
Iter 550 / 3871 5.32598775228
Iter 600 / 3871 4.78037719727
Iter 650 / 3871 5.30938091856
Iter 700 / 3871 2.25090503693
Iter 750 / 3871 4.71805305155
Iter 800 / 3871 5.26088290744
Iter 850 / 3871 4.67040551227
Iter 900 / 3871 4.64181632726
Iter 950 / 3871 4.91172333113
Iter 1000 / 3871 4.7397856101
Iter 1050 / 3871 4.53513081868
Iter 1100 / 3871 5.00608039625
Iter 1150 / 3871 4.59786804199
Iter 1200 / 3871 4.91645377023
Iter 1250 / 3871 5.06880426407
Iter 1300 / 3871 4.90560600974
Iter 1350 / 3871 3.87122017997
Iter 1400 / 3871 4.7844543457
Iter 1450 / 3871 4.88167136056
Iter 1500 / 3871 4.92623728626
Iter 1550 / 3871 3.95824136539
Iter 1600 / 3871 4.47150735294
Iter 1650 / 3871 4.36703456532
Iter 1700 / 3871 4.41181030273
Iter 1750 / 3871 4.21682167053
Iter 1800 / 3871 5.07863260905
Iter 1850 / 3871 5.20301106771
Iter 1900 / 3871 5.5107228597
Iter 1950 / 3871 1.20741343498
Iter 2000 / 3871 5.0193347168
Iter 2050 / 3871 4.6984346407
Iter 2100 / 3871 4.71995181129
Iter 2150 / 3871 4.49893951416
Iter 2200 / 3871 4.43459805575
Iter 2250 / 3871 4.64357376099
Iter 2300 / 3871 4.71681626638
Iter 2350 / 3871 5.13037588082
Iter 2400 / 3871 5.21329909105
Iter 2450 / 3871 3.26780192057
Iter 2500 / 3871 5.66486487755
Iter 2550 / 3871 4.66546827747
Iter 2600 / 3871 4.95008850098
Iter 2650 / 3871 4.97365648993
Iter 2700 / 3871 5.14629305326
Iter 2750 / 3871 4.85309307392
Iter 2800 / 3871 4.85576490922
Iter 2850 / 3871 4.6614382525
Iter 2900 / 3871 5.15563087214
Iter 2950 / 3871 5.03843180339
Iter 3000 / 3871 4.71612609863
Iter 3050 / 3871 4.64771681566
Iter 3100 / 3871 5.24646472931
Iter 3150 / 3871 5.58360244289
Iter 3200 / 3871 4.89790464702
Iter 3250 / 3871 4.73699039608
Iter 3300 / 3871 5.30442551833
Iter 3350 / 3871 4.87369823456
Iter 3400 / 3871 4.76909044054
Iter 3450 / 3871 4.6108956337
Iter 3500 / 3871 4.1988313463
Iter 3550 / 3871 4.60223083496
Iter 3600 / 3871 5.66841379801
Iter 3650 / 3871 3.69685551158
Iter 3700 / 3871 5.11603933866
Iter 3750 / 3871 5.27048042493
Iter 3800 / 3871 4.76489759291
Iter 3850 / 3871 5.17201040572
Epoch 6 Valid 2.37002783488
Epoch 6 Test 2.57891223344
Epoch 7
Iter 50 / 3871 4.96114721964
Iter 100 / 3871 4.79879125478
Iter 150 / 3871 4.86596722746
Iter 200 / 3871 4.91772790363
Iter 250 / 3871 5.01870926638
Iter 300 / 3871 4.75394419077
Iter 350 / 3871 4.4384098053
Iter 400 / 3871 4.35029532693
Iter 450 / 3871 5.05116441515
Iter 500 / 3871 4.1531258441
Iter 550 / 3871 4.69555053711
Iter 600 / 3871 4.49075964725
Iter 650 / 3871 4.48115800067
Iter 700 / 3871 4.76223665125
Iter 750 / 3871 4.05841732025
Iter 800 / 3871 3.75497627258
Iter 850 / 3871 5.13520066282
Iter 900 / 3871 3.88562665667
Iter 950 / 3871 4.78461933136
Iter 1000 / 3871 4.90502501371
Iter 1050 / 3871 3.91111419678
Iter 1100 / 3871 5.05719672309
Iter 1150 / 3871 4.02588370187
Iter 1200 / 3871 4.75872361033
Iter 1250 / 3871 3.84391881549
Iter 1300 / 3871 4.13951365153
Iter 1350 / 3871 3.73768948642
Iter 1400 / 3871 5.04267512141
Iter 1450 / 3871 4.95851843698
Iter 1500 / 3871 4.80241763046
Iter 1550 / 3871 4.00724029541
Iter 1600 / 3871 4.68294101291
Iter 1650 / 3871 5.0390502082
Iter 1700 / 3871 4.97403858326
Iter 1750 / 3871 4.75739630337
Iter 1800 / 3871 3.8206752855
Iter 1850 / 3871 4.93849336431
Iter 1900 / 3871 4.51189909904
Iter 1950 / 3871 4.95156321806
Iter 2000 / 3871 4.95934758421
Iter 2050 / 3871 3.96741832386
Iter 2100 / 3871 4.732161782
Iter 2150 / 3871 5.49957122803
Iter 2200 / 3871 5.07641479492
Iter 2250 / 3871 4.76445244683
Iter 2300 / 3871 6.27657063802
Iter 2350 / 3871 3.5437105619
Iter 2400 / 3871 5.07548766577
Iter 2450 / 3871 4.39026048448
Iter 2500 / 3871 5.61046295166
Iter 2550 / 3871 4.66958118786
Iter 2600 / 3871 4.90211546266
Iter 2650 / 3871 5.83426621381
Iter 2700 / 3871 5.30706263951
Iter 2750 / 3871 4.06444406509
Iter 2800 / 3871 4.09848948887
Iter 2850 / 3871 4.82071373679
Iter 2900 / 3871 5.69232288707
Iter 2950 / 3871 4.96014272837
Iter 3000 / 3871 4.97754699707
Iter 3050 / 3871 4.99467366536
Iter 3100 / 3871 4.97971174452
Iter 3150 / 3871 4.86630504589
Iter 3200 / 3871 3.39284043085
Iter 3250 / 3871 4.78410629999
Iter 3300 / 3871 4.7747480925
Iter 3350 / 3871 4.50120197643
Iter 3400 / 3871 4.33550214767
Iter 3450 / 3871 3.96840591431
Iter 3500 / 3871 4.35010608491
Iter 3550 / 3871 5.00316856647
Iter 3600 / 3871 2.87997889519
Iter 3650 / 3871 4.15257415771
Iter 3700 / 3871 4.89479417067
Iter 3750 / 3871 4.54747775867
Iter 3800 / 3871 4.84718012055
Iter 3850 / 3871 4.71300417878
Epoch 7 Valid 2.80748449632
Epoch 7 Test 2.6996747352
Epoch 8
Iter 50 / 3871 4.57509773656
Iter 100 / 3871 4.44604602658
Iter 150 / 3871 3.56710399281
Iter 200 / 3871 4.51915769649
Iter 250 / 3871 4.49545033773
Iter 300 / 3871 3.77380871773
Iter 350 / 3871 4.5432237324
Iter 400 / 3871 4.66420533585
Iter 450 / 3871 4.04786427816
Iter 500 / 3871 3.818107387
Iter 550 / 3871 4.40626173753
Iter 600 / 3871 4.94488231952
Iter 650 / 3871 4.77384022304
Iter 700 / 3871 4.70670318604
Iter 750 / 3871 4.70883248069
Iter 800 / 3871 5.06992619212
Iter 850 / 3871 5.30553448017
Iter 900 / 3871 3.81883506775
Iter 950 / 3871 5.50218259371
Iter 1000 / 3871 4.45629519508
Iter 1050 / 3871 3.88131833076
Iter 1100 / 3871 4.83514830124
Iter 1150 / 3871 4.77895100911
Iter 1200 / 3871 4.77922119141
Iter 1250 / 3871 4.83913675944
Iter 1300 / 3871 4.94653425546
Iter 1350 / 3871 3.60637010847
Iter 1400 / 3871 5.02715030793
Iter 1450 / 3871 4.46791952628
Iter 1500 / 3871 4.66498708417
Iter 1550 / 3871 4.09932532677
Iter 1600 / 3871 3.85123104519
Iter 1650 / 3871 4.60365447998
Iter 1700 / 3871 4.90204162598
Iter 1750 / 3871 3.24544427334
Iter 1800 / 3871 3.80230840047
Iter 1850 / 3871 4.90376993815
Iter 1900 / 3871 5.25805035759
Iter 1950 / 3871 3.33251758922
Iter 2000 / 3871 4.69217088487
Iter 2050 / 3871 4.71425420588
Iter 2100 / 3871 4.73984268137
Iter 2150 / 3871 1.38915398007
Iter 2200 / 3871 4.67227314137
Iter 2250 / 3871 5.22351719783
Iter 2300 / 3871 4.85976882208
Iter 2350 / 3871 4.24752553304
Iter 2400 / 3871 4.61544456482
Iter 2450 / 3871 4.86050039689
Iter 2500 / 3871 4.93506887336
Iter 2550 / 3871 4.49213954381
Iter 2600 / 3871 4.58773878144
Iter 2650 / 3871 4.18923302853
Iter 2700 / 3871 4.68828946068
Iter 2750 / 3871 4.19955112623
Iter 2800 / 3871 4.64054321289
Iter 2850 / 3871 4.93365009014
Iter 2900 / 3871 4.50958058191
Iter 2950 / 3871 4.34169807434
Iter 3000 / 3871 5.06955517717
Iter 3050 / 3871 4.79830239036
Iter 3100 / 3871 4.79980676824
Iter 3150 / 3871 4.43485047387
Iter 3200 / 3871 4.55452528212
Iter 3250 / 3871 3.62382621765
Iter 3300 / 3871 4.78395256629
Iter 3350 / 3871 4.69161442348
Iter 3400 / 3871 4.86372908538
Iter 3450 / 3871 4.85910373264
Iter 3500 / 3871 4.66575622559
Iter 3550 / 3871 3.67442321777
Iter 3600 / 3871 4.80205635403
Iter 3650 / 3871 4.52546081543
Iter 3700 / 3871 5.10939210834
Iter 3750 / 3871 4.74987262228
Iter 3800 / 3871 3.11360896717
Iter 3850 / 3871 3.94616857068
Epoch 8 Valid 2.77308195014
Epoch 8 Test 2.84212531148
Epoch 9
Iter 50 / 3871 3.62258137136
Iter 100 / 3871 4.22769245652
Iter 150 / 3871 4.69031708816
Iter 200 / 3871 4.87937430658
Iter 250 / 3871 4.38074122838
Iter 300 / 3871 4.44977730199
Iter 350 / 3871 4.81871697842
Iter 400 / 3871 3.69207558265
Iter 450 / 3871 4.5485361735
Iter 500 / 3871 3.95625788991
Iter 550 / 3871 3.67538109604
Iter 600 / 3871 4.77372894287
Iter 650 / 3871 4.37357559204
Iter 700 / 3871 4.58399765912
Iter 750 / 3871 4.05158462524
Iter 800 / 3871 4.41828086159
Iter 850 / 3871 4.54568974659
Iter 900 / 3871 4.22388381958
Iter 950 / 3871 4.46157002065
Iter 1000 / 3871 4.04645248939
Iter 1050 / 3871 3.09186935425
Iter 1100 / 3871 4.74198303223
Iter 1150 / 3871 4.08467049434
Iter 1200 / 3871 3.91733280305
Iter 1250 / 3871 4.38774837147
Iter 1300 / 3871 4.61454071045
Iter 1350 / 3871 6.47600393584
Iter 1400 / 3871 4.84444318499
Iter 1450 / 3871 3.90354701451
Iter 1500 / 3871 4.8007546884
Iter 1550 / 3871 4.57231666302
Iter 1600 / 3871 4.28188764132
Iter 1650 / 3871 4.40418540107
Iter 1700 / 3871 4.02383694119
Iter 1750 / 3871 4.16559278048
Iter 1800 / 3871 4.56195030212
Iter 1850 / 3871 3.7676849829
Iter 1900 / 3871 3.61566989705
Iter 1950 / 3871 4.10330412123
Iter 2000 / 3871 4.51154327393
Iter 2050 / 3871 4.33376328489
Iter 2100 / 3871 4.59365626744
Iter 2150 / 3871 4.91333821615
Iter 2200 / 3871 4.34210671319
Iter 2250 / 3871 3.94553061093
Iter 2300 / 3871 3.97436523438
Iter 2350 / 3871 4.58851278982
Iter 2400 / 3871 3.88081610007
Iter 2450 / 3871 4.46651097348
Iter 2500 / 3871 5.70512320779
Iter 2550 / 3871 5.69700797659
Iter 2600 / 3871 4.0790371365
Iter 2650 / 3871 4.14664234835
Iter 2700 / 3871 4.31692546123
Iter 2750 / 3871 4.67100016276
Iter 2800 / 3871 4.45837068558
Iter 2850 / 3871 3.66914272308
Iter 2900 / 3871 4.95235216295
Iter 2950 / 3871 4.60648148148
Iter 3000 / 3871 4.73233251634
Iter 3050 / 3871 4.92288134072
Iter 3100 / 3871 5.13791020711
Iter 3150 / 3871 3.70485946813
Iter 3200 / 3871 4.74637579149
Iter 3250 / 3871 4.71616847826
Iter 3300 / 3871 4.79974761963
Iter 3350 / 3871 4.57229990858
Iter 3400 / 3871 4.9546101888
Iter 3450 / 3871 4.65957057572
Iter 3500 / 3871 4.65444365002
Iter 3550 / 3871 3.613032341
Iter 3600 / 3871 4.13669956752
Iter 3650 / 3871 2.94308082094
Iter 3700 / 3871 4.53456575325
Iter 3750 / 3871 5.17383003235
Iter 3800 / 3871 3.41115079607
Iter 3850 / 3871 4.43866804534
Epoch 9 Valid 2.72274348682
Epoch 9 Test 2.81593460539
Epoch 10
Iter 50 / 3871 4.49773733956
Iter 100 / 3871 4.20040381604
Iter 150 / 3871 4.5799610627
Iter 200 / 3871 4.03012960928
Iter 250 / 3871 4.13939094543
Iter 300 / 3871 4.18371400379
Iter 350 / 3871 4.72431305371
Iter 400 / 3871 4.62263100834
Iter 450 / 3871 4.31754622921
Iter 500 / 3871 4.33934110754
Iter 550 / 3871 3.7674533031
Iter 600 / 3871 3.9721476237
Iter 650 / 3871 4.55749474043
Iter 700 / 3871 4.46651731219
Iter 750 / 3871 4.41982435234
Iter 800 / 3871 4.36710343271
Iter 850 / 3871 4.8147281956
Iter 900 / 3871 4.46565351815
Iter 950 / 3871 2.43302989006
Iter 1000 / 3871 4.50292021653
Iter 1050 / 3871 4.17392775592
Iter 1100 / 3871 4.34657202827
Iter 1150 / 3871 4.27127135034
Iter 1200 / 3871 4.48391480172
Iter 1250 / 3871 4.13318347931
Iter 1300 / 3871 3.4505853653
Iter 1350 / 3871 3.10009029328
Iter 1400 / 3871 4.4390085178
Iter 1450 / 3871 4.92452309348
Iter 1500 / 3871 4.22044190906
Iter 1550 / 3871 4.02010879517
Iter 1600 / 3871 3.74042638143
Iter 1650 / 3871 4.68775507229
Iter 1700 / 3871 4.41466849191
Iter 1750 / 3871 4.68722429372
Iter 1800 / 3871 3.66970409047
Iter 1850 / 3871 4.77703475952
Iter 1900 / 3871 3.3853061676
Iter 1950 / 3871 4.32417925303
Iter 2000 / 3871 4.60467529297
Iter 2050 / 3871 3.0507363582
Iter 2100 / 3871 4.31421298072
Iter 2150 / 3871 4.81859536251
Iter 2200 / 3871 4.49885004217
Iter 2250 / 3871 4.37700441149
Iter 2300 / 3871 3.41399739583
Iter 2350 / 3871 3.92023256808
Iter 2400 / 3871 3.70420606209
Iter 2450 / 3871 0.37385225296
Iter 2500 / 3871 3.64492225647
Iter 2550 / 3871 4.77450290604
Iter 2600 / 3871 4.58428228469
Iter 2650 / 3871 4.63324667621
Iter 2700 / 3871 4.20914010441
Iter 2750 / 3871 4.62841260302
Iter 2800 / 3871 3.87391186786
Iter 2850 / 3871 4.74759803185
Iter 2900 / 3871 4.47905812365
Iter 2950 / 3871 4.68632141113
Iter 3000 / 3871 4.191875
Iter 3050 / 3871 4.76152465377
Iter 3100 / 3871 3.8813331604
Iter 3150 / 3871 4.46450309753
Iter 3200 / 3871 4.29070560516
Iter 3250 / 3871 4.0573671129
Iter 3300 / 3871 4.09935760498
Iter 3350 / 3871 3.99570599724
Iter 3400 / 3871 4.51718055493
Iter 3450 / 3871 4.02008403431
Iter 3500 / 3871 4.04205969608
Iter 3550 / 3871 4.87386757987
Iter 3600 / 3871 4.59417724609
Iter 3650 / 3871 4.32513478597
Iter 3700 / 3871 4.44671137193
Iter 3750 / 3871 4.27557734915
Iter 3800 / 3871 0.490332484245
Iter 3850 / 3871 3.45632284196
Epoch 10 Valid 2.93813633603
Epoch 10 Test 3.24322904218
Epoch 11
Iter 50 / 3871 3.50659774186
Iter 100 / 3871 4.16512641907
Iter 150 / 3871 5.19018500192
Iter 200 / 3871 3.22185516357
Iter 250 / 3871 4.22731501261
Iter 300 / 3871 3.71701689689
Iter 350 / 3871 4.17603992281
Iter 400 / 3871 3.70230134328
Iter 450 / 3871 4.33459187509
Iter 500 / 3871 3.29846762495
Iter 550 / 3871 4.69478188792
Iter 600 / 3871 3.61132134332
Iter 650 / 3871 4.93749694824
Iter 700 / 3871 5.47854614258
Iter 750 / 3871 4.06699549357
Iter 800 / 3871 4.91269938151
Iter 850 / 3871 4.52098535608
Iter 900 / 3871 2.98332456558
Iter 950 / 3871 4.1681370889
Iter 1000 / 3871 4.10418172983
Iter 1050 / 3871 4.74435896214
Iter 1100 / 3871 4.33962903704
Iter 1150 / 3871 2.57302258466
Iter 1200 / 3871 3.90443556871
Iter 1250 / 3871 4.67100263323
Iter 1300 / 3871 1.6148183486
Iter 1350 / 3871 4.62237501144
Iter 1400 / 3871 4.36262437164
Iter 1450 / 3871 4.36079296167
Iter 1500 / 3871 4.18053810269
Iter 1550 / 3871 4.71635836088
Iter 1600 / 3871 3.58039181731
Iter 1650 / 3871 4.23562989649
Iter 1700 / 3871 3.58255982399
Iter 1750 / 3871 4.41771754512
Iter 1800 / 3871 4.58583602905
Iter 1850 / 3871 5.41028673895
Iter 1900 / 3871 4.45258118676
Iter 1950 / 3871 3.84406771725
Iter 2000 / 3871 4.29493886774
Iter 2050 / 3871 4.58282814191
Iter 2100 / 3871 4.6999674718
Iter 2150 / 3871 4.33835794248
Iter 2200 / 3871 4.06769583566
Iter 2250 / 3871 2.35976722592
Iter 2300 / 3871 4.33824958801
Iter 2350 / 3871 3.57745697021
Iter 2400 / 3871 4.5677520752
Iter 2450 / 3871 4.54674048173
Iter 2500 / 3871 4.2203086853
Iter 2550 / 3871 4.08258056641
Iter 2600 / 3871 4.55949497223
Iter 2650 / 3871 3.86402085248
Iter 2700 / 3871 3.79262318331
Iter 2750 / 3871 4.78520033095
Iter 2800 / 3871 4.27537441254
Iter 2850 / 3871 3.12539164225
Iter 2900 / 3871 3.42378616333
Iter 2950 / 3871 4.1557125651
Iter 3000 / 3871 4.00862782796
Iter 3050 / 3871 4.60172001008
Iter 3100 / 3871 3.68890722867
Iter 3150 / 3871 3.25604398486
Iter 3200 / 3871 4.47912597656
Iter 3250 / 3871 4.28017144454
Iter 3300 / 3871 4.37444224784
Iter 3350 / 3871 3.92438510072
Iter 3400 / 3871 3.835418023
Iter 3450 / 3871 4.23069401791
Iter 3500 / 3871 3.33781941732
Iter 3550 / 3871 4.44947978428
Iter 3600 / 3871 4.82875618568
Iter 3650 / 3871 4.19122877855
Iter 3700 / 3871 4.46856246456
Iter 3750 / 3871 4.82065466679
Iter 3800 / 3871 3.21819452654
Iter 3850 / 3871 3.78247606432
Epoch 11 Valid 3.36268903013
Epoch 11 Test 3.3362932237
Epoch 12
Iter 50 / 3871 3.45530090332
Iter 100 / 3871 3.68613666037
Iter 150 / 3871 4.22397253648
Iter 200 / 3871 4.04103088379
Iter 250 / 3871 3.60396280596
Iter 300 / 3871 4.22059190538
Iter 350 / 3871 4.30977979118
Iter 400 / 3871 4.57829371861
Iter 450 / 3871 4.4345820109
Iter 500 / 3871 2.97717034639
Iter 550 / 3871 3.72570318017
Iter 600 / 3871 3.63047496059
Iter 650 / 3871 3.33127535306
Iter 700 / 3871 3.40616989136
Iter 750 / 3871 4.02627190484
Iter 800 / 3871 4.36475099163
Iter 850 / 3871 4.18422369309
Iter 900 / 3871 4.19087638855
Iter 950 / 3871 2.97671951073
Iter 1000 / 3871 5.23265121922
Iter 1050 / 3871 4.5683078342
Iter 1100 / 3871 3.70783580433
Iter 1150 / 3871 4.29894775391
Iter 1200 / 3871 4.16889230829
Iter 1250 / 3871 4.15434192476
Iter 1300 / 3871 1.64438209534
Iter 1350 / 3871 3.2135695024
Iter 1400 / 3871 4.24387105306
Iter 1450 / 3871 4.28517804827
Iter 1500 / 3871 4.63459559849
Iter 1550 / 3871 2.91209659576
Iter 1600 / 3871 4.28616749157
Iter 1650 / 3871 4.30202781548
Iter 1700 / 3871 2.58466262817
Iter 1750 / 3871 4.64557630444
Iter 1800 / 3871 3.41490757719
Iter 1850 / 3871 4.3980013091
Iter 1900 / 3871 3.52149841309
Iter 1950 / 3871 4.50588321686
Iter 2000 / 3871 3.52967430564
Iter 2050 / 3871 2.82801708277
Iter 2100 / 3871 4.60862612517
Iter 2150 / 3871 4.58372802734
Iter 2200 / 3871 4.38311549595
Iter 2250 / 3871 4.57990840157
Iter 2300 / 3871 4.12161486395
Iter 2350 / 3871 3.97100595328
Iter 2400 / 3871 4.01385466906
Iter 2450 / 3871 3.4299177282
Iter 2500 / 3871 4.79346728516
Iter 2550 / 3871 3.99284291267
Iter 2600 / 3871 4.30197118744
Iter 2650 / 3871 4.6821930984
Iter 2700 / 3871 3.99221425892
Iter 2750 / 3871 4.75429471334
Iter 2800 / 3871 4.16497171336
Iter 2850 / 3871 4.60398523883
Iter 2900 / 3871 4.69785467919
Iter 2950 / 3871 4.05246022542
Iter 3000 / 3871 4.33557298448
Iter 3050 / 3871 3.53813746068
Iter 3100 / 3871 3.78894004822
Iter 3150 / 3871 4.39443545871
Iter 3200 / 3871 3.74180501302
Iter 3250 / 3871 4.16195602417
Iter 3300 / 3871 5.23307249281
Iter 3350 / 3871 4.11123471144
Iter 3400 / 3871 4.70662282308
Iter 3450 / 3871 4.80288465095
Iter 3500 / 3871 4.59339948382
Iter 3550 / 3871 4.5984284372
Iter 3600 / 3871 4.21695908369
Iter 3650 / 3871 4.34681460732
Iter 3700 / 3871 2.0947972282
Iter 3750 / 3871 3.29711211355
Iter 3800 / 3871 4.61906166888
Iter 3850 / 3871 3.93572998047
Epoch 12 Valid 3.47682696821
Epoch 12 Test 3.49421551514
Epoch 13
Iter 50 / 3871 4.09676098001
Iter 100 / 3871 4.33613270727
Iter 150 / 3871 4.07161564022
Iter 200 / 3871 4.40642412294
Iter 250 / 3871 4.13865221961
Iter 300 / 3871 3.97626296334
Iter 350 / 3871 3.00819714864
Iter 400 / 3871 3.58444452286
Iter 450 / 3871 4.26411504331
Iter 500 / 3871 4.12639265599
Iter 550 / 3871 3.92447224069
Iter 600 / 3871 4.30513708932
Iter 650 / 3871 4.19498062134
Iter 700 / 3871 4.16793263131
Iter 750 / 3871 3.99049405185
Iter 800 / 3871 4.34316597733
Iter 850 / 3871 3.79604070216
Iter 900 / 3871 4.13935046074
Iter 950 / 3871 4.3396490689
Iter 1000 / 3871 3.43308772597
Iter 1050 / 3871 4.26009066143
Iter 1100 / 3871 4.2047958374
Iter 1150 / 3871 2.69340362549
Iter 1200 / 3871 4.61043345133
Iter 1250 / 3871 4.52947150336
Iter 1300 / 3871 1.47827949524
Iter 1350 / 3871 4.66511448451
Iter 1400 / 3871 3.62684092127
Iter 1450 / 3871 4.24593067169
Iter 1500 / 3871 4.31635415965
Iter 1550 / 3871 4.4856137955
Iter 1600 / 3871 4.47561353601
Iter 1650 / 3871 3.63584046445
Iter 1700 / 3871 4.57354063146
Iter 1750 / 3871 3.66686050206
Iter 1800 / 3871 4.2277675685
Iter 1850 / 3871 4.30608904803
Iter 1900 / 3871 3.9934239107
Iter 1950 / 3871 4.5981042324
Iter 2000 / 3871 3.99148479261
Iter 2050 / 3871 4.05105538504
Iter 2100 / 3871 3.34966222251
Iter 2150 / 3871 3.65025240385
Iter 2200 / 3871 4.54753682151
Iter 2250 / 3871 4.00181674957
Iter 2300 / 3871 4.30076821853
Iter 2350 / 3871 4.34846383554
Iter 2400 / 3871 3.88883368914
Iter 2450 / 3871 4.08740234375
Iter 2500 / 3871 4.37558710007
Iter 2550 / 3871 4.04864355234
Iter 2600 / 3871 4.25520706177
Iter 2650 / 3871 4.37390680704
Iter 2700 / 3871 4.82249855917
Iter 2750 / 3871 4.39191524799
Iter 2800 / 3871 4.26448291843
Iter 2850 / 3871 4.07995503379
Iter 2900 / 3871 4.19222299676
Iter 2950 / 3871 4.17651317966
Iter 3000 / 3871 3.20378621419
Iter 3050 / 3871 3.83810933431
Iter 3100 / 3871 4.48501671685
Iter 3150 / 3871 3.29261221537
Iter 3200 / 3871 3.48991612026
Iter 3250 / 3871 4.7759214459
Iter 3300 / 3871 4.17176532745
Iter 3350 / 3871 4.63449551197
Iter 3400 / 3871 4.07436843145
Iter 3450 / 3871 4.09277428521
Iter 3500 / 3871 4.15396800794
Iter 3550 / 3871 4.24765968323
Iter 3600 / 3871 3.46585458609
Iter 3650 / 3871 5.12238438924
Iter 3700 / 3871 4.31670455933
Iter 3750 / 3871 5.94088821411
Iter 3800 / 3871 4.53776235429
Iter 3850 / 3871 4.58215733578
Epoch 13 Valid 3.20332508978
Epoch 13 Test 3.35115707226
Epoch 14
Iter 50 / 3871 3.97525415039
Iter 100 / 3871 4.23423863853
Iter 150 / 3871 3.8706480662
Iter 200 / 3871 2.98959452311
Iter 250 / 3871 3.34774398804
Iter 300 / 3871 4.58217508479
Iter 350 / 3871 3.02834122269
Iter 400 / 3871 3.88277102739
Iter 450 / 3871 4.52064038677
Iter 500 / 3871 3.3922176721
Iter 550 / 3871 4.36793412833
Iter 600 / 3871 3.82046022277
Iter 650 / 3871 4.48673860882
Iter 700 / 3871 3.49533427845
Iter 750 / 3871 4.18439439973
Iter 800 / 3871 4.08288122106
Iter 850 / 3871 3.70989379883
Iter 900 / 3871 3.05172874814
Iter 950 / 3871 3.44450454712
Iter 1000 / 3871 4.16030092593
Iter 1050 / 3871 3.63430742328
Iter 1100 / 3871 4.23429268439
Iter 1150 / 3871 4.23655192057
Iter 1200 / 3871 4.24125641468
Iter 1250 / 3871 4.34797608714
Iter 1300 / 3871 4.02632250817
Iter 1350 / 3871 3.77783894857
Iter 1400 / 3871 3.63689683888
Iter 1450 / 3871 5.17792634041
Iter 1500 / 3871 4.53949061802
Iter 1550 / 3871 4.35527008655
Iter 1600 / 3871 4.32524272374
Iter 1650 / 3871 4.92503252896
Iter 1700 / 3871 3.42696499295
Iter 1750 / 3871 3.6286277771
Iter 1800 / 3871 4.6550265842
Iter 1850 / 3871 4.62954245673
Iter 1900 / 3871 3.8395531064
Iter 1950 / 3871 4.06913022642
Iter 2000 / 3871 3.082903862
Iter 2050 / 3871 4.2378778631
Iter 2100 / 3871 4.45900980632
Iter 2150 / 3871 3.19356213586
Iter 2200 / 3871 2.35442584494
Iter 2250 / 3871 4.34875843512
Iter 2300 / 3871 3.82057043222
Iter 2350 / 3871 3.93253056453
Iter 2400 / 3871 2.94710359119
Iter 2450 / 3871 2.84971205393
Iter 2500 / 3871 4.32021507663
Iter 2550 / 3871 4.00792875744
Iter 2600 / 3871 4.61501905653
Iter 2650 / 3871 4.12802446123
Iter 2700 / 3871 3.99850413005
Iter 2750 / 3871 3.83165561452
Iter 2800 / 3871 4.40437178178
Iter 2850 / 3871 2.64516394479
Iter 2900 / 3871 3.56434599559
Iter 2950 / 3871 4.34359077785
Iter 3000 / 3871 4.44027944712
Iter 3050 / 3871 5.17942540786
Iter 3100 / 3871 4.30600705354
Iter 3150 / 3871 4.07723856827
Iter 3200 / 3871 3.78278274536
Iter 3250 / 3871 4.01849450005
Iter 3300 / 3871 4.64813538718
Iter 3350 / 3871 4.26905843099
Iter 3400 / 3871 4.14232066761
Iter 3450 / 3871 4.48778924547
Iter 3500 / 3871 4.53765930176
Iter 3550 / 3871 4.5757595698
Iter 3600 / 3871 4.56063880781
Iter 3650 / 3871 3.56559351871
Iter 3700 / 3871 4.54782732795
Iter 3750 / 3871 3.28792572021
Iter 3800 / 3871 2.57160743971
Iter 3850 / 3871 4.6338823591
Epoch 14 Valid 3.66217599692
Epoch 14 Test 3.78633472953
Epoch 15
Iter 50 / 3871 3.65207357968
Iter 100 / 3871 3.4603583596
Iter 150 / 3871 3.3313992149
Iter 200 / 3871 3.74181321088
Iter 250 / 3871 5.06205223347
Iter 300 / 3871 4.20967556424
Iter 350 / 3871 3.90159973761
Iter 400 / 3871 4.41561522307
Iter 450 / 3871 3.86867192966
Iter 500 / 3871 4.19263044085
Iter 550 / 3871 2.56955081127
Iter 600 / 3871 4.30373037833
Iter 650 / 3871 3.22413465712
Iter 700 / 3871 3.87435832777
Iter 750 / 3871 4.24760570861
Iter 800 / 3871 3.95725747813
Iter 850 / 3871 3.75364875793
Iter 900 / 3871 3.91054976614
Iter 950 / 3871 3.91054407756
Iter 1000 / 3871 3.3788508365
Iter 1050 / 3871 3.42205749512
Iter 1100 / 3871 3.5363244345
Iter 1150 / 3871 4.0242608518
Iter 1200 / 3871 3.18986701965
Iter 1250 / 3871 2.82097051711
Iter 1300 / 3871 4.28409134714
Iter 1350 / 3871 4.33196705785
Iter 1400 / 3871 4.33029551049
Iter 1450 / 3871 4.31858565168
Iter 1500 / 3871 4.16357946396
Iter 1550 / 3871 3.22045368618
Iter 1600 / 3871 4.26536223362
Iter 1650 / 3871 3.58659744263
Iter 1700 / 3871 4.37971320519
Iter 1750 / 3871 3.00098313226
Iter 1800 / 3871 2.84011251885
Iter 1850 / 3871 4.69527214898
Iter 1900 / 3871 3.4786760822
Iter 1950 / 3871 2.70155334473
Iter 2000 / 3871 4.32199994256
Iter 2050 / 3871 3.31065877279
Iter 2100 / 3871 3.41912724422
Iter 2150 / 3871 4.58022531026
Iter 2200 / 3871 3.34888839722
Iter 2250 / 3871 4.03788076547
Iter 2300 / 3871 3.96162726662
Iter 2350 / 3871 3.76275462489
Iter 2400 / 3871 3.87540181478
Iter 2450 / 3871 3.62220073882
Iter 2500 / 3871 4.38911247253
Iter 2550 / 3871 4.28913270161
Iter 2600 / 3871 4.01809379382
Iter 2650 / 3871 4.4610533103
Iter 2700 / 3871 3.98107305066
Iter 2750 / 3871 3.07371234894
Iter 2800 / 3871 3.17936354417
Iter 2850 / 3871 4.0171018328
Iter 2900 / 3871 0.0376300811768
Iter 2950 / 3871 4.24198811243
Iter 3000 / 3871 4.36092376709
Iter 3050 / 3871 4.45605019962
Iter 3100 / 3871 4.15922255743
Iter 3150 / 3871 4.1444479658
Iter 3200 / 3871 4.24221014207
Iter 3250 / 3871 4.47226098868
Iter 3300 / 3871 3.72698179881
Iter 3350 / 3871 4.55859662224
Iter 3400 / 3871 4.15199071711
Iter 3450 / 3871 3.98650360107
Iter 3500 / 3871 3.81959295099
Iter 3550 / 3871 4.38274962117
Iter 3600 / 3871 3.37808871799
Iter 3650 / 3871 4.53228894402
Iter 3700 / 3871 3.51400417752
Iter 3750 / 3871 3.9472306904
Iter 3800 / 3871 4.72942206745
Iter 3850 / 3871 4.21524562193
Epoch 15 Valid 3.56127728129
Epoch 15 Test 3.66483783184
Epoch 16
Iter 50 / 3871 3.10275770489
Iter 100 / 3871 4.31408500671
Iter 150 / 3871 2.95532904731
Iter 200 / 3871 3.8677364531
Iter 250 / 3871 3.87760234632
Iter 300 / 3871 4.16082312844
Iter 350 / 3871 4.16399704783
Iter 400 / 3871 3.72982530978
Iter 450 / 3871 4.0940159389
Iter 500 / 3871 4.01130528604
Iter 550 / 3871 4.41399618296
Iter 600 / 3871 3.04543304443
Iter 650 / 3871 4.15047698975
Iter 700 / 3871 2.11510512408
Iter 750 / 3871 3.92995095555
Iter 800 / 3871 3.92990633337
Iter 850 / 3871 3.91030858358
Iter 900 / 3871 4.16162109375
Iter 950 / 3871 4.21266065325
Iter 1000 / 3871 3.14020549717
Iter 1050 / 3871 4.19742446711
Iter 1100 / 3871 3.68934988976
Iter 1150 / 3871 4.053499164
Iter 1200 / 3871 2.95868831211
Iter 1250 / 3871 3.14842506691
Iter 1300 / 3871 4.27600622177
Iter 1350 / 3871 4.17246167413
Iter 1400 / 3871 3.599811009
Iter 1450 / 3871 3.59811883224
Iter 1500 / 3871 3.84867306413
Iter 1550 / 3871 3.71027654012
Iter 1600 / 3871 3.01921749115
Iter 1650 / 3871 3.63446123172
Iter 1700 / 3871 3.22292347958
Iter 1750 / 3871 3.89454610724
Iter 1800 / 3871 4.26249511719
Iter 1850 / 3871 3.74498819987
Iter 1900 / 3871 3.85256004333
Iter 1950 / 3871 3.635661655
Iter 2000 / 3871 3.93916126008
Iter 2050 / 3871 3.54976418235
Iter 2100 / 3871 3.62652208576
Iter 2150 / 3871 3.00172699822
Iter 2200 / 3871 2.88510576884
Iter 2250 / 3871 3.6975100708
Iter 2300 / 3871 4.03255993387
Iter 2350 / 3871 4.75552368164
Iter 2400 / 3871 3.62796942393
Iter 2450 / 3871 4.34939804379
Iter 2500 / 3871 4.16030412528
Iter 2550 / 3871 3.28019714355
Iter 2600 / 3871 3.019658296
Iter 2650 / 3871 4.29060706314
Iter 2700 / 3871 4.32453497525
Iter 2750 / 3871 4.13554175106
Iter 2800 / 3871 4.02992559939
Iter 2850 / 3871 3.711752392
Iter 2900 / 3871 3.49784575568
Iter 2950 / 3871 3.12318191528
Iter 3000 / 3871 3.90685889834
Iter 3050 / 3871 4.15451209304
Iter 3100 / 3871 4.36609329716
Iter 3150 / 3871 3.94876660799
Iter 3200 / 3871 3.09895504222
Iter 3250 / 3871 3.18216292063
Iter 3300 / 3871 3.72088349171
Iter 3350 / 3871 3.48170979818
Iter 3400 / 3871 3.73009324074
Iter 3450 / 3871 4.37215303481
Iter 3500 / 3871 4.23570671082
Iter 3550 / 3871 3.8390181692
Iter 3600 / 3871 4.12628885905
Iter 3650 / 3871 3.44033595494
Iter 3700 / 3871 4.55040132827
Iter 3750 / 3871 3.86740826546
Iter 3800 / 3871 4.13091999211
Iter 3850 / 3871 3.50669974335
Epoch 16 Valid 3.47181917152
Epoch 16 Test 3.68308374611
Epoch 17
Iter 50 / 3871 4.08096518883
Iter 100 / 3871 4.16363664107
Iter 150 / 3871 3.99866661659
Iter 200 / 3871 2.76676651527
Iter 250 / 3871 3.80195281465
Iter 300 / 3871 4.18144927979
Iter 350 / 3871 2.6555178607
Iter 400 / 3871 5.09624917167
Iter 450 / 3871 4.18392003377
Iter 500 / 3871 3.88141063934
Iter 550 / 3871 2.68830108643
Iter 600 / 3871 3.70435651143
Iter 650 / 3871 3.90071209994
Iter 700 / 3871 4.70814687555
Iter 750 / 3871 4.02919642131
Iter 800 / 3871 3.20046106974
Iter 850 / 3871 3.67807927207
Iter 900 / 3871 4.16452331543
Iter 950 / 3871 3.97018432617
Iter 1000 / 3871 4.14948015911
Iter 1050 / 3871 4.23416412354
Iter 1100 / 3871 2.61870481257
Iter 1150 / 3871 3.37703411396
Iter 1200 / 3871 3.47097921371
Iter 1250 / 3871 4.25699003526
Iter 1300 / 3871 4.17942239781
Iter 1350 / 3871 4.11610507965
Iter 1400 / 3871 3.32267643855
Iter 1450 / 3871 3.44994591022
Iter 1500 / 3871 4.27079329952
Iter 1550 / 3871 2.26671664998
Iter 1600 / 3871 3.32024546139
Iter 1650 / 3871 3.76082484654
Iter 1700 / 3871 4.1632539932
Iter 1750 / 3871 3.35295664469
Iter 1800 / 3871 3.54086256027
Iter 1850 / 3871 3.59037149364
Iter 1900 / 3871 3.90395459147
Iter 1950 / 3871 3.97158439792
Iter 2000 / 3871 4.01401580811
Iter 2050 / 3871 2.99863600731
Iter 2100 / 3871 4.1051244903
Iter 2150 / 3871 3.95398191972
Iter 2200 / 3871 3.04762543572
Iter 2250 / 3871 4.14022369385
Iter 2300 / 3871 3.03696563721
Iter 2350 / 3871 4.40183919271
Iter 2400 / 3871 3.84860340465
Iter 2450 / 3871 3.46712493896
Iter 2500 / 3871 3.73177642263
Iter 2550 / 3871 4.09775021202
Iter 2600 / 3871 3.19527053833
Iter 2650 / 3871 3.72730312828
Iter 2700 / 3871 4.1262656764
Iter 2750 / 3871 3.40609511509
Iter 2800 / 3871 3.64586914062
Iter 2850 / 3871 3.97770647321
Iter 2900 / 3871 2.99916952164
Iter 2950 / 3871 4.38490854899
Iter 3000 / 3871 4.4563711066
