nohup: ignoring input
[dynet] initializing CUDA
[dynet] Request for 1 specific GPU ...
[dynet] Device Number: 2
[dynet]   Device name: GeForce GTX TITAN X
[dynet]   Memory Clock Rate (KHz): 3505000
[dynet]   Memory Bus Width (bits): 384
[dynet]   Peak Memory Bandwidth (GB/s): 336.48
[dynet]   Memory Free (GB): 8.35833/12.7996
[dynet]
[dynet] Device(s) selected: 2
[dynet] random seed: 1422477677
[dynet] allocating memory: 4000MB
[dynet] memory allocation done.
Epoch 1
Iter 50 / 4170 7.34415248655
Iter 100 / 4170 6.72944335937
Iter 150 / 4170 6.38585502223
Iter 200 / 4170 6.39914629536
Iter 250 / 4170 6.65070263307
Iter 300 / 4170 7.233638057
Iter 350 / 4170 6.76803800795
Iter 400 / 4170 6.39976577759
Iter 450 / 4170 6.5212093099
Iter 500 / 4170 6.23080958946
Iter 550 / 4170 6.16149841309
Iter 600 / 4170 5.74765817743
Iter 650 / 4170 6.0230662028
Iter 700 / 4170 6.13582726681
Iter 750 / 4170 5.83219976011
Iter 800 / 4170 6.62599436442
Iter 850 / 4170 6.25586912367
Iter 900 / 4170 6.37482187699
Iter 950 / 4170 5.70937255859
Iter 1000 / 4170 6.11860141192
Iter 1050 / 4170 6.28511680045
Iter 1100 / 4170 6.26335961478
Iter 1150 / 4170 5.77052755917
Iter 1200 / 4170 6.59573364258
Iter 1250 / 4170 5.78148088957
Iter 1300 / 4170 5.37168324788
Iter 1350 / 4170 6.08785226004
Iter 1400 / 4170 5.34398078918
Iter 1450 / 4170 5.89429397583
Iter 1500 / 4170 5.73754178561
Iter 1550 / 4170 5.1721206665
Iter 1600 / 4170 5.96036237031
Iter 1650 / 4170 6.09376839416
Iter 1700 / 4170 5.29653540323
Iter 1750 / 4170 5.68452453613
Iter 1800 / 4170 5.91876381322
Iter 1850 / 4170 4.96901462795
Iter 1900 / 4170 5.91366808342
Iter 1950 / 4170 5.61015951222
Iter 2000 / 4170 5.33677753649
Iter 2050 / 4170 5.96873328799
Iter 2100 / 4170 6.16070326319
Iter 2150 / 4170 6.22595914205
Iter 2200 / 4170 5.98376682826
Iter 2250 / 4170 5.62417962684
Iter 2300 / 4170 5.43697030204
Iter 2350 / 4170 5.7859749349
Iter 2400 / 4170 5.54076936141
Iter 2450 / 4170 5.13127797445
Iter 2500 / 4170 5.96956176758
Iter 2550 / 4170 6.27564313335
Iter 2600 / 4170 5.43081309001
Iter 2650 / 4170 5.2631351594
Iter 2700 / 4170 5.45195817406
Iter 2750 / 4170 6.04012952532
Iter 2800 / 4170 5.63118623432
Iter 2850 / 4170 4.81419229507
Iter 2900 / 4170 5.70411149364
Iter 2950 / 4170 5.60474035242
Iter 3000 / 4170 5.60532424029
Iter 3050 / 4170 5.45295206706
Iter 3100 / 4170 5.81113032971
Iter 3150 / 4170 5.24017381668
Iter 3200 / 4170 5.48425539575
Iter 3250 / 4170 5.08505091174
Iter 3300 / 4170 5.26572779605
Iter 3350 / 4170 5.4938439698
Iter 3400 / 4170 5.64722313819
Iter 3450 / 4170 4.99592888874
Iter 3500 / 4170 4.59709944815
Iter 3550 / 4170 5.51802238089
Iter 3600 / 4170 5.4425548685
Iter 3650 / 4170 5.99967098236
Iter 3700 / 4170 5.30599069595
Iter 3750 / 4170 5.51921976024
Iter 3800 / 4170 5.12725360577
Iter 3850 / 4170 5.31900052242
Iter 3900 / 4170 5.18066171499
Iter 3950 / 4170 5.24742889404
Iter 4000 / 4170 5.59352484809
Iter 4050 / 4170 5.09115189772
Iter 4100 / 4170 5.54556758026
Iter 4150 / 4170 5.51281770833
Epoch 1 Valid 2.47114182254
Epoch 1 Test 2.49783093623
Epoch 2
Iter 50 / 4170 4.69116744995
Iter 100 / 4170 5.34467212574
Iter 150 / 4170 5.0576742849
Iter 200 / 4170 5.16588427734
Iter 250 / 4170 4.54591941833
Iter 300 / 4170 2.32579016685
Iter 350 / 4170 4.80415609609
Iter 400 / 4170 5.19732931386
Iter 450 / 4170 5.60659450955
Iter 500 / 4170 4.95379775114
Iter 550 / 4170 4.90645507813
Iter 600 / 4170 5.17157147382
Iter 650 / 4170 5.28365866343
Iter 700 / 4170 4.73921871185
Iter 750 / 4170 5.10193695893
Iter 800 / 4170 5.63332748413
Iter 850 / 4170 5.09290897145
Iter 900 / 4170 5.40367731972
Iter 950 / 4170 5.1473367256
Iter 1000 / 4170 4.94385076915
Iter 1050 / 4170 5.15472709037
Iter 1100 / 4170 5.22930103344
Iter 1150 / 4170 7.12120132446
Iter 1200 / 4170 4.76178255948
Iter 1250 / 4170 5.15815791377
Iter 1300 / 4170 4.50741241455
Iter 1350 / 4170 5.97960571289
Iter 1400 / 4170 5.8658012977
Iter 1450 / 4170 5.04393310547
Iter 1500 / 4170 5.12027835846
Iter 1550 / 4170 5.15148905932
Iter 1600 / 4170 5.12481980097
Iter 1650 / 4170 5.1186963992
Iter 1700 / 4170 5.14705052869
Iter 1750 / 4170 4.88419688832
Iter 1800 / 4170 4.18473538485
Iter 1850 / 4170 4.27324440047
Iter 1900 / 4170 5.28010656282
Iter 1950 / 4170 4.58870124817
Iter 2000 / 4170 4.81295998313
Iter 2050 / 4170 6.15995964637
Iter 2100 / 4170 5.29100613064
Iter 2150 / 4170 5.26202121311
Iter 2200 / 4170 4.95109520274
Iter 2250 / 4170 4.4151468277
Iter 2300 / 4170 4.48032467182
Iter 2350 / 4170 5.09985550051
Iter 2400 / 4170 4.8849568367
Iter 2450 / 4170 2.30820098877
Iter 2500 / 4170 5.06108881353
Iter 2550 / 4170 5.3364275152
Iter 2600 / 4170 4.92094666281
Iter 2650 / 4170 4.97221011579
Iter 2700 / 4170 5.62283379691
Iter 2750 / 4170 4.35230102539
Iter 2800 / 4170 5.09183243461
Iter 2850 / 4170 5.94268844377
Iter 2900 / 4170 5.23948439213
Iter 2950 / 4170 4.93215151186
Iter 3000 / 4170 4.04111208235
Iter 3050 / 4170 5.08100862323
Iter 3100 / 4170 4.78871715578
Iter 3150 / 4170 5.033331036
Iter 3200 / 4170 4.79106285459
Iter 3250 / 4170 5.05888366699
Iter 3300 / 4170 4.89254097317
Iter 3350 / 4170 4.35904846191
Iter 3400 / 4170 5.52536362157
Iter 3450 / 4170 4.97990806341
Iter 3500 / 4170 4.50118334221
Iter 3550 / 4170 4.53528554816
Iter 3600 / 4170 4.54835401263
Iter 3650 / 4170 4.71502025707
Iter 3700 / 4170 5.7781214097
Iter 3750 / 4170 4.74629380968
Iter 3800 / 4170 5.21010202601
Iter 3850 / 4170 4.60174833025
Iter 3900 / 4170 4.67527627537
Iter 3950 / 4170 5.55494384766
Iter 4000 / 4170 4.64661865234
Iter 4050 / 4170 5.97105078604
Iter 4100 / 4170 4.92515788359
Iter 4150 / 4170 4.83469935826
Epoch 2 Valid 4.67417091988
Epoch 2 Test 4.7906105585
Epoch 3
Iter 50 / 4170 4.29028320312
Iter 100 / 4170 4.57483782087
Iter 150 / 4170 4.83462048815
Iter 200 / 4170 2.60209083557
Iter 250 / 4170 4.78705291748
Iter 300 / 4170 4.6314795812
Iter 350 / 4170 4.80950055804
Iter 400 / 4170 7.08044179281
Iter 450 / 4170 4.82967748397
Iter 500 / 4170 4.41860911051
Iter 550 / 4170 4.68506458827
Iter 600 / 4170 4.39450412326
Iter 650 / 4170 4.75607299805
Iter 700 / 4170 4.78461988917
Iter 750 / 4170 4.71720562559
Iter 800 / 4170 4.26897762523
Iter 850 / 4170 5.14796549479
Iter 900 / 4170 5.87599182129
Iter 950 / 4170 4.53151371168
Iter 1000 / 4170 4.88669586182
Iter 1050 / 4170 4.40264621311
Iter 1100 / 4170 3.86316600126
Iter 1150 / 4170 4.96338219736
Iter 1200 / 4170 4.84915336997
Iter 1250 / 4170 4.9852230899
Iter 1300 / 4170 4.39796794545
Iter 1350 / 4170 5.04435260479
Iter 1400 / 4170 4.79651803681
Iter 1450 / 4170 4.83315160719
Iter 1500 / 4170 4.82844278971
Iter 1550 / 4170 4.91886511514
Iter 1600 / 4170 4.89374414063
Iter 1650 / 4170 5.23453802811
Iter 1700 / 4170 5.08840808029
Iter 1750 / 4170 4.21938876448
Iter 1800 / 4170 4.68871222602
Iter 1850 / 4170 4.00616508152
Iter 1900 / 4170 5.40790176392
Iter 1950 / 4170 5.01925503478
Iter 2000 / 4170 4.79068929499
Iter 2050 / 4170 5.802735314
Iter 2100 / 4170 4.24547650737
Iter 2150 / 4170 4.16623153687
Iter 2200 / 4170 4.68202070756
Iter 2250 / 4170 3.62209200859
Iter 2300 / 4170 4.82637959465
Iter 2350 / 4170 4.66607055664
Iter 2400 / 4170 4.60136583116
Iter 2450 / 4170 4.493847578
Iter 2500 / 4170 4.19825844143
Iter 2550 / 4170 4.87357003348
Iter 2600 / 4170 5.50694220407
Iter 2650 / 4170 4.24741979746
Iter 2700 / 4170 4.86351667132
Iter 2750 / 4170 4.80634765625
Iter 2800 / 4170 4.95533752441
Iter 2850 / 4170 4.36789134192
Iter 2900 / 4170 4.55405625053
Iter 2950 / 4170 4.8690783357
Iter 3000 / 4170 4.21303261651
Iter 3050 / 4170 4.83314748911
Iter 3100 / 4170 4.23429038308
Iter 3150 / 4170 4.78379760742
Iter 3200 / 4170 6.39685691977
Iter 3250 / 4170 4.41424615043
Iter 3300 / 4170 4.43094177246
Iter 3350 / 4170 4.98042384556
Iter 3400 / 4170 1.62415909767
Iter 3450 / 4170 4.45155639648
Iter 3500 / 4170 5.11881177179
Iter 3550 / 4170 4.64707505968
Iter 3600 / 4170 4.08359527588
Iter 3650 / 4170 4.75340418662
Iter 3700 / 4170 2.09306948526
Iter 3750 / 4170 6.68430228855
Iter 3800 / 4170 5.049994797
Iter 3850 / 4170 5.40515795621
Iter 3900 / 4170 4.39781313296
Iter 3950 / 4170 4.59485404722
Iter 4000 / 4170 4.47321955363
Iter 4050 / 4170 4.84982864945
Iter 4100 / 4170 3.86529629988
Iter 4150 / 4170 4.3888335455
Epoch 3 Valid 6.49656470805
Epoch 3 Test 6.61127492562
Epoch 4
Iter 50 / 4170 4.94345682318
Iter 100 / 4170 4.47924685011
Iter 150 / 4170 4.85740906515
Iter 200 / 4170 4.70278662966
Iter 250 / 4170 4.71097167969
Iter 300 / 4170 4.02891104562
Iter 350 / 4170 4.89901462131
Iter 400 / 4170 4.8565611228
Iter 450 / 4170 4.88216080204
Iter 500 / 4170 4.60090953899
Iter 550 / 4170 4.42962153271
Iter 600 / 4170 4.6167579793
Iter 650 / 4170 4.08565690782
Iter 700 / 4170 4.85271295511
Iter 750 / 4170 5.78598518372
Iter 800 / 4170 6.93585122598
Iter 850 / 4170 4.5309994476
Iter 900 / 4170 4.5634162289
Iter 950 / 4170 5.04886518206
Iter 1000 / 4170 4.88196507896
Iter 1050 / 4170 5.26536215505
Iter 1100 / 4170 5.41622373793
Iter 1150 / 4170 4.83386167869
Iter 1200 / 4170 4.21012420654
Iter 1250 / 4170 3.81278139002
Iter 1300 / 4170 4.59041974103
Iter 1350 / 4170 4.91061956232
Iter 1400 / 4170 4.00537363688
Iter 1450 / 4170 4.99437897115
Iter 1500 / 4170 5.16247265155
Iter 1550 / 4170 4.32236602341
Iter 1600 / 4170 4.69349465639
Iter 1650 / 4170 4.54097202846
Iter 1700 / 4170 4.2370373408
Iter 1750 / 4170 4.80941497803
Iter 1800 / 4170 5.92002617558
Iter 1850 / 4170 4.81275371477
Iter 1900 / 4170 5.37106933594
Iter 1950 / 4170 4.87453450521
Iter 2000 / 4170 4.44145008949
Iter 2050 / 4170 5.75044744155
Iter 2100 / 4170 3.51205860485
Iter 2150 / 4170 4.31826597272
Iter 2200 / 4170 4.12264318052
Iter 2250 / 4170 5.0196217504
Iter 2300 / 4170 4.61802402989
Iter 2350 / 4170 5.19338378906
Iter 2400 / 4170 4.49603017171
Iter 2450 / 4170 5.64655921573
Iter 2500 / 4170 4.2582849775
Iter 2550 / 4170 6.07944169478
Iter 2600 / 4170 5.34529972076
Iter 2650 / 4170 4.09838065455
Iter 2700 / 4170 4.12150456355
Iter 2750 / 4170 4.17158097487
Iter 2800 / 4170 4.73104016534
Iter 2850 / 4170 4.8511109015
Iter 2900 / 4170 5.2550958252
Iter 2950 / 4170 5.00431315104
Iter 3000 / 4170 6.11419296265
Iter 3050 / 4170 4.50212944878
Iter 3100 / 4170 4.31499378101
Iter 3150 / 4170 4.38402063706
Iter 3200 / 4170 2.19256639481
Iter 3250 / 4170 4.69194840796
Iter 3300 / 4170 4.26226806641
Iter 3350 / 4170 5.4587725739
Iter 3400 / 4170 4.12272013789
Iter 3450 / 4170 4.25528176048
Iter 3500 / 4170 4.3264103247
Iter 3550 / 4170 5.91920353816
Iter 3600 / 4170 4.77558810894
Iter 3650 / 4170 4.87698552638
Iter 3700 / 4170 3.32830270131
Iter 3750 / 4170 4.59514391864
Iter 3800 / 4170 1.52969670296
Iter 3850 / 4170 3.97802817605
Iter 3900 / 4170 4.51778060671
Iter 3950 / 4170 4.26301269531
Iter 4000 / 4170 3.96966065752
Iter 4050 / 4170 5.26539369063
Iter 4100 / 4170 4.36497814072
Iter 4150 / 4170 4.46554956681
Epoch 4 Valid 7.88439456221
Epoch 4 Test 7.73277382939
Epoch 5
Iter 50 / 4170 4.18939530222
Iter 100 / 4170 4.52319169175
Iter 150 / 4170 3.81513553196
Iter 200 / 4170 4.99163943946
Iter 250 / 4170 3.58651155077
Iter 300 / 4170 4.05304072453
Iter 350 / 4170 4.52018294796
Iter 400 / 4170 4.71033078148
Iter 450 / 4170 4.19895039434
Iter 500 / 4170 4.10391505042
Iter 550 / 4170 4.37009868796
Iter 600 / 4170 4.59491024926
Iter 650 / 4170 5.62928067721
Iter 700 / 4170 4.81567564465
Iter 750 / 4170 4.71902822519
Iter 800 / 4170 4.52919634651
Iter 850 / 4170 4.5550735936
Iter 900 / 4170 4.05725137811
Iter 950 / 4170 4.12297440786
Iter 1000 / 4170 4.29917509062
Iter 1050 / 4170 4.05478286743
Iter 1100 / 4170 4.88908329716
Iter 1150 / 4170 4.08881092072
Iter 1200 / 4170 4.24194784176
Iter 1250 / 4170 3.93916647775
Iter 1300 / 4170 5.67875
Iter 1350 / 4170 4.65230331581
Iter 1400 / 4170 4.5481720863
Iter 1450 / 4170 4.15802887947
Iter 1500 / 4170 3.7410484314
Iter 1550 / 4170 4.2592308738
Iter 1600 / 4170 3.98467861078
Iter 1650 / 4170 3.62864925987
Iter 1700 / 4170 4.68816109163
Iter 1750 / 4170 4.44990957388
Iter 1800 / 4170 4.04625956217
Iter 1850 / 4170 4.36151968149
Iter 1900 / 4170 3.95698414678
Iter 1950 / 4170 4.45112582615
Iter 2000 / 4170 4.31821880919
Iter 2050 / 4170 4.43180609809
Iter 2100 / 4170 4.04824242225
Iter 2150 / 4170 5.29046671014
Iter 2200 / 4170 5.21503460596
Iter 2250 / 4170 3.719857998
Iter 2300 / 4170 3.85965794155
Iter 2350 / 4170 4.36369766301
Iter 2400 / 4170 4.30879272461
Iter 2450 / 4170 3.98811250056
Iter 2500 / 4170 3.711170578
Iter 2550 / 4170 3.43852598771
Iter 2600 / 4170 6.05643929376
Iter 2650 / 4170 4.58966702134
Iter 2700 / 4170 4.4060480027
Iter 2750 / 4170 4.43092824452
Iter 2800 / 4170 5.57744259304
Iter 2850 / 4170 4.62353936557
Iter 2900 / 4170 3.91457080841
Iter 2950 / 4170 4.14150918497
Iter 3000 / 4170 4.74930617389
Iter 3050 / 4170 4.14665876116
Iter 3100 / 4170 5.57026296422
Iter 3150 / 4170 5.57918875558
Iter 3200 / 4170 4.52648085297
Iter 3250 / 4170 3.83938672466
Iter 3300 / 4170 7.16730425435
Iter 3350 / 4170 4.31234741211
Iter 3400 / 4170 4.66668097178
Iter 3450 / 4170 4.02101820794
Iter 3500 / 4170 4.42021204214
Iter 3550 / 4170 4.04395453135
Iter 3600 / 4170 3.90809693628
Iter 3650 / 4170 5.40805584451
Iter 3700 / 4170 4.33692605155
Iter 3750 / 4170 4.20753574371
Iter 3800 / 4170 4.24676635521
Iter 3850 / 4170 4.61683146159
Iter 3900 / 4170 4.69806118669
Iter 3950 / 4170 3.59119774314
Iter 4000 / 4170 3.99414996371
Iter 4050 / 4170 4.10561240592
Iter 4100 / 4170 4.16426235292
Iter 4150 / 4170 4.30710998535
Epoch 5 Valid 10.0233981465
Epoch 5 Test 9.82747448515
Epoch 6
Iter 50 / 4170 4.01637878418
Iter 100 / 4170 4.06194926417
Iter 150 / 4170 5.69981060606
Iter 200 / 4170 4.18386348601
Iter 250 / 4170 3.93317504883
Iter 300 / 4170 3.93886130197
Iter 350 / 4170 4.0915731991
Iter 400 / 4170 2.60839239756
Iter 450 / 4170 3.87072753906
Iter 500 / 4170 4.4466200329
Iter 550 / 4170 5.53481024665
Iter 600 / 4170 4.04043508383
Iter 650 / 4170 4.40184439726
Iter 700 / 4170 4.4035849435
Iter 750 / 4170 4.02678635541
Iter 800 / 4170 4.37099745009
Iter 850 / 4170 3.68007570155
Iter 900 / 4170 4.06379494472
Iter 950 / 4170 3.84242004395
Iter 1000 / 4170 3.73497915117
Iter 1050 / 4170 4.53050573548
Iter 1100 / 4170 3.90774177102
Iter 1150 / 4170 3.94635175622
Iter 1200 / 4170 4.11724209045
Iter 1250 / 4170 4.63000322425
Iter 1300 / 4170 3.82024284031
Iter 1350 / 4170 4.45099736603
Iter 1400 / 4170 3.83282259428
Iter 1450 / 4170 2.92472130912
Iter 1500 / 4170 4.32385169135
Iter 1550 / 4170 4.29816753108
Iter 1600 / 4170 4.49014934671
Iter 1650 / 4170 4.54589018951
Iter 1700 / 4170 3.37980638587
Iter 1750 / 4170 3.97894554138
Iter 1800 / 4170 4.22158813477
Iter 1850 / 4170 4.12594604492
Iter 1900 / 4170 4.90375149635
Iter 1950 / 4170 3.38494205475
Iter 2000 / 4170 2.62489837646
Iter 2050 / 4170 4.50032389323
Iter 2100 / 4170 4.59342417997
Iter 2150 / 4170 4.0657943914
Iter 2200 / 4170 4.77358093262
Iter 2250 / 4170 4.86763616194
Iter 2300 / 4170 4.72220809371
Iter 2350 / 4170 3.75653118557
Iter 2400 / 4170 3.93549128941
Iter 2450 / 4170 4.38658641947
Iter 2500 / 4170 3.56117172241
Iter 2550 / 4170 5.13541833678
Iter 2600 / 4170 3.82559769242
Iter 2650 / 4170 3.96009608677
Iter 2700 / 4170 4.43844652933
Iter 2750 / 4170 4.33104044596
Iter 2800 / 4170 4.55769367459
Iter 2850 / 4170 4.17153402475
Iter 2900 / 4170 3.8160532455
Iter 2950 / 4170 4.2714732488
Iter 3000 / 4170 3.76327090793
Iter 3050 / 4170 2.78576706395
Iter 3100 / 4170 4.05135599772
Iter 3150 / 4170 3.50205230713
Iter 3200 / 4170 4.22258296022
Iter 3250 / 4170 4.61102556501
Iter 3300 / 4170 5.46688880449
Iter 3350 / 4170 5.57630368497
Iter 3400 / 4170 4.60362858559
Iter 3450 / 4170 4.26063302847
Iter 3500 / 4170 3.99376068115
Iter 3550 / 4170 4.16894808683
Iter 3600 / 4170 5.15876417894
Iter 3650 / 4170 4.18865381781
Iter 3700 / 4170 3.95431191581
Iter 3750 / 4170 5.57178446452
Iter 3800 / 4170 1.22211885452
Iter 3850 / 4170 4.55669530233
Iter 3900 / 4170 3.71795051481
Iter 3950 / 4170 3.52570668096
Iter 4000 / 4170 5.82860870361
Iter 4050 / 4170 4.00711383242
Iter 4100 / 4170 4.81787145705
Iter 4150 / 4170 3.80845460438
Epoch 6 Valid 10.5266836371
Epoch 6 Test 10.3906560403
Epoch 7
Iter 50 / 4170 4.07562154134
Iter 100 / 4170 4.31261709462
Iter 150 / 4170 3.74015545023
Iter 200 / 4170 4.53497481673
Iter 250 / 4170 4.17349985484
Iter 300 / 4170 4.18510525043
Iter 350 / 4170 4.8137512207
Iter 400 / 4170 3.88161468506
Iter 450 / 4170 3.45520979358
Iter 500 / 4170 4.14687805176
Iter 550 / 4170 4.78557314192
Iter 600 / 4170 4.13371992111
Iter 650 / 4170 4.27094057145
Iter 700 / 4170 4.62000372471
Iter 750 / 4170 3.94656904917
Iter 800 / 4170 4.32140227287
Iter 850 / 4170 4.00681144313
Iter 900 / 4170 3.3599520874
Iter 950 / 4170 3.95125697849
Iter 1000 / 4170 4.43013998178
Iter 1050 / 4170 4.39351997375
Iter 1100 / 4170 4.22466234437
Iter 1150 / 4170 3.17513693105
Iter 1200 / 4170 3.28026618958
Iter 1250 / 4170 1.67971396446
Iter 1300 / 4170 4.15893286989
Iter 1350 / 4170 4.79875168845
Iter 1400 / 4170 3.49155921936
Iter 1450 / 4170 4.15272895586
Iter 1500 / 4170 4.50415774754
Iter 1550 / 4170 3.24759984016
Iter 1600 / 4170 3.910802321
Iter 1650 / 4170 4.95526123047
Iter 1700 / 4170 4.06616810581
Iter 1750 / 4170 3.75982416893
Iter 1800 / 4170 4.96035112653
Iter 1850 / 4170 4.90883055187
Iter 1900 / 4170 3.99299641927
Iter 1950 / 4170 4.05542344313
Iter 2000 / 4170 3.61415719295
Iter 2050 / 4170 3.20174412583
Iter 2100 / 4170 5.70450719198
Iter 2150 / 4170 3.09166717529
Iter 2200 / 4170 3.71973228455
Iter 2250 / 4170 3.56088728097
Iter 2300 / 4170 4.09793332455
Iter 2350 / 4170 4.22915114183
Iter 2400 / 4170 3.58439356486
Iter 2450 / 4170 3.88123709425
Iter 2500 / 4170 4.31491912357
Iter 2550 / 4170 2.99302885267
Iter 2600 / 4170 2.49095611572
Iter 2650 / 4170 3.90738756903
Iter 2700 / 4170 4.19822579
Iter 2750 / 4170 4.0965294216
Iter 2800 / 4170 3.8293216103
Iter 2850 / 4170 4.92074584961
Iter 2900 / 4170 4.03930376161
Iter 2950 / 4170 4.85239362717
Iter 3000 / 4170 4.32490483037
Iter 3050 / 4170 3.62524169922
Iter 3100 / 4170 3.86169651576
Iter 3150 / 4170 4.95393902323
Iter 3200 / 4170 4.07323773702
Iter 3250 / 4170 5.02352616594
Iter 3300 / 4170 3.56363295644
Iter 3350 / 4170 4.12301199777
Iter 3400 / 4170 4.17528464577
Iter 3450 / 4170 3.82274581447
Iter 3500 / 4170 3.93757205539
Iter 3550 / 4170 4.75259145101
Iter 3600 / 4170 4.08169290294
Iter 3650 / 4170 2.87669626872
Iter 3700 / 4170 4.37243754924
Iter 3750 / 4170 3.78059676598
Iter 3800 / 4170 3.79468087589
Iter 3850 / 4170 4.13349075317
Iter 3900 / 4170 3.88572321711
Iter 3950 / 4170 3.78151579826
Iter 4000 / 4170 3.87718425078
Iter 4050 / 4170 4.07415844145
Iter 4100 / 4170 4.5918097496
Iter 4150 / 4170 3.9252204895
Epoch 7 Valid 11.2446697334
Epoch 7 Test 11.3758037725
Epoch 8
Iter 50 / 4170 4.13908981065
Iter 100 / 4170 4.12950076333
Iter 150 / 4170 3.26945466262
Iter 200 / 4170 4.63950678128
Iter 250 / 4170 3.73701292893
Iter 300 / 4170 3.78719111851
Iter 350 / 4170 4.29468756782
Iter 400 / 4170 3.92066127232
Iter 450 / 4170 3.45747197469
Iter 500 / 4170 4.4723417494
Iter 550 / 4170 3.78904797761
Iter 600 / 4170 3.97270965576
Iter 650 / 4170 4.38908058449
Iter 700 / 4170 2.75732197481
Iter 750 / 4170 3.62652151925
Iter 800 / 4170 3.70491233239
Iter 850 / 4170 3.62149602717
Iter 900 / 4170 2.97694091797
Iter 950 / 4170 4.30480609024
Iter 1000 / 4170 3.99179077148
Iter 1050 / 4170 4.48903696161
Iter 1100 / 4170 3.91823968655
Iter 1150 / 4170 3.55545418032
Iter 1200 / 4170 3.45856221517
Iter 1250 / 4170 2.22818241119
Iter 1300 / 4170 4.40577510365
Iter 1350 / 4170 3.5933462685
Iter 1400 / 4170 3.91512900905
Iter 1450 / 4170 4.30241699219
Iter 1500 / 4170 3.80361732277
Iter 1550 / 4170 3.97406235615
Iter 1600 / 4170 3.35351354426
Iter 1650 / 4170 3.15461837706
Iter 1700 / 4170 4.98027118884
Iter 1750 / 4170 4.00721617003
Iter 1800 / 4170 3.57269017837
Iter 1850 / 4170 4.15639906663
Iter 1900 / 4170 3.04535590278
Iter 1950 / 4170 4.11868217089
Iter 2000 / 4170 3.69597952706
Iter 2050 / 4170 4.65544033051
Iter 2100 / 4170 3.59371362974
Iter 2150 / 4170 3.92776566076
Iter 2200 / 4170 4.37507049561
Iter 2250 / 4170 4.01293945312
Iter 2300 / 4170 4.32297039032
Iter 2350 / 4170 3.18584594727
Iter 2400 / 4170 4.74032236735
Iter 2450 / 4170 3.93814378684
Iter 2500 / 4170 3.78566075885
Iter 2550 / 4170 3.53651500884
Iter 2600 / 4170 4.48513821193
Iter 2650 / 4170 3.34294846954
Iter 2700 / 4170 3.70491717303
Iter 2750 / 4170 2.11890769005
Iter 2800 / 4170 4.27301763719
Iter 2850 / 4170 4.01969246124
Iter 2900 / 4170 6.45391464233
Iter 2950 / 4170 3.65384775798
Iter 3000 / 4170 3.47538861361
Iter 3050 / 4170 4.11970001221
Iter 3100 / 4170 3.59397676256
Iter 3150 / 4170 3.68563261486
Iter 3200 / 4170 4.36939409326
Iter 3250 / 4170 3.80837193931
Iter 3300 / 4170 5.13030413727
Iter 3350 / 4170 4.10452865973
Iter 3400 / 4170 3.97889693554
Iter 3450 / 4170 4.30462807103
Iter 3500 / 4170 4.783235338
Iter 3550 / 4170 3.94046051334
Iter 3600 / 4170 3.79700200698
Iter 3650 / 4170 3.69542653937
Iter 3700 / 4170 5.06900889079
Iter 3750 / 4170 3.83607737223
Iter 3800 / 4170 3.62716774319
Iter 3850 / 4170 3.71505324046
Iter 3900 / 4170 3.39160427517
Iter 3950 / 4170 4.49380004883
Iter 4000 / 4170 3.60270118713
Iter 4050 / 4170 4.21782461313
Iter 4100 / 4170 4.93057789522
Iter 4150 / 4170 4.18693894606
Epoch 8 Valid 12.3580261934
Epoch 8 Test 11.9217751659
Epoch 9
Iter 50 / 4170 3.62305123465
Iter 100 / 4170 3.29185413179
Iter 150 / 4170 3.82979347839
Iter 200 / 4170 3.76391465929
Iter 250 / 4170 4.03605250308
Iter 300 / 4170 3.58786582947
Iter 350 / 4170 3.91288336677
Iter 400 / 4170 3.9396762424
Iter 450 / 4170 4.31501529091
Iter 500 / 4170 4.01089859009
Iter 550 / 4170 3.81835892621
Iter 600 / 4170 4.90907868885
Iter 650 / 4170 3.9872757394
Iter 700 / 4170 3.40650685628
Iter 750 / 4170 3.95112175471
Iter 800 / 4170 3.55020713806
Iter 850 / 4170 3.65043573794
Iter 900 / 4170 5.70322897268
Iter 950 / 4170 3.22714621804
Iter 1000 / 4170 3.6573585842
Iter 1050 / 4170 3.7877515905
Iter 1100 / 4170 3.87184017406
Iter 1150 / 4170 3.63722302907
Iter 1200 / 4170 3.44455337524
Iter 1250 / 4170 4.15417059537
Iter 1300 / 4170 3.64576911926
Iter 1350 / 4170 3.37750869879
Iter 1400 / 4170 4.42264141953
Iter 1450 / 4170 3.52812355443
Iter 1500 / 4170 3.95893972891
Iter 1550 / 4170 3.60895118713
Iter 1600 / 4170 3.91358530533
Iter 1650 / 4170 3.63432391131
Iter 1700 / 4170 3.87387943441
Iter 1750 / 4170 3.90391619372
Iter 1800 / 4170 0.860500335693
Iter 1850 / 4170 3.40008152953
Iter 1900 / 4170 4.06491115637
Iter 1950 / 4170 3.64566352151
Iter 2000 / 4170 3.49232205478
Iter 2050 / 4170 3.18346747037
Iter 2100 / 4170 3.8888730898
Iter 2150 / 4170 3.1464680294
Iter 2200 / 4170 3.35966176835
Iter 2250 / 4170 3.82890025356
Iter 2300 / 4170 3.68026971817
Iter 2350 / 4170 3.72954951106
Iter 2400 / 4170 3.042936537
Iter 2450 / 4170 4.37851791382
Iter 2500 / 4170 4.01645111084
Iter 2550 / 4170 2.91324754195
Iter 2600 / 4170 5.39932026583
Iter 2650 / 4170 3.5167304145
Iter 2700 / 4170 4.69359461466
Iter 2750 / 4170 4.03094683953
Iter 2800 / 4170 3.57252749488
Iter 2850 / 4170 4.11146594632
Iter 2900 / 4170 3.78819122314
Iter 2950 / 4170 3.32251613451
Iter 3000 / 4170 3.88085308653
Iter 3050 / 4170 3.94434490112
Iter 3100 / 4170 3.54709143388
Iter 3150 / 4170 3.9184303757
Iter 3200 / 4170 2.96759392233
Iter 3250 / 4170 4.45417695887
Iter 3300 / 4170 3.96269748085
Iter 3350 / 4170 3.56382950493
Iter 3400 / 4170 3.66439119975
Iter 3450 / 4170 2.66518688202
Iter 3500 / 4170 3.16689948316
Iter 3550 / 4170 3.5952255249
Iter 3600 / 4170 4.36411590576
Iter 3650 / 4170 4.45448716482
Iter 3700 / 4170 3.74038384332
Iter 3750 / 4170 3.83662527579
Iter 3800 / 4170 3.92250133696
Iter 3850 / 4170 3.56823419178
Iter 3900 / 4170 3.97504567576
Iter 3950 / 4170 3.65227890015
Iter 4000 / 4170 4.06722364755
Iter 4050 / 4170 3.51589373825
Iter 4100 / 4170 3.62316955566
Iter 4150 / 4170 4.47056361607
Epoch 9 Valid 12.5440656309
Epoch 9 Test 12.705224008
Epoch 10
Iter 50 / 4170 4.28011526554
Iter 100 / 4170 3.70300905562
Iter 150 / 4170 4.18270007984
Iter 200 / 4170 3.08734830221
Iter 250 / 4170 5.43536911011
Iter 300 / 4170 3.81523248043
Iter 350 / 4170 3.52630666097
Iter 400 / 4170 3.8528897799
Iter 450 / 4170 3.4676921551
Iter 500 / 4170 3.87959289551
Iter 550 / 4170 2.06977725029
Iter 600 / 4170 3.85547363281
Iter 650 / 4170 4.03814619679
Iter 700 / 4170 3.85942980708
Iter 750 / 4170 3.73947191238
Iter 800 / 4170 3.93853852243
Iter 850 / 4170 3.59291826215
Iter 900 / 4170 2.7927828419
Iter 950 / 4170 1.87037277222
Iter 1000 / 4170 3.82939586562
Iter 1050 / 4170 3.10080178579
Iter 1100 / 4170 3.01880599513
Iter 1150 / 4170 4.18622319002
Iter 1200 / 4170 4.26434983474
Iter 1250 / 4170 3.84937630088
Iter 1300 / 4170 3.65344942533
Iter 1350 / 4170 3.3650680542
Iter 1400 / 4170 3.83290139223
Iter 1450 / 4170 3.19791782924
Iter 1500 / 4170 3.4015208653
Iter 1550 / 4170 2.69692886707
Iter 1600 / 4170 4.20989289831
Iter 1650 / 4170 4.04070896056
Iter 1700 / 4170 3.58669094834
Iter 1750 / 4170 2.85232009888
Iter 1800 / 4170 3.47970534752
Iter 1850 / 4170 3.77772194999
Iter 1900 / 4170 4.77154541016
Iter 1950 / 4170 1.81402873993
Iter 2000 / 4170 4.01200612656
Iter 2050 / 4170 3.29001309978
Iter 2100 / 4170 3.38069607919
Iter 2150 / 4170 2.25307079028
Iter 2200 / 4170 2.6467225211
Iter 2250 / 4170 3.70265847665
Iter 2300 / 4170 3.23880793254
Iter 2350 / 4170 3.55292549133
Iter 2400 / 4170 3.63059445085
Iter 2450 / 4170 3.35356500414
Iter 2500 / 4170 3.79306339156
Iter 2550 / 4170 2.96497739595
Iter 2600 / 4170 4.15022460937
Iter 2650 / 4170 3.59454406738
Iter 2700 / 4170 3.37273959456
Iter 2750 / 4170 2.67992414202
Iter 2800 / 4170 3.40205717087
Iter 2850 / 4170 3.55510827267
Iter 2900 / 4170 3.53985364509
Iter 2950 / 4170 2.72865261502
Iter 3000 / 4170 3.99970509456
Iter 3050 / 4170 3.97016211515
Iter 3100 / 4170 3.84160261257
Iter 3150 / 4170 3.50132094489
Iter 3200 / 4170 4.27188268884
Iter 3250 / 4170 3.86209513346
Iter 3300 / 4170 3.17016601562
Iter 3350 / 4170 4.05792362608
Iter 3400 / 4170 3.19649281221
Iter 3450 / 4170 5.02312856821
Iter 3500 / 4170 3.61150773366
Iter 3550 / 4170 4.71502266678
Iter 3600 / 4170 5.34744517008
Iter 3650 / 4170 3.76527404785
Iter 3700 / 4170 3.70574194753
Iter 3750 / 4170 4.45076878866
Iter 3800 / 4170 3.86050942787
Iter 3850 / 4170 3.12900585133
Iter 3900 / 4170 3.63172976176
Iter 3950 / 4170 4.43317516939
Iter 4000 / 4170 4.8422923841
Iter 4050 / 4170 3.44352583452
Iter 4100 / 4170 3.41411562319
Iter 4150 / 4170 2.20426917799
Epoch 10 Valid 13.2647431413
Epoch 10 Test 13.2674654639
Epoch 11
Iter 50 / 4170 3.34387893677
Iter 100 / 4170 3.98084115555
Iter 150 / 4170 2.86271372708
Iter 200 / 4170 3.19454603929
Iter 250 / 4170 3.43948245049
Iter 300 / 4170 2.21878494755
Iter 350 / 4170 3.28642704951
Iter 400 / 4170 2.41204938022
Iter 450 / 4170 2.52441831495
Iter 500 / 4170 3.50663292451
Iter 550 / 4170 3.79047648112
Iter 600 / 4170 3.47545369466
Iter 650 / 4170 3.14163208008
Iter 700 / 4170 3.60328427483
Iter 750 / 4170 4.01094699436
Iter 800 / 4170 3.4632286861
Iter 850 / 4170 4.01613304832
Iter 900 / 4170 2.75480508804
Iter 950 / 4170 3.77577507205
Iter 1000 / 4170 3.59551368255
Iter 1050 / 4170 2.87914142609
Iter 1100 / 4170 5.20535309461
Iter 1150 / 4170 3.04131258451
Iter 1200 / 4170 1.83754968643
Iter 1250 / 4170 3.24892463684
Iter 1300 / 4170 3.55690170599
Iter 1350 / 4170 3.75379943848
Iter 1400 / 4170 3.37375475013
Iter 1450 / 4170 3.62008284547
Iter 1500 / 4170 4.82181803385
Iter 1550 / 4170 3.8649972432
Iter 1600 / 4170 3.79674723611
Iter 1650 / 4170 4.22517807419
Iter 1700 / 4170 4.46074422201
Iter 1750 / 4170 3.44048195697
Iter 1800 / 4170 4.31708041104
Iter 1850 / 4170 3.03733623729
Iter 1900 / 4170 4.14565507192
Iter 1950 / 4170 3.835912323
Iter 2000 / 4170 3.34354114532
Iter 2050 / 4170 3.87649134586
Iter 2100 / 4170 2.33512091637
Iter 2150 / 4170 4.26401580811
Iter 2200 / 4170 3.8270577567
Iter 2250 / 4170 3.04239947979
Iter 2300 / 4170 3.76188964844
Iter 2350 / 4170 3.10287520465
Iter 2400 / 4170 3.49362356013
Iter 2450 / 4170 3.67830954159
Iter 2500 / 4170 3.83821842588
Iter 2550 / 4170 3.75445272756
Iter 2600 / 4170 2.8052026849
Iter 2650 / 4170 3.40840911865
Iter 2700 / 4170 1.98976269103
Iter 2750 / 4170 3.89378584938
Iter 2800 / 4170 3.8582023338
Iter 2850 / 4170 3.77258584666
Iter 2900 / 4170 3.39335340612
Iter 2950 / 4170 3.82421560848
Iter 3000 / 4170 4.9112058367
Iter 3050 / 4170 2.67432159424
Iter 3100 / 4170 4.72546323796
Iter 3150 / 4170 4.05214832447
Iter 3200 / 4170 2.98853997623
Iter 3250 / 4170 4.08834457397
Iter 3300 / 4170 4.43900107466
Iter 3350 / 4170 3.50012142272
Iter 3400 / 4170 3.83014826189
Iter 3450 / 4170 4.07289096287
Iter 3500 / 4170 2.67824344635
Iter 3550 / 4170 3.50654568142
Iter 3600 / 4170 3.59600791931
Iter 3650 / 4170 3.77512887808
Iter 3700 / 4170 3.62722427838
Iter 3750 / 4170 5.39134796572
Iter 3800 / 4170 4.35099896518
Iter 3850 / 4170 3.03673782349
Iter 3900 / 4170 3.4913067627
Iter 3950 / 4170 3.46766003695
Iter 4000 / 4170 4.15449821175
Iter 4050 / 4170 3.86423339844
Iter 4100 / 4170 3.71377292756
Iter 4150 / 4170 3.19005661011
Epoch 11 Valid 13.5894828208
Epoch 11 Test 13.705288368
Epoch 12
Iter 50 / 4170 3.21566150063
Iter 100 / 4170 4.02500915527
Iter 150 / 4170 3.56820024763
Iter 200 / 4170 3.96836275668
Iter 250 / 4170 4.0523841935
Iter 300 / 4170 3.5944489444
Iter 350 / 4170 4.71759033203
Iter 400 / 4170 1.90156211853
Iter 450 / 4170 3.29446483794
Iter 500 / 4170 3.64735608553
Iter 550 / 4170 1.2127840519
Iter 600 / 4170 3.80728322155
Iter 650 / 4170 3.13177659776
Iter 700 / 4170 3.91018947791
Iter 750 / 4170 3.48548560049
Iter 800 / 4170 3.89421216179
Iter 850 / 4170 4.46305146088
Iter 900 / 4170 2.82085717243
Iter 950 / 4170 3.25210651598
Iter 1000 / 4170 4.04127541567
Iter 1050 / 4170 3.79904863911
Iter 1100 / 4170 3.15828450521
Iter 1150 / 4170 2.7504635281
Iter 1200 / 4170 3.63579907741
Iter 1250 / 4170 4.01656287355
Iter 1300 / 4170 3.51165390015
Iter 1350 / 4170 3.45088704427
Iter 1400 / 4170 3.89526939863
Iter 1450 / 4170 3.7685324417
Iter 1500 / 4170 3.13659362793
Iter 1550 / 4170 2.99165327831
Iter 1600 / 4170 2.87796079195
Iter 1650 / 4170 2.6590830485
Iter 1700 / 4170 4.05899425688
Iter 1750 / 4170 4.29898371292
Iter 1800 / 4170 3.49963569641
Iter 1850 / 4170 3.68030323702
Iter 1900 / 4170 4.70242037092
Iter 1950 / 4170 4.10701332092
Iter 2000 / 4170 3.08896092006
Iter 2050 / 4170 4.22015260395
Iter 2100 / 4170 3.14042901993
Iter 2150 / 4170 3.5886193236
Iter 2200 / 4170 4.41290748726
Iter 2250 / 4170 4.13681086787
Iter 2300 / 4170 3.6707341512
Iter 2350 / 4170 3.65932484162
Iter 2400 / 4170 3.94802647154
Iter 2450 / 4170 3.32675986094
Iter 2500 / 4170 4.48420680653
Iter 2550 / 4170 3.85126910293
Iter 2600 / 4170 3.41844473945
Iter 2650 / 4170 3.00982980439
Iter 2700 / 4170 3.72177553177
Iter 2750 / 4170 4.27969459865
Iter 2800 / 4170 2.32010269165
Iter 2850 / 4170 3.94532622388
Iter 2900 / 4170 3.60183177275
Iter 2950 / 4170 3.81985727946
Iter 3000 / 4170 3.77106730143
Iter 3050 / 4170 3.71283584345
Iter 3100 / 4170 3.92982570103
Iter 3150 / 4170 3.5178577589
Iter 3200 / 4170 3.53070867629
Iter 3250 / 4170 4.05307914797
Iter 3300 / 4170 3.11307830811
Iter 3350 / 4170 3.0215464293
Iter 3400 / 4170 4.18302032094
Iter 3450 / 4170 3.42728059188
Iter 3500 / 4170 3.73264650439
Iter 3550 / 4170 3.48486497667
Iter 3600 / 4170 3.78204378874
Iter 3650 / 4170 3.72417205235
Iter 3700 / 4170 3.98823662214
Iter 3750 / 4170 3.66142977201
Iter 3800 / 4170 3.91509613433
Iter 3850 / 4170 3.39467362897
Iter 3900 / 4170 3.49211991473
Iter 3950 / 4170 3.85773241961
Iter 4000 / 4170 3.14928970337
Iter 4050 / 4170 3.69166602158
Iter 4100 / 4170 2.74615832738
Iter 4150 / 4170 3.53934518914
Epoch 12 Valid 13.6019040392
Epoch 12 Test 13.5540363421
Epoch 13
Iter 50 / 4170 3.38191703465
Iter 100 / 4170 3.33873337966
Iter 150 / 4170 2.81510864258
Iter 200 / 4170 4.08115386963
Iter 250 / 4170 3.00043553891
Iter 300 / 4170 3.32457702637
Iter 350 / 4170 2.70823465983
Iter 400 / 4170 4.33868928389
Iter 450 / 4170 3.76361670861
Iter 500 / 4170 2.84882996299
Iter 550 / 4170 4.49638807509
Iter 600 / 4170 3.47846221924
Iter 650 / 4170 3.37082891949
Iter 700 / 4170 4.62216186523
Iter 750 / 4170 3.62149156843
Iter 800 / 4170 4.69077375823
Iter 850 / 4170 4.50611986433
Iter 900 / 4170 3.73314361572
Iter 950 / 4170 5.05301681219
Iter 1000 / 4170 4.50274012639
Iter 1050 / 4170 3.72872149755
Iter 1100 / 4170 2.62267476862
Iter 1150 / 4170 2.67813831676
Iter 1200 / 4170 3.87630844116
Iter 1250 / 4170 3.14081615872
Iter 1300 / 4170 1.41844654083
Iter 1350 / 4170 3.57105566406
Iter 1400 / 4170 2.64210971196
Iter 1450 / 4170 3.54276439122
Iter 1500 / 4170 4.87387836163
Iter 1550 / 4170 3.68623876388
Iter 1600 / 4170 3.66067540368
Iter 1650 / 4170 3.21632304944
Iter 1700 / 4170 3.56424501207
Iter 1750 / 4170 4.01372311439
Iter 1800 / 4170 3.17640420665
Iter 1850 / 4170 3.50436480292
Iter 1900 / 4170 3.49943596976
Iter 1950 / 4170 3.71650604783
Iter 2000 / 4170 3.56522827148
Iter 2050 / 4170 3.74058363173
Iter 2100 / 4170 3.58401585394
Iter 2150 / 4170 3.10744993148
Iter 2200 / 4170 5.11666635367
Iter 2250 / 4170 4.10125074715
Iter 2300 / 4170 3.4981603674
Iter 2350 / 4170 3.40792036057
Iter 2400 / 4170 3.42259941726
Iter 2450 / 4170 3.36137806286
Iter 2500 / 4170 4.70623101128
Iter 2550 / 4170 3.4984825982
Iter 2600 / 4170 3.02674341202
Iter 2650 / 4170 5.36277341843
Iter 2700 / 4170 4.15311021071
Iter 2750 / 4170 3.48480134852
Iter 2800 / 4170 3.13912582397
Iter 2850 / 4170 3.83294464821
Iter 2900 / 4170 3.7110500143
Iter 2950 / 4170 3.29678809124
Iter 3000 / 4170 4.44974581401
Iter 3050 / 4170 3.59482404921
Iter 3100 / 4170 3.68505075816
Iter 3150 / 4170 3.41723081801
Iter 3200 / 4170 3.97017509059
Iter 3250 / 4170 4.56591000764
Iter 3300 / 4170 3.24283719063
Iter 3350 / 4170 4.38792114258
Iter 3400 / 4170 3.5129928172
Iter 3450 / 4170 4.18895785014
Iter 3500 / 4170 4.16749000549
Iter 3550 / 4170 3.74332284236
Iter 3600 / 4170 3.80757117638
Iter 3650 / 4170 3.42065693782
Iter 3700 / 4170 3.43081746783
Iter 3750 / 4170 3.73856201172
Iter 3800 / 4170 3.52306365967
Iter 3850 / 4170 2.93860846051
Iter 3900 / 4170 3.49197239926
Iter 3950 / 4170 3.93342386882
Iter 4000 / 4170 3.32459811507
Iter 4050 / 4170 3.57880533854
Iter 4100 / 4170 3.66037597656
Iter 4150 / 4170 3.82603578921
Epoch 13 Valid 14.0357876125
Epoch 13 Test 13.9644395185
Epoch 14
Iter 50 / 4170 3.59033036191
Iter 100 / 4170 3.52081934611
Iter 150 / 4170 3.20313670223
Iter 200 / 4170 3.69016230453
Iter 250 / 4170 3.66227185285
Iter 300 / 4170 4.26481824043
Iter 350 / 4170 2.83951509916
Iter 400 / 4170 2.04657681783
Iter 450 / 4170 3.23168080648
Iter 500 / 4170 3.0107964049
Iter 550 / 4170 3.67657595878
Iter 600 / 4170 3.75540801625
Iter 650 / 4170 3.74648732152
Iter 700 / 4170 3.14429229736
Iter 750 / 4170 3.33883082072
Iter 800 / 4170 2.80124819459
Iter 850 / 4170 2.81548383159
Iter 900 / 4170 4.06375097056
Iter 950 / 4170 3.91563400995
Iter 1000 / 4170 2.24002011617
Iter 1050 / 4170 3.75414743947
Iter 1100 / 4170 3.43292808533
Iter 1150 / 4170 2.93450740346
Iter 1200 / 4170 3.22089089786
Iter 1250 / 4170 3.13569584599
Iter 1300 / 4170 3.60069087514
Iter 1350 / 4170 3.8372047061
Iter 1400 / 4170 3.322106458
Iter 1450 / 4170 3.01819778701
Iter 1500 / 4170 3.53994575588
Iter 1550 / 4170 3.29979814802
Iter 1600 / 4170 3.15849533269
Iter 1650 / 4170 4.11913137725
Iter 1700 / 4170 3.302578125
Iter 1750 / 4170 3.30258989334
Iter 1800 / 4170 3.18932422839
Iter 1850 / 4170 3.67685058594
Iter 1900 / 4170 3.96865081787
Iter 1950 / 4170 3.29569746808
Iter 2000 / 4170 3.25871130136
Iter 2050 / 4170 3.40346216272
Iter 2100 / 4170 4.09298990885
Iter 2150 / 4170 0.976336161296
Iter 2200 / 4170 3.38069840316
Iter 2250 / 4170 2.94071072251
Iter 2300 / 4170 3.39576416016
Iter 2350 / 4170 3.19867034912
Iter 2400 / 4170 2.81057303292
Iter 2450 / 4170 3.30500011909
Iter 2500 / 4170 3.23461181641
Iter 2550 / 4170 3.71229687859
Iter 2600 / 4170 3.43228149414
Iter 2650 / 4170 3.82928859905
Iter 2700 / 4170 4.17902667071
Iter 2750 / 4170 3.35142848803
Iter 2800 / 4170 3.332980775
Iter 2850 / 4170 3.56439600235
Iter 2900 / 4170 3.59175728463
Iter 2950 / 4170 2.95284207662
Iter 3000 / 4170 3.21692060388
Iter 3050 / 4170 3.27634124756
Iter 3100 / 4170 3.44175342663
Iter 3150 / 4170 3.84344026412
Iter 3200 / 4170 3.10421212514
Iter 3250 / 4170 3.30761014498
Iter 3300 / 4170 3.32954465426
Iter 3350 / 4170 3.69164754577
Iter 3400 / 4170 3.34195685535
Iter 3450 / 4170 3.80336137251
Iter 3500 / 4170 3.94381786282
Iter 3550 / 4170 3.63939385665
Iter 3600 / 4170 3.16130523682
Iter 3650 / 4170 4.43713378906
Iter 3700 / 4170 3.57085263632
Iter 3750 / 4170 3.19378625118
Iter 3800 / 4170 3.17868691096
Iter 3850 / 4170 4.56503257751
Iter 3900 / 4170 3.45520576343
Iter 3950 / 4170 4.33549926758
Iter 4000 / 4170 3.41787872314
Iter 4050 / 4170 3.67163812306
Iter 4100 / 4170 4.44404983521
Iter 4150 / 4170 4.24424743652
Epoch 14 Valid 14.720550525
Epoch 14 Test 14.3057817978
Epoch 15
Iter 50 / 4170 3.43677070181
Iter 100 / 4170 3.4551009008
Iter 150 / 4170 3.73649042303
Iter 200 / 4170 2.80982131958
Iter 250 / 4170 2.53298623221
Iter 300 / 4170 3.04774949816
Iter 350 / 4170 3.50486219352
Iter 400 / 4170 3.54342019969
Iter 450 / 4170 2.90598839208
Iter 500 / 4170 3.53056123522
Iter 550 / 4170 3.5011672247
Iter 600 / 4170 3.57166743279
Iter 650 / 4170 4.05203014309
Iter 700 / 4170 3.43736203512
Iter 750 / 4170 3.44515141078
Iter 800 / 4170 4.50358181908
Iter 850 / 4170 2.78412709917
Iter 900 / 4170 3.34586662946
Iter 950 / 4170 2.53492282299
Iter 1000 / 4170 3.01778623793
Iter 1050 / 4170 3.62411759539
Iter 1100 / 4170 2.96481079102
Iter 1150 / 4170 3.18267732508
Iter 1200 / 4170 2.64368039086
Iter 1250 / 4170 3.27824580205
Iter 1300 / 4170 2.84603857994
Iter 1350 / 4170 3.87828327047
Iter 1400 / 4170 2.87134317251
Iter 1450 / 4170 2.40539360046
Iter 1500 / 4170 3.40803634911
Iter 1550 / 4170 2.69758172469
Iter 1600 / 4170 3.20611604055
Iter 1650 / 4170 3.78765024038
Iter 1700 / 4170 3.08862238345
Iter 1750 / 4170 2.56883027818
Iter 1800 / 4170 2.8889864967
Iter 1850 / 4170 2.77405780295
Iter 1900 / 4170 3.19234793527
Iter 1950 / 4170 3.43239084138
Iter 2000 / 4170 3.38967053644
Iter 2050 / 4170 3.60117475376
Iter 2100 / 4170 3.06573181152
Iter 2150 / 4170 3.68205413818
Iter 2200 / 4170 3.14983869854
Iter 2250 / 4170 3.81666517258
Iter 2300 / 4170 3.72697792053
Iter 2350 / 4170 3.33345207801
Iter 2400 / 4170 3.71213476563
Iter 2450 / 4170 3.1665427264
Iter 2500 / 4170 3.6775538947
Iter 2550 / 4170 2.98700294495
Iter 2600 / 4170 3.57426871505
Iter 2650 / 4170 3.85210396903
Iter 2700 / 4170 3.95291074555
Iter 2750 / 4170 3.29489855592
Iter 2800 / 4170 2.63647946444
Iter 2850 / 4170 3.36369543171
Iter 2900 / 4170 3.43042410574
Iter 2950 / 4170 3.7590388967
Iter 3000 / 4170 4.38788831556
Iter 3050 / 4170 3.49751371496
Iter 3100 / 4170 3.11773427327
Iter 3150 / 4170 3.38033644358
Iter 3200 / 4170 3.70758647303
Iter 3250 / 4170 3.75799754104
Iter 3300 / 4170 2.10354741414
Iter 3350 / 4170 3.37645721436
Iter 3400 / 4170 2.85326843262
Iter 3450 / 4170 1.67275960822
Iter 3500 / 4170 3.61428089631
Iter 3550 / 4170 3.70350112915
Iter 3600 / 4170 2.97827956256
Iter 3650 / 4170 3.50736514005
Iter 3700 / 4170 3.52579579455
Iter 3750 / 4170 3.36706176758
Iter 3800 / 4170 2.96999067419
Iter 3850 / 4170 4.26070015891
Iter 3900 / 4170 4.11322312128
Iter 3950 / 4170 3.2702125881
Iter 4000 / 4170 3.13947277069
Iter 4050 / 4170 3.43898490623
Iter 4100 / 4170 2.38464216752
Iter 4150 / 4170 5.46048906114
Epoch 15 Valid 15.0534055173
Epoch 15 Test 14.7498737828
Epoch 16
Iter 50 / 4170 2.00898759261
Iter 100 / 4170 3.20682007926
Iter 150 / 4170 3.19456651476
Iter 200 / 4170 2.7236803495
Iter 250 / 4170 3.69927880859
Iter 300 / 4170 3.33175755551
Iter 350 / 4170 4.37430986677
Iter 400 / 4170 2.80565795898
Iter 450 / 4170 3.17595850627
Iter 500 / 4170 3.35084173414
Iter 550 / 4170 3.47986826271
Iter 600 / 4170 3.97208137512
Iter 650 / 4170 3.21366285241
Iter 700 / 4170 3.76503857584
Iter 750 / 4170 3.60556121371
Iter 800 / 4170 4.21230815369
Iter 850 / 4170 3.13827797219
Iter 900 / 4170 3.6614717756
Iter 950 / 4170 3.48388417562
Iter 1000 / 4170 3.34872581845
Iter 1050 / 4170 3.8916561729
Iter 1100 / 4170 2.93331623077
Iter 1150 / 4170 3.06537178771
Iter 1200 / 4170 3.32140220786
Iter 1250 / 4170 3.65381851196
Iter 1300 / 4170 3.24204030626
Iter 1350 / 4170 3.85103696935
Iter 1400 / 4170 3.22408022199
Iter 1450 / 4170 3.60499601186
Iter 1500 / 4170 3.51629568517
Iter 1550 / 4170 2.49683053153
Iter 1600 / 4170 3.73215173563
Iter 1650 / 4170 3.24066249302
Iter 1700 / 4170 4.03638031006
Iter 1750 / 4170 2.99202680588
Iter 1800 / 4170 2.90140767
Iter 1850 / 4170 2.70367540632
Iter 1900 / 4170 4.50659219321
Iter 1950 / 4170 2.95873680115
Iter 2000 / 4170 3.30293210347
Iter 2050 / 4170 3.49085555367
Iter 2100 / 4170 3.97465515137
Iter 2150 / 4170 3.21794671527
Iter 2200 / 4170 2.1328599453
Iter 2250 / 4170 3.44739176432
Iter 2300 / 4170 2.57036105069
Iter 2350 / 4170 3.59113542424
Iter 2400 / 4170 2.86287220737
Iter 2450 / 4170 2.51501495984
Iter 2500 / 4170 3.26116323471
Iter 2550 / 4170 3.54865321407
Iter 2600 / 4170 2.78479785919
Iter 2650 / 4170 3.40767931864
Iter 2700 / 4170 4.32243665059
Iter 2750 / 4170 3.23946620396
Iter 2800 / 4170 3.10809368557
Iter 2850 / 4170 2.1733341217
Iter 2900 / 4170 3.35230137752
Iter 2950 / 4170 3.58000976562
Iter 3000 / 4170 3.17933358086
Iter 3050 / 4170 3.96529769897
Iter 3100 / 4170 3.38444791227
Iter 3150 / 4170 2.20528189341
Iter 3200 / 4170 3.30389523197
Iter 3250 / 4170 3.62722976119
Iter 3300 / 4170 3.70627983941
Iter 3350 / 4170 3.95928640927
Iter 3400 / 4170 3.46785481771
Iter 3450 / 4170 4.13955808941
Iter 3500 / 4170 3.74419911702
Iter 3550 / 4170 3.30997732411
Iter 3600 / 4170 4.04033915202
Iter 3650 / 4170 3.21340084076
Iter 3700 / 4170 3.31433544737
Iter 3750 / 4170 3.2793170929
Iter 3800 / 4170 3.02556376987
Iter 3850 / 4170 2.89987536839
Iter 3900 / 4170 3.66463894314
Iter 3950 / 4170 3.54886397782
Iter 4000 / 4170 3.50279408581
Iter 4050 / 4170 3.4011965414
Iter 4100 / 4170 3.36211622807
Iter 4150 / 4170 3.05039835612
Epoch 16 Valid 15.197674548
Epoch 16 Test 15.2440329875
Epoch 17
Iter 50 / 4170 2.83209012079
Iter 100 / 4170 3.88903186939
Iter 150 / 4170 3.64124120847
Iter 200 / 4170 3.01525571166
Iter 250 / 4170 2.03966647476
Iter 300 / 4170 3.40072748473
Iter 350 / 4170 3.63745727539
Iter 400 / 4170 3.32854906285
Iter 450 / 4170 3.62448891826
Iter 500 / 4170 1.95786031087
Iter 550 / 4170 2.96636899312
Iter 600 / 4170 2.7526251849
Iter 650 / 4170 3.54466558808
Iter 700 / 4170 3.42041220785
Iter 750 / 4170 3.98245266028
Iter 800 / 4170 3.50490991
Iter 850 / 4170 3.22973875566
Iter 900 / 4170 3.64605462174
Iter 950 / 4170 4.97351917468
Iter 1000 / 4170 3.9615401451
Iter 1050 / 4170 2.97718317368
Iter 1100 / 4170 3.38563649559
Iter 1150 / 4170 3.40359954834
Iter 1200 / 4170 3.23836898804
Iter 1250 / 4170 3.59750802176
Iter 1300 / 4170 3.03718900681
Iter 1350 / 4170 3.7128325313
Iter 1400 / 4170 2.31018039158
Iter 1450 / 4170 3.72484267385
Iter 1500 / 4170 3.07892862956
Iter 1550 / 4170 4.07541720072
Iter 1600 / 4170 2.73907441359
Iter 1650 / 4170 3.29863823785
Iter 1700 / 4170 3.42077546296
Iter 1750 / 4170 3.16535415649
Iter 1800 / 4170 4.42222224055
Iter 1850 / 4170 2.1927757712
Iter 1900 / 4170 3.7570490433
Iter 1950 / 4170 3.44908998774
Iter 2000 / 4170 3.81824221853
Iter 2050 / 4170 3.32704973118
Iter 2100 / 4170 3.01563201904
Iter 2150 / 4170 3.29518636068
Iter 2200 / 4170 3.20541021174
Iter 2250 / 4170 3.63221113811
Iter 2300 / 4170 3.45888782848
Iter 2350 / 4170 2.92236097469
Iter 2400 / 4170 3.11708392519
Iter 2450 / 4170 4.37071756216
Iter 2500 / 4170 3.52339377737
Iter 2550 / 4170 3.27174181816
Iter 2600 / 4170 3.40599628523
Iter 2650 / 4170 4.64012287938
Iter 2700 / 4170 3.50889832823
Iter 2750 / 4170 3.8933502833
Iter 2800 / 4170 3.13902408915
Iter 2850 / 4170 3.74225463867
Iter 2900 / 4170 3.53488357346
Iter 2950 / 4170 3.60084878245
Iter 3000 / 4170 3.31179138184
Iter 3050 / 4170 2.86370398782
Iter 3100 / 4170 3.10145433003
Iter 3150 / 4170 3.45462273492
Iter 3200 / 4170 3.69175620157
Iter 3250 / 4170 3.47449645996
Iter 3300 / 4170 3.22597249349
Iter 3350 / 4170 3.5010269165
Iter 3400 / 4170 4.04279940991
Iter 3450 / 4170 3.31626157407
Iter 3500 / 4170 3.38770294189
Iter 3550 / 4170 2.91720423979
Iter 3600 / 4170 4.33516584124
Iter 3650 / 4170 3.81618329513
Iter 3700 / 4170 2.96892051697
Iter 3750 / 4170 3.74818718143
Iter 3800 / 4170 2.80200362206
Iter 3850 / 4170 3.55050196792
Iter 3900 / 4170 4.47829906757
Iter 3950 / 4170 2.990228451
Iter 4000 / 4170 3.65334269206
Iter 4050 / 4170 3.1801183364
Iter 4100 / 4170 3.1429465965
Iter 4150 / 4170 2.94906165383
Epoch 17 Valid 15.8814449525
Epoch 17 Test 15.4127134739
Epoch 18
Iter 50 / 4170 3.47698512999
Iter 100 / 4170 2.30755830021
Iter 150 / 4170 2.93570448713
Iter 200 / 4170 4.71251886541
Iter 250 / 4170 5.32875841717
Iter 300 / 4170 3.11142944336
Iter 350 / 4170 3.45680280413
Iter 400 / 4170 3.11003248427
Iter 450 / 4170 3.15579788773
Iter 500 / 4170 2.90452648344
Iter 550 / 4170 3.21432028378
Iter 600 / 4170 2.84952068329
Iter 650 / 4170 2.59694778278
Iter 700 / 4170 3.97124505812
Iter 750 / 4170 3.87134891086
Iter 800 / 4170 3.34855676076
Iter 850 / 4170 3.45314181053
Iter 900 / 4170 3.08464904785
Iter 950 / 4170 3.08645415306
Iter 1000 / 4170 3.67839089418
Iter 1050 / 4170 3.37868876841
Iter 1100 / 4170 4.07758903503
Iter 1150 / 4170 2.63242638629
Iter 1200 / 4170 2.86324109529
Iter 1250 / 4170 3.70866060257
Iter 1300 / 4170 3.39771567451
Iter 1350 / 4170 3.07437419891
Iter 1400 / 4170 3.04933983939
Iter 1450 / 4170 1.26861357689
Iter 1500 / 4170 2.95318558637
Iter 1550 / 4170 3.30216653006
Iter 1600 / 4170 3.80847452799
Iter 1650 / 4170 3.09031099262
Iter 1700 / 4170 2.92332548254
Iter 1750 / 4170 3.5277105158
Iter 1800 / 4170 2.82505702972
Iter 1850 / 4170 2.99526105608
Iter 1900 / 4170 3.53221373895
Iter 1950 / 4170 3.10304805211
Iter 2000 / 4170 3.63064975931
Iter 2050 / 4170 3.15833697403
Iter 2100 / 4170 3.03538275825
Iter 2150 / 4170 3.78775805096
Iter 2200 / 4170 3.53693506781
Iter 2250 / 4170 3.56505203247
Iter 2300 / 4170 3.35441483392
Iter 2350 / 4170 3.97644860404
Iter 2400 / 4170 3.28557981294
Iter 2450 / 4170 2.6045589447
Iter 2500 / 4170 3.4182508314
Iter 2550 / 4170 3.05920228504
Iter 2600 / 4170 3.35877579909
Iter 2650 / 4170 3.59261264823
Iter 2700 / 4170 4.70232876864
Iter 2750 / 4170 3.14290614984
Iter 2800 / 4170 3.31347137451
Iter 2850 / 4170 3.27310711027
Iter 2900 / 4170 3.62151133219
Iter 2950 / 4170 4.86477661133
Iter 3000 / 4170 3.28884718153
Iter 3050 / 4170 3.54322306315
Iter 3100 / 4170 4.03996446398
Iter 3150 / 4170 2.60525483351
Iter 3200 / 4170 3.0183889389
Iter 3250 / 4170 3.29308425739
Iter 3300 / 4170 3.87794250488
Iter 3350 / 4170 4.01821817671
Iter 3400 / 4170 0.106191635132
Iter 3450 / 4170 3.28982795524
Iter 3500 / 4170 4.14574063209
Iter 3550 / 4170 3.68719550239
Iter 3600 / 4170 3.24092024464
Iter 3650 / 4170 3.4156592475
Iter 3700 / 4170 3.55410344476
Iter 3750 / 4170 3.62304433187
Iter 3800 / 4170 3.70040545476
Iter 3850 / 4170 3.86284075285
Iter 3900 / 4170 3.37533752441
Iter 3950 / 4170 4.01526253684
Iter 4000 / 4170 3.55865353954
Iter 4050 / 4170 4.22609007592
Iter 4100 / 4170 3.41385557593
Iter 4150 / 4170 3.00251922607
Epoch 18 Valid 15.5320344838
Epoch 18 Test 15.3549415178
Epoch 19
Iter 50 / 4170 3.28083276749
Iter 100 / 4170 3.70783527081
Iter 150 / 4170 3.48727265486
Iter 200 / 4170 3.291752568
Iter 250 / 4170 3.2851923429
Iter 300 / 4170 3.3002172934
Iter 350 / 4170 2.86688036796
Iter 400 / 4170 0.50963807106
Iter 450 / 4170 2.73251668294
Iter 500 / 4170 1.17904090881
Iter 550 / 4170 4.88703613281
Iter 600 / 4170 4.09837956215
Iter 650 / 4170 3.33031183226
Iter 700 / 4170 3.24742368345
Iter 750 / 4170 3.24079747354
Iter 800 / 4170 3.44651739938
Iter 850 / 4170 2.56497107612
Iter 900 / 4170 2.75486518012
Iter 950 / 4170 3.636980291
Iter 1000 / 4170 4.32851745605
Iter 1050 / 4170 2.56641158524
Iter 1100 / 4170 3.23333132192
Iter 1150 / 4170 4.97803469057
Iter 1200 / 4170 3.55096746951
Iter 1250 / 4170 2.31891539039
Iter 1300 / 4170 2.97644704183
Iter 1350 / 4170 2.99029004132
Iter 1400 / 4170 2.85254319509
Iter 1450 / 4170 3.05923366547
Iter 1500 / 4170 5.27434465962
Iter 1550 / 4170 2.32029099898
Iter 1600 / 4170 2.90312129429
Iter 1650 / 4170 3.01840991066
Iter 1700 / 4170 3.32248687744
Iter 1750 / 4170 3.11330423727
Iter 1800 / 4170 3.29940179678
Iter 1850 / 4170 3.07302253191
Iter 1900 / 4170 4.03911132813
Iter 1950 / 4170 3.2046888079
Iter 2000 / 4170 2.93526320024
Iter 2050 / 4170 3.37041473389
Iter 2100 / 4170 3.20162125472
Iter 2150 / 4170 2.81948972216
Iter 2200 / 4170 3.74945031143
Iter 2250 / 4170 2.53872748481
Iter 2300 / 4170 3.33762267634
Iter 2350 / 4170 3.37135883913
Iter 2400 / 4170 3.12395269221
Iter 2450 / 4170 2.75983952114
Iter 2500 / 4170 4.05684251052
Iter 2550 / 4170 3.1025925274
Iter 2600 / 4170 4.78342079255
Iter 2650 / 4170 3.75262255546
Iter 2700 / 4170 3.25467476478
Iter 2750 / 4170 3.13082161928
Iter 2800 / 4170 3.65964508057
Iter 2850 / 4170 2.97400324542
Iter 2900 / 4170 3.09673309326
Iter 2950 / 4170 2.37842696054
Iter 3000 / 4170 3.28213500977
Iter 3050 / 4170 3.50338618713
Iter 3100 / 4170 3.62498158422
Iter 3150 / 4170 3.05586460658
Iter 3200 / 4170 3.52724224118
Iter 3250 / 4170 3.72357025146
Iter 3300 / 4170 3.30890459333
Iter 3350 / 4170 3.05614332719
Iter 3400 / 4170 3.92218780518
Iter 3450 / 4170 2.54239542643
Iter 3500 / 4170 3.41855753462
Iter 3550 / 4170 3.70356182024
Iter 3600 / 4170 3.51544952393
Iter 3650 / 4170 4.55310701069
Iter 3700 / 4170 2.68649183001
Iter 3750 / 4170 3.24132268232
Iter 3800 / 4170 0.275176525116
Iter 3850 / 4170 4.31880064268
Iter 3900 / 4170 2.98420683543
Iter 3950 / 4170 4.13560581207
Iter 4000 / 4170 2.78531742096
Iter 4050 / 4170 2.60708575779
Iter 4100 / 4170 3.58827231413
Iter 4150 / 4170 3.44065855315
Epoch 19 Valid 16.0024505823
Epoch 19 Test 15.691762795
Epoch 20
Iter 50 / 4170 2.45255903764
Iter 100 / 4170 3.51878891982
Iter 150 / 4170 3.63254838831
Iter 200 / 4170 3.45099666201
Iter 250 / 4170 4.11668986659
Iter 300 / 4170 4.08143670218
Iter 350 / 4170 2.99892516363
Iter 400 / 4170 2.63485240936
Iter 450 / 4170 3.00187366414
Iter 500 / 4170 3.47014262798
Iter 550 / 4170 3.46275726318
Iter 600 / 4170 4.46343254321
Iter 650 / 4170 4.32350891906
Iter 700 / 4170 3.14947416344
Iter 750 / 4170 3.82702877647
Iter 800 / 4170 2.88967331142
Iter 850 / 4170 2.63922309875
Iter 900 / 4170 3.49757232666
Iter 950 / 4170 3.4541698934
Iter 1000 / 4170 3.40615291484
Iter 1050 / 4170 3.25620068196
Iter 1100 / 4170 3.16197725622
Iter 1150 / 4170 2.48809623718
Iter 1200 / 4170 2.37347083459
Iter 1250 / 4170 3.10741710663
Iter 1300 / 4170 3.49449366519
Iter 1350 / 4170 3.6988843161
Iter 1400 / 4170 3.42387753441
Iter 1450 / 4170 2.92326422299
Iter 1500 / 4170 3.27028729839
Iter 1550 / 4170 2.71296668053
Iter 1600 / 4170 3.88957699862
Iter 1650 / 4170 3.43547334465
Iter 1700 / 4170 4.1642401559
Iter 1750 / 4170 3.94010620117
Iter 1800 / 4170 4.42848521265
Iter 1850 / 4170 4.10103743044
Iter 1900 / 4170 2.48420150192
Iter 1950 / 4170 3.12836507161
Iter 2000 / 4170 3.57408003374
Iter 2050 / 4170 3.47112035507
Iter 2100 / 4170 4.85606892904
Iter 2150 / 4170 2.9299697876
Iter 2200 / 4170 3.82026375665
Iter 2250 / 4170 3.340616114
Iter 2300 / 4170 3.37379906394
Iter 2350 / 4170 3.56660352434
Iter 2400 / 4170 3.10627210462
Iter 2450 / 4170 3.21578557236
Iter 2500 / 4170 3.64975608132
Iter 2550 / 4170 3.4404930815
Iter 2600 / 4170 3.00007574899
Iter 2650 / 4170 2.55751434962
Iter 2700 / 4170 3.43868381076
Iter 2750 / 4170 2.9953398271
Iter 2800 / 4170 3.66025773591
Iter 2850 / 4170 3.36631216329
Iter 2900 / 4170 3.04596173322
Iter 2950 / 4170 3.75444295247
Iter 3000 / 4170 3.06753617626
Iter 3050 / 4170 2.54435974121
Iter 3100 / 4170 3.05775666116
Iter 3150 / 4170 3.14960312843
Iter 3200 / 4170 2.93993972484
Iter 3250 / 4170 2.84067847512
Iter 3300 / 4170 3.3305460612
Iter 3350 / 4170 4.45013901283
Iter 3400 / 4170 4.11382024428
Iter 3450 / 4170 4.86370666045
Iter 3500 / 4170 3.33015666288
Iter 3550 / 4170 3.01104736328
Iter 3600 / 4170 4.1588394165
Iter 3650 / 4170 3.10869317306
Iter 3700 / 4170 3.03229649862
Iter 3750 / 4170 3.31350444276
Iter 3800 / 4170 3.19688733419
Iter 3850 / 4170 3.19015943087
Iter 3900 / 4170 3.34539874188
Iter 3950 / 4170 2.68722299429
Iter 4000 / 4170 2.90413484119
Iter 4050 / 4170 3.45834310431
Iter 4100 / 4170 2.68252066679
Iter 4150 / 4170 3.50358323927
Epoch 20 Valid 15.8053746582
Epoch 20 Test 15.7969165693
