nohup: ignoring input
[dynet] initializing CUDA
[dynet] Request for 1 specific GPU ...
[dynet] Device Number: 3
[dynet]   Device name: GeForce GTX TITAN X
[dynet]   Memory Clock Rate (KHz): 3505000
[dynet]   Memory Bus Width (bits): 384
[dynet]   Peak Memory Bandwidth (GB/s): 336.48
[dynet]   Memory Free (GB): 12.6834/12.7996
[dynet]
[dynet] Device(s) selected: 3
[dynet] random seed: 3175374439
[dynet] allocating memory: 11000MB
[dynet] memory allocation done.
Epoch 1
Iter 50 / 6185 8.32353405109
Iter 100 / 6185 7.46371332804
Iter 150 / 6185 7.60358683268
Iter 200 / 6185 7.71736890216
Iter 250 / 6185 7.47351364862
Iter 300 / 6185 7.70094062913
Iter 350 / 6185 6.57744733025
Iter 400 / 6185 6.7852903854
Iter 450 / 6185 6.90379199647
Iter 500 / 6185 6.48654036458
Iter 550 / 6185 7.12256747159
Iter 600 / 6185 6.1842423256
Iter 650 / 6185 6.41881977428
Iter 700 / 6185 5.89725532532
Iter 750 / 6185 6.18544799805
Iter 800 / 6185 6.35993286133
Iter 850 / 6185 6.73634155273
Iter 900 / 6185 6.46674979554
Iter 950 / 6185 6.14959106445
Iter 1000 / 6185 6.16419428525
Iter 1050 / 6185 6.22193030533
Iter 1100 / 6185 6.10665208466
Iter 1150 / 6185 6.47450400905
Iter 1200 / 6185 5.20930957794
Iter 1250 / 6185 6.55153321908
Iter 1300 / 6185 6.44582960341
Iter 1350 / 6185 5.66452371349
Iter 1400 / 6185 6.32863108317
Iter 1450 / 6185 6.21150588989
Iter 1500 / 6185 6.22658325195
Iter 1550 / 6185 6.15509078082
Iter 1600 / 6185 5.63166173299
Iter 1650 / 6185 5.95939237154
Iter 1700 / 6185 6.09830612909
Iter 1750 / 6185 5.66917579491
Iter 1800 / 6185 7.10765380859
Iter 1850 / 6185 5.58671859043
Iter 1900 / 6185 6.147171844
Iter 1950 / 6185 5.31464799245
Iter 2000 / 6185 5.8882702486
Iter 2050 / 6185 5.88893345424
Iter 2100 / 6185 5.63751918248
Iter 2150 / 6185 5.89788859544
Iter 2200 / 6185 7.14246368408
Iter 2250 / 6185 5.32526555137
Iter 2300 / 6185 6.0656716483
Iter 2350 / 6185 5.30517817479
Iter 2400 / 6185 5.43889045715
Iter 2450 / 6185 5.44792556763
Iter 2500 / 6185 6.00889756944
Iter 2550 / 6185 5.48445991848
Iter 2600 / 6185 4.88217105506
Iter 2650 / 6185 5.79646519252
Iter 2700 / 6185 5.66273328993
Iter 2750 / 6185 5.40561523438
Iter 2800 / 6185 6.13499074742
Iter 2850 / 6185 6.4720546838
Iter 2900 / 6185 5.61558799744
Iter 2950 / 6185 5.97003517316
Iter 3000 / 6185 6.08916457156
Iter 3050 / 6185 5.4980819137
Iter 3100 / 6185 5.63588392768
Iter 3150 / 6185 5.08194590423
Iter 3200 / 6185 6.18042303591
Iter 3250 / 6185 5.45551586151
Iter 3300 / 6185 5.07702445984
Iter 3350 / 6185 5.76373603127
Iter 3400 / 6185 6.06408199187
Iter 3450 / 6185 5.44814899594
Iter 3500 / 6185 7.36605761719
Iter 3550 / 6185 5.55379887631
Iter 3600 / 6185 6.95299768448
Iter 3650 / 6185 6.75771152272
Iter 3700 / 6185 4.47461843963
Iter 3750 / 6185 5.62810222919
Iter 3800 / 6185 5.93280874399
Iter 3850 / 6185 5.57554470763
Iter 3900 / 6185 5.19426078796
Iter 3950 / 6185 5.7662441856
Iter 4000 / 6185 6.30812290737
Iter 4050 / 6185 5.73379564285
Iter 4100 / 6185 5.2008005778
Iter 4150 / 6185 5.49955240885
Iter 4200 / 6185 5.33779641856
Iter 4250 / 6185 5.24200090681
Iter 4300 / 6185 5.08384463662
Iter 4350 / 6185 5.44153028919
Iter 4400 / 6185 5.32084819013
Iter 4450 / 6185 4.50513743391
Iter 4500 / 6185 5.96664142609
Iter 4550 / 6185 5.19064331055
Iter 4600 / 6185 5.34312375387
Iter 4650 / 6185 5.59313021443
Iter 4700 / 6185 6.57192160866
Iter 4750 / 6185 5.7231832651
Iter 4800 / 6185 5.68186582368
Iter 4850 / 6185 6.19417768206
Iter 4900 / 6185 5.76779361647
Iter 4950 / 6185 5.36770429109
Iter 5000 / 6185 5.3693738106
Iter 5050 / 6185 5.47044494629
Iter 5100 / 6185 5.4410458411
Iter 5150 / 6185 5.72007324219
Iter 5200 / 6185 4.99327154579
Iter 5250 / 6185 5.43571358995
Iter 5300 / 6185 5.01287021922
Iter 5350 / 6185 5.72849240261
Iter 5400 / 6185 5.39233591587
Iter 5450 / 6185 5.22353197181
Iter 5500 / 6185 5.34514887193
Iter 5550 / 6185 5.41104712393
Iter 5600 / 6185 5.17709445953
Iter 5650 / 6185 5.01567480795
Iter 5700 / 6185 4.88464126587
Iter 5750 / 6185 6.25974174168
Iter 5800 / 6185 4.7733581543
Iter 5850 / 6185 7.63794222745
Iter 5900 / 6185 5.13151156518
Iter 5950 / 6185 2.47871557872
Iter 6000 / 6185 5.85759287032
Iter 6050 / 6185 4.63767778446
Iter 6100 / 6185 5.46647600446
Iter 6150 / 6185 5.4638299942
Epoch 1 Valid 1.20687420671
Epoch 1 Valid 2.38482006341
Epoch 1 Test 1.36614370059
Epoch 1 Test 2.28626267923
Epoch 2
Iter 50 / 6185 5.05136108398
Iter 100 / 6185 3.97080993652
Iter 150 / 6185 5.32571847098
Iter 200 / 6185 4.8665685239
Iter 250 / 6185 6.81324986049
Iter 300 / 6185 4.89784126541
Iter 350 / 6185 4.59422047933
Iter 400 / 6185 5.26106925633
Iter 450 / 6185 5.1649485621
Iter 500 / 6185 4.61233357021
Iter 550 / 6185 4.81354121455
Iter 600 / 6185 4.88188709932
Iter 650 / 6185 4.65688254616
Iter 700 / 6185 5.18034893533
Iter 750 / 6185 5.15918709891
Iter 800 / 6185 5.1672321801
Iter 850 / 6185 4.22639523277
Iter 900 / 6185 5.66864542643
Iter 950 / 6185 5.4945703125
Iter 1000 / 6185 5.65661336263
Iter 1050 / 6185 5.92640599665
Iter 1100 / 6185 5.03280094692
Iter 1150 / 6185 5.15658787319
Iter 1200 / 6185 4.95394784433
Iter 1250 / 6185 4.57167561849
Iter 1300 / 6185 5.34785664876
Iter 1350 / 6185 5.29212375217
Iter 1400 / 6185 4.78476057381
Iter 1450 / 6185 5.43230552813
Iter 1500 / 6185 5.57880430037
Iter 1550 / 6185 5.34187927246
Iter 1600 / 6185 4.76123817521
Iter 1650 / 6185 4.81502091257
Iter 1700 / 6185 5.70422449246
Iter 1750 / 6185 5.57519417166
Iter 1800 / 6185 5.13271543715
Iter 1850 / 6185 5.13986853397
Iter 1900 / 6185 4.96152694137
Iter 1950 / 6185 4.82081943088
Iter 2000 / 6185 4.71359924316
Iter 2050 / 6185 4.32868915134
Iter 2100 / 6185 5.02861337101
Iter 2150 / 6185 5.5807027181
Iter 2200 / 6185 4.37447781033
Iter 2250 / 6185 4.73219271059
Iter 2300 / 6185 5.41676419985
Iter 2350 / 6185 5.38084535341
Iter 2400 / 6185 5.05032823351
Iter 2450 / 6185 5.78413798014
Iter 2500 / 6185 5.36308273161
Iter 2550 / 6185 5.38528715838
Iter 2600 / 6185 4.69540752064
Iter 2650 / 6185 4.88074776786
Iter 2700 / 6185 5.07499425551
Iter 2750 / 6185 4.57481314919
Iter 2800 / 6185 3.26500304316
Iter 2850 / 6185 4.51612599691
Iter 2900 / 6185 4.78571543974
Iter 2950 / 6185 4.75107534124
Iter 3000 / 6185 4.86620368958
Iter 3050 / 6185 4.38613491967
Iter 3100 / 6185 4.89850725446
Iter 3150 / 6185 5.3863324252
Iter 3200 / 6185 4.64908396403
Iter 3250 / 6185 6.678855896
Iter 3300 / 6185 4.20583584434
Iter 3350 / 6185 4.10383714948
Iter 3400 / 6185 4.61747233073
Iter 3450 / 6185 4.57634226481
Iter 3500 / 6185 5.14493770876
Iter 3550 / 6185 4.40225505829
Iter 3600 / 6185 5.7369846251
Iter 3650 / 6185 5.14399474344
Iter 3700 / 6185 5.03401692708
Iter 3750 / 6185 4.51329085406
Iter 3800 / 6185 5.90906270345
Iter 3850 / 6185 4.88843974129
Iter 3900 / 6185 4.99816965917
Iter 3950 / 6185 5.06086633561
Iter 4000 / 6185 4.20752499708
Iter 4050 / 6185 4.3007924697
Iter 4100 / 6185 5.22533671061
Iter 4150 / 6185 5.06747540561
Iter 4200 / 6185 5.35427987235
Iter 4250 / 6185 4.62129810475
Iter 4300 / 6185 4.41146850586
Iter 4350 / 6185 6.34729554918
Iter 4400 / 6185 5.04861927032
Iter 4450 / 6185 5.88683858732
Iter 4500 / 6185 5.4493560791
Iter 4550 / 6185 5.50255257743
Iter 4600 / 6185 4.56899746982
Iter 4650 / 6185 4.49502044678
Iter 4700 / 6185 6.69000692929
Iter 4750 / 6185 4.88426970299
Iter 4800 / 6185 5.16198400549
Iter 4850 / 6185 4.72595447228
Iter 4900 / 6185 5.1887512207
Iter 4950 / 6185 4.92501553622
Iter 5000 / 6185 4.98399588953
Iter 5050 / 6185 4.93941497803
Iter 5100 / 6185 4.43920549665
Iter 5150 / 6185 5.3232820951
Iter 5200 / 6185 5.0520001925
Iter 5250 / 6185 5.24724336104
Iter 5300 / 6185 5.89060465495
Iter 5350 / 6185 4.96511419888
Iter 5400 / 6185 4.56271766214
Iter 5450 / 6185 5.6951429579
Iter 5500 / 6185 4.36880111694
Iter 5550 / 6185 4.76591785137
Iter 5600 / 6185 5.25566609701
Iter 5650 / 6185 5.47121074037
Iter 5700 / 6185 5.61574808757
Iter 5750 / 6185 5.876188336
Iter 5800 / 6185 4.59950021597
Iter 5850 / 6185 4.95413340693
Iter 5900 / 6185 5.01101652781
Iter 5950 / 6185 4.58965377808
Iter 6000 / 6185 4.42320409314
Iter 6050 / 6185 2.15484690666
Iter 6100 / 6185 4.3557593936
Iter 6150 / 6185 4.3156264623
Epoch 2 Valid 2.73858262773
Epoch 2 Valid 4.70097737615
Epoch 2 Test 2.98083422118
Epoch 2 Test 4.39638010208
Epoch 3
Iter 50 / 6185 4.61257904053
Iter 100 / 6185 4.57265355037
Iter 150 / 6185 4.6653012085
Iter 200 / 6185 4.3193655014
Iter 250 / 6185 4.58377597207
Iter 300 / 6185 4.07390340169
Iter 350 / 6185 4.55400054309
Iter 400 / 6185 5.15664018903
Iter 450 / 6185 5.17220160302
Iter 500 / 6185 3.60688454764
Iter 550 / 6185 4.56782049882
Iter 600 / 6185 4.98457459198
Iter 650 / 6185 4.89526295801
Iter 700 / 6185 4.5775633594
Iter 750 / 6185 4.68966518304
Iter 800 / 6185 4.45260234418
Iter 850 / 6185 4.91681188467
Iter 900 / 6185 4.77276663945
Iter 950 / 6185 4.74554050991
Iter 1000 / 6185 5.06264295076
Iter 1050 / 6185 4.72286605835
Iter 1100 / 6185 5.10570246999
Iter 1150 / 6185 4.80909586589
Iter 1200 / 6185 4.77196884155
Iter 1250 / 6185 4.36016678024
Iter 1300 / 6185 4.48737118849
Iter 1350 / 6185 5.37205770741
Iter 1400 / 6185 4.10717264811
Iter 1450 / 6185 4.52595102163
Iter 1500 / 6185 4.52277265276
Iter 1550 / 6185 4.66957564581
Iter 1600 / 6185 4.78337545956
Iter 1650 / 6185 4.67416350047
Iter 1700 / 6185 4.36523669699
Iter 1750 / 6185 4.8519077846
Iter 1800 / 6185 4.31254379838
Iter 1850 / 6185 4.30761936733
Iter 1900 / 6185 4.40023578845
Iter 1950 / 6185 4.53512115479
Iter 2000 / 6185 4.71887535682
Iter 2050 / 6185 4.45326087588
Iter 2100 / 6185 4.62251681373
Iter 2150 / 6185 4.11927065642
Iter 2200 / 6185 4.5578052662
Iter 2250 / 6185 4.85615825653
Iter 2300 / 6185 5.21422058859
Iter 2350 / 6185 4.66340961923
Iter 2400 / 6185 5.53452196308
Iter 2450 / 6185 4.3169532189
Iter 2500 / 6185 4.95861419678
Iter 2550 / 6185 5.07899276543
Iter 2600 / 6185 4.63711362897
Iter 2650 / 6185 4.48924322657
Iter 2700 / 6185 4.12038060238
Iter 2750 / 6185 4.47561316806
Iter 2800 / 6185 5.38448446305
Iter 2850 / 6185 4.3451198153
Iter 2900 / 6185 4.60454571064
Iter 2950 / 6185 4.81227305238
Iter 3000 / 6185 5.90787073084
Iter 3050 / 6185 5.25297146752
Iter 3100 / 6185 5.52808206732
Iter 3150 / 6185 4.67606371503
Iter 3200 / 6185 4.58701284001
Iter 3250 / 6185 4.68910903768
Iter 3300 / 6185 4.37519583753
Iter 3350 / 6185 4.86927329169
Iter 3400 / 6185 5.49641895294
Iter 3450 / 6185 4.17216715495
Iter 3500 / 6185 4.35865885417
Iter 3550 / 6185 3.47112922668
Iter 3600 / 6185 4.52843577214
Iter 3650 / 6185 4.60465395548
Iter 3700 / 6185 4.57008983471
Iter 3750 / 6185 4.58885147992
Iter 3800 / 6185 5.93636252663
Iter 3850 / 6185 4.09542519706
Iter 3900 / 6185 4.38164710999
Iter 3950 / 6185 4.65822872039
Iter 4000 / 6185 4.06080646756
Iter 4050 / 6185 3.60383232964
Iter 4100 / 6185 4.36947479248
Iter 4150 / 6185 4.62753132411
Iter 4200 / 6185 4.11878356934
Iter 4250 / 6185 4.78721054741
Iter 4300 / 6185 4.49439348493
Iter 4350 / 6185 4.69944782022
Iter 4400 / 6185 4.6194714743
Iter 4450 / 6185 4.81500862218
Iter 4500 / 6185 4.21380913776
Iter 4550 / 6185 4.06550568225
Iter 4600 / 6185 5.66373538971
Iter 4650 / 6185 4.44532521566
Iter 4700 / 6185 4.24240022547
Iter 4750 / 6185 3.83690741123
Iter 4800 / 6185 4.54373314267
Iter 4850 / 6185 4.48280548096
Iter 4900 / 6185 4.44222984314
Iter 4950 / 6185 4.9329952567
Iter 5000 / 6185 4.29246959609
Iter 5050 / 6185 4.57626724243
Iter 5100 / 6185 3.87139829
Iter 5150 / 6185 3.89926008745
Iter 5200 / 6185 4.64774414062
Iter 5250 / 6185 4.95759364537
Iter 5300 / 6185 4.79148523131
Iter 5350 / 6185 4.55967802452
Iter 5400 / 6185 4.54947456947
Iter 5450 / 6185 3.91346359253
Iter 5500 / 6185 3.97613852365
Iter 5550 / 6185 4.31024912241
Iter 5600 / 6185 4.73185239519
Iter 5650 / 6185 4.51793755425
Iter 5700 / 6185 5.39256922404
Iter 5750 / 6185 4.91590465199
Iter 5800 / 6185 4.17118835449
Iter 5850 / 6185 4.43950785761
Iter 5900 / 6185 6.28336007254
Iter 5950 / 6185 4.77416346623
Iter 6000 / 6185 5.54741155451
Iter 6050 / 6185 4.87042363485
Iter 6100 / 6185 5.84911463811
Iter 6150 / 6185 3.94282913208
Epoch 3 Valid 3.66588988015
Epoch 3 Valid 6.17272362415
Epoch 3 Test 3.92268689818
Epoch 3 Test 5.64709244954
Epoch 4
Iter 50 / 6185 4.92960929871
Iter 100 / 6185 4.26711246885
Iter 150 / 6185 4.10153341854
Iter 200 / 6185 2.2695536758
Iter 250 / 6185 4.33164876302
Iter 300 / 6185 4.66896438599
Iter 350 / 6185 4.33190954299
Iter 400 / 6185 4.33747333727
Iter 450 / 6185 4.52253547082
Iter 500 / 6185 3.84219248246
Iter 550 / 6185 4.6836130778
Iter 600 / 6185 5.16676225333
Iter 650 / 6185 4.75147247314
Iter 700 / 6185 5.23014640808
Iter 750 / 6185 5.24885459568
Iter 800 / 6185 3.94473298391
Iter 850 / 6185 4.10507263184
Iter 900 / 6185 3.3902906938
Iter 950 / 6185 4.61563777924
Iter 1000 / 6185 4.17274066202
Iter 1050 / 6185 4.50641396605
Iter 1100 / 6185 4.30758035594
Iter 1150 / 6185 4.28136698405
Iter 1200 / 6185 4.36492711847
Iter 1250 / 6185 4.65778283906
Iter 1300 / 6185 4.55547262525
Iter 1350 / 6185 4.49010880788
Iter 1400 / 6185 5.76647186279
Iter 1450 / 6185 4.26883411407
Iter 1500 / 6185 4.36027922454
Iter 1550 / 6185 4.81905876608
Iter 1600 / 6185 4.84962922981
Iter 1650 / 6185 4.57832050323
Iter 1700 / 6185 4.34849340265
Iter 1750 / 6185 4.42206548875
Iter 1800 / 6185 5.57794264805
Iter 1850 / 6185 4.09314745344
Iter 1900 / 6185 4.93345133464
Iter 1950 / 6185 3.94881205656
Iter 2000 / 6185 4.5763402139
Iter 2050 / 6185 4.4685451801
Iter 2100 / 6185 4.6152018913
Iter 2150 / 6185 5.04957447881
Iter 2200 / 6185 5.03201128985
Iter 2250 / 6185 3.9044497946
Iter 2300 / 6185 4.17614628718
Iter 2350 / 6185 4.03991172641
Iter 2400 / 6185 4.33856983674
Iter 2450 / 6185 4.35918172201
Iter 2500 / 6185 3.97632232666
Iter 2550 / 6185 4.6028881073
Iter 2600 / 6185 4.37891727024
Iter 2650 / 6185 4.54847297116
Iter 2700 / 6185 4.03215298123
Iter 2750 / 6185 4.48409999501
Iter 2800 / 6185 4.22290257045
Iter 2850 / 6185 4.52490912543
Iter 2900 / 6185 4.11740655349
Iter 2950 / 6185 4.59702301025
Iter 3000 / 6185 3.94064400413
Iter 3050 / 6185 4.15173339844
Iter 3100 / 6185 4.08107941726
Iter 3150 / 6185 4.50186642733
Iter 3200 / 6185 4.72081375122
Iter 3250 / 6185 4.51526387533
Iter 3300 / 6185 4.4860940004
Iter 3350 / 6185 4.57432346718
Iter 3400 / 6185 4.37363951547
Iter 3450 / 6185 3.75352792179
Iter 3500 / 6185 4.00936635335
Iter 3550 / 6185 4.29076505962
Iter 3600 / 6185 4.88616153493
Iter 3650 / 6185 4.08834184919
Iter 3700 / 6185 4.34586676236
Iter 3750 / 6185 4.71402242909
Iter 3800 / 6185 4.51189710829
Iter 3850 / 6185 5.54478494745
Iter 3900 / 6185 4.37870973529
Iter 3950 / 6185 4.45864432199
Iter 4000 / 6185 4.23739080256
Iter 4050 / 6185 3.83033752441
Iter 4100 / 6185 4.45467754742
Iter 4150 / 6185 4.26874489008
Iter 4200 / 6185 4.52516659007
Iter 4250 / 6185 5.52727826436
Iter 4300 / 6185 4.0994480678
Iter 4350 / 6185 5.31890869141
Iter 4400 / 6185 4.72727770683
Iter 4450 / 6185 4.62772422262
Iter 4500 / 6185 4.07290458679
Iter 4550 / 6185 4.2912331858
Iter 4600 / 6185 4.14236450195
Iter 4650 / 6185 4.45783608647
Iter 4700 / 6185 4.25346220209
Iter 4750 / 6185 4.36588079279
Iter 4800 / 6185 4.20010452271
Iter 4850 / 6185 4.38939748492
Iter 4900 / 6185 4.01237360636
Iter 4950 / 6185 5.18150340113
Iter 5000 / 6185 5.152182685
Iter 5050 / 6185 5.22434026545
Iter 5100 / 6185 4.4867960612
Iter 5150 / 6185 3.76869067024
Iter 5200 / 6185 4.17223578133
Iter 5250 / 6185 4.39646595922
Iter 5300 / 6185 4.5861070421
Iter 5350 / 6185 3.61455842102
Iter 5400 / 6185 4.86602520686
Iter 5450 / 6185 4.1156463623
Iter 5500 / 6185 4.10140577952
Iter 5550 / 6185 4.45950111976
Iter 5600 / 6185 4.32287814093
Iter 5650 / 6185 4.11312110538
Iter 5700 / 6185 4.3609350699
Iter 5750 / 6185 4.16570078532
Iter 5800 / 6185 4.80629005432
Iter 5850 / 6185 4.11599061547
Iter 5900 / 6185 4.54852257705
Iter 5950 / 6185 3.94782676697
Iter 6000 / 6185 5.07145427835
Iter 6050 / 6185 4.63313935932
Iter 6100 / 6185 4.52409267426
Iter 6150 / 6185 4.2758746677
Epoch 4 Valid 4.72677282737
Epoch 4 Valid 7.07883898758
Epoch 4 Test 4.87513199151
Epoch 4 Test 6.66168358655
Epoch 5
Iter 50 / 6185 4.18002706861
Iter 100 / 6185 3.9764316082
Iter 150 / 6185 3.97866690499
Iter 200 / 6185 4.399952608
Iter 250 / 6185 4.30202706655
Iter 300 / 6185 4.31704888238
Iter 350 / 6185 4.0895131429
Iter 400 / 6185 3.92712656657
Iter 450 / 6185 4.65511005108
Iter 500 / 6185 4.58969764709
Iter 550 / 6185 4.29841452206
Iter 600 / 6185 4.34862136841
Iter 650 / 6185 4.25741993297
Iter 700 / 6185 4.49795029584
Iter 750 / 6185 3.93698204888
Iter 800 / 6185 4.9439846305
Iter 850 / 6185 4.39328569685
Iter 900 / 6185 5.64356836779
Iter 950 / 6185 4.21589152018
Iter 1000 / 6185 3.86312057033
Iter 1050 / 6185 4.31467692057
Iter 1100 / 6185 3.55123085811
Iter 1150 / 6185 4.41364740442
Iter 1200 / 6185 4.14628541624
Iter 1250 / 6185 5.36276949369
Iter 1300 / 6185 3.9022026062
Iter 1350 / 6185 4.68133970749
Iter 1400 / 6185 3.9950655045
Iter 1450 / 6185 4.45809584398
Iter 1500 / 6185 4.37921860639
Iter 1550 / 6185 4.11349808542
Iter 1600 / 6185 4.70462660356
Iter 1650 / 6185 3.78498979048
Iter 1700 / 6185 3.73952356974
Iter 1750 / 6185 4.42539243345
Iter 1800 / 6185 3.84768843651
Iter 1850 / 6185 3.64406793768
Iter 1900 / 6185 4.41568341936
Iter 1950 / 6185 2.65571683996
Iter 2000 / 6185 3.81128120422
Iter 2050 / 6185 4.54513577802
Iter 2100 / 6185 3.7067552131
Iter 2150 / 6185 4.51051781394
Iter 2200 / 6185 5.42182922363
Iter 2250 / 6185 4.48025999207
Iter 2300 / 6185 3.05151223575
Iter 2350 / 6185 4.86093241374
Iter 2400 / 6185 4.48661741918
Iter 2450 / 6185 4.11420985631
Iter 2500 / 6185 3.7320095698
Iter 2550 / 6185 4.22404193878
Iter 2600 / 6185 5.04952663845
Iter 2650 / 6185 4.17843041053
Iter 2700 / 6185 6.09027926127
Iter 2750 / 6185 3.70381837733
Iter 2800 / 6185 3.91215782166
Iter 2850 / 6185 3.50089950562
Iter 2900 / 6185 4.22495676676
Iter 2950 / 6185 3.86459445953
Iter 3000 / 6185 4.37321901102
Iter 3050 / 6185 4.28780841827
Iter 3100 / 6185 3.96904100691
Iter 3150 / 6185 3.99467928447
Iter 3200 / 6185 6.8261534373
Iter 3250 / 6185 4.00037712779
Iter 3300 / 6185 4.03318876379
Iter 3350 / 6185 4.25181770325
Iter 3400 / 6185 4.07820686461
Iter 3450 / 6185 3.83826684952
Iter 3500 / 6185 4.26385182842
Iter 3550 / 6185 4.64505994073
Iter 3600 / 6185 5.17760242281
Iter 3650 / 6185 4.52691444654
Iter 3700 / 6185 3.94349479675
Iter 3750 / 6185 3.61778106689
Iter 3800 / 6185 4.04997471401
Iter 3850 / 6185 4.41018676758
Iter 3900 / 6185 4.91232190813
Iter 3950 / 6185 4.42689037323
Iter 4000 / 6185 3.82159893329
Iter 4050 / 6185 4.38062507876
Iter 4100 / 6185 3.91316554857
Iter 4150 / 6185 3.93457370334
Iter 4200 / 6185 4.5746340371
Iter 4250 / 6185 3.9708748636
Iter 4300 / 6185 6.09959594727
Iter 4350 / 6185 4.26282755534
Iter 4400 / 6185 2.01183462143
Iter 4450 / 6185 4.37474556856
Iter 4500 / 6185 3.88247299194
Iter 4550 / 6185 4.88696884527
Iter 4600 / 6185 4.19947396073
Iter 4650 / 6185 4.06515963807
Iter 4700 / 6185 5.07615587188
Iter 4750 / 6185 4.33412070896
Iter 4800 / 6185 3.8419342041
Iter 4850 / 6185 4.403207567
Iter 4900 / 6185 4.52170638592
Iter 4950 / 6185 4.67158847385
Iter 5000 / 6185 4.30772018433
Iter 5050 / 6185 4.08530171712
Iter 5100 / 6185 3.79834633685
Iter 5150 / 6185 3.8465534557
Iter 5200 / 6185 4.51981582642
Iter 5250 / 6185 4.03192803168
Iter 5300 / 6185 3.44458879743
Iter 5350 / 6185 3.82757895333
Iter 5400 / 6185 4.40723915706
Iter 5450 / 6185 3.96604993266
Iter 5500 / 6185 6.51204947538
Iter 5550 / 6185 4.34683990479
Iter 5600 / 6185 4.37212626139
Iter 5650 / 6185 4.58210530717
Iter 5700 / 6185 4.78214967017
Iter 5750 / 6185 4.81224674373
Iter 5800 / 6185 3.77421630859
Iter 5850 / 6185 4.48338748247
Iter 5900 / 6185 3.404132802
Iter 5950 / 6185 4.28715260824
Iter 6000 / 6185 4.58405618107
Iter 6050 / 6185 4.79204202
Iter 6100 / 6185 3.82478650225
Iter 6150 / 6185 4.38156970796
Epoch 5 Valid 5.5215083651
Epoch 5 Valid 8.5182530048
Epoch 5 Test 5.8706922671
Epoch 5 Test 8.26274658095
Epoch 6
Iter 50 / 6185 4.25298609878
Iter 100 / 6185 4.24834455524
Iter 150 / 6185 3.44122224696
Iter 200 / 6185 3.84836997986
Iter 250 / 6185 3.74768575033
Iter 300 / 6185 3.37143811313
Iter 350 / 6185 4.16377932526
Iter 400 / 6185 4.21613601158
Iter 450 / 6185 3.83172162374
Iter 500 / 6185 4.43348563058
Iter 550 / 6185 4.49091267136
Iter 600 / 6185 4.85507164001
Iter 650 / 6185 3.97190027652
Iter 700 / 6185 3.68500058871
Iter 750 / 6185 4.31317924731
Iter 800 / 6185 4.18701171875
Iter 850 / 6185 5.37218990841
Iter 900 / 6185 4.11371830532
Iter 950 / 6185 5.11404469808
Iter 1000 / 6185 4.41076431274
Iter 1050 / 6185 3.77429291278
Iter 1100 / 6185 3.22868003845
Iter 1150 / 6185 4.44036910223
Iter 1200 / 6185 3.95880913012
Iter 1250 / 6185 3.78248271004
Iter 1300 / 6185 4.4567294278
Iter 1350 / 6185 3.71710442877
Iter 1400 / 6185 4.5178414481
Iter 1450 / 6185 4.69107223651
Iter 1500 / 6185 4.06130073184
Iter 1550 / 6185 4.3116023763
Iter 1600 / 6185 4.09303104176
Iter 1650 / 6185 3.98683268229
Iter 1700 / 6185 4.00271285208
Iter 1750 / 6185 4.26786092122
Iter 1800 / 6185 3.86111886161
Iter 1850 / 6185 4.04000989129
Iter 1900 / 6185 5.26981789725
Iter 1950 / 6185 4.10119628906
Iter 2000 / 6185 4.07386002604
Iter 2050 / 6185 3.90466647678
Iter 2100 / 6185 3.86533314732
Iter 2150 / 6185 4.47426028561
Iter 2200 / 6185 4.14171196433
Iter 2250 / 6185 4.19686683449
Iter 2300 / 6185 3.94325790405
Iter 2350 / 6185 4.45917863112
Iter 2400 / 6185 3.8979288737
Iter 2450 / 6185 5.08580112457
Iter 2500 / 6185 4.22428142491
Iter 2550 / 6185 4.34637192235
Iter 2600 / 6185 4.82146453857
Iter 2650 / 6185 4.04942031134
Iter 2700 / 6185 4.35977652414
Iter 2750 / 6185 5.08806301685
Iter 2800 / 6185 3.76713167388
Iter 2850 / 6185 3.62911089729
Iter 2900 / 6185 4.1591315471
Iter 2950 / 6185 3.90897280671
Iter 3000 / 6185 3.94376918248
Iter 3050 / 6185 5.6290113661
Iter 3100 / 6185 3.47609979966
Iter 3150 / 6185 4.490329466
Iter 3200 / 6185 4.72143520008
Iter 3250 / 6185 4.15032668341
Iter 3300 / 6185 2.11159825325
Iter 3350 / 6185 4.09128956981
Iter 3400 / 6185 4.3326253891
Iter 3450 / 6185 4.46023649328
Iter 3500 / 6185 3.85642426589
Iter 3550 / 6185 4.18318544585
Iter 3600 / 6185 4.10616097083
Iter 3650 / 6185 3.43245035807
Iter 3700 / 6185 5.69796074761
Iter 3750 / 6185 3.52936823228
Iter 3800 / 6185 3.95193372454
Iter 3850 / 6185 3.97534582318
Iter 3900 / 6185 4.10779147678
Iter 3950 / 6185 5.57192016602
Iter 4000 / 6185 4.67220885495
Iter 4050 / 6185 3.79757295806
Iter 4100 / 6185 3.84120956122
Iter 4150 / 6185 4.00456733704
Iter 4200 / 6185 4.33765310835
Iter 4250 / 6185 3.7639050691
Iter 4300 / 6185 5.16779159155
Iter 4350 / 6185 4.47456956946
Iter 4400 / 6185 5.40637167398
Iter 4450 / 6185 4.46624214418
Iter 4500 / 6185 3.90836263705
Iter 4550 / 6185 4.03917736477
Iter 4600 / 6185 5.04634770659
Iter 4650 / 6185 4.2686117849
Iter 4700 / 6185 3.86079071789
Iter 4750 / 6185 4.17255783081
Iter 4800 / 6185 4.22853873117
Iter 4850 / 6185 4.38405014199
Iter 4900 / 6185 3.11229038239
Iter 4950 / 6185 4.66787011114
Iter 5000 / 6185 3.7272744751
Iter 5050 / 6185 3.79542418449
Iter 5100 / 6185 4.35067074076
Iter 5150 / 6185 4.06556177139
Iter 5200 / 6185 4.11090291341
Iter 5250 / 6185 5.53032226563
Iter 5300 / 6185 3.78320973116
Iter 5350 / 6185 3.88714438991
Iter 5400 / 6185 6.10120778844
Iter 5450 / 6185 3.32723003885
Iter 5500 / 6185 2.09689394633
Iter 5550 / 6185 4.46256637573
Iter 5600 / 6185 3.38267731667
Iter 5650 / 6185 4.0481967926
Iter 5700 / 6185 4.46765493418
Iter 5750 / 6185 4.25832773844
Iter 5800 / 6185 4.51978257123
Iter 5850 / 6185 4.15791586171
Iter 5900 / 6185 3.86856517598
Iter 5950 / 6185 4.31799246331
Iter 6000 / 6185 3.1172039032
Iter 6050 / 6185 4.40830391332
Iter 6100 / 6185 4.07090250651
Iter 6150 / 6185 3.60392669678
Epoch 6 Valid 6.26679526746
Epoch 6 Valid 9.19809924838
Epoch 6 Test 6.47368563508
Epoch 6 Test 8.95173609396
Epoch 7
Iter 50 / 6185 3.8026500278
Iter 100 / 6185 4.52506127296
Iter 150 / 6185 3.59200060809
Iter 200 / 6185 4.31509396328
Iter 250 / 6185 3.91944469105
Iter 300 / 6185 3.95847066243
Iter 350 / 6185 3.66615151032
Iter 400 / 6185 4.46519525701
Iter 450 / 6185 3.99871826172
Iter 500 / 6185 4.31192321777
Iter 550 / 6185 3.16348994862
Iter 600 / 6185 3.81682954011
Iter 650 / 6185 3.53831599309
Iter 700 / 6185 4.29479980469
Iter 750 / 6185 2.53345407758
Iter 800 / 6185 2.87977872576
Iter 850 / 6185 4.18981134324
Iter 900 / 6185 4.2384796807
Iter 950 / 6185 4.03127717972
Iter 1000 / 6185 3.82883388544
Iter 1050 / 6185 3.57471322322
Iter 1100 / 6185 3.60652090219
Iter 1150 / 6185 4.4004663804
Iter 1200 / 6185 3.71054585775
Iter 1250 / 6185 4.20506160603
Iter 1300 / 6185 3.88994233505
Iter 1350 / 6185 4.40710245768
Iter 1400 / 6185 3.78639248439
Iter 1450 / 6185 3.38829210069
Iter 1500 / 6185 4.29666258159
Iter 1550 / 6185 3.80673259578
Iter 1600 / 6185 4.4492070516
Iter 1650 / 6185 3.71689787365
Iter 1700 / 6185 4.10665690104
Iter 1750 / 6185 3.90063476562
Iter 1800 / 6185 3.9941104126
Iter 1850 / 6185 4.44102607339
Iter 1900 / 6185 4.26732954545
Iter 1950 / 6185 4.34038543701
Iter 2000 / 6185 4.22494406543
Iter 2050 / 6185 4.71955992046
Iter 2100 / 6185 3.71851380666
Iter 2150 / 6185 4.16686434359
Iter 2200 / 6185 4.14969162714
Iter 2250 / 6185 3.343516922
Iter 2300 / 6185 3.85771789551
Iter 2350 / 6185 4.57426025391
Iter 2400 / 6185 3.40635381426
Iter 2450 / 6185 4.14570738777
Iter 2500 / 6185 3.54696936356
Iter 2550 / 6185 3.67110273573
Iter 2600 / 6185 4.32294173468
Iter 2650 / 6185 3.82466753791
Iter 2700 / 6185 4.13656077665
Iter 2750 / 6185 3.43243049173
Iter 2800 / 6185 3.99348820867
Iter 2850 / 6185 4.58453500399
Iter 2900 / 6185 3.92360930009
Iter 2950 / 6185 4.20801110361
Iter 3000 / 6185 3.82781174604
Iter 3050 / 6185 3.94591381316
Iter 3100 / 6185 2.82834601402
Iter 3150 / 6185 4.38501384824
Iter 3200 / 6185 4.28537825042
Iter 3250 / 6185 3.82385177132
Iter 3300 / 6185 4.11744047466
Iter 3350 / 6185 3.51922381366
Iter 3400 / 6185 4.11998325893
Iter 3450 / 6185 3.7484336853
Iter 3500 / 6185 3.22685701301
Iter 3550 / 6185 4.30287106832
Iter 3600 / 6185 4.34332224528
Iter 3650 / 6185 4.17639298873
Iter 3700 / 6185 3.4426941636
Iter 3750 / 6185 3.72049898715
Iter 3800 / 6185 4.34687042236
Iter 3850 / 6185 4.04888831245
Iter 3900 / 6185 3.81935828309
Iter 3950 / 6185 3.31369423866
Iter 4000 / 6185 3.97989713229
Iter 4050 / 6185 2.9071890024
Iter 4100 / 6185 4.24176554777
Iter 4150 / 6185 4.3057201582
Iter 4200 / 6185 3.87840263625
Iter 4250 / 6185 3.51162719727
Iter 4300 / 6185 3.83202887249
Iter 4350 / 6185 3.33801879883
Iter 4400 / 6185 3.59869003296
Iter 4450 / 6185 3.86216272866
Iter 4500 / 6185 4.02901047927
Iter 4550 / 6185 4.22980627853
Iter 4600 / 6185 4.33224868774
Iter 4650 / 6185 4.06250946045
Iter 4700 / 6185 5.2696250633
Iter 4750 / 6185 4.2653582173
Iter 4800 / 6185 3.66715290831
Iter 4850 / 6185 3.67407560349
Iter 4900 / 6185 3.7877756341
Iter 4950 / 6185 4.30909821481
Iter 5000 / 6185 3.98466440837
Iter 5050 / 6185 3.50434192858
Iter 5100 / 6185 3.41988783616
Iter 5150 / 6185 3.21645263672
Iter 5200 / 6185 3.60731104801
Iter 5250 / 6185 3.42721017202
Iter 5300 / 6185 4.39204296875
Iter 5350 / 6185 3.875365448
Iter 5400 / 6185 4.37713514056
Iter 5450 / 6185 4.14550889637
Iter 5500 / 6185 4.46721394857
Iter 5550 / 6185 3.31423335605
Iter 5600 / 6185 3.84795712202
Iter 5650 / 6185 3.78936869303
Iter 5700 / 6185 4.28352704729
Iter 5750 / 6185 3.95649252132
Iter 5800 / 6185 5.45187899941
Iter 5850 / 6185 4.12170540946
Iter 5900 / 6185 5.45713837293
Iter 5950 / 6185 3.88965887772
Iter 6000 / 6185 3.62310112847
Iter 6050 / 6185 4.28062042294
Iter 6100 / 6185 3.21023628928
Iter 6150 / 6185 3.96948189965
Epoch 7 Valid 6.43911302033
Epoch 7 Valid 9.42373345803
Epoch 7 Test 6.47613466772
Epoch 7 Test 9.09454506294
Epoch 8
Iter 50 / 6185 3.17364184062
Iter 100 / 6185 3.86070896126
Iter 150 / 6185 3.56737929124
Iter 200 / 6185 3.93186591653
Iter 250 / 6185 4.09958949658
Iter 300 / 6185 2.94064630781
Iter 350 / 6185 3.2558467865
Iter 400 / 6185 4.24553182851
Iter 450 / 6185 3.76016838168
Iter 500 / 6185 4.11443468989
Iter 550 / 6185 3.71977918975
Iter 600 / 6185 3.69072004046
Iter 650 / 6185 3.72186435797
Iter 700 / 6185 4.90434646606
Iter 750 / 6185 4.13991057567
Iter 800 / 6185 3.88580254449
Iter 850 / 6185 3.90752929687
Iter 900 / 6185 4.46161086471
Iter 950 / 6185 4.64646453857
Iter 1000 / 6185 4.76761966281
Iter 1050 / 6185 3.89785456731
Iter 1100 / 6185 3.61569023132
Iter 1150 / 6185 3.35020414988
Iter 1200 / 6185 3.72401131524
Iter 1250 / 6185 3.75169804891
Iter 1300 / 6185 3.51126403809
Iter 1350 / 6185 3.36090029203
Iter 1400 / 6185 3.09132999844
Iter 1450 / 6185 3.8972836449
Iter 1500 / 6185 3.7176655856
Iter 1550 / 6185 2.73728794005
Iter 1600 / 6185 3.44508056641
Iter 1650 / 6185 4.14511373769
Iter 1700 / 6185 4.59264032273
Iter 1750 / 6185 3.78712342915
Iter 1800 / 6185 4.14561716715
Iter 1850 / 6185 3.84160461426
Iter 1900 / 6185 3.87564486549
Iter 1950 / 6185 3.56489744641
Iter 2000 / 6185 3.06322833684
Iter 2050 / 6185 3.56283274005
Iter 2100 / 6185 3.7611859034
Iter 2150 / 6185 3.43021511502
Iter 2200 / 6185 4.06415653229
Iter 2250 / 6185 3.67421042702
Iter 2300 / 6185 3.20778536797
Iter 2350 / 6185 3.94302734375
Iter 2400 / 6185 3.72753681384
Iter 2450 / 6185 4.20698555188
Iter 2500 / 6185 3.28595046055
Iter 2550 / 6185 3.83620314165
Iter 2600 / 6185 3.45197799117
Iter 2650 / 6185 4.40847914966
Iter 2700 / 6185 3.80480484735
Iter 2750 / 6185 4.3854659841
Iter 2800 / 6185 4.05348423549
Iter 2850 / 6185 4.04522152605
Iter 2900 / 6185 3.03835253034
Iter 2950 / 6185 3.65330023515
Iter 3000 / 6185 3.22740545028
Iter 3050 / 6185 4.07223399769
Iter 3100 / 6185 4.32937208539
Iter 3150 / 6185 3.85395613961
Iter 3200 / 6185 3.91331614619
Iter 3250 / 6185 4.1311211837
Iter 3300 / 6185 5.10221290588
Iter 3350 / 6185 3.66017973358
Iter 3400 / 6185 2.95199179649
Iter 3450 / 6185 3.97412582375
Iter 3500 / 6185 3.42844666375
Iter 3550 / 6185 3.87075127496
Iter 3600 / 6185 4.20414935723
Iter 3650 / 6185 4.08450367412
Iter 3700 / 6185 3.23501014709
Iter 3750 / 6185 3.98711893323
Iter 3800 / 6185 4.07194232941
Iter 3850 / 6185 3.84123088695
Iter 3900 / 6185 3.52167952688
Iter 3950 / 6185 3.68415138938
Iter 4000 / 6185 4.08253932644
Iter 4050 / 6185 3.57965769087
Iter 4100 / 6185 3.84205568754
Iter 4150 / 6185 3.37632658306
Iter 4200 / 6185 5.08867508326
Iter 4250 / 6185 4.20550382653
Iter 4300 / 6185 3.54247402615
Iter 4350 / 6185 4.28893303149
Iter 4400 / 6185 4.22625665838
Iter 4450 / 6185 3.51415250512
Iter 4500 / 6185 4.47478465545
Iter 4550 / 6185 4.15052126165
Iter 4600 / 6185 4.00475311279
Iter 4650 / 6185 3.63611957005
Iter 4700 / 6185 3.15738921113
Iter 4750 / 6185 3.68159522341
Iter 4800 / 6185 3.99737405777
Iter 4850 / 6185 4.59094835069
Iter 4900 / 6185 4.17317899068
Iter 4950 / 6185 4.33721754808
Iter 5000 / 6185 4.63305035759
Iter 5050 / 6185 4.58840806749
Iter 5100 / 6185 4.19864845276
Iter 5150 / 6185 3.72320961952
Iter 5200 / 6185 4.3328666687
Iter 5250 / 6185 6.44845294952
Iter 5300 / 6185 2.53540039062
Iter 5350 / 6185 4.09233594123
Iter 5400 / 6185 7.94505373637
Iter 5450 / 6185 3.68834178269
Iter 5500 / 6185 3.47111845016
Iter 5550 / 6185 4.27465289572
Iter 5600 / 6185 4.01980696053
Iter 5650 / 6185 3.60908427991
Iter 5700 / 6185 3.91775349208
Iter 5750 / 6185 3.89758533008
Iter 5800 / 6185 3.92668940226
Iter 5850 / 6185 4.16404454023
Iter 5900 / 6185 5.54093780518
Iter 5950 / 6185 4.1559753418
Iter 6000 / 6185 3.83335466768
Iter 6050 / 6185 4.86103233924
Iter 6100 / 6185 3.70825590246
Iter 6150 / 6185 3.78984941755
Epoch 8 Valid 6.29658391033
Epoch 8 Valid 9.90490730017
Epoch 8 Test 6.8593230678
Epoch 8 Test 9.15194192466
Epoch 9
Iter 50 / 6185 2.87739467621
Iter 100 / 6185 4.13520168029
Iter 150 / 6185 3.27696548274
Iter 200 / 6185 4.28312797546
Iter 250 / 6185 3.96480344376
Iter 300 / 6185 3.32307500425
Iter 350 / 6185 3.66905157907
Iter 400 / 6185 2.92905521393
Iter 450 / 6185 4.10766936512
Iter 500 / 6185 3.82951009115
Iter 550 / 6185 4.5888262297
Iter 600 / 6185 4.99720896845
Iter 650 / 6185 3.911328125
Iter 700 / 6185 3.01811587426
Iter 750 / 6185 3.71815845578
Iter 800 / 6185 3.64982808431
Iter 850 / 6185 2.46639478529
Iter 900 / 6185 3.87327901433
Iter 950 / 6185 3.04724833171
Iter 1000 / 6185 3.55084624848
Iter 1050 / 6185 3.64321528254
Iter 1100 / 6185 3.30229492188
Iter 1150 / 6185 4.71538257599
Iter 1200 / 6185 3.77115715875
Iter 1250 / 6185 3.43162256877
Iter 1300 / 6185 4.12104243064
Iter 1350 / 6185 3.41193695068
Iter 1400 / 6185 3.30713348389
Iter 1450 / 6185 3.72640447333
Iter 1500 / 6185 4.13150133405
Iter 1550 / 6185 3.66664413061
Iter 1600 / 6185 4.11051330566
Iter 1650 / 6185 4.1033709844
Iter 1700 / 6185 2.85759809541
Iter 1750 / 6185 3.54371687945
Iter 1800 / 6185 3.824363795
Iter 1850 / 6185 3.50752751967
Iter 1900 / 6185 3.50029986838
Iter 1950 / 6185 3.20406608582
Iter 2000 / 6185 3.20197362485
Iter 2050 / 6185 4.12414409496
Iter 2100 / 6185 4.19055514865
Iter 2150 / 6185 4.14839621151
Iter 2200 / 6185 3.25422183646
Iter 2250 / 6185 3.20970713494
Iter 2300 / 6185 4.15071551983
Iter 2350 / 6185 4.393506368
Iter 2400 / 6185 3.54258049859
Iter 2450 / 6185 3.17027626038
Iter 2500 / 6185 4.00844863365
Iter 2550 / 6185 5.09592651367
Iter 2600 / 6185 3.95357513428
Iter 2650 / 6185 4.03267415365
Iter 2700 / 6185 3.05455075035
Iter 2750 / 6185 4.29634421212
Iter 2800 / 6185 4.8815870688
Iter 2850 / 6185 3.61645202637
Iter 2900 / 6185 2.69630498471
Iter 2950 / 6185 3.76798522949
Iter 3000 / 6185 4.23881094796
Iter 3050 / 6185 4.29949426651
Iter 3100 / 6185 4.46707589286
Iter 3150 / 6185 4.5205088514
Iter 3200 / 6185 4.43202852916
Iter 3250 / 6185 4.69215565807
Iter 3300 / 6185 3.49623801491
Iter 3350 / 6185 3.95453253852
Iter 3400 / 6185 3.49368647525
Iter 3450 / 6185 3.63749237061
Iter 3500 / 6185 3.52864336967
Iter 3550 / 6185 3.64593264931
Iter 3600 / 6185 4.03955671522
Iter 3650 / 6185 3.94102977147
Iter 3700 / 6185 4.12009732228
Iter 3750 / 6185 3.1645777247
Iter 3800 / 6185 3.65059020996
Iter 3850 / 6185 4.1887939929
Iter 3900 / 6185 3.75024933511
Iter 3950 / 6185 3.66456780067
Iter 4000 / 6185 4.05737447739
Iter 4050 / 6185 3.74081687322
Iter 4100 / 6185 4.37175233024
Iter 4150 / 6185 2.61603620941
Iter 4200 / 6185 3.93961327477
Iter 4250 / 6185 4.1739465556
Iter 4300 / 6185 3.55628902479
Iter 4350 / 6185 3.10570141714
Iter 4400 / 6185 3.81737298909
Iter 4450 / 6185 3.92963390816
Iter 4500 / 6185 4.17745580429
Iter 4550 / 6185 3.90396341463
Iter 4600 / 6185 3.66537051731
Iter 4650 / 6185 3.47348905201
Iter 4700 / 6185 3.61603834364
Iter 4750 / 6185 3.79080963135
Iter 4800 / 6185 3.89514737516
Iter 4850 / 6185 4.54122533554
Iter 4900 / 6185 3.47614534022
Iter 4950 / 6185 4.16654290093
Iter 5000 / 6185 3.67528247833
Iter 5050 / 6185 3.50479158442
Iter 5100 / 6185 3.42829852634
Iter 5150 / 6185 3.61773765827
Iter 5200 / 6185 4.10928006755
Iter 5250 / 6185 3.7491756786
Iter 5300 / 6185 3.7613850383
Iter 5350 / 6185 4.10264804535
Iter 5400 / 6185 3.30627368745
Iter 5450 / 6185 3.73187389792
Iter 5500 / 6185 4.00857063576
Iter 5550 / 6185 4.02719116211
Iter 5600 / 6185 4.27445542185
Iter 5650 / 6185 3.64013192313
Iter 5700 / 6185 2.29634230477
Iter 5750 / 6185 4.49871784367
Iter 5800 / 6185 3.17659831047
Iter 5850 / 6185 3.65096772023
Iter 5900 / 6185 4.00630662421
Iter 5950 / 6185 2.84429671548
Iter 6000 / 6185 3.2152206986
Iter 6050 / 6185 3.8234197998
Iter 6100 / 6185 4.27864155016
Iter 6150 / 6185 4.03063377967
Epoch 9 Valid 7.15920824614
Epoch 9 Valid 10.7720335445
Epoch 9 Test 7.15482476903
Epoch 9 Test 10.2646404184
Epoch 10
Iter 50 / 6185 3.83469645182
Iter 100 / 6185 3.75390723444
Iter 150 / 6185 3.76660487963
Iter 200 / 6185 3.59753860966
Iter 250 / 6185 3.71318244934
Iter 300 / 6185 3.37504684491
Iter 350 / 6185 3.45768319589
Iter 400 / 6185 3.68942469409
Iter 450 / 6185 3.97810668945
Iter 500 / 6185 3.60504010615
Iter 550 / 6185 3.50745824865
Iter 600 / 6185 4.15078430176
Iter 650 / 6185 3.36260195132
Iter 700 / 6185 2.80541687646
Iter 750 / 6185 3.85623515168
Iter 800 / 6185 3.86378272804
Iter 850 / 6185 3.68454815093
Iter 900 / 6185 2.44230454056
Iter 950 / 6185 3.71584834609
Iter 1000 / 6185 5.88836771647
Iter 1050 / 6185 3.67254813058
Iter 1100 / 6185 3.39830243146
Iter 1150 / 6185 2.8970778329
Iter 1200 / 6185 4.10969067645
Iter 1250 / 6185 3.94190440458
Iter 1300 / 6185 3.54924653706
Iter 1350 / 6185 3.27068812052
Iter 1400 / 6185 4.57743408203
Iter 1450 / 6185 4.65392544395
Iter 1500 / 6185 3.46233745588
Iter 1550 / 6185 4.44007548348
Iter 1600 / 6185 4.32378330026
Iter 1650 / 6185 3.48452148438
Iter 1700 / 6185 4.82019605135
Iter 1750 / 6185 3.51852629906
Iter 1800 / 6185 3.64223408028
Iter 1850 / 6185 4.14195272367
Iter 1900 / 6185 3.86099717882
Iter 1950 / 6185 3.542807685
Iter 2000 / 6185 3.98891773897
Iter 2050 / 6185 3.74226104736
Iter 2100 / 6185 4.22092861599
Iter 2150 / 6185 3.92123910703
Iter 2200 / 6185 4.55690442599
Iter 2250 / 6185 3.64943196223
Iter 2300 / 6185 2.99343226506
Iter 2350 / 6185 3.7323451572
Iter 2400 / 6185 3.72997302544
Iter 2450 / 6185 3.8693867559
Iter 2500 / 6185 3.80942388681
Iter 2550 / 6185 4.4237442855
Iter 2600 / 6185 4.045145388
Iter 2650 / 6185 4.04297359246
Iter 2700 / 6185 3.27839730456
Iter 2750 / 6185 3.48454255324
Iter 2800 / 6185 4.08540506566
Iter 2850 / 6185 3.51196289062
Iter 2900 / 6185 3.52517155239
Iter 2950 / 6185 3.81915165828
Iter 3000 / 6185 3.98380837512
Iter 3050 / 6185 3.76479666574
Iter 3100 / 6185 4.20819870307
Iter 3150 / 6185 3.91135596829
Iter 3200 / 6185 4.56486078519
Iter 3250 / 6185 3.29800271988
Iter 3300 / 6185 3.73572054776
Iter 3350 / 6185 3.84113469617
Iter 3400 / 6185 3.49559756688
Iter 3450 / 6185 4.21979275174
Iter 3500 / 6185 2.54509777493
Iter 3550 / 6185 4.06625321799
Iter 3600 / 6185 4.41799233176
Iter 3650 / 6185 4.21888887709
Iter 3700 / 6185 2.98860216141
Iter 3750 / 6185 3.89930856639
Iter 3800 / 6185 3.77393834731
Iter 3850 / 6185 3.7524103018
Iter 3900 / 6185 3.35570126488
Iter 3950 / 6185 3.67859359015
Iter 4000 / 6185 4.0026506212
Iter 4050 / 6185 3.64122856988
Iter 4100 / 6185 3.34789862149
Iter 4150 / 6185 3.63789098403
Iter 4200 / 6185 3.67727960859
Iter 4250 / 6185 4.56367331112
Iter 4300 / 6185 3.31664167132
Iter 4350 / 6185 4.89527199485
Iter 4400 / 6185 3.45589786106
Iter 4450 / 6185 3.93351984959
Iter 4500 / 6185 3.48085539682
Iter 4550 / 6185 3.78747955015
Iter 4600 / 6185 4.26440001371
Iter 4650 / 6185 3.83276875814
Iter 4700 / 6185 5.06976260779
Iter 4750 / 6185 3.50914021281
Iter 4800 / 6185 4.92216531854
Iter 4850 / 6185 3.57443591527
Iter 4900 / 6185 4.66563415527
Iter 4950 / 6185 3.9343069458
Iter 5000 / 6185 4.56450515958
Iter 5050 / 6185 4.76673634847
Iter 5100 / 6185 3.79963369022
Iter 5150 / 6185 2.87377399868
Iter 5200 / 6185 4.0548544491
Iter 5250 / 6185 3.39190243452
Iter 5300 / 6185 3.43415151152
Iter 5350 / 6185 3.85474329409
Iter 5400 / 6185 3.9710067749
Iter 5450 / 6185 4.00766589595
Iter 5500 / 6185 3.62153812877
Iter 5550 / 6185 3.9559276986
Iter 5600 / 6185 3.24065896739
Iter 5650 / 6185 3.82751317178
Iter 5700 / 6185 4.06844545022
Iter 5750 / 6185 4.13868742169
Iter 5800 / 6185 3.7620493571
Iter 5850 / 6185 2.6178337733
Iter 5900 / 6185 3.77636691623
Iter 5950 / 6185 3.70819168091
Iter 6000 / 6185 3.24734830856
Iter 6050 / 6185 3.22010294596
Iter 6100 / 6185 3.55125984313
Iter 6150 / 6185 4.1659644651
Epoch 10 Valid 6.95312421398
Epoch 10 Valid 10.7055675347
Epoch 10 Test 7.49411285461
Epoch 10 Test 10.2456247075
Epoch 11
Iter 50 / 6185 5.66655731201
Iter 100 / 6185 3.5785498725
Iter 150 / 6185 3.60667201451
Iter 200 / 6185 3.96354767012
Iter 250 / 6185 3.33458485323
Iter 300 / 6185 3.89502754597
Iter 350 / 6185 2.98444567229
Iter 400 / 6185 3.0756241862
Iter 450 / 6185 3.98388711
Iter 500 / 6185 3.7246331936
Iter 550 / 6185 2.81432088216
Iter 600 / 6185 3.43429311117
Iter 650 / 6185 3.82835078679
Iter 700 / 6185 4.3700716937
Iter 750 / 6185 3.63778950618
Iter 800 / 6185 3.47268422445
Iter 850 / 6185 3.99143941779
Iter 900 / 6185 3.55482958722
Iter 950 / 6185 3.62351917085
Iter 1000 / 6185 3.77282000018
Iter 1050 / 6185 4.0911232733
Iter 1100 / 6185 3.49616270799
Iter 1150 / 6185 3.72698120117
Iter 1200 / 6185 3.88195657169
Iter 1250 / 6185 3.5066648286
Iter 1300 / 6185 3.48928660731
Iter 1350 / 6185 3.96280079968
Iter 1400 / 6185 3.03332710266
Iter 1450 / 6185 3.84760678199
Iter 1500 / 6185 3.64658932233
Iter 1550 / 6185 4.06563580622
Iter 1600 / 6185 3.79174381178
Iter 1650 / 6185 3.16953256395
Iter 1700 / 6185 4.17645348443
Iter 1750 / 6185 4.21346827916
Iter 1800 / 6185 3.90301264549
Iter 1850 / 6185 3.35070909773
Iter 1900 / 6185 3.26039346392
Iter 1950 / 6185 3.72776232268
Iter 2000 / 6185 3.91734491984
Iter 2050 / 6185 3.60635549372
Iter 2100 / 6185 3.70920375279
Iter 2150 / 6185 3.9266728815
Iter 2200 / 6185 3.62173016866
Iter 2250 / 6185 4.10712824641
Iter 2300 / 6185 3.49861907959
Iter 2350 / 6185 4.20375036021
Iter 2400 / 6185 3.01154390971
Iter 2450 / 6185 3.70647723858
Iter 2500 / 6185 3.41616379587
Iter 2550 / 6185 3.22687114369
Iter 2600 / 6185 4.59870423662
Iter 2650 / 6185 3.41842718685
Iter 2700 / 6185 4.03661441803
Iter 2750 / 6185 3.58173439719
Iter 2800 / 6185 3.71320176125
Iter 2850 / 6185 3.45500093348
Iter 2900 / 6185 3.51383209229
Iter 2950 / 6185 3.3967694883
Iter 3000 / 6185 3.43494207209
Iter 3050 / 6185 3.53385979789
Iter 3100 / 6185 3.7766472094
Iter 3150 / 6185 4.3268254598
Iter 3200 / 6185 3.59533293351
Iter 3250 / 6185 4.6002490395
Iter 3300 / 6185 3.72785780165
Iter 3350 / 6185 4.13202905655
Iter 3400 / 6185 3.36129817256
Iter 3450 / 6185 3.69808733315
Iter 3500 / 6185 4.34546257468
Iter 3550 / 6185 1.95026942662
Iter 3600 / 6185 3.81314412435
Iter 3650 / 6185 3.90138753255
Iter 3700 / 6185 3.61380556796
Iter 3750 / 6185 3.88997891075
Iter 3800 / 6185 3.38750706723
Iter 3850 / 6185 2.60245650155
Iter 3900 / 6185 3.47212193807
Iter 3950 / 6185 3.60868301392
Iter 4000 / 6185 3.52203199599
Iter 4050 / 6185 4.14843495687
Iter 4100 / 6185 4.43345531117
Iter 4150 / 6185 3.83244809237
Iter 4200 / 6185 3.89121639367
Iter 4250 / 6185 3.78763150976
Iter 4300 / 6185 3.59583276791
Iter 4350 / 6185 3.56349647924
Iter 4400 / 6185 3.81514955178
Iter 4450 / 6185 3.23739782969
Iter 4500 / 6185 4.26223216337
Iter 4550 / 6185 3.1239827474
Iter 4600 / 6185 3.99994913737
Iter 4650 / 6185 3.54871951372
Iter 4700 / 6185 3.87507790013
Iter 4750 / 6185 3.4939994812
Iter 4800 / 6185 4.21035966717
Iter 4850 / 6185 3.00785651574
Iter 4900 / 6185 3.59739583333
Iter 4950 / 6185 3.80070659092
Iter 5000 / 6185 3.77260269657
Iter 5050 / 6185 3.28255057335
Iter 5100 / 6185 3.86009482732
Iter 5150 / 6185 3.42908042794
Iter 5200 / 6185 3.26440891201
Iter 5250 / 6185 3.93631560893
Iter 5300 / 6185 3.74558081994
Iter 5350 / 6185 1.86773213473
Iter 5400 / 6185 4.30334472656
Iter 5450 / 6185 3.85095666956
Iter 5500 / 6185 3.58293363783
Iter 5550 / 6185 3.87553780267
Iter 5600 / 6185 4.96638502516
Iter 5650 / 6185 3.58495544434
Iter 5700 / 6185 3.57745688302
Iter 5750 / 6185 3.74785622156
Iter 5800 / 6185 3.60261743719
Iter 5850 / 6185 3.8740184887
Iter 5900 / 6185 3.77623540705
Iter 5950 / 6185 3.99378593601
Iter 6000 / 6185 3.55211853889
Iter 6050 / 6185 5.14585847675
Iter 6100 / 6185 3.42736277861
Iter 6150 / 6185 3.69295018156
Epoch 11 Valid 7.45758256768
Epoch 11 Valid 10.9815669573
Epoch 11 Test 7.77352044194
Epoch 11 Test 10.2246914259
Epoch 12
Iter 50 / 6185 4.09972726004
Iter 100 / 6185 3.44721094767
Iter 150 / 6185 3.56851429641
Iter 200 / 6185 2.84992605016
Iter 250 / 6185 3.84738129162
Iter 300 / 6185 3.81340659537
Iter 350 / 6185 4.35549479167
Iter 400 / 6185 3.28798836156
Iter 450 / 6185 3.59273328279
Iter 500 / 6185 3.4139695601
Iter 550 / 6185 3.89959985352
Iter 600 / 6185 3.59854944741
Iter 650 / 6185 3.29746319111
Iter 700 / 6185 3.1044795445
Iter 750 / 6185 3.83640960693
Iter 800 / 6185 3.9530209628
Iter 850 / 6185 3.70166221458
Iter 900 / 6185 3.5513543023
Iter 950 / 6185 3.42565870098
Iter 1000 / 6185 3.59165373303
Iter 1050 / 6185 4.13106536865
Iter 1100 / 6185 3.25754819598
Iter 1150 / 6185 2.64997774012
Iter 1200 / 6185 3.99239881111
Iter 1250 / 6185 3.45135084788
Iter 1300 / 6185 3.47536946615
Iter 1350 / 6185 3.62281408975
Iter 1400 / 6185 3.24683156038
Iter 1450 / 6185 3.2418312862
Iter 1500 / 6185 4.80140522548
Iter 1550 / 6185 4.03412892867
Iter 1600 / 6185 3.9706095906
Iter 1650 / 6185 3.62761355669
Iter 1700 / 6185 3.38510437012
Iter 1750 / 6185 3.4020099732
Iter 1800 / 6185 3.72245843349
Iter 1850 / 6185 3.97093858176
Iter 1900 / 6185 3.20613618331
Iter 1950 / 6185 3.3707082648
Iter 2000 / 6185 3.91374248928
Iter 2050 / 6185 3.73618570964
Iter 2100 / 6185 3.24012179905
Iter 2150 / 6185 2.96958229759
Iter 2200 / 6185 3.91756115812
Iter 2250 / 6185 3.67929421702
Iter 2300 / 6185 3.17100559581
Iter 2350 / 6185 3.33458628145
Iter 2400 / 6185 3.49035921964
Iter 2450 / 6185 3.95585456096
Iter 2500 / 6185 3.00503253937
Iter 2550 / 6185 3.95164535985
Iter 2600 / 6185 2.99331906947
Iter 2650 / 6185 2.83680236816
Iter 2700 / 6185 3.69258362906
Iter 2750 / 6185 3.98830760609
Iter 2800 / 6185 3.16880208796
Iter 2850 / 6185 3.2575697955
Iter 2900 / 6185 3.27555033366
Iter 2950 / 6185 3.36503148962
Iter 3000 / 6185 3.85032538648
Iter 3050 / 6185 3.69676717122
Iter 3100 / 6185 4.92924791701
Iter 3150 / 6185 3.22610473633
Iter 3200 / 6185 4.12296173096
Iter 3250 / 6185 3.61467761528
Iter 3300 / 6185 3.60046283706
Iter 3350 / 6185 3.76702719024
Iter 3400 / 6185 3.66882110596
Iter 3450 / 6185 3.39305332729
Iter 3500 / 6185 3.85661033348
Iter 3550 / 6185 3.25382995605
Iter 3600 / 6185 3.62622936352
Iter 3650 / 6185 3.40419464111
Iter 3700 / 6185 3.46405029297
Iter 3750 / 6185 3.67700602214
Iter 3800 / 6185 3.81210173278
Iter 3850 / 6185 4.68928114573
Iter 3900 / 6185 3.807739557
Iter 3950 / 6185 3.39758382161
Iter 4000 / 6185 3.9575708901
Iter 4050 / 6185 3.69740875244
Iter 4100 / 6185 3.67707371712
Iter 4150 / 6185 3.7957951682
Iter 4200 / 6185 3.20521036784
Iter 4250 / 6185 3.61663818359
Iter 4300 / 6185 3.79994289692
Iter 4350 / 6185 3.25887480236
Iter 4400 / 6185 3.14380146907
Iter 4450 / 6185 4.54238460765
Iter 4500 / 6185 3.85581824893
Iter 4550 / 6185 3.76141755477
Iter 4600 / 6185 4.00572627209
Iter 4650 / 6185 3.16370105743
Iter 4700 / 6185 3.46311122349
Iter 4750 / 6185 4.07674201517
Iter 4800 / 6185 3.08953233199
Iter 4850 / 6185 3.63268491957
Iter 4900 / 6185 3.25063247681
Iter 4950 / 6185 3.3799923919
Iter 5000 / 6185 3.3376083374
Iter 5050 / 6185 3.34582773844
Iter 5100 / 6185 3.67007287343
Iter 5150 / 6185 3.96017426711
Iter 5200 / 6185 3.5586060418
Iter 5250 / 6185 3.45148600703
Iter 5300 / 6185 3.90739283068
Iter 5350 / 6185 3.8622571202
Iter 5400 / 6185 3.40664175282
Iter 5450 / 6185 3.88315569431
Iter 5500 / 6185 3.40250113625
Iter 5550 / 6185 2.43757422765
Iter 5600 / 6185 2.84896024068
Iter 5650 / 6185 3.32437769572
Iter 5700 / 6185 3.30558369114
Iter 5750 / 6185 3.38691431681
Iter 5800 / 6185 2.80051403141
Iter 5850 / 6185 3.92855088976
Iter 5900 / 6185 2.96559733729
Iter 5950 / 6185 3.04603870098
Iter 6000 / 6185 3.30385165744
Iter 6050 / 6185 2.49090433121
Iter 6100 / 6185 2.68730688095
Iter 6150 / 6185 3.56312184053
Epoch 12 Valid 7.47025890969
Epoch 12 Valid 11.1645133313
Epoch 12 Test 7.63100973412
Epoch 12 Test 10.5999878141
Epoch 13
Iter 50 / 6185 5.1349550883
Iter 100 / 6185 3.09747181768
Iter 150 / 6185 3.66596298218
Iter 200 / 6185 3.35233785338
Iter 250 / 6185 3.10113525391
Iter 300 / 6185 3.26707744964
Iter 350 / 6185 2.98868669782
Iter 400 / 6185 3.61411394392
Iter 450 / 6185 3.60388464215
Iter 500 / 6185 3.74475396198
Iter 550 / 6185 3.56130701468
Iter 600 / 6185 3.6285522506
Iter 650 / 6185 3.41963496678
Iter 700 / 6185 3.64218216831
Iter 750 / 6185 3.38873512962
Iter 800 / 6185 4.26548729873
Iter 850 / 6185 3.36095063583
Iter 900 / 6185 2.5228322347
Iter 950 / 6185 3.80593402569
Iter 1000 / 6185 3.87319040009
Iter 1050 / 6185 3.28531775841
Iter 1100 / 6185 2.6443072425
Iter 1150 / 6185 3.60030601765
Iter 1200 / 6185 3.57336794675
Iter 1250 / 6185 3.77050930846
Iter 1300 / 6185 3.94919050628
Iter 1350 / 6185 3.77531923567
Iter 1400 / 6185 3.94313875834
Iter 1450 / 6185 3.92651445816
Iter 1500 / 6185 3.06921009535
Iter 1550 / 6185 3.12686473705
Iter 1600 / 6185 3.42468885942
Iter 1650 / 6185 2.57227007548
Iter 1700 / 6185 3.4134244283
Iter 1750 / 6185 3.89446214141
Iter 1800 / 6185 3.81437741472
Iter 1850 / 6185 3.78248031051
Iter 1900 / 6185 3.36254119873
Iter 1950 / 6185 3.04268657297
Iter 2000 / 6185 3.52603442852
Iter 2050 / 6185 3.04203462601
Iter 2100 / 6185 3.48811738387
Iter 2150 / 6185 3.66430127179
Iter 2200 / 6185 2.69384040833
Iter 2250 / 6185 3.69614562988
Iter 2300 / 6185 3.25252765158
Iter 2350 / 6185 5.4390856425
Iter 2400 / 6185 3.65016864483
Iter 2450 / 6185 3.76108640601
Iter 2500 / 6185 2.72518304678
Iter 2550 / 6185 3.16706776619
Iter 2600 / 6185 3.88545612887
Iter 2650 / 6185 2.61602011072
Iter 2700 / 6185 3.81338661595
Iter 2750 / 6185 3.95513708413
Iter 2800 / 6185 4.02981125681
Iter 2850 / 6185 3.65613027219
Iter 2900 / 6185 4.71764831543
Iter 2950 / 6185 3.40398124412
Iter 3000 / 6185 3.66919842245
Iter 3050 / 6185 3.84531867795
Iter 3100 / 6185 3.53028370784
Iter 3150 / 6185 2.82282206217
Iter 3200 / 6185 3.29125732422
Iter 3250 / 6185 3.50692336624
Iter 3300 / 6185 3.58940067998
Iter 3350 / 6185 3.854330517
Iter 3400 / 6185 4.05273834477
Iter 3450 / 6185 3.07783599029
Iter 3500 / 6185 3.68870266751
Iter 3550 / 6185 3.22832176902
Iter 3600 / 6185 3.20430924479
Iter 3650 / 6185 3.89185137068
Iter 3700 / 6185 2.27160503246
Iter 3750 / 6185 3.611809761
Iter 3800 / 6185 3.40538112095
Iter 3850 / 6185 3.57774924109
Iter 3900 / 6185 3.05608495076
Iter 3950 / 6185 3.88478549022
Iter 4000 / 6185 3.21624883016
Iter 4050 / 6185 3.71816253662
Iter 4100 / 6185 3.6463304089
Iter 4150 / 6185 2.868078752
Iter 4200 / 6185 3.47125244141
Iter 4250 / 6185 3.45684160505
Iter 4300 / 6185 3.75413299561
Iter 4350 / 6185 3.68009499943
Iter 4400 / 6185 2.86370497483
Iter 4450 / 6185 3.36383353339
Iter 4500 / 6185 3.65284568385
Iter 4550 / 6185 3.99790500073
Iter 4600 / 6185 2.98651890909
Iter 4650 / 6185 3.81423995074
Iter 4700 / 6185 4.17789794922
Iter 4750 / 6185 3.88475007277
Iter 4800 / 6185 3.87820853439
Iter 4850 / 6185 3.23652729235
Iter 4900 / 6185 3.47888988919
Iter 4950 / 6185 3.68628629049
Iter 5000 / 6185 3.59631796444
Iter 5050 / 6185 3.02729225159
Iter 5100 / 6185 3.61721050929
Iter 5150 / 6185 3.68192398822
Iter 5200 / 6185 3.96805996365
Iter 5250 / 6185 3.01001826695
Iter 5300 / 6185 3.38852767944
Iter 5350 / 6185 3.88633968431
Iter 5400 / 6185 4.83803598504
Iter 5450 / 6185 3.36019159953
Iter 5500 / 6185 3.10789457957
Iter 5550 / 6185 3.42055726663
Iter 5600 / 6185 3.64147119937
Iter 5650 / 6185 3.34821409238
Iter 5700 / 6185 3.71268509374
Iter 5750 / 6185 3.61030971923
Iter 5800 / 6185 2.78955726101
Iter 5850 / 6185 3.30386487698
Iter 5900 / 6185 3.27577051623
Iter 5950 / 6185 3.84387287341
Iter 6000 / 6185 2.45553088188
Iter 6050 / 6185 4.01129707458
Iter 6100 / 6185 4.00037202381
Iter 6150 / 6185 3.47529146269
Epoch 13 Valid 7.73050929739
Epoch 13 Valid 11.4797714503
Epoch 13 Test 8.0581666909
Epoch 13 Test 10.6914665852
Epoch 14
Iter 50 / 6185 3.93202500116
Iter 100 / 6185 3.17260450475
Iter 150 / 6185 3.48938427791
Iter 200 / 6185 3.77020263672
Iter 250 / 6185 3.67888832092
Iter 300 / 6185 3.607464516
Iter 350 / 6185 3.39467699774
Iter 400 / 6185 3.28244555664
Iter 450 / 6185 3.60801599896
Iter 500 / 6185 3.61752450877
Iter 550 / 6185 3.13294576009
Iter 600 / 6185 3.44255429222
Iter 650 / 6185 2.38488862573
Iter 700 / 6185 3.74668315813
Iter 750 / 6185 4.58798363095
Iter 800 / 6185 2.75674510002
Iter 850 / 6185 4.13757945873
Iter 900 / 6185 2.58664506257
Iter 950 / 6185 3.18676304817
Iter 1000 / 6185 3.82505013602
Iter 1050 / 6185 5.97768147786
Iter 1100 / 6185 3.4337441049
Iter 1150 / 6185 3.87934189487
Iter 1200 / 6185 3.59287994385
Iter 1250 / 6185 3.46246056808
Iter 1300 / 6185 3.7114653624
Iter 1350 / 6185 2.44461017185
Iter 1400 / 6185 3.53556416648
Iter 1450 / 6185 3.71319675611
Iter 1500 / 6185 3.58470567491
Iter 1550 / 6185 3.50091171265
Iter 1600 / 6185 2.45393964979
Iter 1650 / 6185 3.10537395477
Iter 1700 / 6185 2.47192230984
Iter 1750 / 6185 3.23033097211
Iter 1800 / 6185 3.24910797119
Iter 1850 / 6185 4.56621100686
Iter 1900 / 6185 4.49289042155
Iter 1950 / 6185 2.83952188297
Iter 2000 / 6185 3.57785364787
Iter 2050 / 6185 4.66331736247
Iter 2100 / 6185 3.82218151558
Iter 2150 / 6185 3.58528594971
Iter 2200 / 6185 3.81545940198
Iter 2250 / 6185 4.36384364537
Iter 2300 / 6185 3.49686758859
Iter 2350 / 6185 3.84792861938
Iter 2400 / 6185 3.77869752076
Iter 2450 / 6185 4.18014231036
Iter 2500 / 6185 3.34386380514
Iter 2550 / 6185 3.52303980267
Iter 2600 / 6185 3.48750283983
Iter 2650 / 6185 3.44335820125
Iter 2700 / 6185 3.59011877151
Iter 2750 / 6185 4.03499755859
Iter 2800 / 6185 4.49354848554
Iter 2850 / 6185 3.26660351786
Iter 2900 / 6185 4.35815429688
Iter 2950 / 6185 3.42880004883
Iter 3000 / 6185 3.41573636494
Iter 3050 / 6185 1.52607338101
Iter 3100 / 6185 3.33305338809
Iter 3150 / 6185 3.79813068234
Iter 3200 / 6185 2.91358337402
Iter 3250 / 6185 2.75518083572
Iter 3300 / 6185 3.90403411865
Iter 3350 / 6185 3.41602706909
Iter 3400 / 6185 2.72046778752
Iter 3450 / 6185 3.58602701823
Iter 3500 / 6185 3.48427260182
Iter 3550 / 6185 2.72250713002
Iter 3600 / 6185 3.55284644817
Iter 3650 / 6185 3.88157264859
Iter 3700 / 6185 3.87990934952
Iter 3750 / 6185 3.24668645859
Iter 3800 / 6185 3.42306144283
Iter 3850 / 6185 3.78948308771
Iter 3900 / 6185 3.63191675257
Iter 3950 / 6185 3.4805018984
Iter 4000 / 6185 3.80762929853
Iter 4050 / 6185 4.18134087457
Iter 4100 / 6185 3.84138870239
Iter 4150 / 6185 3.62151656612
Iter 4200 / 6185 3.52193984985
Iter 4250 / 6185 4.16754891939
Iter 4300 / 6185 3.16807059355
Iter 4350 / 6185 3.67701627001
Iter 4400 / 6185 3.60852997879
Iter 4450 / 6185 3.48434650197
Iter 4500 / 6185 3.26757194422
Iter 4550 / 6185 3.07602596283
Iter 4600 / 6185 5.34641232698
Iter 4650 / 6185 3.58498487801
Iter 4700 / 6185 3.61377230558
Iter 4750 / 6185 3.08993198561
Iter 4800 / 6185 3.69682354267
Iter 4850 / 6185 4.51318706166
Iter 4900 / 6185 3.60319050309
Iter 4950 / 6185 3.41861604389
Iter 5000 / 6185 3.62444709923
Iter 5050 / 6185 4.06114362634
Iter 5100 / 6185 3.50471625894
Iter 5150 / 6185 3.22869526256
Iter 5200 / 6185 2.7189245224
Iter 5250 / 6185 3.87849355298
Iter 5300 / 6185 3.52984963694
Iter 5350 / 6185 3.84677559989
Iter 5400 / 6185 3.95184765625
Iter 5450 / 6185 3.55974942162
Iter 5500 / 6185 3.61819702801
Iter 5550 / 6185 4.14180577122
Iter 5600 / 6185 3.86907222196
Iter 5650 / 6185 3.67984364414
Iter 5700 / 6185 4.40331830035
Iter 5750 / 6185 3.93407410461
Iter 5800 / 6185 3.68503752209
Iter 5850 / 6185 3.31441814366
Iter 5900 / 6185 4.26039550781
Iter 5950 / 6185 4.26485408436
Iter 6000 / 6185 3.80202287054
Iter 6050 / 6185 3.3190314349
Iter 6100 / 6185 3.40738296509
Iter 6150 / 6185 4.05190665262
Epoch 14 Valid 7.71368881635
Epoch 14 Valid 11.9822134131
Epoch 14 Test 7.77684970775
Epoch 14 Test 11.4493870853
Epoch 15
Iter 50 / 6185 3.66924689798
Iter 100 / 6185 3.21757647866
Iter 150 / 6185 3.48175287247
Iter 200 / 6185 2.44998588562
Iter 250 / 6185 3.5074561624
Iter 300 / 6185 3.76196568807
Iter 350 / 6185 4.23114013672
Iter 400 / 6185 3.59745106799
Iter 450 / 6185 3.02298974991
Iter 500 / 6185 4.61519414728
Iter 550 / 6185 3.38700648717
Iter 600 / 6185 3.23337173462
Iter 650 / 6185 3.43063886089
Iter 700 / 6185 3.17645694899
Iter 750 / 6185 3.32707530055
Iter 800 / 6185 3.64438986778
Iter 850 / 6185 3.8219276197
Iter 900 / 6185 2.91599073478
Iter 950 / 6185 3.5473244407
Iter 1000 / 6185 2.67384546453
Iter 1050 / 6185 3.16366577148
Iter 1100 / 6185 3.85911361031
Iter 1150 / 6185 3.64919298685
Iter 1200 / 6185 3.56984832764
Iter 1250 / 6185 2.78165312071
Iter 1300 / 6185 3.22770654917
Iter 1350 / 6185 2.37711362486
Iter 1400 / 6185 3.16633341863
Iter 1450 / 6185 3.88895456414
Iter 1500 / 6185 3.65823894998
Iter 1550 / 6185 3.30479939779
Iter 1600 / 6185 3.24530101958
Iter 1650 / 6185 2.02387332916
Iter 1700 / 6185 2.36835002899
Iter 1750 / 6185 3.48734180347
Iter 1800 / 6185 2.95766695463
Iter 1850 / 6185 3.69027931459
Iter 1900 / 6185 3.91192908654
Iter 1950 / 6185 3.32060803865
Iter 2000 / 6185 3.33760373164
Iter 2050 / 6185 3.40971005347
Iter 2100 / 6185 4.16161104528
Iter 2150 / 6185 3.93839338415
Iter 2200 / 6185 3.38505503337
Iter 2250 / 6185 3.5078142788
Iter 2300 / 6185 3.6699313405
Iter 2350 / 6185 4.13690002441
Iter 2400 / 6185 3.41227895563
Iter 2450 / 6185 3.0429681778
Iter 2500 / 6185 3.39294780384
Iter 2550 / 6185 3.55711335402
Iter 2600 / 6185 3.44217806084
Iter 2650 / 6185 3.2924144268
Iter 2700 / 6185 2.49484539032
Iter 2750 / 6185 3.77443395342
Iter 2800 / 6185 4.50328871783
Iter 2850 / 6185 3.65095806516
Iter 2900 / 6185 2.69739871555
Iter 2950 / 6185 4.06482557817
Iter 3000 / 6185 4.19220416215
Iter 3050 / 6185 4.43357054392
Iter 3100 / 6185 3.69776421624
Iter 3150 / 6185 3.71304321289
Iter 3200 / 6185 3.75314469771
Iter 3250 / 6185 4.43356202778
Iter 3300 / 6185 3.21429472703
Iter 3350 / 6185 3.78051504028
Iter 3400 / 6185 3.3530337685
Iter 3450 / 6185 4.08826311897
Iter 3500 / 6185 3.23565308944
Iter 3550 / 6185 3.3061572388
Iter 3600 / 6185 3.94038860614
Iter 3650 / 6185 3.81785481771
Iter 3700 / 6185 4.14050581649
Iter 3750 / 6185 4.76845942317
Iter 3800 / 6185 2.72238480417
Iter 3850 / 6185 3.78995090061
Iter 3900 / 6185 3.62999866627
Iter 3950 / 6185 3.33824033995
Iter 4000 / 6185 3.02008928571
Iter 4050 / 6185 3.19593524933
Iter 4100 / 6185 4.82599020004
Iter 4150 / 6185 4.07485922281
Iter 4200 / 6185 3.45957641602
Iter 4250 / 6185 3.15563310896
Iter 4300 / 6185 2.58201102825
Iter 4350 / 6185 3.30322153634
Iter 4400 / 6185 2.56790698658
Iter 4450 / 6185 3.51686423165
Iter 4500 / 6185 4.0087907271
Iter 4550 / 6185 3.66912841797
Iter 4600 / 6185 3.2668865038
Iter 4650 / 6185 3.40866949619
Iter 4700 / 6185 4.57638753255
Iter 4750 / 6185 2.35012096829
Iter 4800 / 6185 3.65103745319
Iter 4850 / 6185 3.25315987723
Iter 4900 / 6185 3.80848834792
Iter 4950 / 6185 4.07170274523
Iter 5000 / 6185 3.37044754028
Iter 5050 / 6185 1.90023875237
Iter 5100 / 6185 3.48226737976
Iter 5150 / 6185 3.26347296579
Iter 5200 / 6185 3.46948441215
Iter 5250 / 6185 4.38322499934
Iter 5300 / 6185 3.47846946716
Iter 5350 / 6185 4.1720941717
Iter 5400 / 6185 3.72980915651
Iter 5450 / 6185 2.90458806356
Iter 5500 / 6185 2.14234733582
Iter 5550 / 6185 3.11298046373
Iter 5600 / 6185 3.06881862217
Iter 5650 / 6185 3.15083837509
Iter 5700 / 6185 3.99293934215
Iter 5750 / 6185 3.50620814732
Iter 5800 / 6185 3.94514259132
Iter 5850 / 6185 3.47410642184
Iter 5900 / 6185 3.2442214489
Iter 5950 / 6185 4.58093677868
Iter 6000 / 6185 2.97076670329
Iter 6050 / 6185 3.78618977865
Iter 6100 / 6185 3.86879718114
Iter 6150 / 6185 3.57643131344
Epoch 15 Valid 8.35881977736
Epoch 15 Valid 11.7414964011
Epoch 15 Test 8.50233552706
Epoch 15 Test 11.1696909654
Epoch 16
Iter 50 / 6185 2.77899646759
Iter 100 / 6185 2.58747815329
Iter 150 / 6185 4.61040649414
Iter 200 / 6185 3.65358752739
Iter 250 / 6185 3.91363025534
Iter 300 / 6185 2.51902154776
Iter 350 / 6185 3.45113731833
Iter 400 / 6185 3.89162004498
Iter 450 / 6185 1.61217586811
Iter 500 / 6185 3.13819729552
Iter 550 / 6185 3.21198200044
Iter 600 / 6185 3.67922404661
Iter 650 / 6185 3.90690402481
Iter 700 / 6185 3.14936239069
Iter 750 / 6185 3.12987590971
Iter 800 / 6185 3.65751694188
Iter 850 / 6185 3.1260601924
Iter 900 / 6185 3.2175788384
Iter 950 / 6185 2.96925911537
Iter 1000 / 6185 4.14179311899
Iter 1050 / 6185 4.5787693904
Iter 1100 / 6185 3.4832427196
Iter 1150 / 6185 3.30754747578
Iter 1200 / 6185 2.97465515137
Iter 1250 / 6185 3.42435697668
Iter 1300 / 6185 3.40039150531
Iter 1350 / 6185 2.64272608902
Iter 1400 / 6185 3.24695027669
Iter 1450 / 6185 4.45314045696
Iter 1500 / 6185 3.51993005926
Iter 1550 / 6185 3.40546471732
Iter 1600 / 6185 3.1210719921
Iter 1650 / 6185 3.40743793688
Iter 1700 / 6185 3.67685059578
Iter 1750 / 6185 3.96097597869
Iter 1800 / 6185 3.90855280558
Iter 1850 / 6185 3.25607474191
Iter 1900 / 6185 3.73651906606
Iter 1950 / 6185 4.4311615566
Iter 2000 / 6185 3.01263713837
Iter 2050 / 6185 3.13119252523
Iter 2100 / 6185 3.76789825439
Iter 2150 / 6185 3.6009435239
Iter 2200 / 6185 3.78312049279
Iter 2250 / 6185 3.72840614924
Iter 2300 / 6185 3.97382217798
Iter 2350 / 6185 3.73495309012
Iter 2400 / 6185 3.08355224609
Iter 2450 / 6185 3.48227982294
Iter 2500 / 6185 3.63955896551
Iter 2550 / 6185 4.09139776849
Iter 2600 / 6185 3.27471504781
Iter 2650 / 6185 3.21792246501
Iter 2700 / 6185 3.93523975129
Iter 2750 / 6185 3.0469381159
Iter 2800 / 6185 2.96832752228
Iter 2850 / 6185 2.25289290991
Iter 2900 / 6185 3.57280024776
Iter 2950 / 6185 3.27122268677
Iter 3000 / 6185 4.14236365424
Iter 3050 / 6185 2.51523717244
Iter 3100 / 6185 3.53048077752
Iter 3150 / 6185 3.67885867032
Iter 3200 / 6185 2.28219628334
Iter 3250 / 6185 3.5826952798
Iter 3300 / 6185 3.28918299182
Iter 3350 / 6185 3.72651643019
Iter 3400 / 6185 3.54502678796
Iter 3450 / 6185 3.9982398538
Iter 3500 / 6185 3.45659312553
Iter 3550 / 6185 3.60084681357
Iter 3600 / 6185 3.58028439113
Iter 3650 / 6185 2.65934371948
Iter 3700 / 6185 3.22248901367
Iter 3750 / 6185 3.88084831238
Iter 3800 / 6185 3.39831590652
Iter 3850 / 6185 4.1351361397
Iter 3900 / 6185 3.80094909668
Iter 3950 / 6185 3.95664409563
Iter 4000 / 6185 3.44384204382
Iter 4050 / 6185 3.98042708177
Iter 4100 / 6185 3.7582372621
Iter 4150 / 6185 3.84798271711
Iter 4200 / 6185 3.66913581617
Iter 4250 / 6185 4.68117491404
Iter 4300 / 6185 4.03848359079
Iter 4350 / 6185 4.78972324105
Iter 4400 / 6185 5.39992557872
Iter 4450 / 6185 4.13665275574
Iter 4500 / 6185 2.99254629347
Iter 4550 / 6185 3.18174166885
Iter 4600 / 6185 3.68989755326
Iter 4650 / 6185 2.82893625895
Iter 4700 / 6185 3.3519744873
Iter 4750 / 6185 3.04104359945
Iter 4800 / 6185 3.78299466647
Iter 4850 / 6185 3.55929949725
Iter 4900 / 6185 3.51367431641
Iter 4950 / 6185 3.57925230881
Iter 5000 / 6185 3.71012297131
Iter 5050 / 6185 3.57221856911
Iter 5100 / 6185 3.01993136936
Iter 5150 / 6185 2.57826941354
Iter 5200 / 6185 3.52028378573
Iter 5250 / 6185 3.58783241555
Iter 5300 / 6185 3.54863606771
Iter 5350 / 6185 3.73975666261
Iter 5400 / 6185 3.54231019631
Iter 5450 / 6185 3.55995675223
Iter 5500 / 6185 3.71915295875
Iter 5550 / 6185 4.00168987236
Iter 5600 / 6185 3.51139415394
Iter 5650 / 6185 3.66073420018
Iter 5700 / 6185 3.20688247681
Iter 5750 / 6185 3.45883377739
Iter 5800 / 6185 3.61680108432
Iter 5850 / 6185 3.01728554377
Iter 5900 / 6185 3.26819322374
Iter 5950 / 6185 3.57124551137
Iter 6000 / 6185 3.6995173863
Iter 6050 / 6185 3.3908514543
Iter 6100 / 6185 4.25419553121
Iter 6150 / 6185 2.49615612659
Epoch 16 Valid 8.19636714943
Epoch 16 Valid 11.9348719768
Epoch 16 Test 8.77364909221
Epoch 16 Test 11.6758081504
Epoch 17
Iter 50 / 6185 3.63474432627
Iter 100 / 6185 3.63680468108
Iter 150 / 6185 3.24834700521
Iter 200 / 6185 3.66776207011
Iter 250 / 6185 4.49317836761
Iter 300 / 6185 3.72062814972
Iter 350 / 6185 3.3779074929
Iter 400 / 6185 3.28669108515
Iter 450 / 6185 3.45749837702
Iter 500 / 6185 3.23994879994
Iter 550 / 6185 3.17158565881
Iter 600 / 6185 3.06363314674
Iter 650 / 6185 3.64604282379
Iter 700 / 6185 2.21561017718
Iter 750 / 6185 3.12554268215
Iter 800 / 6185 3.26453432829
Iter 850 / 6185 3.23716281323
Iter 900 / 6185 2.54510149748
Iter 950 / 6185 2.22124099731
Iter 1000 / 6185 3.6465762999
Iter 1050 / 6185 3.59612154673
Iter 1100 / 6185 2.81540707179
Iter 1150 / 6185 3.14527916541
Iter 1200 / 6185 4.32045709519
Iter 1250 / 6185 2.71485561795
Iter 1300 / 6185 3.4250522482
Iter 1350 / 6185 4.1257626041
Iter 1400 / 6185 2.76958057134
Iter 1450 / 6185 3.10824025472
Iter 1500 / 6185 3.58433681646
Iter 1550 / 6185 3.66704813639
Iter 1600 / 6185 2.93568969727
Iter 1650 / 6185 3.46953633626
Iter 1700 / 6185 3.41628730588
Iter 1750 / 6185 2.96964993684
Iter 1800 / 6185 3.5074420166
Iter 1850 / 6185 3.38914117581
Iter 1900 / 6185 3.50369621726
Iter 1950 / 6185 3.45618703414
Iter 2000 / 6185 3.66386372334
Iter 2050 / 6185 3.23969162835
Iter 2100 / 6185 2.95366160075
Iter 2150 / 6185 3.08907028724
Iter 2200 / 6185 3.44832693564
Iter 2250 / 6185 3.02531984117
Iter 2300 / 6185 2.39667337591
Iter 2350 / 6185 2.74942180089
Iter 2400 / 6185 3.30588285385
Iter 2450 / 6185 3.75349613112
Iter 2500 / 6185 3.20883720152
Iter 2550 / 6185 3.97254367405
Iter 2600 / 6185 4.43707552823
Iter 2650 / 6185 1.13959047688
Iter 2700 / 6185 2.34018564224
Iter 2750 / 6185 3.64143279105
Iter 2800 / 6185 3.67945038326
Iter 2850 / 6185 3.73923522949
Iter 2900 / 6185 3.48645296964
Iter 2950 / 6185 3.02827087402
Iter 3000 / 6185 4.15833979068
Iter 3050 / 6185 3.06113978795
Iter 3100 / 6185 3.53219299316
Iter 3150 / 6185 3.26112060547
Iter 3200 / 6185 3.60994078621
Iter 3250 / 6185 3.6942828466
Iter 3300 / 6185 3.81308483951
Iter 3350 / 6185 3.59704271952
Iter 3400 / 6185 3.80766175285
Iter 3450 / 6185 3.79835885855
Iter 3500 / 6185 3.59566093894
Iter 3550 / 6185 3.40967151559
Iter 3600 / 6185 3.26406613518
Iter 3650 / 6185 3.39744218689
Iter 3700 / 6185 3.46862063201
Iter 3750 / 6185 3.16794729233
Iter 3800 / 6185 2.89725817167
Iter 3850 / 6185 2.60077362061
Iter 3900 / 6185 3.37365353762
Iter 3950 / 6185 3.28858204892
Iter 4000 / 6185 2.93151772428
Iter 4050 / 6185 3.17758348253
Iter 4100 / 6185 5.56703996658
Iter 4150 / 6185 3.47249507904
Iter 4200 / 6185 3.24774133591
Iter 4250 / 6185 3.6771858411
Iter 4300 / 6185 3.89520639273
Iter 4350 / 6185 3.54458741884
Iter 4400 / 6185 3.3971649973
Iter 4450 / 6185 3.62714161047
Iter 4500 / 6185 3.94156210763
Iter 4550 / 6185 2.97056833903
Iter 4600 / 6185 2.6732957628
Iter 4650 / 6185 2.94244351951
Iter 4700 / 6185 2.96702257792
Iter 4750 / 6185 3.38989520895
Iter 4800 / 6185 2.99628457256
Iter 4850 / 6185 4.48389709074
Iter 4900 / 6185 2.39619522095
Iter 4950 / 6185 3.24783705653
Iter 5000 / 6185 3.50236398202
Iter 5050 / 6185 4.35833871493
Iter 5100 / 6185 3.51420167004
Iter 5150 / 6185 2.90428618271
Iter 5200 / 6185 3.82618019798
Iter 5250 / 6185 3.00964534984
Iter 5300 / 6185 3.05150338106
Iter 5350 / 6185 3.70318094889
Iter 5400 / 6185 2.97957865397
Iter 5450 / 6185 3.66260474619
Iter 5500 / 6185 3.98855373512
Iter 5550 / 6185 3.31559948455
Iter 5600 / 6185 4.2685942569
Iter 5650 / 6185 2.86057891846
Iter 5700 / 6185 3.32175894345
Iter 5750 / 6185 3.05369271172
Iter 5800 / 6185 3.52061409884
Iter 5850 / 6185 3.58605015531
Iter 5900 / 6185 3.79321206583
Iter 5950 / 6185 3.7999853269
Iter 6000 / 6185 5.12197937012
Iter 6050 / 6185 3.14147216797
Iter 6100 / 6185 2.59368006388
Iter 6150 / 6185 3.52154541016
Epoch 17 Valid 8.43619090536
Epoch 17 Valid 11.9660402017
Epoch 17 Test 8.44201725681
Epoch 17 Test 11.7084077983
Epoch 18
Iter 50 / 6185 3.5543000115
Iter 100 / 6185 2.91212183634
Iter 150 / 6185 2.58089030873
Iter 200 / 6185 2.87970535843
Iter 250 / 6185 2.63802034561
Iter 300 / 6185 3.76158435528
Iter 350 / 6185 4.29868825277
Iter 400 / 6185 2.98383851381
Iter 450 / 6185 3.00488838649
Iter 500 / 6185 2.89535776774
Iter 550 / 6185 2.97537431561
Iter 600 / 6185 2.45555194054
Iter 650 / 6185 2.87731097993
Iter 700 / 6185 3.60383097331
Iter 750 / 6185 1.90152942891
Iter 800 / 6185 2.70729857225
Iter 850 / 6185 2.29180240631
Iter 900 / 6185 3.40195755731
Iter 950 / 6185 3.38415004367
Iter 1000 / 6185 2.97267124721
Iter 1050 / 6185 3.11241480509
Iter 1100 / 6185 2.14051532745
Iter 1150 / 6185 3.36728609525
Iter 1200 / 6185 3.29448038737
Iter 1250 / 6185 3.608397655
Iter 1300 / 6185 3.38948135376
Iter 1350 / 6185 3.20495006016
Iter 1400 / 6185 3.73232683454
Iter 1450 / 6185 3.67604152134
Iter 1500 / 6185 3.62718094227
Iter 1550 / 6185 3.08176923039
Iter 1600 / 6185 3.72121047974
Iter 1650 / 6185 3.20957386364
Iter 1700 / 6185 3.25532707801
Iter 1750 / 6185 2.96280638377
Iter 1800 / 6185 3.07586206709
Iter 1850 / 6185 3.24155349731
Iter 1900 / 6185 3.477690146
Iter 1950 / 6185 2.69535899162
Iter 2000 / 6185 3.57826050389
Iter 2050 / 6185 3.04068183899
Iter 2100 / 6185 3.26616874108
Iter 2150 / 6185 3.24268946154
Iter 2200 / 6185 1.9796468099
Iter 2250 / 6185 3.61260875757
Iter 2300 / 6185 3.15736670243
Iter 2350 / 6185 4.09799437089
Iter 2400 / 6185 3.71374970047
Iter 2450 / 6185 4.58756131904
Iter 2500 / 6185 3.53220250747
Iter 2550 / 6185 3.29981515067
Iter 2600 / 6185 3.1172275673
Iter 2650 / 6185 3.54560177825
Iter 2700 / 6185 3.47029951928
Iter 2750 / 6185 2.52400224105
Iter 2800 / 6185 3.53994687398
Iter 2850 / 6185 3.60971295392
Iter 2900 / 6185 5.61852264404
Iter 2950 / 6185 3.29907263331
Iter 3000 / 6185 3.95615762739
Iter 3050 / 6185 3.73990222386
Iter 3100 / 6185 3.20235697428
Iter 3150 / 6185 3.58813152891
Iter 3200 / 6185 3.73337539361
Iter 3250 / 6185 2.66639573233
Iter 3300 / 6185 3.53426168423
Iter 3350 / 6185 4.3116285536
Iter 3400 / 6185 4.09287581905
Iter 3450 / 6185 3.60092320935
Iter 3500 / 6185 3.47286987305
Iter 3550 / 6185 3.66548052701
Iter 3600 / 6185 3.2452796936
Iter 3650 / 6185 5.42886847419
Iter 3700 / 6185 3.34908315711
Iter 3750 / 6185 2.79282073975
Iter 3800 / 6185 2.36821873983
Iter 3850 / 6185 2.4137673378
Iter 3900 / 6185 3.60817620693
Iter 3950 / 6185 3.75448053533
Iter 4000 / 6185 3.70797254774
Iter 4050 / 6185 4.59527326311
Iter 4100 / 6185 2.89751586914
Iter 4150 / 6185 4.13053097932
Iter 4200 / 6185 2.40875131113
Iter 4250 / 6185 3.13702511787
Iter 4300 / 6185 3.50332348163
Iter 4350 / 6185 3.72483301527
Iter 4400 / 6185 3.51406047523
Iter 4450 / 6185 3.59208858714
Iter 4500 / 6185 3.36894823157
Iter 4550 / 6185 3.42369000665
Iter 4600 / 6185 3.47263240013
Iter 4650 / 6185 3.0522389379
Iter 4700 / 6185 3.5812459875
Iter 4750 / 6185 3.35204798381
Iter 4800 / 6185 3.31892649333
Iter 4850 / 6185 3.17105379972
Iter 4900 / 6185 1.47532444
Iter 4950 / 6185 3.08843866984
Iter 5000 / 6185 3.44312071189
Iter 5050 / 6185 3.83487345378
Iter 5100 / 6185 3.0555402008
Iter 5150 / 6185 3.44966609894
Iter 5200 / 6185 3.44624693497
Iter 5250 / 6185 3.00109800358
Iter 5300 / 6185 3.40667308461
Iter 5350 / 6185 3.55230794271
Iter 5400 / 6185 4.88383590343
Iter 5450 / 6185 3.78580753978
Iter 5500 / 6185 3.74571020154
Iter 5550 / 6185 3.69128499349
Iter 5600 / 6185 3.85845465409
Iter 5650 / 6185 3.68722718254
Iter 5700 / 6185 3.63507256141
Iter 5750 / 6185 3.77370822791
Iter 5800 / 6185 3.60026236756
Iter 5850 / 6185 1.76080687617
Iter 5900 / 6185 3.55178460842
Iter 5950 / 6185 3.78612771105
Iter 6000 / 6185 3.5308972168
Iter 6050 / 6185 3.54307556152
Iter 6100 / 6185 2.82525849342
Iter 6150 / 6185 3.75706097147
Epoch 18 Valid 8.58015976012
Epoch 18 Valid 12.1006492462
Epoch 18 Test 8.77407482819
Epoch 18 Test 11.4756349496
Epoch 19
Iter 50 / 6185 3.43863079364
Iter 100 / 6185 4.86908912659
Iter 150 / 6185 3.52615700999
Iter 200 / 6185 3.33202957589
Iter 250 / 6185 3.81162281525
Iter 300 / 6185 3.78510780292
Iter 350 / 6185 3.32450828552
Iter 400 / 6185 2.9855015346
Iter 450 / 6185 3.13456437971
Iter 500 / 6185 3.43648783366
Iter 550 / 6185 3.59447079613
Iter 600 / 6185 3.10456848145
Iter 650 / 6185 3.10290371066
Iter 700 / 6185 2.87410772414
Iter 750 / 6185 3.2756584569
Iter 800 / 6185 2.66588865008
Iter 850 / 6185 3.15025036152
Iter 900 / 6185 2.70693969727
Iter 950 / 6185 3.10632760184
Iter 1000 / 6185 3.20794341143
Iter 1050 / 6185 3.35284952017
Iter 1100 / 6185 3.68850782441
Iter 1150 / 6185 3.7151792439
Iter 1200 / 6185 4.64851157449
Iter 1250 / 6185 3.0586705426
Iter 1300 / 6185 2.68499755859
Iter 1350 / 6185 1.77621523539
Iter 1400 / 6185 3.26763336182
Iter 1450 / 6185 3.1733331061
Iter 1500 / 6185 2.82175967568
Iter 1550 / 6185 2.59410646227
Iter 1600 / 6185 2.74829864502
Iter 1650 / 6185 2.40254133021
Iter 1700 / 6185 3.24079673878
Iter 1750 / 6185 3.00405311584
Iter 1800 / 6185 3.38221921532
Iter 1850 / 6185 2.78222601754
Iter 1900 / 6185 2.23404447115
Iter 1950 / 6185 3.11898983226
Iter 2000 / 6185 2.57110859435
Iter 2050 / 6185 3.5416766896
Iter 2100 / 6185 3.44817267524
Iter 2150 / 6185 3.06634273529
Iter 2200 / 6185 3.63601952268
Iter 2250 / 6185 3.288653232
Iter 2300 / 6185 2.82725912066
Iter 2350 / 6185 3.14089457194
Iter 2400 / 6185 2.54107093811
Iter 2450 / 6185 3.05051896379
Iter 2500 / 6185 2.90980211195
Iter 2550 / 6185 3.20860522726
Iter 2600 / 6185 2.91589385986
Iter 2650 / 6185 3.68602099861
Iter 2700 / 6185 3.38469112621
Iter 2750 / 6185 3.41993142907
Iter 2800 / 6185 3.10897687526
Iter 2850 / 6185 3.55612417368
Iter 2900 / 6185 2.94005081501
Iter 2950 / 6185 3.45403820535
Iter 3000 / 6185 4.09791420991
Iter 3050 / 6185 3.51553391677
Iter 3100 / 6185 3.37843894958
Iter 3150 / 6185 2.54101730179
Iter 3200 / 6185 3.16556722468
Iter 3250 / 6185 3.65901992728
Iter 3300 / 6185 3.48583826525
Iter 3350 / 6185 3.77249009874
Iter 3400 / 6185 2.69326397931
Iter 3450 / 6185 3.27962937128
Iter 3500 / 6185 3.41308433131
Iter 3550 / 6185 3.43965994087
Iter 3600 / 6185 3.6823121595
Iter 3650 / 6185 3.1831615993
Iter 3700 / 6185 3.64948497954
Iter 3750 / 6185 3.40425027383
Iter 3800 / 6185 3.13046773275
Iter 3850 / 6185 3.56719122418
Iter 3900 / 6185 3.77561839034
Iter 3950 / 6185 3.34446610345
Iter 4000 / 6185 2.52876695536
Iter 4050 / 6185 3.61299477854
Iter 4100 / 6185 4.51095715691
Iter 4150 / 6185 2.80401976496
Iter 4200 / 6185 2.95961790818
Iter 4250 / 6185 3.19594948509
Iter 4300 / 6185 3.35451769148
Iter 4350 / 6185 3.44181960004
Iter 4400 / 6185 3.10397544977
Iter 4450 / 6185 4.32052534054
Iter 4500 / 6185 2.95226314484
Iter 4550 / 6185 2.69209671021
Iter 4600 / 6185 4.6031851335
Iter 4650 / 6185 3.53615461077
Iter 4700 / 6185 3.77251383464
Iter 4750 / 6185 3.4338845147
Iter 4800 / 6185 2.74011484782
Iter 4850 / 6185 3.41540995559
Iter 4900 / 6185 3.79935582479
Iter 4950 / 6185 3.70477676392
Iter 5000 / 6185 3.81629310021
Iter 5050 / 6185 3.84640335251
Iter 5100 / 6185 3.76421292078
Iter 5150 / 6185 2.29861373901
Iter 5200 / 6185 3.66071344191
Iter 5250 / 6185 3.97830341046
Iter 5300 / 6185 3.55629587173
Iter 5350 / 6185 3.67806675123
Iter 5400 / 6185 4.24106588925
Iter 5450 / 6185 3.70573933919
Iter 5500 / 6185 4.04245287751
Iter 5550 / 6185 2.82471172626
Iter 5600 / 6185 2.16631650925
Iter 5650 / 6185 3.82655981815
Iter 5700 / 6185 3.6398786657
Iter 5750 / 6185 3.07610098521
Iter 5800 / 6185 3.20959992104
Iter 5850 / 6185 2.31543731689
Iter 5900 / 6185 3.47940662929
Iter 5950 / 6185 3.58315200806
Iter 6000 / 6185 2.63052244861
Iter 6050 / 6185 3.75226049805
Iter 6100 / 6185 3.73243792808
Iter 6150 / 6185 3.30566946665
Epoch 19 Valid 8.46410984664
Epoch 19 Valid 12.1613667308
Epoch 19 Test 8.47778762066
Epoch 19 Test 11.9974878022
Epoch 20
Iter 50 / 6185 3.18175458908
Iter 100 / 6185 4.61811697824
Iter 150 / 6185 2.02358315208
Iter 200 / 6185 2.98784285325
Iter 250 / 6185 3.50836704799
Iter 300 / 6185 3.21919447376
Iter 350 / 6185 3.53785657883
Iter 400 / 6185 3.33839240441
Iter 450 / 6185 3.14968992534
Iter 500 / 6185 3.45671463013
Iter 550 / 6185 2.52700220395
Iter 600 / 6185 2.87178297004
Iter 650 / 6185 3.40061594645
Iter 700 / 6185 3.73475519816
Iter 750 / 6185 3.00408554077
Iter 800 / 6185 3.8284233941
Iter 850 / 6185 3.52027853941
Iter 900 / 6185 3.64594347196
Iter 950 / 6185 3.28727399386
Iter 1000 / 6185 2.94600608132
Iter 1050 / 6185 2.82796001434
Iter 1100 / 6185 4.7347869873
Iter 1150 / 6185 2.95211911669
Iter 1200 / 6185 2.88992084156
Iter 1250 / 6185 2.7775003402
Iter 1300 / 6185 3.47757420395
Iter 1350 / 6185 3.44230575562
Iter 1400 / 6185 3.21142370051
Iter 1450 / 6185 3.23021420566
Iter 1500 / 6185 3.40795898438
Iter 1550 / 6185 3.70141452696
Iter 1600 / 6185 3.5080658246
Iter 1650 / 6185 3.25366210938
Iter 1700 / 6185 3.77858558068
Iter 1750 / 6185 3.33767318726
Iter 1800 / 6185 3.12519556681
Iter 1850 / 6185 3.13338972393
Iter 1900 / 6185 3.2064511617
Iter 1950 / 6185 3.32343677808
Iter 2000 / 6185 2.92954488901
Iter 2050 / 6185 3.3750811321
Iter 2100 / 6185 3.84795566135
Iter 2150 / 6185 3.42483502012
Iter 2200 / 6185 3.63956636996
Iter 2250 / 6185 2.8506714503
Iter 2300 / 6185 3.12182362874
Iter 2350 / 6185 2.22781467438
Iter 2400 / 6185 2.96115628756
Iter 2450 / 6185 3.67281643849
Iter 2500 / 6185 2.69572925568
Iter 2550 / 6185 3.34393175154
Iter 2600 / 6185 2.94931774139
Iter 2650 / 6185 3.66636903136
Iter 2700 / 6185 2.94000112882
Iter 2750 / 6185 3.38139920903
Iter 2800 / 6185 3.25743303801
Iter 2850 / 6185 3.49497388757
Iter 2900 / 6185 4.13665466309
Iter 2950 / 6185 3.10409626208
Iter 3000 / 6185 3.24432529547
Iter 3050 / 6185 1.99407704671
Iter 3100 / 6185 2.86471843719
Iter 3150 / 6185 3.21295797414
Iter 3200 / 6185 3.78420766195
Iter 3250 / 6185 2.94625218709
Iter 3300 / 6185 3.48317773002
Iter 3350 / 6185 3.64425120634
Iter 3400 / 6185 3.90145451972
Iter 3450 / 6185 3.10423560529
Iter 3500 / 6185 4.32439559545
Iter 3550 / 6185 3.47510039501
Iter 3600 / 6185 3.54296422005
Iter 3650 / 6185 3.61895141602
Iter 3700 / 6185 3.60890262962
Iter 3750 / 6185 3.61737531774
Iter 3800 / 6185 2.70810496012
Iter 3850 / 6185 4.20831053598
Iter 3900 / 6185 2.83382720947
Iter 3950 / 6185 3.44117164612
Iter 4000 / 6185 3.76693895128
Iter 4050 / 6185 2.77699006493
Iter 4100 / 6185 2.59931354523
Iter 4150 / 6185 3.47393459744
Iter 4200 / 6185 3.25045471868
Iter 4250 / 6185 2.90300309031
Iter 4300 / 6185 2.8486627432
Iter 4350 / 6185 3.79548156339
Iter 4400 / 6185 4.43527253469
Iter 4450 / 6185 2.53398412588
Iter 4500 / 6185 2.74279037176
Iter 4550 / 6185 2.98945509785
Iter 4600 / 6185 3.93709098519
Iter 4650 / 6185 4.45065270401
Iter 4700 / 6185 3.52533809069
Iter 4750 / 6185 3.34918648856
Iter 4800 / 6185 2.60681093656
Iter 4850 / 6185 3.46288449755
Iter 4900 / 6185 3.68318814071
Iter 4950 / 6185 3.67264641656
Iter 5000 / 6185 4.89133483887
Iter 5050 / 6185 3.32820053101
Iter 5100 / 6185 2.90873228131
Iter 5150 / 6185 3.74979119552
Iter 5200 / 6185 3.38613210406
Iter 5250 / 6185 3.11869191599
Iter 5300 / 6185 3.2221137627
Iter 5350 / 6185 3.65814224055
Iter 5400 / 6185 3.24852071783
Iter 5450 / 6185 3.34514921455
Iter 5500 / 6185 3.30548138089
Iter 5550 / 6185 3.5858853332
Iter 5600 / 6185 3.88513959291
Iter 5650 / 6185 3.19499518655
Iter 5700 / 6185 2.75027434031
Iter 5750 / 6185 2.87846055671
Iter 5800 / 6185 3.34543265066
Iter 5850 / 6185 4.21068091142
Iter 5900 / 6185 2.82868094193
Iter 5950 / 6185 4.04731810073
Iter 6000 / 6185 3.65915745865
Iter 6050 / 6185 4.31464871493
Iter 6100 / 6185 2.99134036473
Iter 6150 / 6185 2.95901382179
Epoch 20 Valid 8.42173281604
Epoch 20 Valid 12.4463286239
Epoch 20 Test 8.86794547322
Epoch 20 Test 11.9471194678
